==== LHAPDF6 USING DEFAULT-TYPE LHAGLUE INTERFACE ====
LHAPDF 6.2.1 loading /cvmfs/cms.cern.ch/slc6_amd64_gcc630/external/lhapdf/6.2.1-ghjeda/share/LHAPDF/LUXqed17_plus_PDF4LHC15_nnlo_100/LUXqed17_plus_PDF4LHC15_nnlo_100_0000.dat
LUXqed17_plus_PDF4LHC15_nnlo_100 PDF set, member #0, version 10001; LHAPDF ID = 82200
 A PDF is used, so alpha_s(MZ) is going to be modified
 Old value of alpha_s from param_card:   0.11839999999999999     
 New value of alpha_s from PDF lhapdf :  0.11800222249017472     
 using LHAPDF
 *****************************************************
 *               MadGraph/MadEvent                   *
 *        --------------------------------           *
 *          http://madgraph.hep.uiuc.edu             *
 *          http://madgraph.phys.ucl.ac.be           *
 *          http://madgraph.roma2.infn.it            *
 *        --------------------------------           *
 *                                                   *
 *          PARAMETER AND COUPLING VALUES            *
 *                                                   *
 *****************************************************

  External Params
  ---------------------------------
  
 MU_R =    91.188000000000002     
 mdl_VeN1 =    0.0000000000000000     
 mdl_VeN2 =    0.0000000000000000     
 mdl_VeN3 =    0.0000000000000000     
 mdl_VmuN1 =    1.0000000000000000E-002
 mdl_VmuN2 =    0.0000000000000000     
 mdl_VmuN3 =    0.0000000000000000     
 mdl_VtaN1 =    0.0000000000000000     
 mdl_VtaN2 =    0.0000000000000000     
 mdl_VtaN3 =    0.0000000000000000     
 aEWM1 =    127.94000000000000     
 mdl_Gf =    1.1745600000000000E-005
 aS =   0.11839999999999999     
 mdl_ymt =    173.30000000000001     
 mdl_MZ =    91.187600000000003     
 mdl_MT =    173.30000000000001     
 mdl_MH =    125.70000000000000     
 mdl_mN1 =    50.000000000000000     
 mdl_mN2 =    500.00000000000000     
 mdl_mN3 =    1000.0000000000000     
 mdl_WZ =    2.4952000000000001     
 mdl_WW =    2.0850000000000000     
 mdl_WT =    1.3500000000000001     
 mdl_WH =    4.1700000000000001E-003
 mdl_WN1 =    2.2372570000000000E-008
 mdl_WN2 =    1.5000000000000000     
 mdl_WN3 =    12.300000000000001     
  Internal Params
  ---------------------------------
  
 mdl_MZ__exp__2 =    8315.1783937600012     
 mdl_MZ__exp__4 =    69142191.720053151     
 mdl_sqrt__2 =    1.4142135623730951     
 mdl_MH__exp__2 =    15800.490000000002     
 mdl_complexi =  (  0.0000000000000000     ,  1.0000000000000000     )
 mdl_MT__exp__2 =    30032.890000000003     
 mdl_aEW =    7.8161638267938097E-003
 mdl_MW =    79.951229855436395     
 mdl_sqrt__aEW =    8.8409070953120020E-002
 mdl_ee =   0.31340199653167311     
 mdl_MW__exp__2 =    6392.1991553968237     
 mdl_sw2 =   0.23126133286644190     
 mdl_cw =   0.87677743306585976     
 mdl_sqrt__sw2 =   0.48089638475085450     
 mdl_sw =   0.48089638475085450     
 mdl_g1 =   0.35744760838082806     
 mdl_gN =   0.65170378998386980     
 mdl_gw =   0.65170378998386980     
 mdl_vev =    245.36064108945956     
 mdl_vev__exp__2 =    60201.844195830592     
 mdl_lam =   0.13122928550662488     
 mdl_yt =   0.99886929407679126     
 mdl_muH =    88.883322395149023     
 mdl_I2a33 =  ( 0.99886929407679126     ,  0.0000000000000000     )
 mdl_I3a33 =  ( 0.99886929407679126     ,  0.0000000000000000     )
 mdl_ee__exp__2 =    9.8220811430038843E-002
 mdl_sw__exp__2 =   0.23126133286644188     
 mdl_cw__exp__2 =   0.76873866713355821     
 mdl_yt__exp__2 =   0.99773986664946734     
  Internal Params evaluated point by point
  ----------------------------------------
  
 mdl_sqrt__aS =   0.34409301068170506     
 mdl_G__exp__2 =    1.4878582807401259     
 mdl_G__exp__3 =    1.8148567439626970     
 mdl_G__exp__4 =    2.2137222635669636     
  Couplings of SM_HeavyN_NLO
  ---------------------------------
  
  R2GC_164_35 =   0.00000E+00   0.26248E-02
  R2GC_168_37 =  -0.00000E+00  -0.52495E-02
  R2GC_185_38 =  -0.00000E+00  -0.11578E-01
 UVGC_147_4_1eps -0.00000E+00  -0.13124E-02
 UVGC_149_5_1eps  0.00000E+00   0.26248E-02
 UVGC_164_19_1ep  0.00000E+00   0.13124E-02
 UVGC_168_26_1ep -0.00000E+00  -0.26248E-02
 UVGC_185_27_1ep  0.00000E+00   0.28946E-02
 UVGC_185_28_1ep -0.00000E+00  -0.57892E-02
        GC_11 =   0.00000E+00   0.12198E+01
  R2GC_163_34 =   0.00000E+00   0.12563E-01
 UVGC_146_3_1eps -0.00000E+00  -0.12563E-01
 UVGC_163_18_1ep  0.00000E+00   0.12563E-01
         GC_1 =  -0.00000E+00  -0.10447E+00
         GC_2 =   0.00000E+00   0.20893E+00
        GC_24 =   0.00000E+00   0.46082E+00
         GC_3 =  -0.00000E+00  -0.31340E+00
         GC_4 =   0.00000E+00   0.31340E+00
        GC_79 =  -0.00000E+00  -0.46082E-02

 Collider parameters:
 --------------------

 Running at P P   machine @    13000.000000000000       GeV
 PDF set = lhapdf 
 alpha_s(Mz)= 0.1180 running at 3 loops.
 alpha_s(Mz)= 0.1180 running at 3 loops.
 Renormalization scale set on event-by-event basis
 Factorization   scale set on event-by-event basis


 ===============================================================
 INFO: MadFKS read these parameters from FKS_params.dat
 ===============================================================
  > IRPoleCheckThreshold      =    1.0000000000000001E-005
  > PrecisionVirtualAtRunTime =    1.0000000000000000E-003
  > NHelForMCoverHels         =            4
  > VirtualFraction           =    1.0000000000000000     
  > MinVirtualFraction        =    5.0000000000000001E-003
 ===============================================================
  Insert the number of points to test
 Insert the relative tolerance
  A negative number will mean use the default one:    1.0000000000000001E-005
Using random seed offsets:     1 ,      5 ,      0
  with seed                   32
 Ranmar initialization seeds       10730        9411
  ========================================================================================== 
 {                                                                                          }
 {       [32m                                                                            [0m       }
 {       [32m                               ,,                                           [0m       }
 {       [32m`7MMM.     ,MMF'             `7MM  `7MMF'                                   [0m       }
 {       [32m  MMMb    dPMM                 MM    MM                                     [0m       }
 {       [32m  M YM   ,M MM   ,6"Yb.   ,M""bMM    MM         ,pW"Wq.   ,pW"Wq.`7MMpdMAo. [0m       }
 {       [32m  M  Mb  M' MM  8)   MM ,AP    MM    MM        6W'   `Wb 6W'   `Wb MM   `Wb [0m       }
 {       [32m  M  YM.P'  MM   ,pm9MM 8MI    MM    MM      , 8M     M8 8M     M8 MM    M8 [0m       }
 {       [32m  M  `YM'   MM  8M   MM `Mb    MM    MM     ,M YA.   ,A9 YA.   ,A9 MM   ,AP [0m       }
 {       [32m.JML. `'  .JMML.`Moo9^Yo.`Wbmd"MML..JMMmmmmMMM  `Ybmd9'   `Ybmd9'  MMbmmd'  [0m       }
 {       [32m                                                                   MM       [0m       }
 {       [32m                                                                 .JMML.     [0m       }
 {       [32m[0mv2.6.0 (2017-08-16), Ref: arXiv:1103.0621v2, arXiv:1405.0301[32m                [0m       }
 {       [32m                                                                            [0m       }
 {                                                                                          }
  ========================================================================================== 
 ===============================================================
 INFO: MadLoop read these parameters from ./MadLoop5_resources/MadLoopParams.dat                                                                                                                                                                                                                                                                                                                                                                                                                                                                                          
 ===============================================================
  > MLReductionLib            = 6|7|1
  > CTModeRun                 =           -1
  > MLStabThres               =    1.0000000000000000E-003
  > NRotations_DP             =            0
  > NRotations_QP             =            0
  > CTStabThres               =    1.0000000000000000E-002
  > CTLoopLibrary             =            2

  +----------------------------------------------------------------+
  |                                                                |
  |  Ninja - version 1.2.0                                         |
  |                                                                |
  |  Author: Tiziano Peraro                                        |
  |                                                                |
  |  Based on:                                                     |
  |                                                                |
  |      P. Mastrolia, E. Mirabella and T. Peraro,                 |
  |      "Integrand reduction of one-loop scattering amplitudes    |
  |      through Laurent series expansion,"                        |
  |      JHEP 1206 (2012) 095  [arXiv:1203.0291 [hep-ph]].         |
  |                                                                |
  |      T. Peraro,                                                |
  |      "Ninja: Automated Integrand Reduction via Laurent         |
  |      Expansion for One-Loop Amplitudes,"                       |
  |      Comput.Phys.Commun. 185 (2014) [arXiv:1403.1229 [hep-ph]] |
  |                                                                |
  +----------------------------------------------------------------+


  > CTModeInit                =            1
  > CheckCycle                =            3
  > MaxAttempts               =           10
  > UseLoopFilter             =  F
  > HelicityFilterLevel       =            2
  > ImprovePSPoint            =            2
  > DoubleCheckHelicityFilter =  T
  > LoopInitStartOver         =  F
  > HelInitStartOver          =  F
  > ZeroThres                 =    1.0000000000000001E-009
  > OSThres                   =    1.0000000000000000E-008
  > WriteOutFilters           =  T
  > UseQPIntegrandForNinja    =  T
  > UseQPIntegrandForCutTools =  T
  > IREGIMODE                 =            2
  > IREGIRECY                 =  T
  > COLLIERMode               =            1
  > COLLIERRequiredAccuracy   =    1.0000000000000000E-008
  > COLLIERCanOutput          =  F
  > COLLIERComputeUVpoles     =  T
  > COLLIERComputeIRpoles     =  T
  > COLLIERGlobalCache        =           -1
  > COLLIERUseCacheForPoles   =  F
  > COLLIERUseInternalStabilityTest =  T
 ===============================================================
  
------------------------------------------------------------------------
|              You are using CutTools - Version 1.9.3                  |
|              Authors: G. Ossola, C. Papadopoulos, R. Pittau          |
|              Published in JHEP 0803:042,2008                         |
|              http://www.ugr.es/~pittau/CutTools                      |
|                                                                      |
|              Compiler with  34  significant digits detetected        |
 ---------------------------------------------------------------------- 
   
########################################################################
#                                                                      #
#                      You are using OneLOop-3.6                       #
#                                                                      #
# for the evaluation of 1-loop scalar 1-, 2-, 3- and 4-point functions #
#                                                                      #
# author: Andreas van Hameren <hamerenREMOVETHIS@ifj.edu.pl>           #
#   date: 18-02-2015                                                   #
#                                                                      #
# Please cite                                                          #
#    A. van Hameren,                                                   #
#      Comput.Phys.Commun. 182 (2011) 2427-2438, arXiv:1007.4716       #
#    A. van Hameren, C.G. Papadopoulos and R. Pittau,                  #
#      JHEP 0909:106,2009, arXiv:0903.4665                             #
# in publications with results obtained with the help of this program. #
#                                                                      #
########################################################################
########################################################################
#                                                                      #
#                      You are using OneLOop-3.6                       #
#                                                                      #
# for the evaluation of 1-loop scalar 1-, 2-, 3- and 4-point functions #
#                                                                      #
# author: Andreas van Hameren <hamerenREMOVETHIS@ifj.edu.pl>           #
#   date: 18-02-2015                                                   #
#                                                                      #
# Please cite                                                          #
#    A. van Hameren,                                                   #
#      Comput.Phys.Commun. 182 (2011) 2427-2438, arXiv:1007.4716       #
#    A. van Hameren, C.G. Papadopoulos and R. Pittau,                  #
#      JHEP 0909:106,2009, arXiv:0903.4665                             #
# in publications with results obtained with the help of this program. #
#                                                                      #
########################################################################
 PASSED   1.0000000000000001E-005
 MU_R    =    325.00000000000000     
 ALPHA_S =   0.11839999999999999     
 BORN                    3.5840695599517650E-012
 SINGLE POLE (MadFKS)   -2.8495773542645191E-013
 DOUBLE POLE (MadFKS)   -1.8010136160858578E-013
 SINGLE POLE (MadLoop)  -2.8495773542646473E-013
 DOUBLE POLE (MadLoop)  -1.8010136160858732E-013
 FINITE PART (MadLoop)  -7.8462997370343119E-013
   325.00000000000000        0.0000000000000000        0.0000000000000000        325.00000000000000        0.0000000000000000     
   325.00000000000000        0.0000000000000000        0.0000000000000000       -325.00000000000000        0.0000000000000000     
   320.95513594834392        8.5376456718047553        292.11527849860192       -122.91449046262521        50.000000000000000     
   226.71902198425619       -44.863190901402675       -208.99469807712111        75.564708742209334        0.0000000000000000     
   102.32584206739988        36.325545229597914       -83.120580421480852        47.349781720415855        0.0000000000000000     

 PASSED   1.0000000000000001E-005
 MU_R    =    325.00000000000000     
 ALPHA_S =   0.11839999999999999     
 BORN                    7.1449182437552115E-011
 SINGLE POLE (MadFKS)   -5.9017264811549380E-012
 DOUBLE POLE (MadFKS)   -3.5903586209963433E-012
 SINGLE POLE (MadLoop)  -5.9017264811551359E-012
 DOUBLE POLE (MadLoop)  -3.5903586209963352E-012
 FINITE PART (MadLoop)  -1.0367521798689851E-011
   325.00000000000000        0.0000000000000000        0.0000000000000000        325.00000000000000        0.0000000000000000     
   325.00000000000000        0.0000000000000000        0.0000000000000000       -325.00000000000000        0.0000000000000000     
   273.53000079633557        26.550186960697982        100.02195178925338       -248.21232456963853        50.000000000000000     
   277.43088512605487       -93.474373241579300       -159.94704891454356        206.51241878504248        0.0000000000000000     
   99.039114077609568        66.924186280881386        59.925097125290108        41.699905784596091        0.0000000000000000     

 PASSED   1.0000000000000001E-005
 MU_R    =    325.00000000000000     
 ALPHA_S =   0.11839999999999999     
 BORN                    1.0366924294116397E-011
 SINGLE POLE (MadFKS)   -5.5812185851458697E-013
 DOUBLE POLE (MadFKS)   -5.2094334382522912E-013
 SINGLE POLE (MadLoop)  -5.5812185851458536E-013
 DOUBLE POLE (MadLoop)  -5.2094334382522831E-013
 FINITE PART (MadLoop)  -1.2305316392676015E-012
   325.00000000000000        0.0000000000000000        0.0000000000000000        325.00000000000000        0.0000000000000000     
   325.00000000000000        0.0000000000000000        0.0000000000000000       -325.00000000000000        0.0000000000000000     
   99.824337020951901        30.757408767869194        47.856804551090264        65.027735049881187        50.000000000000000     
   272.64655411569044        227.37870951177186       -145.83864124562075       -36.961556400570437        0.0000000000000000     
   277.52910886335769       -258.13611827964104        97.981836694530486       -28.066178649310601        0.0000000000000000     

 PASSED   1.0000000000000001E-005
 MU_R    =    325.00000000000000     
 ALPHA_S =   0.11839999999999999     
 BORN                    1.8047395146506137E-011
 SINGLE POLE (MadFKS)   -1.4756677070908382E-012
 DOUBLE POLE (MadFKS)   -9.0689100337039260E-013
 SINGLE POLE (MadLoop)  -1.4756677070908461E-012
 DOUBLE POLE (MadLoop)  -9.0689100337040512E-013
 FINITE PART (MadLoop)  -3.2344032741356923E-012
   325.00000000000000        0.0000000000000000        0.0000000000000000        325.00000000000000        0.0000000000000000     
   325.00000000000000        0.0000000000000000        0.0000000000000000       -325.00000000000000        0.0000000000000000     
   162.54087266442312       -116.83531445107559       -88.543876974880689        49.285154295058149        50.000000000000000     
   251.67649420077362       -32.431926444861269        245.77513669768064        43.402880797287082        0.0000000000000000     
   235.78263313480920        149.26724089593682       -157.23125972279990       -92.688035092345118        0.0000000000000000     

 PASSED   1.0000000000000001E-005
 MU_R    =    325.00000000000000     
 ALPHA_S =   0.11839999999999999     
 BORN                    4.9512718408964497E-012
 SINGLE POLE (MadFKS)   -5.5859713722096157E-013
 DOUBLE POLE (MadFKS)   -2.4880398812675409E-013
 SINGLE POLE (MadLoop)  -5.5859713722113666E-013
 DOUBLE POLE (MadLoop)  -2.4880398812682760E-013
 FINITE PART (MadLoop)  -1.3597398343134114E-012
   325.00000000000000        0.0000000000000000        0.0000000000000000        325.00000000000000        0.0000000000000000     
   325.00000000000000        0.0000000000000000        0.0000000000000000       -325.00000000000000        0.0000000000000000     
   281.96760330722202       -65.059910534805425       -268.09222736700281        29.991581842599906        50.000000000000000     
   261.66793475896782       -36.810122593607453        259.06474697689259      -0.76146534110117670        0.0000000000000000     
   106.36446193381013        101.87003312841287        9.0274803901102345       -29.230116501498731        0.0000000000000000     

 PASSED   1.0000000000000001E-005
 MU_R    =    325.00000000000000     
 ALPHA_S =   0.11839999999999999     
 BORN                    8.7789782905191475E-012
 SINGLE POLE (MadFKS)   -8.3246811046726525E-013
 DOUBLE POLE (MadFKS)   -4.4114823030276004E-013
 SINGLE POLE (MadLoop)  -8.3246811046726262E-013
 DOUBLE POLE (MadLoop)  -4.4114823030275938E-013
 FINITE PART (MadLoop)  -1.2207741391422777E-012
   325.00000000000000        0.0000000000000000        0.0000000000000000        325.00000000000000        0.0000000000000000     
   325.00000000000000        0.0000000000000000        0.0000000000000000       -325.00000000000000        0.0000000000000000     
   260.73224695533798       -110.78223144973039       -188.39405850288330        133.10251882744325        50.000000000000000     
   170.61913325324537       -75.444457477064873        151.00973597485250       -24.800848954932611        0.0000000000000000     
   218.64861979141671        186.22668892679528        37.384322528030793       -108.30166987251069        0.0000000000000000     

 PASSED   1.0000000000000001E-005
 MU_R    =    325.00000000000000     
 ALPHA_S =   0.11839999999999999     
 BORN                    3.5096282502786637E-013
 SINGLE POLE (MadFKS)   -4.5514421646381019E-014
 DOUBLE POLE (MadFKS)   -1.7636064703600579E-014
 SINGLE POLE (MadLoop)  -4.5514421646639475E-014
 DOUBLE POLE (MadLoop)  -1.7636064703485809E-014
 FINITE PART (MadLoop)   2.1104531635906770E-013
   325.00000000000000        0.0000000000000000        0.0000000000000000        325.00000000000000        0.0000000000000000     
   325.00000000000000        0.0000000000000000        0.0000000000000000       -325.00000000000000        0.0000000000000000     
   324.13409302204940        87.493241105495088        303.56921130271297       -52.474536387957869        50.000000000000000     
   292.57978939759295       -83.125234781813475       -278.84700713824822        30.618215435423480        0.0000000000000000     
   33.286117580357619       -4.3680063236816311       -24.722204164464749        21.856320952534347        0.0000000000000000     

 PASSED   1.0000000000000001E-005
 MU_R    =    325.00000000000000     
 ALPHA_S =   0.11839999999999999     
 BORN                    4.7235133063124469E-012
 SINGLE POLE (MadFKS)   -2.2855986770278284E-013
 DOUBLE POLE (MadFKS)   -2.3735900317029383E-013
 SINGLE POLE (MadLoop)  -2.2855986770277830E-013
 DOUBLE POLE (MadLoop)  -2.3735900317029545E-013
 FINITE PART (MadLoop)  -1.7280530805021549E-013
   325.00000000000000        0.0000000000000000        0.0000000000000000        325.00000000000000        0.0000000000000000     
   325.00000000000000        0.0000000000000000        0.0000000000000000       -325.00000000000000        0.0000000000000000     
   161.61067330131536       -140.33359760775025       -4.2106486079598060       -62.504092231395639        50.000000000000000     
   302.10748764431878        299.52004236278998       -26.479007279843891       -29.249623710891345        0.0000000000000000     
   186.28183905437209       -159.18644475503964        30.689655887803696        91.753715942287016        0.0000000000000000     

 PASSED   1.0000000000000001E-005
 MU_R    =    325.00000000000000     
 ALPHA_S =   0.11839999999999999     
 BORN                    5.4561863494432690E-012
 SINGLE POLE (MadFKS)   -4.8662721468066441E-013
 DOUBLE POLE (MadFKS)   -2.7417620508965142E-013
 SINGLE POLE (MadLoop)  -4.8662721468067117E-013
 DOUBLE POLE (MadLoop)  -2.7417620508965471E-013
 FINITE PART (MadLoop)  -8.2166914339415096E-013
   325.00000000000000        0.0000000000000000        0.0000000000000000        325.00000000000000        0.0000000000000000     
   325.00000000000000        0.0000000000000000        0.0000000000000000       -325.00000000000000        0.0000000000000000     
   172.77971152159245       -124.47315763872722        50.214280373406872        96.632229548480069        50.000000000000000     
   295.16203869497718        218.68844455149974       -194.55189110569742       -38.020454671370665        0.0000000000000000     
   182.05824978343392       -94.215286912772541        144.33761073229050       -58.611774877109383        0.0000000000000000     

 PASSED   1.0000000000000001E-005
 MU_R    =    325.00000000000000     
 ALPHA_S =   0.11839999999999999     
 BORN                    1.5123134778974289E-012
 SINGLE POLE (MadFKS)   -6.2210303620012003E-014
 DOUBLE POLE (MadFKS)   -7.5994539724281593E-014
 SINGLE POLE (MadLoop)  -6.2210303620008469E-014
 DOUBLE POLE (MadLoop)  -7.5994539724283524E-014
 FINITE PART (MadLoop)  -2.2648162172068019E-014
   325.00000000000000        0.0000000000000000        0.0000000000000000        325.00000000000000        0.0000000000000000     
   325.00000000000000        0.0000000000000000        0.0000000000000000       -325.00000000000000        0.0000000000000000     
   108.66670365034356        81.844417265360789        2.6004437339597732        51.021383136011067        50.000000000000000     
   306.12441406584179       -211.50027190187996        173.80302513584149       -137.01204445674051        0.0000000000000000     
   235.20888228381463        129.65585463651945       -176.40346886980149        85.990661320729174        0.0000000000000000     

 PASSED   1.0000000000000001E-005
 MU_R    =    325.00000000000000     
 ALPHA_S =   0.11839999999999999     
 BORN                    1.9543488133192084E-011
 SINGLE POLE (MadFKS)   -5.3518263356654076E-013
 DOUBLE POLE (MadFKS)   -9.8207045496530564E-013
 SINGLE POLE (MadLoop)  -5.3518263356618998E-013
 DOUBLE POLE (MadLoop)  -9.8207045496534301E-013
 FINITE PART (MadLoop)   2.2917176716304965E-012
   325.00000000000000        0.0000000000000000        0.0000000000000000        325.00000000000000        0.0000000000000000     
   325.00000000000000        0.0000000000000000        0.0000000000000000       -325.00000000000000        0.0000000000000000     
   295.67810653521622        114.71546230399058       -127.80056664121233       -235.44196855874569        50.000000000000000     
   139.70386449923672       -60.853821998619217        122.65222051484801        27.756348948637921        0.0000000000000000     
   214.61802896554718       -53.861640305371360        5.1483461263643031        207.68561961010778        0.0000000000000000     

 PASSED   1.0000000000000001E-005
 MU_R    =    325.00000000000000     
 ALPHA_S =   0.11839999999999999     
 BORN                    5.4167096172339426E-011
 SINGLE POLE (MadFKS)   -5.2289043583264576E-012
 DOUBLE POLE (MadFKS)   -2.7219247874064245E-012
 SINGLE POLE (MadLoop)  -5.2289043583264624E-012
 DOUBLE POLE (MadLoop)  -2.7219247874064281E-012
 FINITE PART (MadLoop)  -1.9164074279450576E-011
   325.00000000000000        0.0000000000000000        0.0000000000000000        325.00000000000000        0.0000000000000000     
   325.00000000000000        0.0000000000000000        0.0000000000000000       -325.00000000000000        0.0000000000000000     
   299.04018979031144       -188.55286099034191        119.03064764614335        192.88483258961023        50.000000000000000     
   65.167886305240131       -25.688662322855624       -58.290684100367521       -13.752897173547272        0.0000000000000000     
   285.79192390444854        214.24152331319758       -60.739963545775822       -179.13193541606299        0.0000000000000000     

 PASSED   1.0000000000000001E-005
 MU_R    =    325.00000000000000     
 ALPHA_S =   0.11839999999999999     
 BORN                    9.6163533957113585E-011
 SINGLE POLE (MadFKS)   -5.0319204838356328E-012
 DOUBLE POLE (MadFKS)   -4.8322676535894895E-012
 SINGLE POLE (MadLoop)  -5.0319204838356328E-012
 DOUBLE POLE (MadLoop)  -4.8322676535894903E-012
 FINITE PART (MadLoop)  -1.8811720779367782E-011
   325.00000000000000        0.0000000000000000        0.0000000000000000        325.00000000000000        0.0000000000000000     
   325.00000000000000        0.0000000000000000        0.0000000000000000       -325.00000000000000        0.0000000000000000     
   311.57309395960795        247.99994010797766        52.513691108312678       -174.11529178157474        50.000000000000000     
   134.83323507258518       -60.047543868355760        4.6195278906117601        120.63562375013761        0.0000000000000000     
   203.59367096780690       -187.95239623962186       -57.133218998924434        53.479668031437136        0.0000000000000000     

 PASSED   1.0000000000000001E-005
 MU_R    =    325.00000000000000     
 ALPHA_S =   0.11839999999999999     
 BORN                    1.2161994263800430E-010
 SINGLE POLE (MadFKS)   -1.0661255698663954E-011
 DOUBLE POLE (MadFKS)   -6.1114654449277646E-012
 SINGLE POLE (MadLoop)  -1.0661255698626644E-011
 DOUBLE POLE (MadLoop)  -6.1114654449120733E-012
 FINITE PART (MadLoop)  -2.6830101503125867E-011
   325.00000000000000        0.0000000000000000        0.0000000000000000        325.00000000000000        0.0000000000000000     
   325.00000000000000        0.0000000000000000        0.0000000000000000       -325.00000000000000        0.0000000000000000     
   265.63380061913125       -140.15201343804139        29.367755657377572       -218.07398764702779        50.000000000000000     
   256.87214408344028        99.716434363345414        91.543955804196955        218.31086844132068        0.0000000000000000     
   127.49405529742855        40.435579074696015       -120.91171146157509      -0.23688079429297010        0.0000000000000000     

 PASSED   1.0000000000000001E-005
 MU_R    =    325.00000000000000     
 ALPHA_S =   0.11839999999999999     
 BORN                    5.3406118616849108E-011
 SINGLE POLE (MadFKS)   -3.8740088948944063E-012
 DOUBLE POLE (MadFKS)   -2.6836852690028747E-012
 SINGLE POLE (MadLoop)  -3.8740088948942601E-012
 DOUBLE POLE (MadLoop)  -2.6836852690027995E-012
 FINITE PART (MadLoop)  -1.0424366395204348E-011
   325.00000000000000        0.0000000000000000        0.0000000000000000        325.00000000000000        0.0000000000000000     
   325.00000000000000        0.0000000000000000        0.0000000000000000       -325.00000000000000        0.0000000000000000     
   167.05186111906886       -98.067419710273768       -49.922399693194684        115.31200936410130        50.000000000000000     
   186.95807801784727       -35.306337732868805       -183.38595108139114        8.7394735535791437        0.0000000000000000     
   295.99006086308867        133.37375744314252        233.30835077458579       -124.05148291768040        0.0000000000000000     

 PASSED   1.0000000000000001E-005
 MU_R    =    325.00000000000000     
 ALPHA_S =   0.11839999999999999     
 BORN                    7.7996269188915528E-011
 SINGLE POLE (MadFKS)   -3.6105934043381962E-012
 DOUBLE POLE (MadFKS)   -3.9193531393131004E-012
 SINGLE POLE (MadLoop)  -3.6105934043381849E-012
 DOUBLE POLE (MadLoop)  -3.9193531393130939E-012
 FINITE PART (MadLoop)  -1.1449927806599918E-011
   325.00000000000000        0.0000000000000000        0.0000000000000000        325.00000000000000        0.0000000000000000     
   325.00000000000000        0.0000000000000000        0.0000000000000000       -325.00000000000000        0.0000000000000000     
   304.87839921915639       -239.17491410211989       -142.46158814919605       -113.80199768320358        50.000000000000000     
   95.196278981689758        6.7633571739866012        59.688351930218062        73.850451424153306        0.0000000000000000     
   249.92532179915386        232.41155692813314        82.773236218977971        39.951546259050239        0.0000000000000000     

 PASSED   1.0000000000000001E-005
 MU_R    =    325.00000000000000     
 ALPHA_S =   0.11839999999999999     
 BORN                    4.5136649257835276E-011
 SINGLE POLE (MadFKS)   -2.1027720690991685E-012
 DOUBLE POLE (MadFKS)   -2.2681401278089872E-012
 SINGLE POLE (MadLoop)  -2.1027720690991523E-012
 DOUBLE POLE (MadLoop)  -2.2681401278089767E-012
 FINITE PART (MadLoop)  -6.7990732253751675E-012
   325.00000000000000        0.0000000000000000        0.0000000000000000        325.00000000000000        0.0000000000000000     
   325.00000000000000        0.0000000000000000        0.0000000000000000       -325.00000000000000        0.0000000000000000     
   139.79008469811833       -94.529061140528242       -83.047343769787886       -34.765831970198008        50.000000000000000     
   213.76141714064309        32.839662027654441       -206.79359657942649        43.033806125311401        0.0000000000000000     
   296.44849816123860        61.689399112873843        289.84094034921435       -8.2679741551133983        0.0000000000000000     

 PASSED   1.0000000000000001E-005
 MU_R    =    325.00000000000000     
 ALPHA_S =   0.11839999999999999     
 BORN                    2.9696919562650880E-011
 SINGLE POLE (MadFKS)   -4.0846037185366307E-012
 DOUBLE POLE (MadFKS)   -1.4922856711759947E-012
 SINGLE POLE (MadLoop)  -4.0846037185378109E-012
 DOUBLE POLE (MadLoop)  -1.4922856711911542E-012
 FINITE PART (MadLoop)  -7.3034194333788776E-013
   325.00000000000000        0.0000000000000000        0.0000000000000000        325.00000000000000        0.0000000000000000     
   325.00000000000000        0.0000000000000000        0.0000000000000000       -325.00000000000000        0.0000000000000000     
   314.98827012603101       -38.288024080925183        302.98817820491615       -58.735009977303342        50.000000000000000     
   309.96291995909365        27.083607604147765       -306.59767976109566        36.624482437635415        0.0000000000000000     
   25.048809914875321        11.204416476777403        3.6095015561794441        22.110527539667917        0.0000000000000000     

 PASSED   1.0000000000000001E-005
 MU_R    =    325.00000000000000     
 ALPHA_S =   0.11839999999999999     
 BORN                    5.3582543233741912E-012
 SINGLE POLE (MadFKS)   -2.2569463030546904E-013
 DOUBLE POLE (MadFKS)   -2.6925506978658387E-013
 SINGLE POLE (MadLoop)  -2.2569463030546174E-013
 DOUBLE POLE (MadLoop)  -2.6925506978658326E-013
 FINITE PART (MadLoop)  -2.0471056696947643E-013
   325.00000000000000        0.0000000000000000        0.0000000000000000        325.00000000000000        0.0000000000000000     
   325.00000000000000        0.0000000000000000        0.0000000000000000       -325.00000000000000        0.0000000000000000     
   158.72733461556834        16.321457386008429        117.92123199017912       -92.317711349868645        50.000000000000000     
   287.41511606672208        11.425442996280285       -286.57264345669398       -18.789045165430991        0.0000000000000000     
   203.85754931770964       -27.746900382288690        168.65141146651484        111.10675651529961        0.0000000000000000     

 PASSED   1.0000000000000001E-005
 MU_R    =    325.00000000000000     
 ALPHA_S =   0.11839999999999999     
 BORN                    5.8068579045406710E-011
 SINGLE POLE (MadFKS)   -1.0737494646625872E-011
 DOUBLE POLE (MadFKS)   -2.9179763332758220E-012
 SINGLE POLE (MadLoop)  -1.0737494646625862E-011
 DOUBLE POLE (MadLoop)  -2.9179763332758257E-012
 FINITE PART (MadLoop)  -2.7608613108808245E-011
Thanks for using LHAPDF 6.2.1. Please make sure to cite the paper:
  Eur.Phys.J. C75 (2015) 3, 132  (http://arxiv.org/abs/1412.7420)
   325.00000000000000        0.0000000000000000        0.0000000000000000        325.00000000000000        0.0000000000000000     
   325.00000000000000        0.0000000000000000        0.0000000000000000       -325.00000000000000        0.0000000000000000     
   236.09555896579826        177.65653452361474        87.745246763977818        118.23722076723999        50.000000000000000     
   223.75447484326281       -216.65517895388723       -16.128738168097463        53.539352348981758        0.0000000000000000     
   190.14996619093915        38.998644430272520       -71.616508595880305       -171.77657311622175        0.0000000000000000     

 NUMBER OF POINTS PASSING THE CHECK          20
 NUMBER OF POINTS FAILING THE CHECK           0
 TOLERANCE    1.0000000000000001E-005
