==== LHAPDF6 USING DEFAULT-TYPE LHAGLUE INTERFACE ====
LHAPDF 6.2.1 loading /cvmfs/cms.cern.ch/slc6_amd64_gcc630/external/lhapdf/6.2.1-ghjeda/share/LHAPDF/LUXqed17_plus_PDF4LHC15_nnlo_100/LUXqed17_plus_PDF4LHC15_nnlo_100_0000.dat
LUXqed17_plus_PDF4LHC15_nnlo_100 PDF set, member #0, version 10001; LHAPDF ID = 82200
 A PDF is used, so alpha_s(MZ) is going to be modified
 Old value of alpha_s from param_card:   0.11839999999999999     
 New value of alpha_s from PDF lhapdf :  0.11800222249017472     
 using LHAPDF
 *****************************************************
 *               MadGraph/MadEvent                   *
 *        --------------------------------           *
 *          http://madgraph.hep.uiuc.edu             *
 *          http://madgraph.phys.ucl.ac.be           *
 *          http://madgraph.roma2.infn.it            *
 *        --------------------------------           *
 *                                                   *
 *          PARAMETER AND COUPLING VALUES            *
 *                                                   *
 *****************************************************

  External Params
  ---------------------------------
  
 MU_R =    91.188000000000002     
 mdl_VeN1 =    0.0000000000000000     
 mdl_VeN2 =    0.0000000000000000     
 mdl_VeN3 =    0.0000000000000000     
 mdl_VmuN1 =    1.0000000000000000E-002
 mdl_VmuN2 =    0.0000000000000000     
 mdl_VmuN3 =    0.0000000000000000     
 mdl_VtaN1 =    0.0000000000000000     
 mdl_VtaN2 =    0.0000000000000000     
 mdl_VtaN3 =    0.0000000000000000     
 aEWM1 =    127.94000000000000     
 mdl_Gf =    1.1745600000000000E-005
 aS =   0.11839999999999999     
 mdl_ymt =    173.30000000000001     
 mdl_MZ =    91.187600000000003     
 mdl_MT =    173.30000000000001     
 mdl_MH =    125.70000000000000     
 mdl_mN1 =    50.000000000000000     
 mdl_mN2 =    500.00000000000000     
 mdl_mN3 =    1000.0000000000000     
 mdl_WZ =    2.4952000000000001     
 mdl_WW =    2.0850000000000000     
 mdl_WT =    1.3500000000000001     
 mdl_WH =    4.1700000000000001E-003
 mdl_WN1 =    2.2372570000000000E-008
 mdl_WN2 =    1.5000000000000000     
 mdl_WN3 =    12.300000000000001     
  Internal Params
  ---------------------------------
  
 mdl_MZ__exp__2 =    8315.1783937600012     
 mdl_MZ__exp__4 =    69142191.720053151     
 mdl_sqrt__2 =    1.4142135623730951     
 mdl_MH__exp__2 =    15800.490000000002     
 mdl_complexi =  (  0.0000000000000000     ,  1.0000000000000000     )
 mdl_MT__exp__2 =    30032.890000000003     
 mdl_aEW =    7.8161638267938097E-003
 mdl_MW =    79.951229855436395     
 mdl_sqrt__aEW =    8.8409070953120020E-002
 mdl_ee =   0.31340199653167311     
 mdl_MW__exp__2 =    6392.1991553968237     
 mdl_sw2 =   0.23126133286644190     
 mdl_cw =   0.87677743306585976     
 mdl_sqrt__sw2 =   0.48089638475085450     
 mdl_sw =   0.48089638475085450     
 mdl_g1 =   0.35744760838082806     
 mdl_gN =   0.65170378998386980     
 mdl_gw =   0.65170378998386980     
 mdl_vev =    245.36064108945956     
 mdl_vev__exp__2 =    60201.844195830592     
 mdl_lam =   0.13122928550662488     
 mdl_yt =   0.99886929407679126     
 mdl_muH =    88.883322395149023     
 mdl_I2a33 =  ( 0.99886929407679126     ,  0.0000000000000000     )
 mdl_I3a33 =  ( 0.99886929407679126     ,  0.0000000000000000     )
 mdl_ee__exp__2 =    9.8220811430038843E-002
 mdl_sw__exp__2 =   0.23126133286644188     
 mdl_cw__exp__2 =   0.76873866713355821     
 mdl_yt__exp__2 =   0.99773986664946734     
  Internal Params evaluated point by point
  ----------------------------------------
  
 mdl_sqrt__aS =   0.34409301068170506     
 mdl_G__exp__2 =    1.4878582807401259     
 mdl_G__exp__3 =    1.8148567439626970     
 mdl_G__exp__4 =    2.2137222635669636     
  Couplings of SM_HeavyN_NLO
  ---------------------------------
  
  R2GC_164_35 =   0.00000E+00   0.26248E-02
  R2GC_168_37 =  -0.00000E+00  -0.52495E-02
  R2GC_185_38 =  -0.00000E+00  -0.11578E-01
 UVGC_147_4_1eps -0.00000E+00  -0.13124E-02
 UVGC_149_5_1eps  0.00000E+00   0.26248E-02
 UVGC_164_19_1ep  0.00000E+00   0.13124E-02
 UVGC_168_26_1ep -0.00000E+00  -0.26248E-02
 UVGC_185_27_1ep  0.00000E+00   0.28946E-02
 UVGC_185_28_1ep -0.00000E+00  -0.57892E-02
        GC_11 =   0.00000E+00   0.12198E+01
  R2GC_163_34 =   0.00000E+00   0.12563E-01
 UVGC_146_3_1eps -0.00000E+00  -0.12563E-01
 UVGC_163_18_1ep  0.00000E+00   0.12563E-01
         GC_1 =  -0.00000E+00  -0.10447E+00
         GC_2 =   0.00000E+00   0.20893E+00
        GC_24 =   0.00000E+00   0.46082E+00
         GC_3 =  -0.00000E+00  -0.31340E+00
         GC_4 =   0.00000E+00   0.31340E+00
        GC_79 =  -0.00000E+00  -0.46082E-02

 Collider parameters:
 --------------------

 Running at P P   machine @    13000.000000000000       GeV
 PDF set = lhapdf 
 alpha_s(Mz)= 0.1180 running at 3 loops.
 alpha_s(Mz)= 0.1180 running at 3 loops.
 Renormalization scale set on event-by-event basis
 Factorization   scale set on event-by-event basis


 ===============================================================
 INFO: MadFKS read these parameters from FKS_params.dat
 ===============================================================
  > IRPoleCheckThreshold      =    1.0000000000000001E-005
  > PrecisionVirtualAtRunTime =    1.0000000000000000E-003
  > NHelForMCoverHels         =            4
  > VirtualFraction           =    1.0000000000000000     
  > MinVirtualFraction        =    5.0000000000000001E-003
 ===============================================================
  Insert the number of points to test
 Insert the relative tolerance
  A negative number will mean use the default one:    1.0000000000000001E-005
Using random seed offsets:     1 ,      2 ,      0
  with seed                   32
 Ranmar initialization seeds       10730        9408
  ========================================================================================== 
 {                                                                                          }
 {       [32m                                                                            [0m       }
 {       [32m                               ,,                                           [0m       }
 {       [32m`7MMM.     ,MMF'             `7MM  `7MMF'                                   [0m       }
 {       [32m  MMMb    dPMM                 MM    MM                                     [0m       }
 {       [32m  M YM   ,M MM   ,6"Yb.   ,M""bMM    MM         ,pW"Wq.   ,pW"Wq.`7MMpdMAo. [0m       }
 {       [32m  M  Mb  M' MM  8)   MM ,AP    MM    MM        6W'   `Wb 6W'   `Wb MM   `Wb [0m       }
 {       [32m  M  YM.P'  MM   ,pm9MM 8MI    MM    MM      , 8M     M8 8M     M8 MM    M8 [0m       }
 {       [32m  M  `YM'   MM  8M   MM `Mb    MM    MM     ,M YA.   ,A9 YA.   ,A9 MM   ,AP [0m       }
 {       [32m.JML. `'  .JMML.`Moo9^Yo.`Wbmd"MML..JMMmmmmMMM  `Ybmd9'   `Ybmd9'  MMbmmd'  [0m       }
 {       [32m                                                                   MM       [0m       }
 {       [32m                                                                 .JMML.     [0m       }
 {       [32m[0mv2.6.0 (2017-08-16), Ref: arXiv:1103.0621v2, arXiv:1405.0301[32m                [0m       }
 {       [32m                                                                            [0m       }
 {                                                                                          }
  ========================================================================================== 
 ===============================================================
 INFO: MadLoop read these parameters from ./MadLoop5_resources/MadLoopParams.dat                                                                                                                                                                                                                                                                                                                                                                                                                                                                                          
 ===============================================================
  > MLReductionLib            = 6|7|1
  > CTModeRun                 =           -1
  > MLStabThres               =    1.0000000000000000E-003
  > NRotations_DP             =            0
  > NRotations_QP             =            0
  > CTStabThres               =    1.0000000000000000E-002
  > CTLoopLibrary             =            2

  +----------------------------------------------------------------+
  |                                                                |
  |  Ninja - version 1.2.0                                         |
  |                                                                |
  |  Author: Tiziano Peraro                                        |
  |                                                                |
  |  Based on:                                                     |
  |                                                                |
  |      P. Mastrolia, E. Mirabella and T. Peraro,                 |
  |      "Integrand reduction of one-loop scattering amplitudes    |
  |      through Laurent series expansion,"                        |
  |      JHEP 1206 (2012) 095  [arXiv:1203.0291 [hep-ph]].         |
  |                                                                |
  |      T. Peraro,                                                |
  |      "Ninja: Automated Integrand Reduction via Laurent         |
  |      Expansion for One-Loop Amplitudes,"                       |
  |      Comput.Phys.Commun. 185 (2014) [arXiv:1403.1229 [hep-ph]] |
  |                                                                |
  +----------------------------------------------------------------+


  > CTModeInit                =            1
  > CheckCycle                =            3
  > MaxAttempts               =           10
  > UseLoopFilter             =  F
  > HelicityFilterLevel       =            2
  > ImprovePSPoint            =            2
  > DoubleCheckHelicityFilter =  T
  > LoopInitStartOver         =  F
  > HelInitStartOver          =  F
  > ZeroThres                 =    1.0000000000000001E-009
  > OSThres                   =    1.0000000000000000E-008
  > WriteOutFilters           =  T
  > UseQPIntegrandForNinja    =  T
  > UseQPIntegrandForCutTools =  T
  > IREGIMODE                 =            2
  > IREGIRECY                 =  T
  > COLLIERMode               =            1
  > COLLIERRequiredAccuracy   =    1.0000000000000000E-008
  > COLLIERCanOutput          =  F
  > COLLIERComputeUVpoles     =  T
  > COLLIERComputeIRpoles     =  T
  > COLLIERGlobalCache        =           -1
  > COLLIERUseCacheForPoles   =  F
  > COLLIERUseInternalStabilityTest =  T
 ===============================================================
  
------------------------------------------------------------------------
|              You are using CutTools - Version 1.9.3                  |
|              Authors: G. Ossola, C. Papadopoulos, R. Pittau          |
|              Published in JHEP 0803:042,2008                         |
|              http://www.ugr.es/~pittau/CutTools                      |
|                                                                      |
|              Compiler with  34  significant digits detetected        |
 ---------------------------------------------------------------------- 
   
########################################################################
#                                                                      #
#                      You are using OneLOop-3.6                       #
#                                                                      #
# for the evaluation of 1-loop scalar 1-, 2-, 3- and 4-point functions #
#                                                                      #
# author: Andreas van Hameren <hamerenREMOVETHIS@ifj.edu.pl>           #
#   date: 18-02-2015                                                   #
#                                                                      #
# Please cite                                                          #
#    A. van Hameren,                                                   #
#      Comput.Phys.Commun. 182 (2011) 2427-2438, arXiv:1007.4716       #
#    A. van Hameren, C.G. Papadopoulos and R. Pittau,                  #
#      JHEP 0909:106,2009, arXiv:0903.4665                             #
# in publications with results obtained with the help of this program. #
#                                                                      #
########################################################################
########################################################################
#                                                                      #
#                      You are using OneLOop-3.6                       #
#                                                                      #
# for the evaluation of 1-loop scalar 1-, 2-, 3- and 4-point functions #
#                                                                      #
# author: Andreas van Hameren <hamerenREMOVETHIS@ifj.edu.pl>           #
#   date: 18-02-2015                                                   #
#                                                                      #
# Please cite                                                          #
#    A. van Hameren,                                                   #
#      Comput.Phys.Commun. 182 (2011) 2427-2438, arXiv:1007.4716       #
#    A. van Hameren, C.G. Papadopoulos and R. Pittau,                  #
#      JHEP 0909:106,2009, arXiv:0903.4665                             #
# in publications with results obtained with the help of this program. #
#                                                                      #
########################################################################
 PASSED   1.0000000000000001E-005
 MU_R    =    325.00000000000000     
 ALPHA_S =   0.11839999999999999     
 BORN                    7.4438112539215198E-012
 SINGLE POLE (MadFKS)   -3.6808425123652633E-013
 DOUBLE POLE (MadFKS)   -3.7405539149374723E-013
 SINGLE POLE (MadLoop)  -3.6808425123653012E-013
 DOUBLE POLE (MadLoop)  -3.7405539149374734E-013
 FINITE PART (MadLoop)  -1.1162964783893374E-012
   325.00000000000000        0.0000000000000000        0.0000000000000000        325.00000000000000        0.0000000000000000     
   325.00000000000000        0.0000000000000000        0.0000000000000000       -325.00000000000000        0.0000000000000000     
   283.94550880607534       -24.984725488638265       -189.52921271285152        203.91050240692644        50.000000000000000     
   159.26224573256744        78.667530772265437       0.85143231493094207       -138.47439323206459        0.0000000000000000     
   206.79224546135725       -53.682805283627161        188.67778039792057       -65.436109174861912        0.0000000000000000     

 PASSED   1.0000000000000001E-005
 MU_R    =    325.00000000000000     
 ALPHA_S =   0.11839999999999999     
 BORN                    8.0988617624196002E-011
 SINGLE POLE (MadFKS)   -1.1270016418428457E-012
 DOUBLE POLE (MadFKS)   -4.0697202062984265E-012
 SINGLE POLE (MadLoop)  -1.1270016418427136E-012
 DOUBLE POLE (MadLoop)  -4.0697202062984426E-012
 FINITE PART (MadLoop)  -5.3956565866564576E-012
   325.00000000000000        0.0000000000000000        0.0000000000000000        325.00000000000000        0.0000000000000000     
   325.00000000000000        0.0000000000000000        0.0000000000000000       -325.00000000000000        0.0000000000000000     
   232.75460735605122        165.88651912902981        68.484393750868051        139.52153177663891        50.000000000000000     
   106.47643824994989        2.7262832689000756        31.012732522579629        101.82342413912448        0.0000000000000000     
   310.76895439399914       -168.61280239792987       -99.497126273447705       -241.34495591576339        0.0000000000000000     

 PASSED   1.0000000000000001E-005
 MU_R    =    325.00000000000000     
 ALPHA_S =   0.11839999999999999     
 BORN                    6.3831602135674133E-011
 SINGLE POLE (MadFKS)   -5.1601771263409788E-012
 DOUBLE POLE (MadFKS)   -3.2075712443614351E-012
 SINGLE POLE (MadLoop)  -5.1601771263409723E-012
 DOUBLE POLE (MadLoop)  -3.2075712443614294E-012
 FINITE PART (MadLoop)  -1.2690245075692955E-011
   325.00000000000000        0.0000000000000000        0.0000000000000000        325.00000000000000        0.0000000000000000     
   325.00000000000000        0.0000000000000000        0.0000000000000000       -325.00000000000000        0.0000000000000000     
   111.99927028598481        95.252951550343084        30.825337467037109       -4.5288337995943690        50.000000000000000     
   292.84996879860216       -109.58971952388774       -254.46318926069483       -94.866658586110773        0.0000000000000000     
   245.15076091541303        14.336767973544640        223.63785179365769        99.395492385705140        0.0000000000000000     

 PASSED   1.0000000000000001E-005
 MU_R    =    325.00000000000000     
 ALPHA_S =   0.11839999999999999     
 BORN                    1.4653078904064765E-011
 SINGLE POLE (MadFKS)   -1.4967288243310136E-012
 DOUBLE POLE (MadFKS)   -7.3632484477104421E-013
 SINGLE POLE (MadLoop)  -1.4967288243310221E-012
 DOUBLE POLE (MadLoop)  -7.3632484477104471E-013
 FINITE PART (MadLoop)  -3.5897112551323499E-012
   325.00000000000000        0.0000000000000000        0.0000000000000000        325.00000000000000        0.0000000000000000     
   325.00000000000000        0.0000000000000000        0.0000000000000000       -325.00000000000000        0.0000000000000000     
   210.66015346906505       -117.71982828258290       -126.74814945152116        109.33731704840804        50.000000000000000     
   317.77252200274478        163.91913404418111        236.10535564997073       -135.51440612566461        0.0000000000000000     
   121.56732452819085       -46.199305761598204       -109.35720619844955        26.177089077256589        0.0000000000000000     

 PASSED   1.0000000000000001E-005
 MU_R    =    325.00000000000000     
 ALPHA_S =   0.11839999999999999     
 BORN                    6.4941518483484523E-012
 SINGLE POLE (MadFKS)   -5.9035415226838458E-013
 DOUBLE POLE (MadFKS)   -3.2633451187711075E-013
 SINGLE POLE (MadLoop)  -5.9035415226838276E-013
 DOUBLE POLE (MadLoop)  -3.2633451187710938E-013
 FINITE PART (MadLoop)  -8.5986463579130263E-013
   325.00000000000000        0.0000000000000000        0.0000000000000000        325.00000000000000        0.0000000000000000     
   325.00000000000000        0.0000000000000000        0.0000000000000000       -325.00000000000000        0.0000000000000000     
   285.41924484011633        74.944416133090883       -226.39708145749040       -148.63324434023113        50.000000000000000     
   187.92844390877519        72.331696820850595        147.48973068226047        91.279817091537225        0.0000000000000000     
   176.65231125110853       -147.27611295394149        78.907350775229901        57.353427248693862        0.0000000000000000     

 PASSED   1.0000000000000001E-005
 MU_R    =    325.00000000000000     
 ALPHA_S =   0.11839999999999999     
 BORN                    8.2512901116791132E-013
 SINGLE POLE (MadFKS)   -9.9553326547712863E-014
 DOUBLE POLE (MadFKS)   -4.1463162454940413E-014
 SINGLE POLE (MadLoop)  -9.9553326547717798E-014
 DOUBLE POLE (MadLoop)  -4.1463162454941391E-014
 FINITE PART (MadLoop)  -7.4402116610866707E-013
   325.00000000000000        0.0000000000000000        0.0000000000000000        325.00000000000000        0.0000000000000000     
   325.00000000000000        0.0000000000000000        0.0000000000000000       -325.00000000000000        0.0000000000000000     
   325.70602738719953        222.15651003654159        99.161172663120041       -210.70824179611506        50.000000000000000     
   122.58026142361005       -94.441124152331511       -21.964743966805496        74.995630419359586        0.0000000000000000     
   201.71371118919041       -127.71538588421006       -77.196428696314541        135.71261137675546        0.0000000000000000     

 PASSED   1.0000000000000001E-005
 MU_R    =    325.00000000000000     
 ALPHA_S =   0.11839999999999999     
 BORN                    9.9877715651902825E-010
 SINGLE POLE (MadFKS)   -5.4646627341723470E-011
 DOUBLE POLE (MadFKS)   -5.0189072177229021E-011
 SINGLE POLE (MadLoop)  -5.4646627341722500E-011
 DOUBLE POLE (MadLoop)  -5.0189072177228323E-011
 FINITE PART (MadLoop)  -1.1519715885589141E-010
   325.00000000000000        0.0000000000000000        0.0000000000000000        325.00000000000000        0.0000000000000000     
   325.00000000000000        0.0000000000000000        0.0000000000000000       -325.00000000000000        0.0000000000000000     
   266.98117767633676        47.851555113515779        244.91913701992328       -80.646104853724481        50.000000000000000     
   66.111968035411337       -19.723688865376200        62.472253120865616        8.8874071055387578        0.0000000000000000     
   316.90685428825196       -28.127866248139540       -307.39139014078887        71.758697748185696        0.0000000000000000     

 PASSED   1.0000000000000001E-005
 MU_R    =    325.00000000000000     
 ALPHA_S =   0.11839999999999999     
 BORN                    8.8082558469702130E-012
 SINGLE POLE (MadFKS)   -9.1094798520437985E-013
 DOUBLE POLE (MadFKS)   -4.4261944275921703E-013
 SINGLE POLE (MadLoop)  -9.1094798520438672E-013
 DOUBLE POLE (MadLoop)  -4.4261944275922046E-013
 FINITE PART (MadLoop)  -1.0475562590350506E-012
   325.00000000000000        0.0000000000000000        0.0000000000000000        325.00000000000000        0.0000000000000000     
   325.00000000000000        0.0000000000000000        0.0000000000000000       -325.00000000000000        0.0000000000000000     
   275.37740292608015        117.32212931259048        151.85967675054238       -191.06771206327161        50.000000000000000     
   272.67529023465744       -187.25714468237499       -78.223519948852470        182.11989621337423        0.0000000000000000     
   101.94730683926250        69.935015369784509       -73.636156801689893        8.9478158498974469        0.0000000000000000     

 PASSED   1.0000000000000001E-005
 MU_R    =    325.00000000000000     
 ALPHA_S =   0.11839999999999999     
 BORN                    2.4811982584198018E-012
 SINGLE POLE (MadFKS)   -2.6454294344881547E-013
 DOUBLE POLE (MadFKS)   -1.2468150444275194E-013
 SINGLE POLE (MadLoop)  -2.6454294344877699E-013
 DOUBLE POLE (MadLoop)  -1.2468150444275252E-013
 FINITE PART (MadLoop)   5.9296309152489647E-013
   325.00000000000000        0.0000000000000000        0.0000000000000000        325.00000000000000        0.0000000000000000     
   325.00000000000000        0.0000000000000000        0.0000000000000000       -325.00000000000000        0.0000000000000000     
   318.29555717170109       -54.858572760025474        240.34108246462455        195.03528601181154        50.000000000000000     
   280.79629398061201        81.619005968984368       -216.80743767201770       -158.68028090463955        0.0000000000000000     
   50.908148847686988       -26.760433208958901       -23.533644792607113       -36.355005107171969        0.0000000000000000     

 PASSED   1.0000000000000001E-005
 MU_R    =    325.00000000000000     
 ALPHA_S =   0.11839999999999999     
 BORN                    6.6663405865512651E-009
 SINGLE POLE (MadFKS)   -1.3233664640211079E-010
 DOUBLE POLE (MadFKS)   -3.3498708563028540E-010
 SINGLE POLE (MadLoop)  -1.3233664640211082E-010
 DOUBLE POLE (MadLoop)  -3.3498708563028411E-010
 FINITE PART (MadLoop)  -5.4554842837336161E-010
   325.00000000000000        0.0000000000000000        0.0000000000000000        325.00000000000000        0.0000000000000000     
   325.00000000000000        0.0000000000000000        0.0000000000000000       -325.00000000000000        0.0000000000000000     
   190.05538591184765       -94.885393104970547       -131.62166447097738        85.402279426874799        50.000000000000000     
   139.06666701658503       -52.816427926973553       -97.160854608897253        84.319221698289354        0.0000000000000000     
   320.87794707156900        147.70182103194409        228.78251907987465       -169.72150112516414        0.0000000000000000     

 PASSED   1.0000000000000001E-005
 MU_R    =    325.00000000000000     
 ALPHA_S =   0.11839999999999999     
 BORN                    3.0399376789291839E-011
 SINGLE POLE (MadFKS)   -6.1563814224849401E-012
 DOUBLE POLE (MadFKS)   -1.5275845125833946E-012
 SINGLE POLE (MadLoop)  -6.1563814224849094E-012
 DOUBLE POLE (MadLoop)  -1.5275845125833896E-012
 FINITE PART (MadLoop)  -1.6874154768372064E-011
   325.00000000000000        0.0000000000000000        0.0000000000000000        325.00000000000000        0.0000000000000000     
   325.00000000000000        0.0000000000000000        0.0000000000000000       -325.00000000000000        0.0000000000000000     
   305.05238836964668        118.22727416107732        34.791752089139159        274.53379624562632        50.000000000000000     
   313.15824050115538       -108.98063506549890       -10.919820776856847       -293.38040542732466        0.0000000000000000     
   31.789371129197907       -9.2466390955785158       -23.871931312282328        18.846609181698302        0.0000000000000000     

 PASSED   1.0000000000000001E-005
 MU_R    =    325.00000000000000     
 ALPHA_S =   0.11839999999999999     
 BORN                    3.3777141712820136E-011
 SINGLE POLE (MadFKS)   -2.4560388373587664E-012
 DOUBLE POLE (MadFKS)   -1.6973189587891077E-012
 SINGLE POLE (MadLoop)  -2.4560388373585152E-012
 DOUBLE POLE (MadLoop)  -1.6973189587890625E-012
 FINITE PART (MadLoop)  -4.4757298140517087E-013
   325.00000000000000        0.0000000000000000        0.0000000000000000        325.00000000000000        0.0000000000000000     
   325.00000000000000        0.0000000000000000        0.0000000000000000       -325.00000000000000        0.0000000000000000     
   248.90326617232810       -180.85533125963028       -54.334264724320363       -154.24646752224081        50.000000000000000     
   308.89320283918528        201.99468618918124        12.007345816298059        233.38590608267688        0.0000000000000000     
   92.203530988486818       -21.139354929550983        42.326918908022250       -79.139438560436005        0.0000000000000000     

 PASSED   1.0000000000000001E-005
 MU_R    =    325.00000000000000     
 ALPHA_S =   0.11839999999999999     
 BORN                    8.5449328654767525E-012
 SINGLE POLE (MadFKS)   -1.5343640217305473E-012
 DOUBLE POLE (MadFKS)   -4.2938732582718876E-013
 SINGLE POLE (MadLoop)  -1.5343640217305208E-012
 DOUBLE POLE (MadLoop)  -4.2938732582719174E-013
 FINITE PART (MadLoop)  -7.4638278346940007E-012
   325.00000000000000        0.0000000000000000        0.0000000000000000        325.00000000000000        0.0000000000000000     
   325.00000000000000        0.0000000000000000        0.0000000000000000       -325.00000000000000        0.0000000000000000     
   316.92737152488866       -237.85623257184693        199.54387969585446       -39.365105414931406        50.000000000000000     
   296.96360840549767        207.46634433136828       -211.14872883909973        23.692087215442847        0.0000000000000000     
   36.109020069613692        30.389888240478673        11.604849143245318        15.673018199488547        0.0000000000000000     

 PASSED   1.0000000000000001E-005
 MU_R    =    325.00000000000000     
 ALPHA_S =   0.11839999999999999     
 BORN                    2.1471342065766300E-011
 SINGLE POLE (MadFKS)   -2.7270127782540470E-012
 DOUBLE POLE (MadFKS)   -1.0789461189085456E-012
 SINGLE POLE (MadLoop)  -2.7270127782540608E-012
 DOUBLE POLE (MadLoop)  -1.0789461189085460E-012
 FINITE PART (MadLoop)  -2.3754661343219280E-012
   325.00000000000000        0.0000000000000000        0.0000000000000000        325.00000000000000        0.0000000000000000     
   325.00000000000000        0.0000000000000000        0.0000000000000000       -325.00000000000000        0.0000000000000000     
   303.91756886027957        93.168112693756441        63.268410399375604       -277.81774544575518        50.000000000000000     
   107.46764929778665        26.531864757702763        36.956550858315424        97.363078971074955        0.0000000000000000     
   238.61478184193376       -119.69997745145933       -100.22496125769092        180.45466647468024        0.0000000000000000     

 PASSED   1.0000000000000001E-005
 MU_R    =    325.00000000000000     
 ALPHA_S =   0.11839999999999999     
 BORN                    4.2738262944912555E-011
 SINGLE POLE (MadFKS)   -3.9741324188517009E-012
 DOUBLE POLE (MadFKS)   -2.1476199667475507E-012
 SINGLE POLE (MadLoop)  -3.9741324188517106E-012
 DOUBLE POLE (MadLoop)  -2.1476199667475543E-012
 FINITE PART (MadLoop)  -6.9138483979649244E-012
   325.00000000000000        0.0000000000000000        0.0000000000000000        325.00000000000000        0.0000000000000000     
   325.00000000000000        0.0000000000000000        0.0000000000000000       -325.00000000000000        0.0000000000000000     
   197.64270812678970        110.07866782944888        3.5450648121118729       -156.30981888564497        50.000000000000000     
   199.39700449670497       -37.017947176227473        195.11990700511279        17.806147237207899        0.0000000000000000     
   252.96028737650653       -73.060720653221424       -198.66497181722468        138.50367164843703        0.0000000000000000     

 PASSED   1.0000000000000001E-005
 MU_R    =    325.00000000000000     
 ALPHA_S =   0.11839999999999999     
 BORN                    3.3337477134445012E-012
 SINGLE POLE (MadFKS)   -5.3017651042601907E-013
 DOUBLE POLE (MadFKS)   -1.6752255847929039E-013
 SINGLE POLE (MadLoop)  -5.3017651042598111E-013
 DOUBLE POLE (MadLoop)  -1.6752255847928112E-013
 FINITE PART (MadLoop)  -2.2101699950126899E-012
   325.00000000000000        0.0000000000000000        0.0000000000000000        325.00000000000000        0.0000000000000000     
   325.00000000000000        0.0000000000000000        0.0000000000000000       -325.00000000000000        0.0000000000000000     
   320.82999578149025       -133.52209096575240       -234.53678476958328       -166.12114256538999        50.000000000000000     
   196.09075444991205        84.232417265290636        165.18823048532155        63.791318935337571        0.0000000000000000     
   133.07924976859772        49.289673700461783        69.348554284261652        102.32982363005242        0.0000000000000000     

 PASSED   1.0000000000000001E-005
 MU_R    =    325.00000000000000     
 ALPHA_S =   0.11839999999999999     
 BORN                    2.3411834023705483E-011
 SINGLE POLE (MadFKS)   -2.4505156344392518E-012
 DOUBLE POLE (MadFKS)   -1.1764568502069808E-012
 SINGLE POLE (MadLoop)  -2.4505156344387106E-012
 DOUBLE POLE (MadLoop)  -1.1764568502069789E-012
 FINITE PART (MadLoop)  -4.6159614748306623E-012
   325.00000000000000        0.0000000000000000        0.0000000000000000        325.00000000000000        0.0000000000000000     
   325.00000000000000        0.0000000000000000        0.0000000000000000       -325.00000000000000        0.0000000000000000     
   186.24834687841741        10.014927879328674       -138.65643191955189       -113.41314660062076        50.000000000000000     
   279.47849000492874       -123.02097740044333        250.15969209107030        19.854318114092088        0.0000000000000000     
   184.27316311665581        113.00604952111470       -111.50326017151890        93.558828486528640        0.0000000000000000     

 PASSED   1.0000000000000001E-005
 MU_R    =    325.00000000000000     
 ALPHA_S =   0.11839999999999999     
 BORN                    2.4011608119255848E-011
 SINGLE POLE (MadFKS)   -2.2893761086974692E-012
 DOUBLE POLE (MadFKS)   -1.2065958108100871E-012
 SINGLE POLE (MadLoop)  -2.2893761086974607E-012
 DOUBLE POLE (MadLoop)  -1.2065958108100855E-012
 FINITE PART (MadLoop)  -4.8423161642519921E-012
   325.00000000000000        0.0000000000000000        0.0000000000000000        325.00000000000000        0.0000000000000000     
   325.00000000000000        0.0000000000000000        0.0000000000000000       -325.00000000000000        0.0000000000000000     
   261.99023930938392        161.00684474287246       -173.05622035690334       -101.32732126685157        50.000000000000000     
   154.18035174272711        35.289807054373568        148.26933442612500       -23.289801424873584        0.0000000000000000     
   233.82940894788908       -196.29665179724600        24.786885930778332        124.61712269172516        0.0000000000000000     

 PASSED   1.0000000000000001E-005
 MU_R    =    325.00000000000000     
 ALPHA_S =   0.11839999999999999     
 BORN                    8.0412348103550161E-011
 SINGLE POLE (MadFKS)   -5.2068303681883298E-012
 DOUBLE POLE (MadFKS)   -4.0407623628230786E-012
 SINGLE POLE (MadLoop)  -5.2068303681883290E-012
 DOUBLE POLE (MadLoop)  -4.0407623628230738E-012
 FINITE PART (MadLoop)  -1.2742734770996498E-011
   325.00000000000000        0.0000000000000000        0.0000000000000000        325.00000000000000        0.0000000000000000     
   325.00000000000000        0.0000000000000000        0.0000000000000000       -325.00000000000000        0.0000000000000000     
   123.54720798951483        73.790275277066684        70.766662260371945       -48.072730201909764        50.000000000000000     
   244.28325534619543       -152.92658044925062        187.55349824199223       -33.338493244662622        0.0000000000000000     
   282.16953666428969        79.136305172183938       -258.32016050236410        81.411223446572379        0.0000000000000000     

 PASSED   1.0000000000000001E-005
 MU_R    =    325.00000000000000     
 ALPHA_S =   0.11839999999999999     
 BORN                    9.2640781234851075E-012
 SINGLE POLE (MadFKS)   -1.3877906678892175E-012
 DOUBLE POLE (MadFKS)   -4.6552474950023976E-013
 SINGLE POLE (MadLoop)  -1.3877906678891944E-012
 DOUBLE POLE (MadLoop)  -4.6552474950024098E-013
 FINITE PART (MadLoop)  -9.4197095758518161E-013
Thanks for using LHAPDF 6.2.1. Please make sure to cite the paper:
  Eur.Phys.J. C75 (2015) 3, 132  (http://arxiv.org/abs/1412.7420)
   325.00000000000000        0.0000000000000000        0.0000000000000000        325.00000000000000        0.0000000000000000     
   325.00000000000000        0.0000000000000000        0.0000000000000000       -325.00000000000000        0.0000000000000000     
   305.08035471164231       -149.36344749247027        253.05845982261940        65.007686440522747        50.000000000000000     
   303.59334863114054        184.14869873968229       -231.17945605070844       -69.384704262895269        0.0000000000000000     
   41.326296657217163       -34.785251247211932       -21.879003771910924        4.3770178223724878        0.0000000000000000     

 NUMBER OF POINTS PASSING THE CHECK          20
 NUMBER OF POINTS FAILING THE CHECK           0
 TOLERANCE    1.0000000000000001E-005
