==== LHAPDF6 USING DEFAULT-TYPE LHAGLUE INTERFACE ====
LHAPDF 6.2.1 loading /cvmfs/cms.cern.ch/slc6_amd64_gcc630/external/lhapdf/6.2.1-ghjeda/share/LHAPDF/LUXqed17_plus_PDF4LHC15_nnlo_100/LUXqed17_plus_PDF4LHC15_nnlo_100_0000.dat
LUXqed17_plus_PDF4LHC15_nnlo_100 PDF set, member #0, version 10001; LHAPDF ID = 82200
 A PDF is used, so alpha_s(MZ) is going to be modified
 Old value of alpha_s from param_card:   0.11839999999999999     
 New value of alpha_s from PDF lhapdf :  0.11800222249017472     
 using LHAPDF
 *****************************************************
 *               MadGraph/MadEvent                   *
 *        --------------------------------           *
 *          http://madgraph.hep.uiuc.edu             *
 *          http://madgraph.phys.ucl.ac.be           *
 *          http://madgraph.roma2.infn.it            *
 *        --------------------------------           *
 *                                                   *
 *          PARAMETER AND COUPLING VALUES            *
 *                                                   *
 *****************************************************

  External Params
  ---------------------------------
  
 MU_R =    91.188000000000002     
 mdl_VeN1 =    1.0000000000000000E-002
 mdl_VeN2 =    0.0000000000000000     
 mdl_VeN3 =    0.0000000000000000     
 mdl_VmuN1 =    1.0000000000000000E-002
 mdl_VmuN2 =    0.0000000000000000     
 mdl_VmuN3 =    0.0000000000000000     
 mdl_VtaN1 =    0.0000000000000000     
 mdl_VtaN2 =    0.0000000000000000     
 mdl_VtaN3 =    0.0000000000000000     
 aEWM1 =    127.94000000000000     
 mdl_Gf =    1.1745600000000000E-005
 aS =   0.11839999999999999     
 mdl_ymt =    173.30000000000001     
 mdl_MZ =    91.187600000000003     
 mdl_MT =    173.30000000000001     
 mdl_MH =    125.70000000000000     
 mdl_mN1 =    50.000000000000000     
 mdl_mN2 =    500.00000000000000     
 mdl_mN3 =    1000.0000000000000     
 mdl_WZ =    2.4952000000000001     
 mdl_WW =    2.0850000000000000     
 mdl_WT =    1.3500000000000001     
 mdl_WH =    4.1700000000000001E-003
 mdl_WN1 =    4.4888889999999997E-008
 mdl_WN2 =    1.5000000000000000     
 mdl_WN3 =    12.300000000000001     
  Internal Params
  ---------------------------------
  
 mdl_MZ__exp__2 =    8315.1783937600012     
 mdl_MZ__exp__4 =    69142191.720053151     
 mdl_sqrt__2 =    1.4142135623730951     
 mdl_MH__exp__2 =    15800.490000000002     
 mdl_complexi =  (  0.0000000000000000     ,  1.0000000000000000     )
 mdl_MT__exp__2 =    30032.890000000003     
 mdl_aEW =    7.8161638267938097E-003
 mdl_MW =    79.951229855436395     
 mdl_sqrt__aEW =    8.8409070953120020E-002
 mdl_ee =   0.31340199653167311     
 mdl_MW__exp__2 =    6392.1991553968237     
 mdl_sw2 =   0.23126133286644190     
 mdl_cw =   0.87677743306585976     
 mdl_sqrt__sw2 =   0.48089638475085450     
 mdl_sw =   0.48089638475085450     
 mdl_g1 =   0.35744760838082806     
 mdl_gN =   0.65170378998386980     
 mdl_gw =   0.65170378998386980     
 mdl_vev =    245.36064108945956     
 mdl_vev__exp__2 =    60201.844195830592     
 mdl_lam =   0.13122928550662488     
 mdl_yt =   0.99886929407679126     
 mdl_muH =    88.883322395149023     
 mdl_I2a33 =  ( 0.99886929407679126     ,  0.0000000000000000     )
 mdl_I3a33 =  ( 0.99886929407679126     ,  0.0000000000000000     )
 mdl_ee__exp__2 =    9.8220811430038843E-002
 mdl_sw__exp__2 =   0.23126133286644188     
 mdl_cw__exp__2 =   0.76873866713355821     
 mdl_yt__exp__2 =   0.99773986664946734     
  Internal Params evaluated point by point
  ----------------------------------------
  
 mdl_sqrt__aS =   0.34409301068170506     
 mdl_G__exp__2 =    1.4878582807401259     
 mdl_G__exp__3 =    1.8148567439626970     
 mdl_G__exp__4 =    2.2137222635669636     
  Couplings of SM_HeavyN_NLO
  ---------------------------------
  
  R2GC_164_35 =   0.00000E+00   0.26248E-02
  R2GC_168_37 =  -0.00000E+00  -0.52495E-02
  R2GC_185_38 =  -0.00000E+00  -0.11578E-01
 UVGC_147_4_1eps -0.00000E+00  -0.13124E-02
 UVGC_149_5_1eps  0.00000E+00   0.26248E-02
 UVGC_164_19_1ep  0.00000E+00   0.13124E-02
 UVGC_168_26_1ep -0.00000E+00  -0.26248E-02
 UVGC_185_27_1ep  0.00000E+00   0.28946E-02
 UVGC_185_28_1ep -0.00000E+00  -0.57892E-02
        GC_11 =   0.00000E+00   0.12198E+01
  R2GC_163_34 =   0.00000E+00   0.12563E-01
 UVGC_146_3_1eps -0.00000E+00  -0.12563E-01
 UVGC_163_18_1ep  0.00000E+00   0.12563E-01
         GC_1 =  -0.00000E+00  -0.10447E+00
         GC_2 =   0.00000E+00   0.20893E+00
        GC_24 =   0.00000E+00   0.46082E+00
         GC_3 =  -0.00000E+00  -0.31340E+00
         GC_4 =   0.00000E+00   0.31340E+00
        GC_42 =  -0.00000E+00  -0.46082E-02

 Collider parameters:
 --------------------

 Running at P P   machine @    13000.000000000000       GeV
 PDF set = lhapdf 
 alpha_s(Mz)= 0.1180 running at 3 loops.
 alpha_s(Mz)= 0.1180 running at 3 loops.
 Renormalization scale set on event-by-event basis
 Factorization   scale set on event-by-event basis


 ===============================================================
 INFO: MadFKS read these parameters from FKS_params.dat
 ===============================================================
  > IRPoleCheckThreshold      =    1.0000000000000001E-005
  > PrecisionVirtualAtRunTime =    1.0000000000000000E-003
  > NHelForMCoverHels         =            4
  > VirtualFraction           =    1.0000000000000000     
  > MinVirtualFraction        =    5.0000000000000001E-003
 ===============================================================
  Insert the number of points to test
 Insert the relative tolerance
  A negative number will mean use the default one:    1.0000000000000001E-005
Using random seed offsets:     1 ,      6 ,      0
  with seed                   32
 Ranmar initialization seeds       10730        9412
  ========================================================================================== 
 {                                                                                          }
 {       [32m                                                                            [0m       }
 {       [32m                               ,,                                           [0m       }
 {       [32m`7MMM.     ,MMF'             `7MM  `7MMF'                                   [0m       }
 {       [32m  MMMb    dPMM                 MM    MM                                     [0m       }
 {       [32m  M YM   ,M MM   ,6"Yb.   ,M""bMM    MM         ,pW"Wq.   ,pW"Wq.`7MMpdMAo. [0m       }
 {       [32m  M  Mb  M' MM  8)   MM ,AP    MM    MM        6W'   `Wb 6W'   `Wb MM   `Wb [0m       }
 {       [32m  M  YM.P'  MM   ,pm9MM 8MI    MM    MM      , 8M     M8 8M     M8 MM    M8 [0m       }
 {       [32m  M  `YM'   MM  8M   MM `Mb    MM    MM     ,M YA.   ,A9 YA.   ,A9 MM   ,AP [0m       }
 {       [32m.JML. `'  .JMML.`Moo9^Yo.`Wbmd"MML..JMMmmmmMMM  `Ybmd9'   `Ybmd9'  MMbmmd'  [0m       }
 {       [32m                                                                   MM       [0m       }
 {       [32m                                                                 .JMML.     [0m       }
 {       [32m[0mv2.6.0 (2017-08-16), Ref: arXiv:1103.0621v2, arXiv:1405.0301[32m                [0m       }
 {       [32m                                                                            [0m       }
 {                                                                                          }
  ========================================================================================== 
 ===============================================================
 INFO: MadLoop read these parameters from ./MadLoop5_resources/MadLoopParams.dat                                                                                                                                                                                                                                                                                                                                                                                                                                                                                          
 ===============================================================
  > MLReductionLib            = 6|7|1
  > CTModeRun                 =           -1
  > MLStabThres               =    1.0000000000000000E-003
  > NRotations_DP             =            0
  > NRotations_QP             =            0
  > CTStabThres               =    1.0000000000000000E-002
  > CTLoopLibrary             =            2

  +----------------------------------------------------------------+
  |                                                                |
  |  Ninja - version 1.2.0                                         |
  |                                                                |
  |  Author: Tiziano Peraro                                        |
  |                                                                |
  |  Based on:                                                     |
  |                                                                |
  |      P. Mastrolia, E. Mirabella and T. Peraro,                 |
  |      "Integrand reduction of one-loop scattering amplitudes    |
  |      through Laurent series expansion,"                        |
  |      JHEP 1206 (2012) 095  [arXiv:1203.0291 [hep-ph]].         |
  |                                                                |
  |      T. Peraro,                                                |
  |      "Ninja: Automated Integrand Reduction via Laurent         |
  |      Expansion for One-Loop Amplitudes,"                       |
  |      Comput.Phys.Commun. 185 (2014) [arXiv:1403.1229 [hep-ph]] |
  |                                                                |
  +----------------------------------------------------------------+


  > CTModeInit                =            1
  > CheckCycle                =            3
  > MaxAttempts               =           10
  > UseLoopFilter             =  F
  > HelicityFilterLevel       =            2
  > ImprovePSPoint            =            2
  > DoubleCheckHelicityFilter =  T
  > LoopInitStartOver         =  F
  > HelInitStartOver          =  F
  > ZeroThres                 =    1.0000000000000001E-009
  > OSThres                   =    1.0000000000000000E-008
  > WriteOutFilters           =  T
  > UseQPIntegrandForNinja    =  T
  > UseQPIntegrandForCutTools =  T
  > IREGIMODE                 =            2
  > IREGIRECY                 =  T
  > COLLIERMode               =            1
  > COLLIERRequiredAccuracy   =    1.0000000000000000E-008
  > COLLIERCanOutput          =  F
  > COLLIERComputeUVpoles     =  T
  > COLLIERComputeIRpoles     =  T
  > COLLIERGlobalCache        =           -1
  > COLLIERUseCacheForPoles   =  F
  > COLLIERUseInternalStabilityTest =  T
 ===============================================================
  
------------------------------------------------------------------------
|              You are using CutTools - Version 1.9.3                  |
|              Authors: G. Ossola, C. Papadopoulos, R. Pittau          |
|              Published in JHEP 0803:042,2008                         |
|              http://www.ugr.es/~pittau/CutTools                      |
|                                                                      |
|              Compiler with  34  significant digits detetected        |
 ---------------------------------------------------------------------- 
   
########################################################################
#                                                                      #
#                      You are using OneLOop-3.6                       #
#                                                                      #
# for the evaluation of 1-loop scalar 1-, 2-, 3- and 4-point functions #
#                                                                      #
# author: Andreas van Hameren <hamerenREMOVETHIS@ifj.edu.pl>           #
#   date: 18-02-2015                                                   #
#                                                                      #
# Please cite                                                          #
#    A. van Hameren,                                                   #
#      Comput.Phys.Commun. 182 (2011) 2427-2438, arXiv:1007.4716       #
#    A. van Hameren, C.G. Papadopoulos and R. Pittau,                  #
#      JHEP 0909:106,2009, arXiv:0903.4665                             #
# in publications with results obtained with the help of this program. #
#                                                                      #
########################################################################
########################################################################
#                                                                      #
#                      You are using OneLOop-3.6                       #
#                                                                      #
# for the evaluation of 1-loop scalar 1-, 2-, 3- and 4-point functions #
#                                                                      #
# author: Andreas van Hameren <hamerenREMOVETHIS@ifj.edu.pl>           #
#   date: 18-02-2015                                                   #
#                                                                      #
# Please cite                                                          #
#    A. van Hameren,                                                   #
#      Comput.Phys.Commun. 182 (2011) 2427-2438, arXiv:1007.4716       #
#    A. van Hameren, C.G. Papadopoulos and R. Pittau,                  #
#      JHEP 0909:106,2009, arXiv:0903.4665                             #
# in publications with results obtained with the help of this program. #
#                                                                      #
########################################################################
 PASSED   1.0000000000000001E-005
 MU_R    =    325.00000000000000     
 ALPHA_S =   0.11839999999999999     
 BORN                    2.1236118977993811E-011
 SINGLE POLE (MadFKS)   -1.4031753001042233E-012
 DOUBLE POLE (MadFKS)   -1.0671260362675795E-012
 SINGLE POLE (MadLoop)  -1.4031753001042189E-012
 DOUBLE POLE (MadLoop)  -1.0671260362675781E-012
 FINITE PART (MadLoop)  -2.6242277716451008E-012
   325.00000000000000        0.0000000000000000        0.0000000000000000        325.00000000000000        0.0000000000000000     
   325.00000000000000        0.0000000000000000        0.0000000000000000       -325.00000000000000        0.0000000000000000     
   140.85376710422028       -9.4565318804486669        71.948483881659612        109.88072342032770        50.000000000000000     
   282.86962030461194       -158.28303900483581       -220.67585913184595       -79.144594579103170        0.0000000000000000     
   226.27661259116783        167.73957088528442        148.72737525018636       -30.736128841224527        0.0000000000000000     

 PASSED   1.0000000000000001E-005
 MU_R    =    325.00000000000000     
 ALPHA_S =   0.11839999999999999     
 BORN                    4.9579761845863054E-010
 SINGLE POLE (MadFKS)   -1.2133689168628426E-010
 DOUBLE POLE (MadFKS)   -2.4914088488811357E-011
 SINGLE POLE (MadLoop)  -1.2133689168628318E-010
 DOUBLE POLE (MadLoop)  -2.4914088488811179E-011
 FINITE PART (MadLoop)  -3.8992062584315438E-010
   325.00000000000000        0.0000000000000000        0.0000000000000000        325.00000000000000        0.0000000000000000     
   325.00000000000000        0.0000000000000000        0.0000000000000000       -325.00000000000000        0.0000000000000000     
   260.38812722098794        142.22578895520013        48.363996825321323        206.72379051479447        50.000000000000000     
   114.47192291038580       -88.240323334515068       -37.013237594667409        62.829027649504830        0.0000000000000000     
   275.13994986862633       -53.985465620684934       -11.350759230653921       -269.55281816429931        0.0000000000000000     

 PASSED   1.0000000000000001E-005
 MU_R    =    325.00000000000000     
 ALPHA_S =   0.11839999999999999     
 BORN                    1.0446252957631915E-009
 SINGLE POLE (MadFKS)   -1.0314567435067425E-010
 DOUBLE POLE (MadFKS)   -5.2492965047323026E-011
 SINGLE POLE (MadLoop)  -1.0314567435066957E-010
 DOUBLE POLE (MadLoop)  -5.2492965047320822E-011
 FINITE PART (MadLoop)  -2.5602011603728615E-010
   325.00000000000000        0.0000000000000000        0.0000000000000000        325.00000000000000        0.0000000000000000     
   325.00000000000000        0.0000000000000000        0.0000000000000000       -325.00000000000000        0.0000000000000000     
   191.80631307273140        118.25279958990498        109.83112764595597       -90.791302026803720        50.000000000000000     
   225.34951419450618        1.4305099295620611        41.140617661970481        221.55768270911523        0.0000000000000000     
   232.84417273276392       -119.68330951946726       -150.97174530792682       -130.76638068231208        0.0000000000000000     

 PASSED   1.0000000000000001E-005
 MU_R    =    325.00000000000000     
 ALPHA_S =   0.11839999999999999     
 BORN                    1.5500019544541460E-010
 SINGLE POLE (MadFKS)   -2.9775273546877802E-012
 DOUBLE POLE (MadFKS)   -7.7888405295604196E-012
 SINGLE POLE (MadLoop)  -2.9775273546879240E-012
 DOUBLE POLE (MadLoop)  -7.7888405295601918E-012
 FINITE PART (MadLoop)   3.0013332103956407E-011
   325.00000000000000        0.0000000000000000        0.0000000000000000        325.00000000000000        0.0000000000000000     
   325.00000000000000        0.0000000000000000        0.0000000000000000       -325.00000000000000        0.0000000000000000     
   87.029483886833390       -63.304305310992909        8.8835506414463534        31.428944027791601        50.000000000000000     
   307.51288345474052        139.57091707863665        24.964203697802926       -272.87528493839784        0.0000000000000000     
   255.45763265842604       -76.266611767643667       -33.847754339248780        241.44634091060638        0.0000000000000000     

 PASSED   1.0000000000000001E-005
 MU_R    =    325.00000000000000     
 ALPHA_S =   0.11839999999999999     
 BORN                    2.8997428335840914E-010
 SINGLE POLE (MadFKS)   -4.8339359361063368E-012
 DOUBLE POLE (MadFKS)   -1.4571358728044945E-011
 SINGLE POLE (MadLoop)  -4.8339359361060120E-012
 DOUBLE POLE (MadLoop)  -1.4571358728044525E-011
 FINITE PART (MadLoop)   8.0932380358571166E-011
   325.00000000000000        0.0000000000000000        0.0000000000000000        325.00000000000000        0.0000000000000000     
   325.00000000000000        0.0000000000000000        0.0000000000000000       -325.00000000000000        0.0000000000000000     
   71.024811642475328        8.5872635657445660        3.2737874443818491        49.599043227370260        50.000000000000000     
   312.80910994433378        58.079338697474768       -27.963721586921210       -306.09534455074538        0.0000000000000000     
   266.16607841319092       -66.666602263219289        24.689934142539315        256.49630132337512        0.0000000000000000     

 PASSED   1.0000000000000001E-005
 MU_R    =    325.00000000000000     
 ALPHA_S =   0.11839999999999999     
 BORN                    3.0440656582267013E-009
 SINGLE POLE (MadFKS)   -4.2385286737045017E-010
 DOUBLE POLE (MadFKS)   -1.5296588436747392E-010
 SINGLE POLE (MadLoop)  -4.2385286737045089E-010
 DOUBLE POLE (MadLoop)  -1.5296588436747413E-010
 FINITE PART (MadLoop)  -9.5268397093208548E-010
   325.00000000000000        0.0000000000000000        0.0000000000000000        325.00000000000000        0.0000000000000000     
   325.00000000000000        0.0000000000000000        0.0000000000000000       -325.00000000000000        0.0000000000000000     
   254.98502858901512       -142.58247762627460        1.9100035003178404        205.38732620374250        50.000000000000000     
   85.379837606072655       -6.0931261538729409        61.744164911448429        58.653632306108626        0.0000000000000000     
   309.63513380491224        148.67560378014761       -63.654168411766300       -264.04095850985112        0.0000000000000000     

 PASSED   1.0000000000000001E-005
 MU_R    =    325.00000000000000     
 ALPHA_S =   0.11839999999999999     
 BORN                    7.8766230669309607E-012
 SINGLE POLE (MadFKS)   -4.7117648283696166E-013
 DOUBLE POLE (MadFKS)   -3.9580441046209840E-013
 SINGLE POLE (MadLoop)  -4.7117648283695783E-013
 DOUBLE POLE (MadLoop)  -3.9580441046209704E-013
 FINITE PART (MadLoop)  -1.8752682014752527E-013
   325.00000000000000        0.0000000000000000        0.0000000000000000        325.00000000000000        0.0000000000000000     
   325.00000000000000        0.0000000000000000        0.0000000000000000       -325.00000000000000        0.0000000000000000     
   215.56912690868188        180.01134979162876       -6.2142338739453082        107.36547731802428        50.000000000000000     
   247.53309055443353       -116.37992203913862       -166.08534930770705       -141.92956496421149        0.0000000000000000     
   186.89778253688522       -63.631427752490161        172.29958318165237        34.564087646187254        0.0000000000000000     

 PASSED   1.0000000000000001E-005
 MU_R    =    325.00000000000000     
 ALPHA_S =   0.11839999999999999     
 BORN                    8.0445741394760956E-012
 SINGLE POLE (MadFKS)   -7.2658566147895727E-013
 DOUBLE POLE (MadFKS)   -4.0424403930942701E-013
 SINGLE POLE (MadLoop)  -7.2658566147895323E-013
 DOUBLE POLE (MadLoop)  -4.0424403930942559E-013
 FINITE PART (MadLoop)  -1.4269062257862972E-012
   325.00000000000000        0.0000000000000000        0.0000000000000000        325.00000000000000        0.0000000000000000     
   325.00000000000000        0.0000000000000000        0.0000000000000000       -325.00000000000000        0.0000000000000000     
   259.00459133981076       -132.60637031126637       -215.93475925222714       -19.264180093019824        50.000000000000000     
   231.23666141433463        208.60454557169248        80.948371281597971        58.325794771540657        0.0000000000000000     
   159.75874724585478       -75.998175260426095        134.98638797062924       -39.061614678520868        0.0000000000000000     

 PASSED   1.0000000000000001E-005
 MU_R    =    325.00000000000000     
 ALPHA_S =   0.11839999999999999     
 BORN                    1.2637486416240504E-010
 SINGLE POLE (MadFKS)   -3.6335948414082564E-012
 DOUBLE POLE (MadFKS)   -6.3504027274112194E-012
 SINGLE POLE (MadLoop)  -3.6335948414083695E-012
 DOUBLE POLE (MadLoop)  -6.3504027274115466E-012
 FINITE PART (MadLoop)  -8.8138926980619123E-012
   325.00000000000000        0.0000000000000000        0.0000000000000000        325.00000000000000        0.0000000000000000     
   325.00000000000000        0.0000000000000000        0.0000000000000000       -325.00000000000000        0.0000000000000000     
   174.00601889926466       -124.33658708770527        110.82341368890069       -6.0562944852018274        50.000000000000000     
   165.76780332561987       -132.46641227468433        31.110732718732081       -94.677011719732405        0.0000000000000000     
   310.22617777511897        256.80299936238947       -141.93414640763265        100.73330620493419        0.0000000000000000     

 PASSED   1.0000000000000001E-005
 MU_R    =    325.00000000000000     
 ALPHA_S =   0.11839999999999999     
 BORN                    7.5920562079820961E-011
 SINGLE POLE (MadFKS)   -1.0574931749724092E-011
 DOUBLE POLE (MadFKS)   -3.8150477762627295E-012
 SINGLE POLE (MadLoop)  -1.0574931749724071E-011
 DOUBLE POLE (MadLoop)  -3.8150477762627214E-012
 FINITE PART (MadLoop)  -2.2169063147573999E-011
   325.00000000000000        0.0000000000000000        0.0000000000000000        325.00000000000000        0.0000000000000000     
   325.00000000000000        0.0000000000000000        0.0000000000000000       -325.00000000000000        0.0000000000000000     
   187.39759933448872       -103.50714670980915       -39.013817712352555        142.76572713305856        50.000000000000000     
   240.84314791615708        194.09008488965526        138.62139588176555        33.445021295870418        0.0000000000000000     
   221.75925274935614       -90.582938179846039       -99.607578169412974       -176.21074842892895        0.0000000000000000     

 PASSED   1.0000000000000001E-005
 MU_R    =    325.00000000000000     
 ALPHA_S =   0.11839999999999999     
 BORN                    2.3141269232351405E-011
 SINGLE POLE (MadFKS)   -1.6083260355501412E-012
 DOUBLE POLE (MadFKS)   -1.1628608285586540E-012
 SINGLE POLE (MadLoop)  -1.6083260355501544E-012
 DOUBLE POLE (MadLoop)  -1.1628608285586601E-012
 FINITE PART (MadLoop)  -3.5195872391431450E-012
   325.00000000000000        0.0000000000000000        0.0000000000000000        325.00000000000000        0.0000000000000000     
   325.00000000000000        0.0000000000000000        0.0000000000000000       -325.00000000000000        0.0000000000000000     
   129.18699673207445        69.935245080312399        85.067154761305900        45.408378092877079        50.000000000000000     
   310.30373217909494       -263.55546733034106       -162.84582581235713       -17.554454137128022        0.0000000000000000     
   210.50927108883062        193.62022225002872        77.778671051051148       -27.853923955749021        0.0000000000000000     

 PASSED   1.0000000000000001E-005
 MU_R    =    325.00000000000000     
 ALPHA_S =   0.11839999999999999     
 BORN                    6.1627389726153693E-011
 SINGLE POLE (MadFKS)   -3.1834814035584656E-012
 DOUBLE POLE (MadFKS)   -3.0968084230520974E-012
 SINGLE POLE (MadLoop)  -3.1834814035580961E-012
 DOUBLE POLE (MadLoop)  -3.0968084230518846E-012
 FINITE PART (MadLoop)  -8.3908803497433435E-012
   325.00000000000000        0.0000000000000000        0.0000000000000000        325.00000000000000        0.0000000000000000     
   325.00000000000000        0.0000000000000000        0.0000000000000000       -325.00000000000000        0.0000000000000000     
   79.163338256600213       -40.830087975149141       -23.808700367563109       -39.152060312045954        50.000000000000000     
   306.76781225804075        303.78169574789337      -0.19618172902498257        42.698167160291192        0.0000000000000000     
   264.06884948535912       -262.95160777274424        24.004882096588183       -3.5461068482452043        0.0000000000000000     

 PASSED   1.0000000000000001E-005
 MU_R    =    325.00000000000000     
 ALPHA_S =   0.11839999999999999     
 BORN                    1.0760875550582792E-012
 SINGLE POLE (MadFKS)   -8.4343003735689111E-014
 DOUBLE POLE (MadFKS)   -5.4073959959264400E-014
 SINGLE POLE (MadLoop)  -8.4343003735650753E-014
 DOUBLE POLE (MadLoop)  -5.4073959959261920E-014
 FINITE PART (MadLoop)  -1.9235844109166372E-013
   325.00000000000000        0.0000000000000000        0.0000000000000000        325.00000000000000        0.0000000000000000     
   325.00000000000000        0.0000000000000000        0.0000000000000000       -325.00000000000000        0.0000000000000000     
   320.61376125866684        170.61500876821731        48.278030063374871       -262.39842702396368        50.000000000000000     
   230.57432657909249       -98.945790940262697       -7.2513791604311768        208.13857891529730        0.0000000000000000     
   98.811912162240688       -71.669217827954526       -41.026650902943800        54.259848108666354        0.0000000000000000     

 PASSED   1.0000000000000001E-005
 MU_R    =    325.00000000000000     
 ALPHA_S =   0.11839999999999999     
 BORN                    6.5337041495404991E-011
 SINGLE POLE (MadFKS)   -3.7339337962904009E-012
 DOUBLE POLE (MadFKS)   -3.2832203560685007E-012
 SINGLE POLE (MadLoop)  -3.7339337962903985E-012
 DOUBLE POLE (MadLoop)  -3.2832203560685015E-012
 FINITE PART (MadLoop)  -1.0771733132135087E-011
   325.00000000000000        0.0000000000000000        0.0000000000000000        325.00000000000000        0.0000000000000000     
   325.00000000000000        0.0000000000000000        0.0000000000000000       -325.00000000000000        0.0000000000000000     
   156.34408051604740        17.090982667389653        84.647361055165945       -120.35860621603950        50.000000000000000     
   232.52303726037795       -45.874458907607540        173.42458497931648        147.94056307002879        0.0000000000000000     
   261.13288222357465        28.783476240217880       -258.07194603448238       -27.581956853989265        0.0000000000000000     

 PASSED   1.0000000000000001E-005
 MU_R    =    325.00000000000000     
 ALPHA_S =   0.11839999999999999     
 BORN                    8.5423863893513390E-011
 SINGLE POLE (MadFKS)   -9.5128805333986887E-012
 DOUBLE POLE (MadFKS)   -4.2925936407593950E-012
 SINGLE POLE (MadLoop)  -9.5128805333986629E-012
 DOUBLE POLE (MadLoop)  -4.2925936407593877E-012
 FINITE PART (MadLoop)  -2.3159780490527270E-011
   325.00000000000000        0.0000000000000000        0.0000000000000000        325.00000000000000        0.0000000000000000     
   325.00000000000000        0.0000000000000000        0.0000000000000000       -325.00000000000000        0.0000000000000000     
   244.60259569209290       -238.21434854768307        8.9714345956623962        22.446989254868679        50.000000000000000     
   171.83260857239065        77.248503428025828       -78.809190584261003        131.71266289304276        0.0000000000000000     
   233.56479573551658        160.96584511965725        69.837755988598616       -154.15965214791146        0.0000000000000000     

 PASSED   1.0000000000000001E-005
 MU_R    =    325.00000000000000     
 ALPHA_S =   0.11839999999999999     
 BORN                    4.4080449898721743E-011
 SINGLE POLE (MadFKS)   -1.0419230324372766E-012
 DOUBLE POLE (MadFKS)   -2.2150655600517074E-012
 SINGLE POLE (MadLoop)  -1.0419230324372901E-012
 DOUBLE POLE (MadLoop)  -2.2150655600517191E-012
 FINITE PART (MadLoop)   4.9638906758915466E-012
   325.00000000000000        0.0000000000000000        0.0000000000000000        325.00000000000000        0.0000000000000000     
   325.00000000000000        0.0000000000000000        0.0000000000000000       -325.00000000000000        0.0000000000000000     
   122.62934567287184       -64.212169546389816        81.673945274936116        41.762667126623072        50.000000000000000     
   283.04832696450791        125.38223588107584        25.873588080108789       -252.44050341165556        0.0000000000000000     
   244.32232736262023       -61.170066334686084       -107.54753335504503        210.67783628503244        0.0000000000000000     

 PASSED   1.0000000000000001E-005
 MU_R    =    325.00000000000000     
 ALPHA_S =   0.11839999999999999     
 BORN                    1.2245365996373200E-010
 SINGLE POLE (MadFKS)   -1.7570304660231998E-012
 DOUBLE POLE (MadFKS)   -6.1533601746612611E-012
 SINGLE POLE (MadLoop)  -1.7570304660221965E-012
 DOUBLE POLE (MadLoop)  -6.1533601746614445E-012
 FINITE PART (MadLoop)   4.8475751540037665E-011
   325.00000000000000        0.0000000000000000        0.0000000000000000        325.00000000000000        0.0000000000000000     
   325.00000000000000        0.0000000000000000        0.0000000000000000       -325.00000000000000        0.0000000000000000     
   178.92142015130509        140.67119484701675       -1.6788739709612279       -98.598534022886014        50.000000000000000     
   192.34526563743017       -78.926055712366107        43.034682187376710       -170.04527359457396        0.0000000000000000     
   278.73331421126750       -61.745139134650522       -41.355808216415483        268.64380761745997        0.0000000000000000     

 PASSED   1.0000000000000001E-005
 MU_R    =    325.00000000000000     
 ALPHA_S =   0.11839999999999999     
 BORN                    1.3967119187751589E-010
 SINGLE POLE (MadFKS)   -1.6338463678861904E-011
 DOUBLE POLE (MadFKS)   -7.0185501184785035E-012
 SINGLE POLE (MadLoop)  -1.6338463678861904E-011
 DOUBLE POLE (MadLoop)  -7.0185501184785067E-012
 FINITE PART (MadLoop)  -3.8609196163027163E-011
   325.00000000000000        0.0000000000000000        0.0000000000000000        325.00000000000000        0.0000000000000000     
   325.00000000000000        0.0000000000000000        0.0000000000000000       -325.00000000000000        0.0000000000000000     
   110.23989228641481        72.946418116650904        64.963049723525359       -10.557277390021724        50.000000000000000     
   309.18530672717429       -138.14291344730356       -218.10456620506503        170.12491751876931        0.0000000000000000     
   230.57480098641093        65.196495330652468        153.14151648153990       -159.56764012874754        0.0000000000000000     

 PASSED   1.0000000000000001E-005
 MU_R    =    325.00000000000000     
 ALPHA_S =   0.11839999999999999     
 BORN                    9.4599571040467969E-012
 SINGLE POLE (MadFKS)   -1.5204583001337720E-012
 DOUBLE POLE (MadFKS)   -4.7536777026743067E-013
 SINGLE POLE (MadLoop)  -1.5204583001339495E-012
 DOUBLE POLE (MadLoop)  -4.7536777026743612E-013
 FINITE PART (MadLoop)   2.0650380491309741E-013
   325.00000000000000        0.0000000000000000        0.0000000000000000        325.00000000000000        0.0000000000000000     
   325.00000000000000        0.0000000000000000        0.0000000000000000       -325.00000000000000        0.0000000000000000     
   312.45454386504963       -122.71318943186259        78.466818409985621        271.86811789908410        50.000000000000000     
   277.90641401468281        81.615249468830569       -109.66429418988960       -241.96005576225627        0.0000000000000000     
   59.639042120267526        41.097939963032211        31.197475779903904       -29.908062136827823        0.0000000000000000     

 PASSED   1.0000000000000001E-005
 MU_R    =    325.00000000000000     
 ALPHA_S =   0.11839999999999999     
 BORN                    2.1208816198178430E-012
 SINGLE POLE (MadFKS)   -2.4196317180643102E-013
 DOUBLE POLE (MadFKS)   -1.0657540573653296E-013
 SINGLE POLE (MadLoop)  -2.4196317180647439E-013
 DOUBLE POLE (MadLoop)  -1.0657540573652229E-013
 FINITE PART (MadLoop)  -1.6617160416301322E-012
Thanks for using LHAPDF 6.2.1. Please make sure to cite the paper:
  Eur.Phys.J. C75 (2015) 3, 132  (http://arxiv.org/abs/1412.7420)
   325.00000000000000        0.0000000000000000        0.0000000000000000        325.00000000000000        0.0000000000000000     
   325.00000000000000        0.0000000000000000        0.0000000000000000       -325.00000000000000        0.0000000000000000     
   320.35358354785200       -168.45510218066198       -267.71002679162962       -8.9798995806358644        50.000000000000000     
   278.47707293016788        128.53407377919498        246.57968284946199       -15.064263385152204        0.0000000000000000     
   51.169343521980103        39.921028401466963        21.130343942167617        24.044162965788072        0.0000000000000000     

 NUMBER OF POINTS PASSING THE CHECK          20
 NUMBER OF POINTS FAILING THE CHECK           0
 TOLERANCE    1.0000000000000001E-005
