# mur		muf		alpsfact	dynamical_scale	pdf		cross-section
1.0		1.0		1.0		-1		82200		0.00052548110992
2.0		1.0		1.0		-1		82200		0.000508408045778
0.5		1.0		1.0		-1		82200		0.000547141952497
1.0		2.0		1.0		-1		82200		0.000589343123327
2.0		2.0		1.0		-1		82200		0.000570309151226
0.5		2.0		1.0		-1		82200		0.000613484476576
1.0		0.5		1.0		-1		82200		0.000460913923242
2.0		0.5		1.0		-1		82200		0.000445881273963
0.5		0.5		1.0		-1		82200		0.000479990958408
1.0		1.0		1.0		-1		306000		0.0
1.0		1.0		1.0		-1		306001		0.0
1.0		1.0		1.0		-1		306002		0.0
1.0		1.0		1.0		-1		306003		0.0
1.0		1.0		1.0		-1		306004		0.0
1.0		1.0		1.0		-1		306005		0.0
1.0		1.0		1.0		-1		306006		0.0
1.0		1.0		1.0		-1		306007		0.0
1.0		1.0		1.0		-1		306008		0.0
1.0		1.0		1.0		-1		306009		0.0
1.0		1.0		1.0		-1		306010		0.0
1.0		1.0		1.0		-1		306011		0.0
1.0		1.0		1.0		-1		306012		0.0
1.0		1.0		1.0		-1		306013		0.0
1.0		1.0		1.0		-1		306014		0.0
1.0		1.0		1.0		-1		306015		0.0
1.0		1.0		1.0		-1		306016		0.0
1.0		1.0		1.0		-1		306017		0.0
1.0		1.0		1.0		-1		306018		0.0
1.0		1.0		1.0		-1		306019		0.0
1.0		1.0		1.0		-1		306020		0.0
1.0		1.0		1.0		-1		306021		0.0
1.0		1.0		1.0		-1		306022		0.0
1.0		1.0		1.0		-1		306023		0.0
1.0		1.0		1.0		-1		306024		0.0
1.0		1.0		1.0		-1		306025		0.0
1.0		1.0		1.0		-1		306026		0.0
1.0		1.0		1.0		-1		306027		0.0
1.0		1.0		1.0		-1		306028		0.0
1.0		1.0		1.0		-1		306029		0.0
1.0		1.0		1.0		-1		306030		0.0
1.0		1.0		1.0		-1		306031		0.0
1.0		1.0		1.0		-1		306032		0.0
1.0		1.0		1.0		-1		306033		0.0
1.0		1.0		1.0		-1		306034		0.0
1.0		1.0		1.0		-1		306035		0.0
1.0		1.0		1.0		-1		306036		0.0
1.0		1.0		1.0		-1		306037		0.0
1.0		1.0		1.0		-1		306038		0.0
1.0		1.0		1.0		-1		306039		0.0
1.0		1.0		1.0		-1		306040		0.0
1.0		1.0		1.0		-1		306041		0.0
1.0		1.0		1.0		-1		306042		0.0
1.0		1.0		1.0		-1		306043		0.0
1.0		1.0		1.0		-1		306044		0.0
1.0		1.0		1.0		-1		306045		0.0
1.0		1.0		1.0		-1		306046		0.0
1.0		1.0		1.0		-1		306047		0.0
1.0		1.0		1.0		-1		306048		0.0
1.0		1.0		1.0		-1		306049		0.0
1.0		1.0		1.0		-1		306050		0.0
1.0		1.0		1.0		-1		306051		0.0
1.0		1.0		1.0		-1		306052		0.0
1.0		1.0		1.0		-1		306053		0.0
1.0		1.0		1.0		-1		306054		0.0
1.0		1.0		1.0		-1		306055		0.0
1.0		1.0		1.0		-1		306056		0.0
1.0		1.0		1.0		-1		306057		0.0
1.0		1.0		1.0		-1		306058		0.0
1.0		1.0		1.0		-1		306059		0.0
1.0		1.0		1.0		-1		306060		0.0
1.0		1.0		1.0		-1		306061		0.0
1.0		1.0		1.0		-1		306062		0.0
1.0		1.0		1.0		-1		306063		0.0
1.0		1.0		1.0		-1		306064		0.0
1.0		1.0		1.0		-1		306065		0.0
1.0		1.0		1.0		-1		306066		0.0
1.0		1.0		1.0		-1		306067		0.0
1.0		1.0		1.0		-1		306068		0.0
1.0		1.0		1.0		-1		306069		0.0
1.0		1.0		1.0		-1		306070		0.0
1.0		1.0		1.0		-1		306071		0.0
1.0		1.0		1.0		-1		306072		0.0
1.0		1.0		1.0		-1		306073		0.0
1.0		1.0		1.0		-1		306074		0.0
1.0		1.0		1.0		-1		306075		0.0
1.0		1.0		1.0		-1		306076		0.0
1.0		1.0		1.0		-1		306077		0.0
1.0		1.0		1.0		-1		306078		0.0
1.0		1.0		1.0		-1		306079		0.0
1.0		1.0		1.0		-1		306080		0.0
1.0		1.0		1.0		-1		306081		0.0
1.0		1.0		1.0		-1		306082		0.0
1.0		1.0		1.0		-1		306083		0.0
1.0		1.0		1.0		-1		306084		0.0
1.0		1.0		1.0		-1		306085		0.0
1.0		1.0		1.0		-1		306086		0.0
1.0		1.0		1.0		-1		306087		0.0
1.0		1.0		1.0		-1		306088		0.0
1.0		1.0		1.0		-1		306089		0.0
1.0		1.0		1.0		-1		306090		0.0
1.0		1.0		1.0		-1		306091		0.0
1.0		1.0		1.0		-1		306092		0.0
1.0		1.0		1.0		-1		306093		0.0
1.0		1.0		1.0		-1		306094		0.0
1.0		1.0		1.0		-1		306095		0.0
1.0		1.0		1.0		-1		306096		0.0
1.0		1.0		1.0		-1		306097		0.0
1.0		1.0		1.0		-1		306098		0.0
1.0		1.0		1.0		-1		306099		0.0
1.0		1.0		1.0		-1		306100		0.0
1.0		1.0		1.0		-1		306101		0.0
1.0		1.0		1.0		-1		306102		0.0
1.0		1.0		1.0		-1		322500		0.0
1.0		1.0		1.0		-1		322700		0.0
1.0		1.0		1.0		-1		322900		0.0
1.0		1.0		1.0		-1		323100		0.0
1.0		1.0		1.0		-1		323300		0.0
1.0		1.0		1.0		-1		323500		0.0
1.0		1.0		1.0		-1		323700		0.0
1.0		1.0		1.0		-1		323900		0.0
1.0		1.0		1.0		-1		305800		0.0
1.0		1.0		1.0		-1		305801		0.0
1.0		1.0		1.0		-1		305802		0.0
1.0		1.0		1.0		-1		305803		0.0
1.0		1.0		1.0		-1		305804		0.0
1.0		1.0		1.0		-1		305805		0.0
1.0		1.0		1.0		-1		305806		0.0
1.0		1.0		1.0		-1		305807		0.0
1.0		1.0		1.0		-1		305808		0.0
1.0		1.0		1.0		-1		305809		0.0
1.0		1.0		1.0		-1		305810		0.0
1.0		1.0		1.0		-1		305811		0.0
1.0		1.0		1.0		-1		305812		0.0
1.0		1.0		1.0		-1		305813		0.0
1.0		1.0		1.0		-1		305814		0.0
1.0		1.0		1.0		-1		305815		0.0
1.0		1.0		1.0		-1		305816		0.0
1.0		1.0		1.0		-1		305817		0.0
1.0		1.0		1.0		-1		305818		0.0
1.0		1.0		1.0		-1		305819		0.0
1.0		1.0		1.0		-1		305820		0.0
1.0		1.0		1.0		-1		305821		0.0
1.0		1.0		1.0		-1		305822		0.0
1.0		1.0		1.0		-1		305823		0.0
1.0		1.0		1.0		-1		305824		0.0
1.0		1.0		1.0		-1		305825		0.0
1.0		1.0		1.0		-1		305826		0.0
1.0		1.0		1.0		-1		305827		0.0
1.0		1.0		1.0		-1		305828		0.0
1.0		1.0		1.0		-1		305829		0.0
1.0		1.0		1.0		-1		305830		0.0
1.0		1.0		1.0		-1		305831		0.0
1.0		1.0		1.0		-1		305832		0.0
1.0		1.0		1.0		-1		305833		0.0
1.0		1.0		1.0		-1		305834		0.0
1.0		1.0		1.0		-1		305835		0.0
1.0		1.0		1.0		-1		305836		0.0
1.0		1.0		1.0		-1		305837		0.0
1.0		1.0		1.0		-1		305838		0.0
1.0		1.0		1.0		-1		305839		0.0
1.0		1.0		1.0		-1		305840		0.0
1.0		1.0		1.0		-1		305841		0.0
1.0		1.0		1.0		-1		305842		0.0
1.0		1.0		1.0		-1		305843		0.0
1.0		1.0		1.0		-1		305844		0.0
1.0		1.0		1.0		-1		305845		0.0
1.0		1.0		1.0		-1		305846		0.0
1.0		1.0		1.0		-1		305847		0.0
1.0		1.0		1.0		-1		305848		0.0
1.0		1.0		1.0		-1		305849		0.0
1.0		1.0		1.0		-1		305850		0.0
1.0		1.0		1.0		-1		305851		0.0
1.0		1.0		1.0		-1		305852		0.0
1.0		1.0		1.0		-1		305853		0.0
1.0		1.0		1.0		-1		305854		0.0
1.0		1.0		1.0		-1		305855		0.0
1.0		1.0		1.0		-1		305856		0.0
1.0		1.0		1.0		-1		305857		0.0
1.0		1.0		1.0		-1		305858		0.0
1.0		1.0		1.0		-1		305859		0.0
1.0		1.0		1.0		-1		305860		0.0
1.0		1.0		1.0		-1		305861		0.0
1.0		1.0		1.0		-1		305862		0.0
1.0		1.0		1.0		-1		305863		0.0
1.0		1.0		1.0		-1		305864		0.0
1.0		1.0		1.0		-1		305865		0.0
1.0		1.0		1.0		-1		305866		0.0
1.0		1.0		1.0		-1		305867		0.0
1.0		1.0		1.0		-1		305868		0.0
1.0		1.0		1.0		-1		305869		0.0
1.0		1.0		1.0		-1		305870		0.0
1.0		1.0		1.0		-1		305871		0.0
1.0		1.0		1.0		-1		305872		0.0
1.0		1.0		1.0		-1		305873		0.0
1.0		1.0		1.0		-1		305874		0.0
1.0		1.0		1.0		-1		305875		0.0
1.0		1.0		1.0		-1		305876		0.0
1.0		1.0		1.0		-1		305877		0.0
1.0		1.0		1.0		-1		305878		0.0
1.0		1.0		1.0		-1		305879		0.0
1.0		1.0		1.0		-1		305880		0.0
1.0		1.0		1.0		-1		305881		0.0
1.0		1.0		1.0		-1		305882		0.0
1.0		1.0		1.0		-1		305883		0.0
1.0		1.0		1.0		-1		305884		0.0
1.0		1.0		1.0		-1		305885		0.0
1.0		1.0		1.0		-1		305886		0.0
1.0		1.0		1.0		-1		305887		0.0
1.0		1.0		1.0		-1		305888		0.0
1.0		1.0		1.0		-1		305889		0.0
1.0		1.0		1.0		-1		305890		0.0
1.0		1.0		1.0		-1		305891		0.0
1.0		1.0		1.0		-1		305892		0.0
1.0		1.0		1.0		-1		305893		0.0
1.0		1.0		1.0		-1		305894		0.0
1.0		1.0		1.0		-1		305895		0.0
1.0		1.0		1.0		-1		305896		0.0
1.0		1.0		1.0		-1		305897		0.0
1.0		1.0		1.0		-1		305898		0.0
1.0		1.0		1.0		-1		305899		0.0
1.0		1.0		1.0		-1		305900		0.0
1.0		1.0		1.0		-1		305901		0.0
1.0		1.0		1.0		-1		305902		0.0
1.0		1.0		1.0		-1		13000		0.0
1.0		1.0		1.0		-1		13001		0.0
1.0		1.0		1.0		-1		13002		0.0
1.0		1.0		1.0		-1		13003		0.0
1.0		1.0		1.0		-1		13004		0.0
1.0		1.0		1.0		-1		13005		0.0
1.0		1.0		1.0		-1		13006		0.0
1.0		1.0		1.0		-1		13007		0.0
1.0		1.0		1.0		-1		13008		0.0
1.0		1.0		1.0		-1		13009		0.0
1.0		1.0		1.0		-1		13010		0.0
1.0		1.0		1.0		-1		13011		0.0
1.0		1.0		1.0		-1		13012		0.0
1.0		1.0		1.0		-1		13013		0.0
1.0		1.0		1.0		-1		13014		0.0
1.0		1.0		1.0		-1		13015		0.0
1.0		1.0		1.0		-1		13016		0.0
1.0		1.0		1.0		-1		13017		0.0
1.0		1.0		1.0		-1		13018		0.0
1.0		1.0		1.0		-1		13019		0.0
1.0		1.0		1.0		-1		13020		0.0
1.0		1.0		1.0		-1		13021		0.0
1.0		1.0		1.0		-1		13022		0.0
1.0		1.0		1.0		-1		13023		0.0
1.0		1.0		1.0		-1		13024		0.0
1.0		1.0		1.0		-1		13025		0.0
1.0		1.0		1.0		-1		13026		0.0
1.0		1.0		1.0		-1		13027		0.0
1.0		1.0		1.0		-1		13028		0.0
1.0		1.0		1.0		-1		13029		0.0
1.0		1.0		1.0		-1		13030		0.0
1.0		1.0		1.0		-1		13031		0.0
1.0		1.0		1.0		-1		13032		0.0
1.0		1.0		1.0		-1		13033		0.0
1.0		1.0		1.0		-1		13034		0.0
1.0		1.0		1.0		-1		13035		0.0
1.0		1.0		1.0		-1		13036		0.0
1.0		1.0		1.0		-1		13037		0.0
1.0		1.0		1.0		-1		13038		0.0
1.0		1.0		1.0		-1		13039		0.0
1.0		1.0		1.0		-1		13040		0.0
1.0		1.0		1.0		-1		13041		0.0
1.0		1.0		1.0		-1		13042		0.0
1.0		1.0		1.0		-1		13043		0.0
1.0		1.0		1.0		-1		13044		0.0
1.0		1.0		1.0		-1		13045		0.0
1.0		1.0		1.0		-1		13046		0.0
1.0		1.0		1.0		-1		13047		0.0
1.0		1.0		1.0		-1		13048		0.0
1.0		1.0		1.0		-1		13049		0.0
1.0		1.0		1.0		-1		13050		0.0
1.0		1.0		1.0		-1		13051		0.0
1.0		1.0		1.0		-1		13052		0.0
1.0		1.0		1.0		-1		13053		0.0
1.0		1.0		1.0		-1		13054		0.0
1.0		1.0		1.0		-1		13055		0.0
1.0		1.0		1.0		-1		13056		0.0
1.0		1.0		1.0		-1		13065		0.0
1.0		1.0		1.0		-1		13069		0.0
1.0		1.0		1.0		-1		13100		0.0
1.0		1.0		1.0		-1		13101		0.0
1.0		1.0		1.0		-1		13102		0.0
1.0		1.0		1.0		-1		13103		0.0
1.0		1.0		1.0		-1		13104		0.0
1.0		1.0		1.0		-1		13105		0.0
1.0		1.0		1.0		-1		13106		0.0
1.0		1.0		1.0		-1		13107		0.0
1.0		1.0		1.0		-1		13108		0.0
1.0		1.0		1.0		-1		13109		0.0
1.0		1.0		1.0		-1		13110		0.0
1.0		1.0		1.0		-1		13111		0.0
1.0		1.0		1.0		-1		13112		0.0
1.0		1.0		1.0		-1		13113		0.0
1.0		1.0		1.0		-1		13114		0.0
1.0		1.0		1.0		-1		13115		0.0
1.0		1.0		1.0		-1		13116		0.0
1.0		1.0		1.0		-1		13117		0.0
1.0		1.0		1.0		-1		13118		0.0
1.0		1.0		1.0		-1		13119		0.0
1.0		1.0		1.0		-1		13120		0.0
1.0		1.0		1.0		-1		13121		0.0
1.0		1.0		1.0		-1		13122		0.0
1.0		1.0		1.0		-1		13123		0.0
1.0		1.0		1.0		-1		13124		0.0
1.0		1.0		1.0		-1		13125		0.0
1.0		1.0		1.0		-1		13126		0.0
1.0		1.0		1.0		-1		13127		0.0
1.0		1.0		1.0		-1		13128		0.0
1.0		1.0		1.0		-1		13129		0.0
1.0		1.0		1.0		-1		13130		0.0
1.0		1.0		1.0		-1		13131		0.0
1.0		1.0		1.0		-1		13132		0.0
1.0		1.0		1.0		-1		13133		0.0
1.0		1.0		1.0		-1		13134		0.0
1.0		1.0		1.0		-1		13135		0.0
1.0		1.0		1.0		-1		13136		0.0
1.0		1.0		1.0		-1		13137		0.0
1.0		1.0		1.0		-1		13138		0.0
1.0		1.0		1.0		-1		13139		0.0
1.0		1.0		1.0		-1		13140		0.0
1.0		1.0		1.0		-1		13141		0.0
1.0		1.0		1.0		-1		13142		0.0
1.0		1.0		1.0		-1		13143		0.0
1.0		1.0		1.0		-1		13144		0.0
1.0		1.0		1.0		-1		13145		0.0
1.0		1.0		1.0		-1		13146		0.0
1.0		1.0		1.0		-1		13147		0.0
1.0		1.0		1.0		-1		13148		0.0
1.0		1.0		1.0		-1		13149		0.0
1.0		1.0		1.0		-1		13150		0.0
1.0		1.0		1.0		-1		13151		0.0
1.0		1.0		1.0		-1		13152		0.0
1.0		1.0		1.0		-1		13153		0.0
1.0		1.0		1.0		-1		13154		0.0
1.0		1.0		1.0		-1		13155		0.0
1.0		1.0		1.0		-1		13156		0.0
1.0		1.0		1.0		-1		13163		0.0
1.0		1.0		1.0		-1		13167		0.0
1.0		1.0		1.0		-1		13200		0.0
1.0		1.0		1.0		-1		25200		0.0
1.0		1.0		1.0		-1		25201		0.0
1.0		1.0		1.0		-1		25202		0.0
1.0		1.0		1.0		-1		25203		0.0
1.0		1.0		1.0		-1		25204		0.0
1.0		1.0		1.0		-1		25205		0.0
1.0		1.0		1.0		-1		25206		0.0
1.0		1.0		1.0		-1		25207		0.0
1.0		1.0		1.0		-1		25208		0.0
1.0		1.0		1.0		-1		25209		0.0
1.0		1.0		1.0		-1		25210		0.0
1.0		1.0		1.0		-1		25211		0.0
1.0		1.0		1.0		-1		25212		0.0
1.0		1.0		1.0		-1		25213		0.0
1.0		1.0		1.0		-1		25214		0.0
1.0		1.0		1.0		-1		25215		0.0
1.0		1.0		1.0		-1		25216		0.0
1.0		1.0		1.0		-1		25217		0.0
1.0		1.0		1.0		-1		25218		0.0
1.0		1.0		1.0		-1		25219		0.0
1.0		1.0		1.0		-1		25220		0.0
1.0		1.0		1.0		-1		25221		0.0
1.0		1.0		1.0		-1		25222		0.0
1.0		1.0		1.0		-1		25223		0.0
1.0		1.0		1.0		-1		25224		0.0
1.0		1.0		1.0		-1		25225		0.0
1.0		1.0		1.0		-1		25226		0.0
1.0		1.0		1.0		-1		25227		0.0
1.0		1.0		1.0		-1		25228		0.0
1.0		1.0		1.0		-1		25229		0.0
1.0		1.0		1.0		-1		25230		0.0
1.0		1.0		1.0		-1		25231		0.0
1.0		1.0		1.0		-1		25232		0.0
1.0		1.0		1.0		-1		25233		0.0
1.0		1.0		1.0		-1		25234		0.0
1.0		1.0		1.0		-1		25235		0.0
1.0		1.0		1.0		-1		25236		0.0
1.0		1.0		1.0		-1		25237		0.0
1.0		1.0		1.0		-1		25238		0.0
1.0		1.0		1.0		-1		25239		0.0
1.0		1.0		1.0		-1		25240		0.0
1.0		1.0		1.0		-1		25241		0.0
1.0		1.0		1.0		-1		25242		0.0
1.0		1.0		1.0		-1		25243		0.0
1.0		1.0		1.0		-1		25244		0.0
1.0		1.0		1.0		-1		25245		0.0
1.0		1.0		1.0		-1		25246		0.0
1.0		1.0		1.0		-1		25247		0.0
1.0		1.0		1.0		-1		25248		0.0
1.0		1.0		1.0		-1		25249		0.0
1.0		1.0		1.0		-1		25250		0.0
1.0		1.0		1.0		-1		25300		0.0
1.0		1.0		1.0		-1		25301		0.0
1.0		1.0		1.0		-1		25302		0.0
1.0		1.0		1.0		-1		25303		0.0
1.0		1.0		1.0		-1		25304		0.0
1.0		1.0		1.0		-1		25305		0.0
1.0		1.0		1.0		-1		25306		0.0
1.0		1.0		1.0		-1		25307		0.0
1.0		1.0		1.0		-1		25308		0.0
1.0		1.0		1.0		-1		25309		0.0
1.0		1.0		1.0		-1		25310		0.0
1.0		1.0		1.0		-1		25311		0.0
1.0		1.0		1.0		-1		25312		0.0
1.0		1.0		1.0		-1		25313		0.0
1.0		1.0		1.0		-1		25314		0.0
1.0		1.0		1.0		-1		25315		0.0
1.0		1.0		1.0		-1		25316		0.0
1.0		1.0		1.0		-1		25317		0.0
1.0		1.0		1.0		-1		25318		0.0
1.0		1.0		1.0		-1		25319		0.0
1.0		1.0		1.0		-1		25320		0.0
1.0		1.0		1.0		-1		25321		0.0
1.0		1.0		1.0		-1		25322		0.0
1.0		1.0		1.0		-1		25323		0.0
1.0		1.0		1.0		-1		25324		0.0
1.0		1.0		1.0		-1		25325		0.0
1.0		1.0		1.0		-1		25326		0.0
1.0		1.0		1.0		-1		25327		0.0
1.0		1.0		1.0		-1		25328		0.0
1.0		1.0		1.0		-1		25329		0.0
1.0		1.0		1.0		-1		25330		0.0
1.0		1.0		1.0		-1		25331		0.0
1.0		1.0		1.0		-1		25332		0.0
1.0		1.0		1.0		-1		25333		0.0
1.0		1.0		1.0		-1		25334		0.0
1.0		1.0		1.0		-1		25335		0.0
1.0		1.0		1.0		-1		25336		0.0
1.0		1.0		1.0		-1		25337		0.0
1.0		1.0		1.0		-1		25338		0.0
1.0		1.0		1.0		-1		25339		0.0
1.0		1.0		1.0		-1		25340		0.0
1.0		1.0		1.0		-1		25341		0.0
1.0		1.0		1.0		-1		25342		0.0
1.0		1.0		1.0		-1		25343		0.0
1.0		1.0		1.0		-1		25344		0.0
1.0		1.0		1.0		-1		25345		0.0
1.0		1.0		1.0		-1		25346		0.0
1.0		1.0		1.0		-1		25347		0.0
1.0		1.0		1.0		-1		25348		0.0
1.0		1.0		1.0		-1		25349		0.0
1.0		1.0		1.0		-1		25350		0.0
1.0		1.0		1.0		-1		25000		0.0
1.0		1.0		1.0		-1		42780		0.0
1.0		1.0		1.0		-1		42781		0.0
1.0		1.0		1.0		-1		42782		0.0
1.0		1.0		1.0		-1		42783		0.0
1.0		1.0		1.0		-1		42784		0.0
1.0		1.0		1.0		-1		42785		0.0
1.0		1.0		1.0		-1		42786		0.0
1.0		1.0		1.0		-1		42787		0.0
1.0		1.0		1.0		-1		42788		0.0
1.0		1.0		1.0		-1		42789		0.0
1.0		1.0		1.0		-1		42790		0.0
1.0		1.0		1.0		-1		42791		0.0
1.0		1.0		1.0		-1		42792		0.0
1.0		1.0		1.0		-1		42793		0.0
1.0		1.0		1.0		-1		42794		0.0
1.0		1.0		1.0		-1		42795		0.0
1.0		1.0		1.0		-1		42796		0.0
1.0		1.0		1.0		-1		42797		0.0
1.0		1.0		1.0		-1		42798		0.0
1.0		1.0		1.0		-1		42799		0.0
1.0		1.0		1.0		-1		42800		0.0
1.0		1.0		1.0		-1		42801		0.0
1.0		1.0		1.0		-1		42802		0.0
1.0		1.0		1.0		-1		42803		0.0
1.0		1.0		1.0		-1		42804		0.0
1.0		1.0		1.0		-1		42805		0.0
1.0		1.0		1.0		-1		42806		0.0
1.0		1.0		1.0		-1		42807		0.0
1.0		1.0		1.0		-1		42808		0.0
1.0		1.0		1.0		-1		42809		0.0
1.0		1.0		1.0		-1		90200		0.0
1.0		1.0		1.0		-1		90201		0.0
1.0		1.0		1.0		-1		90202		0.0
1.0		1.0		1.0		-1		90203		0.0
1.0		1.0		1.0		-1		90204		0.0
1.0		1.0		1.0		-1		90205		0.0
1.0		1.0		1.0		-1		90206		0.0
1.0		1.0		1.0		-1		90207		0.0
1.0		1.0		1.0		-1		90208		0.0
1.0		1.0		1.0		-1		90209		0.0
1.0		1.0		1.0		-1		90210		0.0
1.0		1.0		1.0		-1		90211		0.0
1.0		1.0		1.0		-1		90212		0.0
1.0		1.0		1.0		-1		90213		0.0
1.0		1.0		1.0		-1		90214		0.0
1.0		1.0		1.0		-1		90215		0.0
1.0		1.0		1.0		-1		90216		0.0
1.0		1.0		1.0		-1		90217		0.0
1.0		1.0		1.0		-1		90218		0.0
1.0		1.0		1.0		-1		90219		0.0
1.0		1.0		1.0		-1		90220		0.0
1.0		1.0		1.0		-1		90221		0.0
1.0		1.0		1.0		-1		90222		0.0
1.0		1.0		1.0		-1		90223		0.0
1.0		1.0		1.0		-1		90224		0.0
1.0		1.0		1.0		-1		90225		0.0
1.0		1.0		1.0		-1		90226		0.0
1.0		1.0		1.0		-1		90227		0.0
1.0		1.0		1.0		-1		90228		0.0
1.0		1.0		1.0		-1		90229		0.0
1.0		1.0		1.0		-1		90230		0.0
1.0		1.0		1.0		-1		90231		0.0
1.0		1.0		1.0		-1		90232		0.0
1.0		1.0		1.0		-1		90233		0.0
1.0		1.0		1.0		-1		90234		0.0
1.0		1.0		1.0		-1		90235		0.0
1.0		1.0		1.0		-1		90236		0.0
1.0		1.0		1.0		-1		90237		0.0
1.0		1.0		1.0		-1		90238		0.0
1.0		1.0		1.0		-1		90239		0.0
1.0		1.0		1.0		-1		90240		0.0
1.0		1.0		1.0		-1		90241		0.0
1.0		1.0		1.0		-1		90242		0.0
1.0		1.0		1.0		-1		90243		0.0
1.0		1.0		1.0		-1		90244		0.0
1.0		1.0		1.0		-1		90245		0.0
1.0		1.0		1.0		-1		90246		0.0
1.0		1.0		1.0		-1		90247		0.0
1.0		1.0		1.0		-1		90248		0.0
1.0		1.0		1.0		-1		90249		0.0
1.0		1.0		1.0		-1		90250		0.0
1.0		1.0		1.0		-1		90251		0.0
1.0		1.0		1.0		-1		90252		0.0
1.0		1.0		1.0		-1		90253		0.0
1.0		1.0		1.0		-1		90254		0.0
1.0		1.0		1.0		-1		90255		0.0
1.0		1.0		1.0		-1		90256		0.0
1.0		1.0		1.0		-1		90257		0.0
1.0		1.0		1.0		-1		90258		0.0
1.0		1.0		1.0		-1		90259		0.0
1.0		1.0		1.0		-1		90260		0.0
1.0		1.0		1.0		-1		90261		0.0
1.0		1.0		1.0		-1		90262		0.0
1.0		1.0		1.0		-1		90263		0.0
1.0		1.0		1.0		-1		90264		0.0
1.0		1.0		1.0		-1		90265		0.0
1.0		1.0		1.0		-1		90266		0.0
1.0		1.0		1.0		-1		90267		0.0
1.0		1.0		1.0		-1		90268		0.0
1.0		1.0		1.0		-1		90269		0.0
1.0		1.0		1.0		-1		90270		0.0
1.0		1.0		1.0		-1		90271		0.0
1.0		1.0		1.0		-1		90272		0.0
1.0		1.0		1.0		-1		90273		0.0
1.0		1.0		1.0		-1		90274		0.0
1.0		1.0		1.0		-1		90275		0.0
1.0		1.0		1.0		-1		90276		0.0
1.0		1.0		1.0		-1		90277		0.0
1.0		1.0		1.0		-1		90278		0.0
1.0		1.0		1.0		-1		90279		0.0
1.0		1.0		1.0		-1		90280		0.0
1.0		1.0		1.0		-1		90281		0.0
1.0		1.0		1.0		-1		90282		0.0
1.0		1.0		1.0		-1		90283		0.0
1.0		1.0		1.0		-1		90284		0.0
1.0		1.0		1.0		-1		90285		0.0
1.0		1.0		1.0		-1		90286		0.0
1.0		1.0		1.0		-1		90287		0.0
1.0		1.0		1.0		-1		90288		0.0
1.0		1.0		1.0		-1		90289		0.0
1.0		1.0		1.0		-1		90290		0.0
1.0		1.0		1.0		-1		90291		0.0
1.0		1.0		1.0		-1		90292		0.0
1.0		1.0		1.0		-1		90293		0.0
1.0		1.0		1.0		-1		90294		0.0
1.0		1.0		1.0		-1		90295		0.0
1.0		1.0		1.0		-1		90296		0.0
1.0		1.0		1.0		-1		90297		0.0
1.0		1.0		1.0		-1		90298		0.0
1.0		1.0		1.0		-1		90299		0.0
1.0		1.0		1.0		-1		90300		0.0
1.0		1.0		1.0		-1		90301		0.0
1.0		1.0		1.0		-1		90302		0.0
1.0		1.0		1.0		-1		91200		0.0
1.0		1.0		1.0		-1		91201		0.0
1.0		1.0		1.0		-1		91202		0.0
1.0		1.0		1.0		-1		91203		0.0
1.0		1.0		1.0		-1		91204		0.0
1.0		1.0		1.0		-1		91205		0.0
1.0		1.0		1.0		-1		91206		0.0
1.0		1.0		1.0		-1		91207		0.0
1.0		1.0		1.0		-1		91208		0.0
1.0		1.0		1.0		-1		91209		0.0
1.0		1.0		1.0		-1		91210		0.0
1.0		1.0		1.0		-1		91211		0.0
1.0		1.0		1.0		-1		91212		0.0
1.0		1.0		1.0		-1		91213		0.0
1.0		1.0		1.0		-1		91214		0.0
1.0		1.0		1.0		-1		91215		0.0
1.0		1.0		1.0		-1		91216		0.0
1.0		1.0		1.0		-1		91217		0.0
1.0		1.0		1.0		-1		91218		0.0
1.0		1.0		1.0		-1		91219		0.0
1.0		1.0		1.0		-1		91220		0.0
1.0		1.0		1.0		-1		91221		0.0
1.0		1.0		1.0		-1		91222		0.0
1.0		1.0		1.0		-1		91223		0.0
1.0		1.0		1.0		-1		91224		0.0
1.0		1.0		1.0		-1		91225		0.0
1.0		1.0		1.0		-1		91226		0.0
1.0		1.0		1.0		-1		91227		0.0
1.0		1.0		1.0		-1		91228		0.0
1.0		1.0		1.0		-1		91229		0.0
1.0		1.0		1.0		-1		91230		0.0
1.0		1.0		1.0		-1		91231		0.0
1.0		1.0		1.0		-1		91232		0.0
1.0		1.0		1.0		-1		91233		0.0
1.0		1.0		1.0		-1		91234		0.0
1.0		1.0		1.0		-1		91235		0.0
1.0		1.0		1.0		-1		91236		0.0
1.0		1.0		1.0		-1		91237		0.0
1.0		1.0		1.0		-1		91238		0.0
1.0		1.0		1.0		-1		91239		0.0
1.0		1.0		1.0		-1		91240		0.0
1.0		1.0		1.0		-1		91241		0.0
1.0		1.0		1.0		-1		91242		0.0
1.0		1.0		1.0		-1		91243		0.0
1.0		1.0		1.0		-1		91244		0.0
1.0		1.0		1.0		-1		91245		0.0
1.0		1.0		1.0		-1		91246		0.0
1.0		1.0		1.0		-1		91247		0.0
1.0		1.0		1.0		-1		91248		0.0
1.0		1.0		1.0		-1		91249		0.0
1.0		1.0		1.0		-1		91250		0.0
1.0		1.0		1.0		-1		91251		0.0
1.0		1.0		1.0		-1		91252		0.0
1.0		1.0		1.0		-1		91253		0.0
1.0		1.0		1.0		-1		91254		0.0
1.0		1.0		1.0		-1		91255		0.0
1.0		1.0		1.0		-1		91256		0.0
1.0		1.0		1.0		-1		91257		0.0
1.0		1.0		1.0		-1		91258		0.0
1.0		1.0		1.0		-1		91259		0.0
1.0		1.0		1.0		-1		91260		0.0
1.0		1.0		1.0		-1		91261		0.0
1.0		1.0		1.0		-1		91262		0.0
1.0		1.0		1.0		-1		91263		0.0
1.0		1.0		1.0		-1		91264		0.0
1.0		1.0		1.0		-1		91265		0.0
1.0		1.0		1.0		-1		91266		0.0
1.0		1.0		1.0		-1		91267		0.0
1.0		1.0		1.0		-1		91268		0.0
1.0		1.0		1.0		-1		91269		0.0
1.0		1.0		1.0		-1		91270		0.0
1.0		1.0		1.0		-1		91271		0.0
1.0		1.0		1.0		-1		91272		0.0
1.0		1.0		1.0		-1		91273		0.0
1.0		1.0		1.0		-1		91274		0.0
1.0		1.0		1.0		-1		91275		0.0
1.0		1.0		1.0		-1		91276		0.0
1.0		1.0		1.0		-1		91277		0.0
1.0		1.0		1.0		-1		91278		0.0
1.0		1.0		1.0		-1		91279		0.0
1.0		1.0		1.0		-1		91280		0.0
1.0		1.0		1.0		-1		91281		0.0
1.0		1.0		1.0		-1		91282		0.0
1.0		1.0		1.0		-1		91283		0.0
1.0		1.0		1.0		-1		91284		0.0
1.0		1.0		1.0		-1		91285		0.0
1.0		1.0		1.0		-1		91286		0.0
1.0		1.0		1.0		-1		91287		0.0
1.0		1.0		1.0		-1		91288		0.0
1.0		1.0		1.0		-1		91289		0.0
1.0		1.0		1.0		-1		91290		0.0
1.0		1.0		1.0		-1		91291		0.0
1.0		1.0		1.0		-1		91292		0.0
1.0		1.0		1.0		-1		91293		0.0
1.0		1.0		1.0		-1		91294		0.0
1.0		1.0		1.0		-1		91295		0.0
1.0		1.0		1.0		-1		91296		0.0
1.0		1.0		1.0		-1		91297		0.0
1.0		1.0		1.0		-1		91298		0.0
1.0		1.0		1.0		-1		91299		0.0
1.0		1.0		1.0		-1		91300		0.0
1.0		1.0		1.0		-1		91301		0.0
1.0		1.0		1.0		-1		91302		0.0
1.0		1.0		1.0		-1		90400		0.0
1.0		1.0		1.0		-1		90401		0.0
1.0		1.0		1.0		-1		90402		0.0
1.0		1.0		1.0		-1		90403		0.0
1.0		1.0		1.0		-1		90404		0.0
1.0		1.0		1.0		-1		90405		0.0
1.0		1.0		1.0		-1		90406		0.0
1.0		1.0		1.0		-1		90407		0.0
1.0		1.0		1.0		-1		90408		0.0
1.0		1.0		1.0		-1		90409		0.0
1.0		1.0		1.0		-1		90410		0.0
1.0		1.0		1.0		-1		90411		0.0
1.0		1.0		1.0		-1		90412		0.0
1.0		1.0		1.0		-1		90413		0.0
1.0		1.0		1.0		-1		90414		0.0
1.0		1.0		1.0		-1		90415		0.0
1.0		1.0		1.0		-1		90416		0.0
1.0		1.0		1.0		-1		90417		0.0
1.0		1.0		1.0		-1		90418		0.0
1.0		1.0		1.0		-1		90419		0.0
1.0		1.0		1.0		-1		90420		0.0
1.0		1.0		1.0		-1		90421		0.0
1.0		1.0		1.0		-1		90422		0.0
1.0		1.0		1.0		-1		90423		0.0
1.0		1.0		1.0		-1		90424		0.0
1.0		1.0		1.0		-1		90425		0.0
1.0		1.0		1.0		-1		90426		0.0
1.0		1.0		1.0		-1		90427		0.0
1.0		1.0		1.0		-1		90428		0.0
1.0		1.0		1.0		-1		90429		0.0
1.0		1.0		1.0		-1		90430		0.0
1.0		1.0		1.0		-1		90431		0.0
1.0		1.0		1.0		-1		90432		0.0
1.0		1.0		1.0		-1		91400		0.0
1.0		1.0		1.0		-1		91401		0.0
1.0		1.0		1.0		-1		91402		0.0
1.0		1.0		1.0		-1		91403		0.0
1.0		1.0		1.0		-1		91404		0.0
1.0		1.0		1.0		-1		91405		0.0
1.0		1.0		1.0		-1		91406		0.0
1.0		1.0		1.0		-1		91407		0.0
1.0		1.0		1.0		-1		91408		0.0
1.0		1.0		1.0		-1		91409		0.0
1.0		1.0		1.0		-1		91410		0.0
1.0		1.0		1.0		-1		91411		0.0
1.0		1.0		1.0		-1		91412		0.0
1.0		1.0		1.0		-1		91413		0.0
1.0		1.0		1.0		-1		91414		0.0
1.0		1.0		1.0		-1		91415		0.0
1.0		1.0		1.0		-1		91416		0.0
1.0		1.0		1.0		-1		91417		0.0
1.0		1.0		1.0		-1		91418		0.0
1.0		1.0		1.0		-1		91419		0.0
1.0		1.0		1.0		-1		91420		0.0
1.0		1.0		1.0		-1		91421		0.0
1.0		1.0		1.0		-1		91422		0.0
1.0		1.0		1.0		-1		91423		0.0
1.0		1.0		1.0		-1		91424		0.0
1.0		1.0		1.0		-1		91425		0.0
1.0		1.0		1.0		-1		91426		0.0
1.0		1.0		1.0		-1		91427		0.0
1.0		1.0		1.0		-1		91428		0.0
1.0		1.0		1.0		-1		91429		0.0
1.0		1.0		1.0		-1		91430		0.0
1.0		1.0		1.0		-1		91431		0.0
1.0		1.0		1.0		-1		91432		0.0
1.0		1.0		1.0		-1		61100		0.0
1.0		1.0		1.0		-1		61101		0.0
1.0		1.0		1.0		-1		61102		0.0
1.0		1.0		1.0		-1		61103		0.0
1.0		1.0		1.0		-1		61104		0.0
1.0		1.0		1.0		-1		61105		0.0
1.0		1.0		1.0		-1		61106		0.0
1.0		1.0		1.0		-1		61107		0.0
1.0		1.0		1.0		-1		61108		0.0
1.0		1.0		1.0		-1		61109		0.0
1.0		1.0		1.0		-1		61110		0.0
1.0		1.0		1.0		-1		61111		0.0
1.0		1.0		1.0		-1		61112		0.0
1.0		1.0		1.0		-1		61113		0.0
1.0		1.0		1.0		-1		61114		0.0
1.0		1.0		1.0		-1		61115		0.0
1.0		1.0		1.0		-1		61116		0.0
1.0		1.0		1.0		-1		61117		0.0
1.0		1.0		1.0		-1		61118		0.0
1.0		1.0		1.0		-1		61119		0.0
1.0		1.0		1.0		-1		61120		0.0
1.0		1.0		1.0		-1		61121		0.0
1.0		1.0		1.0		-1		61122		0.0
1.0		1.0		1.0		-1		61123		0.0
1.0		1.0		1.0		-1		61124		0.0
1.0		1.0		1.0		-1		61125		0.0
1.0		1.0		1.0		-1		61126		0.0
1.0		1.0		1.0		-1		61127		0.0
1.0		1.0		1.0		-1		61128		0.0
1.0		1.0		1.0		-1		61130		0.0
1.0		1.0		1.0		-1		61131		0.0
1.0		1.0		1.0		-1		61132		0.0
1.0		1.0		1.0		-1		61133		0.0
1.0		1.0		1.0		-1		61134		0.0
1.0		1.0		1.0		-1		61135		0.0
1.0		1.0		1.0		-1		61136		0.0
1.0		1.0		1.0		-1		61137		0.0
1.0		1.0		1.0		-1		61138		0.0
1.0		1.0		1.0		-1		61139		0.0
1.0		1.0		1.0		-1		61140		0.0
1.0		1.0		1.0		-1		61141		0.0
1.0		1.0		1.0		-1		61142		0.0
1.0		1.0		1.0		-1		61143		0.0
1.0		1.0		1.0		-1		61200		0.0
1.0		1.0		1.0		-1		61201		0.0
1.0		1.0		1.0		-1		61202		0.0
1.0		1.0		1.0		-1		61203		0.0
1.0		1.0		1.0		-1		61204		0.0
1.0		1.0		1.0		-1		61205		0.0
1.0		1.0		1.0		-1		61206		0.0
1.0		1.0		1.0		-1		61207		0.0
1.0		1.0		1.0		-1		61208		0.0
1.0		1.0		1.0		-1		61209		0.0
1.0		1.0		1.0		-1		61210		0.0
1.0		1.0		1.0		-1		61211		0.0
1.0		1.0		1.0		-1		61212		0.0
1.0		1.0		1.0		-1		61213		0.0
1.0		1.0		1.0		-1		61214		0.0
1.0		1.0		1.0		-1		61215		0.0
1.0		1.0		1.0		-1		61216		0.0
1.0		1.0		1.0		-1		61217		0.0
1.0		1.0		1.0		-1		61218		0.0
1.0		1.0		1.0		-1		61219		0.0
1.0		1.0		1.0		-1		61220		0.0
1.0		1.0		1.0		-1		61221		0.0
1.0		1.0		1.0		-1		61222		0.0
1.0		1.0		1.0		-1		61223		0.0
1.0		1.0		1.0		-1		61224		0.0
1.0		1.0		1.0		-1		61225		0.0
1.0		1.0		1.0		-1		61226		0.0
1.0		1.0		1.0		-1		61227		0.0
1.0		1.0		1.0		-1		61228		0.0
1.0		1.0		1.0		-1		61230		0.0
1.0		1.0		1.0		-1		61231		0.0
1.0		1.0		1.0		-1		61232		0.0
1.0		1.0		1.0		-1		61233		0.0
1.0		1.0		1.0		-1		61234		0.0
1.0		1.0		1.0		-1		61235		0.0
1.0		1.0		1.0		-1		61236		0.0
1.0		1.0		1.0		-1		61237		0.0
1.0		1.0		1.0		-1		61238		0.0
1.0		1.0		1.0		-1		61239		0.0
1.0		1.0		1.0		-1		61240		0.0
1.0		1.0		1.0		-1		61241		0.0
1.0		1.0		1.0		-1		61242		0.0
1.0		1.0		1.0		-1		61243		0.0
1.0		1.0		1.0		-1		13400		0.000460769168984
1.0		1.0		1.0		-1		13401		0.000470436621708
1.0		1.0		1.0		-1		13402		0.000480100764885
1.0		1.0		1.0		-1		13403		0.000489761130856
1.0		1.0		1.0		-1		13404		0.000499418223075
1.0		1.0		1.0		-1		13405		0.000509071780699
1.0		1.0		1.0		-1		13406		0.000518722053656
1.0		1.0		1.0		-1		13407		0.000528368560748
1.0		1.0		1.0		-1		13408		0.000538011921326
1.0		1.0		1.0		-1		13409		0.000547651488014
1.0		1.0		1.0		-1		13410		0.000557287642476
1.0		1.0		1.0		-1		13411		0.000566920414379
1.0		1.0		1.0		-1		13412		0.00057654953298
1.0		1.0		1.0		-1		13413		0.000586175451571
1.0		1.0		1.0		-1		13414		0.000595797512514
1.0		1.0		1.0		-1		13415		0.000605416630143
1.0		1.0		1.0		-1		13416		0.000615031709035
1.0		1.0		1.0		-1		13417		0.000624643533312
1.0		1.0		1.0		-1		13418		0.000634252243016
1.0		1.0		1.0		-1		13419		0.000643856712521
1.0		1.0		1.0		-1		13420		0.000653458104011
1.0		1.0		1.0		-1		13421		0.000663056084293
1.0		1.0		1.0		-1		13422		0.000672650528298
1.0		1.0		1.0		-1		13423		0.000682241706627
1.0		1.0		1.0		-1		13424		0.000691828903319
1.0		1.0		1.0		-1		13425		0.000701412765175
1.0		1.0		1.0		-1		13426		0.000710993548308
1.0		1.0		1.0		-1		13427		0.000720570467815
1.0		1.0		1.0		-1		13428		0.000730144019144
1.0		1.0		1.0		-1		13429		0.000739714210356
1.0		1.0		1.0		-1		13430		0.000749280618277
1.0		1.0		1.0		-1		82200		0.00052548110992
1.0		1.0		1.0		-1		82201		0.000527199114345
1.0		1.0		1.0		-1		82202		0.000525283191202
1.0		1.0		1.0		-1		82203		0.000525086404249
1.0		1.0		1.0		-1		82204		0.000524412104806
1.0		1.0		1.0		-1		82205		0.000523818530792
1.0		1.0		1.0		-1		82206		0.000524293311664
1.0		1.0		1.0		-1		82207		0.000525443299217
1.0		1.0		1.0		-1		82208		0.000525936361473
1.0		1.0		1.0		-1		82209		0.000524782909162
1.0		1.0		1.0		-1		82210		0.000526847870298
1.0		1.0		1.0		-1		82211		0.000523221865787
1.0		1.0		1.0		-1		82212		0.000523847424473
1.0		1.0		1.0		-1		82213		0.000524503590087
1.0		1.0		1.0		-1		82214		0.000524138212589
1.0		1.0		1.0		-1		82215		0.000527998742477
1.0		1.0		1.0		-1		82216		0.000524189538684
1.0		1.0		1.0		-1		82217		0.000527223241514
1.0		1.0		1.0		-1		82218		0.000524771395175
1.0		1.0		1.0		-1		82219		0.000523104552528
1.0		1.0		1.0		-1		82220		0.000525846564238
1.0		1.0		1.0		-1		82221		0.000527022663349
1.0		1.0		1.0		-1		82222		0.000523990659928
1.0		1.0		1.0		-1		82223		0.000527916801238
1.0		1.0		1.0		-1		82224		0.000526036602027
1.0		1.0		1.0		-1		82225		0.000525321063615
1.0		1.0		1.0		-1		82226		0.00052515054202
1.0		1.0		1.0		-1		82227		0.000525338442458
1.0		1.0		1.0		-1		82228		0.000525750348827
1.0		1.0		1.0		-1		82229		0.000525205381104
1.0		1.0		1.0		-1		82230		0.000525447267949
1.0		1.0		1.0		-1		82231		0.000525955464567
1.0		1.0		1.0		-1		82232		0.000525603860831
1.0		1.0		1.0		-1		82233		0.000525793102287
1.0		1.0		1.0		-1		82234		0.000525043272023
1.0		1.0		1.0		-1		82235		0.000526203917186
1.0		1.0		1.0		-1		82236		0.000525628082715
1.0		1.0		1.0		-1		82237		0.000525392257452
1.0		1.0		1.0		-1		82238		0.00052516208558
1.0		1.0		1.0		-1		82239		0.000525648484461
1.0		1.0		1.0		-1		82240		0.000524957685926
1.0		1.0		1.0		-1		82241		0.000525487657064
1.0		1.0		1.0		-1		82242		0.000525449883645
1.0		1.0		1.0		-1		82243		0.000525279533346
1.0		1.0		1.0		-1		82244		0.000525229504787
1.0		1.0		1.0		-1		82245		0.000525602463843
1.0		1.0		1.0		-1		82246		0.000525013313658
1.0		1.0		1.0		-1		82247		0.000525368727709
1.0		1.0		1.0		-1		82248		0.000525735086699
1.0		1.0		1.0		-1		82249		0.000525568107068
1.0		1.0		1.0		-1		82250		0.000525632998143
1.0		1.0		1.0		-1		82251		0.000525555188438
1.0		1.0		1.0		-1		82252		0.000525549224902
1.0		1.0		1.0		-1		82253		0.000525249994629
1.0		1.0		1.0		-1		82254		0.000525355061548
1.0		1.0		1.0		-1		82255		0.000525385087872
1.0		1.0		1.0		-1		82256		0.000525865045999
1.0		1.0		1.0		-1		82257		0.000525493316465
1.0		1.0		1.0		-1		82258		0.000525225594031
1.0		1.0		1.0		-1		82259		0.00052528165823
1.0		1.0		1.0		-1		82260		0.000525408390431
1.0		1.0		1.0		-1		82261		0.000525604974004
1.0		1.0		1.0		-1		82262		0.000525549994095
1.0		1.0		1.0		-1		82263		0.000525582001836
1.0		1.0		1.0		-1		82264		0.000525405655707
1.0		1.0		1.0		-1		82265		0.000525531588723
1.0		1.0		1.0		-1		82266		0.000525378722107
1.0		1.0		1.0		-1		82267		0.000525527250666
1.0		1.0		1.0		-1		82268		0.000525780588187
1.0		1.0		1.0		-1		82269		0.00052560559578
1.0		1.0		1.0		-1		82270		0.000525502086864
1.0		1.0		1.0		-1		82271		0.000525770802028
1.0		1.0		1.0		-1		82272		0.000525759423416
1.0		1.0		1.0		-1		82273		0.000525394627982
1.0		1.0		1.0		-1		82274		0.000525554667354
1.0		1.0		1.0		-1		82275		0.000525455879407
1.0		1.0		1.0		-1		82276		0.000525474881614
1.0		1.0		1.0		-1		82277		0.000525640419973
1.0		1.0		1.0		-1		82278		0.000525473779516
1.0		1.0		1.0		-1		82279		0.000525448544816
1.0		1.0		1.0		-1		82280		0.000525825050658
1.0		1.0		1.0		-1		82281		0.000525545613637
1.0		1.0		1.0		-1		82282		0.00052564808202
1.0		1.0		1.0		-1		82283		0.000525281500634
1.0		1.0		1.0		-1		82284		0.000525365124071
1.0		1.0		1.0		-1		82285		0.000525274162828
1.0		1.0		1.0		-1		82286		0.000525552464521
1.0		1.0		1.0		-1		82287		0.000525103752518
1.0		1.0		1.0		-1		82288		0.00052532340649
1.0		1.0		1.0		-1		82289		0.000525328224349
1.0		1.0		1.0		-1		82290		0.000525507672634
1.0		1.0		1.0		-1		82291		0.000525391001783
1.0		1.0		1.0		-1		82292		0.000525379508382
1.0		1.0		1.0		-1		82293		0.000525380154787
1.0		1.0		1.0		-1		82294		0.000525372186966
1.0		1.0		1.0		-1		82295		0.000525541422492
1.0		1.0		1.0		-1		82296		0.000525418682456
1.0		1.0		1.0		-1		82297		0.000525515863733
1.0		1.0		1.0		-1		82298		0.000525424549081
1.0		1.0		1.0		-1		82299		0.000525431265474
1.0		1.0		1.0		-1		82300		0.000525481845375
1.0		1.0		1.0		-1		82301		0.000525405982798
1.0		1.0		1.0		-1		82302		0.000527107236623
1.0		1.0		1.0		-1		82303		0.000525013860474
1.0		1.0		1.0		-1		82304		0.000525234306741
1.0		1.0		1.0		-1		82305		0.000524635535731
1.0		1.0		1.0		-1		82306		0.000525319780179
1.0		1.0		1.0		-1		82307		0.000527171216017
1.0		1.0		1.0		-1		292200		0.0
1.0		1.0		1.0		-1		292201		0.0
1.0		1.0		1.0		-1		292202		0.0
1.0		1.0		1.0		-1		292203		0.0
1.0		1.0		1.0		-1		292204		0.0
1.0		1.0		1.0		-1		292205		0.0
1.0		1.0		1.0		-1		292206		0.0
1.0		1.0		1.0		-1		292207		0.0
1.0		1.0		1.0		-1		292208		0.0
1.0		1.0		1.0		-1		292209		0.0
1.0		1.0		1.0		-1		292210		0.0
1.0		1.0		1.0		-1		292211		0.0
1.0		1.0		1.0		-1		292212		0.0
1.0		1.0		1.0		-1		292213		0.0
1.0		1.0		1.0		-1		292214		0.0
1.0		1.0		1.0		-1		292215		0.0
1.0		1.0		1.0		-1		292216		0.0
1.0		1.0		1.0		-1		292217		0.0
1.0		1.0		1.0		-1		292218		0.0
1.0		1.0		1.0		-1		292219		0.0
1.0		1.0		1.0		-1		292220		0.0
1.0		1.0		1.0		-1		292221		0.0
1.0		1.0		1.0		-1		292222		0.0
1.0		1.0		1.0		-1		292223		0.0
1.0		1.0		1.0		-1		292224		0.0
1.0		1.0		1.0		-1		292225		0.0
1.0		1.0		1.0		-1		292226		0.0
1.0		1.0		1.0		-1		292227		0.0
1.0		1.0		1.0		-1		292228		0.0
1.0		1.0		1.0		-1		292229		0.0
1.0		1.0		1.0		-1		292230		0.0
1.0		1.0		1.0		-1		292231		0.0
1.0		1.0		1.0		-1		292232		0.0
1.0		1.0		1.0		-1		292233		0.0
1.0		1.0		1.0		-1		292234		0.0
1.0		1.0		1.0		-1		292235		0.0
1.0		1.0		1.0		-1		292236		0.0
1.0		1.0		1.0		-1		292237		0.0
1.0		1.0		1.0		-1		292238		0.0
1.0		1.0		1.0		-1		292239		0.0
1.0		1.0		1.0		-1		292240		0.0
1.0		1.0		1.0		-1		292241		0.0
1.0		1.0		1.0		-1		292242		0.0
1.0		1.0		1.0		-1		292243		0.0
1.0		1.0		1.0		-1		292244		0.0
1.0		1.0		1.0		-1		292245		0.0
1.0		1.0		1.0		-1		292246		0.0
1.0		1.0		1.0		-1		292247		0.0
1.0		1.0		1.0		-1		292248		0.0
1.0		1.0		1.0		-1		292249		0.0
1.0		1.0		1.0		-1		292250		0.0
1.0		1.0		1.0		-1		292251		0.0
1.0		1.0		1.0		-1		292252		0.0
1.0		1.0		1.0		-1		292253		0.0
1.0		1.0		1.0		-1		292254		0.0
1.0		1.0		1.0		-1		292255		0.0
1.0		1.0		1.0		-1		292256		0.0
1.0		1.0		1.0		-1		292257		0.0
1.0		1.0		1.0		-1		292258		0.0
1.0		1.0		1.0		-1		292259		0.0
1.0		1.0		1.0		-1		292260		0.0
1.0		1.0		1.0		-1		292261		0.0
1.0		1.0		1.0		-1		292262		0.0
1.0		1.0		1.0		-1		292263		0.0
1.0		1.0		1.0		-1		292264		0.0
1.0		1.0		1.0		-1		292265		0.0
1.0		1.0		1.0		-1		292266		0.0
1.0		1.0		1.0		-1		292267		0.0
1.0		1.0		1.0		-1		292268		0.0
1.0		1.0		1.0		-1		292269		0.0
1.0		1.0		1.0		-1		292270		0.0
1.0		1.0		1.0		-1		292271		0.0
1.0		1.0		1.0		-1		292272		0.0
1.0		1.0		1.0		-1		292273		0.0
1.0		1.0		1.0		-1		292274		0.0
1.0		1.0		1.0		-1		292275		0.0
1.0		1.0		1.0		-1		292276		0.0
1.0		1.0		1.0		-1		292277		0.0
1.0		1.0		1.0		-1		292278		0.0
1.0		1.0		1.0		-1		292279		0.0
1.0		1.0		1.0		-1		292280		0.0
1.0		1.0		1.0		-1		292281		0.0
1.0		1.0		1.0		-1		292282		0.0
1.0		1.0		1.0		-1		292283		0.0
1.0		1.0		1.0		-1		292284		0.0
1.0		1.0		1.0		-1		292285		0.0
1.0		1.0		1.0		-1		292286		0.0
1.0		1.0		1.0		-1		292287		0.0
1.0		1.0		1.0		-1		292288		0.0
1.0		1.0		1.0		-1		292289		0.0
1.0		1.0		1.0		-1		292290		0.0
1.0		1.0		1.0		-1		292291		0.0
1.0		1.0		1.0		-1		292292		0.0
1.0		1.0		1.0		-1		292293		0.0
1.0		1.0		1.0		-1		292294		0.0
1.0		1.0		1.0		-1		292295		0.0
1.0		1.0		1.0		-1		292296		0.0
1.0		1.0		1.0		-1		292297		0.0
1.0		1.0		1.0		-1		292298		0.0
1.0		1.0		1.0		-1		292299		0.0
1.0		1.0		1.0		-1		292300		0.0
1.0		1.0		1.0		-1		292301		0.0
1.0		1.0		1.0		-1		292302		0.0
1.0		1.0		1.0		-1		292600		0.0
1.0		1.0		1.0		-1		315000		0.0
1.0		1.0		1.0		-1		315200		0.0
1.0		1.0		1.0		-1		262000		0.0
1.0		1.0		1.0		-1		263000		0.0

#***************************************************************************
#
# original cross-section: 0.00052548110992
#     scale variation: +16.7% -15.1%
# PDF variation: +1.47% -1.47%
#
#PDF PDF4LHC15_nnlo_100_pdfas: 0 + 0% - 0%
#PDF MMHT2014nlo68clas118: 0 + 0% - 0%
#PDF NNPDF30_nlo_nf_5_pdfas: 0 + 0% - 0%
#PDF NNPDF31_nlo_hessian_pdfas: 0 + 0% - 0%
#PDF HERAPDF20_NLO_EIG: 0 + 0% - 0%
#PDF CT14nlo: 0 + 0% - 0%
#PDF PDF4LHC15_nlo_30_pdfas: 0 + 0% - 0%
#PDF NNPDF31_nnlo_hessian_pdfas: 0 + 0% - 0%
#PDF CT14nnlo: 0 + 0% - 0%
#PDF HERAPDF20_NNLO_EIG: 0 + 0% - 0%
#PDF MMHT2014nnlo68cl: 0 + 0% - 0%
#PDF PDF4LHC15_nlo_100_pdfas: 0 + 0% - 0%
#PDF ABMP16als118_5_nnlo: 0 + 0% - 0%
#PDF PDF4LHC15_nnlo_30_pdfas: 0 + 0% - 0%
# PDF 263000 : 0.0
#***************************************************************************
