==== LHAPDF6 USING DEFAULT-TYPE LHAGLUE INTERFACE ====
LHAPDF 6.2.1 loading /cvmfs/cms.cern.ch/slc6_amd64_gcc630/external/lhapdf/6.2.1-ghjeda/share/LHAPDF/LUXqed17_plus_PDF4LHC15_nnlo_100/LUXqed17_plus_PDF4LHC15_nnlo_100_0000.dat
LUXqed17_plus_PDF4LHC15_nnlo_100 PDF set, member #0, version 10001; LHAPDF ID = 82200
 A PDF is used, so alpha_s(MZ) is going to be modified
 Old value of alpha_s from param_card:   0.11839999999999999     
 New value of alpha_s from PDF lhapdf :  0.11800222249017472     
 using LHAPDF
 *****************************************************
 *               MadGraph/MadEvent                   *
 *        --------------------------------           *
 *          http://madgraph.hep.uiuc.edu             *
 *          http://madgraph.phys.ucl.ac.be           *
 *          http://madgraph.roma2.infn.it            *
 *        --------------------------------           *
 *                                                   *
 *          PARAMETER AND COUPLING VALUES            *
 *                                                   *
 *****************************************************

  External Params
  ---------------------------------
  
 MU_R =    91.188000000000002     
 mdl_VeN1 =    0.0000000000000000     
 mdl_VeN2 =    0.0000000000000000     
 mdl_VeN3 =    0.0000000000000000     
 mdl_VmuN1 =    1.0000000000000000E-002
 mdl_VmuN2 =    0.0000000000000000     
 mdl_VmuN3 =    0.0000000000000000     
 mdl_VtaN1 =    0.0000000000000000     
 mdl_VtaN2 =    0.0000000000000000     
 mdl_VtaN3 =    0.0000000000000000     
 aEWM1 =    127.94000000000000     
 mdl_Gf =    1.1745600000000000E-005
 aS =   0.11839999999999999     
 mdl_ymt =    173.30000000000001     
 mdl_MZ =    91.187600000000003     
 mdl_MT =    173.30000000000001     
 mdl_MH =    125.70000000000000     
 mdl_mN1 =    50.000000000000000     
 mdl_mN2 =    500.00000000000000     
 mdl_mN3 =    1000.0000000000000     
 mdl_WZ =    2.4952000000000001     
 mdl_WW =    2.0850000000000000     
 mdl_WT =    1.3500000000000001     
 mdl_WH =    4.1700000000000001E-003
 mdl_WN1 =    2.2372570000000000E-008
 mdl_WN2 =    1.5000000000000000     
 mdl_WN3 =    12.300000000000001     
  Internal Params
  ---------------------------------
  
 mdl_MZ__exp__2 =    8315.1783937600012     
 mdl_MZ__exp__4 =    69142191.720053151     
 mdl_sqrt__2 =    1.4142135623730951     
 mdl_MH__exp__2 =    15800.490000000002     
 mdl_complexi =  (  0.0000000000000000     ,  1.0000000000000000     )
 mdl_MT__exp__2 =    30032.890000000003     
 mdl_aEW =    7.8161638267938097E-003
 mdl_MW =    79.951229855436395     
 mdl_sqrt__aEW =    8.8409070953120020E-002
 mdl_ee =   0.31340199653167311     
 mdl_MW__exp__2 =    6392.1991553968237     
 mdl_sw2 =   0.23126133286644190     
 mdl_cw =   0.87677743306585976     
 mdl_sqrt__sw2 =   0.48089638475085450     
 mdl_sw =   0.48089638475085450     
 mdl_g1 =   0.35744760838082806     
 mdl_gN =   0.65170378998386980     
 mdl_gw =   0.65170378998386980     
 mdl_vev =    245.36064108945956     
 mdl_vev__exp__2 =    60201.844195830592     
 mdl_lam =   0.13122928550662488     
 mdl_yt =   0.99886929407679126     
 mdl_muH =    88.883322395149023     
 mdl_I2a33 =  ( 0.99886929407679126     ,  0.0000000000000000     )
 mdl_I3a33 =  ( 0.99886929407679126     ,  0.0000000000000000     )
 mdl_ee__exp__2 =    9.8220811430038843E-002
 mdl_sw__exp__2 =   0.23126133286644188     
 mdl_cw__exp__2 =   0.76873866713355821     
 mdl_yt__exp__2 =   0.99773986664946734     
  Internal Params evaluated point by point
  ----------------------------------------
  
 mdl_sqrt__aS =   0.34409301068170506     
 mdl_G__exp__2 =    1.4878582807401259     
 mdl_G__exp__3 =    1.8148567439626970     
 mdl_G__exp__4 =    2.2137222635669636     
  Couplings of SM_HeavyN_NLO
  ---------------------------------
  
  R2GC_164_35 =   0.00000E+00   0.26248E-02
  R2GC_168_37 =  -0.00000E+00  -0.52495E-02
  R2GC_185_38 =  -0.00000E+00  -0.11578E-01
 UVGC_147_4_1eps -0.00000E+00  -0.13124E-02
 UVGC_149_5_1eps  0.00000E+00   0.26248E-02
 UVGC_164_19_1ep  0.00000E+00   0.13124E-02
 UVGC_168_26_1ep -0.00000E+00  -0.26248E-02
 UVGC_185_27_1ep  0.00000E+00   0.28946E-02
 UVGC_185_28_1ep -0.00000E+00  -0.57892E-02
        GC_11 =   0.00000E+00   0.12198E+01
  R2GC_163_34 =   0.00000E+00   0.12563E-01
 UVGC_146_3_1eps -0.00000E+00  -0.12563E-01
 UVGC_163_18_1ep  0.00000E+00   0.12563E-01
         GC_1 =  -0.00000E+00  -0.10447E+00
         GC_2 =   0.00000E+00   0.20893E+00
        GC_24 =   0.00000E+00   0.46082E+00
         GC_3 =  -0.00000E+00  -0.31340E+00
         GC_4 =   0.00000E+00   0.31340E+00
        GC_79 =  -0.00000E+00  -0.46082E-02

 Collider parameters:
 --------------------

 Running at P P   machine @    13000.000000000000       GeV
 PDF set = lhapdf 
 alpha_s(Mz)= 0.1180 running at 3 loops.
 alpha_s(Mz)= 0.1180 running at 3 loops.
 Renormalization scale set on event-by-event basis
 Factorization   scale set on event-by-event basis


 ===============================================================
 INFO: MadFKS read these parameters from FKS_params.dat
 ===============================================================
  > IRPoleCheckThreshold      =    1.0000000000000001E-005
  > PrecisionVirtualAtRunTime =    1.0000000000000000E-003
  > NHelForMCoverHels         =            4
  > VirtualFraction           =    1.0000000000000000     
  > MinVirtualFraction        =    5.0000000000000001E-003
 ===============================================================
  Insert the number of points to test
 Insert the relative tolerance
  A negative number will mean use the default one:    1.0000000000000001E-005
Using random seed offsets:     1 ,      1 ,      0
  with seed                   32
 Ranmar initialization seeds       10730        9407
  ========================================================================================== 
 {                                                                                          }
 {       [32m                                                                            [0m       }
 {       [32m                               ,,                                           [0m       }
 {       [32m`7MMM.     ,MMF'             `7MM  `7MMF'                                   [0m       }
 {       [32m  MMMb    dPMM                 MM    MM                                     [0m       }
 {       [32m  M YM   ,M MM   ,6"Yb.   ,M""bMM    MM         ,pW"Wq.   ,pW"Wq.`7MMpdMAo. [0m       }
 {       [32m  M  Mb  M' MM  8)   MM ,AP    MM    MM        6W'   `Wb 6W'   `Wb MM   `Wb [0m       }
 {       [32m  M  YM.P'  MM   ,pm9MM 8MI    MM    MM      , 8M     M8 8M     M8 MM    M8 [0m       }
 {       [32m  M  `YM'   MM  8M   MM `Mb    MM    MM     ,M YA.   ,A9 YA.   ,A9 MM   ,AP [0m       }
 {       [32m.JML. `'  .JMML.`Moo9^Yo.`Wbmd"MML..JMMmmmmMMM  `Ybmd9'   `Ybmd9'  MMbmmd'  [0m       }
 {       [32m                                                                   MM       [0m       }
 {       [32m                                                                 .JMML.     [0m       }
 {       [32m[0mv2.6.0 (2017-08-16), Ref: arXiv:1103.0621v2, arXiv:1405.0301[32m                [0m       }
 {       [32m                                                                            [0m       }
 {                                                                                          }
  ========================================================================================== 
 ===============================================================
 INFO: MadLoop read these parameters from ./MadLoop5_resources/MadLoopParams.dat                                                                                                                                                                                                                                                                                                                                                                                                                                                                                          
 ===============================================================
  > MLReductionLib            = 6|7|1
  > CTModeRun                 =           -1
  > MLStabThres               =    1.0000000000000000E-003
  > NRotations_DP             =            0
  > NRotations_QP             =            0
  > CTStabThres               =    1.0000000000000000E-002
  > CTLoopLibrary             =            2

  +----------------------------------------------------------------+
  |                                                                |
  |  Ninja - version 1.2.0                                         |
  |                                                                |
  |  Author: Tiziano Peraro                                        |
  |                                                                |
  |  Based on:                                                     |
  |                                                                |
  |      P. Mastrolia, E. Mirabella and T. Peraro,                 |
  |      "Integrand reduction of one-loop scattering amplitudes    |
  |      through Laurent series expansion,"                        |
  |      JHEP 1206 (2012) 095  [arXiv:1203.0291 [hep-ph]].         |
  |                                                                |
  |      T. Peraro,                                                |
  |      "Ninja: Automated Integrand Reduction via Laurent         |
  |      Expansion for One-Loop Amplitudes,"                       |
  |      Comput.Phys.Commun. 185 (2014) [arXiv:1403.1229 [hep-ph]] |
  |                                                                |
  +----------------------------------------------------------------+


  > CTModeInit                =            1
  > CheckCycle                =            3
  > MaxAttempts               =           10
  > UseLoopFilter             =  F
  > HelicityFilterLevel       =            2
  > ImprovePSPoint            =            2
  > DoubleCheckHelicityFilter =  T
  > LoopInitStartOver         =  F
  > HelInitStartOver          =  F
  > ZeroThres                 =    1.0000000000000001E-009
  > OSThres                   =    1.0000000000000000E-008
  > WriteOutFilters           =  T
  > UseQPIntegrandForNinja    =  T
  > UseQPIntegrandForCutTools =  T
  > IREGIMODE                 =            2
  > IREGIRECY                 =  T
  > COLLIERMode               =            1
  > COLLIERRequiredAccuracy   =    1.0000000000000000E-008
  > COLLIERCanOutput          =  F
  > COLLIERComputeUVpoles     =  T
  > COLLIERComputeIRpoles     =  T
  > COLLIERGlobalCache        =           -1
  > COLLIERUseCacheForPoles   =  F
  > COLLIERUseInternalStabilityTest =  T
 ===============================================================
  
------------------------------------------------------------------------
|              You are using CutTools - Version 1.9.3                  |
|              Authors: G. Ossola, C. Papadopoulos, R. Pittau          |
|              Published in JHEP 0803:042,2008                         |
|              http://www.ugr.es/~pittau/CutTools                      |
|                                                                      |
|              Compiler with  34  significant digits detetected        |
 ---------------------------------------------------------------------- 
   
########################################################################
#                                                                      #
#                      You are using OneLOop-3.6                       #
#                                                                      #
# for the evaluation of 1-loop scalar 1-, 2-, 3- and 4-point functions #
#                                                                      #
# author: Andreas van Hameren <hamerenREMOVETHIS@ifj.edu.pl>           #
#   date: 18-02-2015                                                   #
#                                                                      #
# Please cite                                                          #
#    A. van Hameren,                                                   #
#      Comput.Phys.Commun. 182 (2011) 2427-2438, arXiv:1007.4716       #
#    A. van Hameren, C.G. Papadopoulos and R. Pittau,                  #
#      JHEP 0909:106,2009, arXiv:0903.4665                             #
# in publications with results obtained with the help of this program. #
#                                                                      #
########################################################################
########################################################################
#                                                                      #
#                      You are using OneLOop-3.6                       #
#                                                                      #
# for the evaluation of 1-loop scalar 1-, 2-, 3- and 4-point functions #
#                                                                      #
# author: Andreas van Hameren <hamerenREMOVETHIS@ifj.edu.pl>           #
#   date: 18-02-2015                                                   #
#                                                                      #
# Please cite                                                          #
#    A. van Hameren,                                                   #
#      Comput.Phys.Commun. 182 (2011) 2427-2438, arXiv:1007.4716       #
#    A. van Hameren, C.G. Papadopoulos and R. Pittau,                  #
#      JHEP 0909:106,2009, arXiv:0903.4665                             #
# in publications with results obtained with the help of this program. #
#                                                                      #
########################################################################
 PASSED   1.0000000000000001E-005
 MU_R    =    325.00000000000000     
 ALPHA_S =   0.11839999999999999     
 BORN                    1.9866729205085924E-011
 SINGLE POLE (MadFKS)   -1.4961503202314799E-012
 DOUBLE POLE (MadFKS)   -9.9831348713923556E-013
 SINGLE POLE (MadLoop)  -1.4961503202315092E-012
 DOUBLE POLE (MadLoop)  -9.9831348713925495E-013
 FINITE PART (MadLoop)  -3.5822264251288493E-012
   325.00000000000000        0.0000000000000000        0.0000000000000000        325.00000000000000        0.0000000000000000     
   325.00000000000000        0.0000000000000000        0.0000000000000000       -325.00000000000000        0.0000000000000000     
   183.35071797481302       -168.19923596392454       -52.354380562283808       -9.2477910319711771        50.000000000000000     
   232.29461570001243        23.822293887893100        222.48716689451237       -62.391885404983185        0.0000000000000000     
   234.35466632517679        144.37694207603141       -170.13278633222856        71.639676436954275        0.0000000000000000     

 PASSED   1.0000000000000001E-005
 MU_R    =    325.00000000000000     
 ALPHA_S =   0.11839999999999999     
 BORN                    1.0808516822128641E-010
 SINGLE POLE (MadFKS)   -7.3665839286493296E-012
 DOUBLE POLE (MadFKS)   -5.4313359829457967E-012
 SINGLE POLE (MadLoop)  -7.3665839286491389E-012
 DOUBLE POLE (MadLoop)  -5.4313359829456601E-012
 FINITE PART (MadLoop)  -2.1487017407789378E-011
   325.00000000000000        0.0000000000000000        0.0000000000000000        325.00000000000000        0.0000000000000000     
   325.00000000000000        0.0000000000000000        0.0000000000000000       -325.00000000000000        0.0000000000000000     
   239.26233971795457        168.78006630952623       -78.591841480961861       -141.71478002132764        50.000000000000000     
   104.79545800944365        65.828388949185836       -78.115023265656660        23.382779303788581        0.0000000000000000     
   305.94220227260200       -234.60845525871207        156.70686474661844        118.33200071753903        0.0000000000000000     

 PASSED   1.0000000000000001E-005
 MU_R    =    325.00000000000000     
 ALPHA_S =   0.11839999999999999     
 BORN                    2.8504730006585571E-013
 SINGLE POLE (MadFKS)   -3.8727090079432181E-014
 DOUBLE POLE (MadFKS)   -1.4323775252119451E-014
 SINGLE POLE (MadLoop)  -3.8727090079432761E-014
 DOUBLE POLE (MadLoop)  -1.4323775252119170E-014
 FINITE PART (MadLoop)  -2.8051619671431285E-014
   325.00000000000000        0.0000000000000000        0.0000000000000000        325.00000000000000        0.0000000000000000     
   325.00000000000000        0.0000000000000000        0.0000000000000000       -325.00000000000000        0.0000000000000000     
   303.59661541774801        138.87392386760692       -169.83730958472137       -203.81419586414890        50.000000000000000     
   298.33676593268706       -170.92909503438014        134.02697610410124        204.51122231871145        0.0000000000000000     
   48.066618649564987        32.055171166773164        35.810333480620123      -0.69702645456256240        0.0000000000000000     

 PASSED   1.0000000000000001E-005
 MU_R    =    325.00000000000000     
 ALPHA_S =   0.11839999999999999     
 BORN                    2.0583045902833542E-011
 SINGLE POLE (MadFKS)   -1.1998953878291853E-012
 DOUBLE POLE (MadFKS)   -1.0343087741863564E-012
 SINGLE POLE (MadLoop)  -1.1998953878291754E-012
 DOUBLE POLE (MadLoop)  -1.0343087741863521E-012
 FINITE PART (MadLoop)  -2.6236120488242079E-012
   325.00000000000000        0.0000000000000000        0.0000000000000000        325.00000000000000        0.0000000000000000     
   325.00000000000000        0.0000000000000000        0.0000000000000000       -325.00000000000000        0.0000000000000000     
   172.05170974186674        57.470959628046593        98.576831037259183       -118.66544571686678        50.000000000000000     
   183.07593534607591        46.153925747271622        169.33618409364880        52.075618071778962        0.0000000000000000     
   294.87235491206110       -103.62488537531820       -267.91301513090798        66.589827645087823        0.0000000000000000     

 PASSED   1.0000000000000001E-005
 MU_R    =    325.00000000000000     
 ALPHA_S =   0.11839999999999999     
 BORN                    5.6013736265986510E-012
 SINGLE POLE (MadFKS)   -1.3316278598818999E-012
 DOUBLE POLE (MadFKS)   -2.8147194136556214E-013
 SINGLE POLE (MadLoop)  -1.3316278598818454E-012
 DOUBLE POLE (MadLoop)  -2.8147194136555840E-013
 FINITE PART (MadLoop)  -4.1026386766737834E-012
   325.00000000000000        0.0000000000000000        0.0000000000000000        325.00000000000000        0.0000000000000000     
   325.00000000000000        0.0000000000000000        0.0000000000000000       -325.00000000000000        0.0000000000000000     
   295.74670720001501        91.240069387889079       -139.63324397853634       -239.04794860817165        50.000000000000000     
   244.14652905498312       -117.53328337969053        165.74152965886361        135.36321617753151        0.0000000000000000     
   110.10676374500197        26.293213991801398       -26.108285680327295        103.68473243064014        0.0000000000000000     

 PASSED   1.0000000000000001E-005
 MU_R    =    325.00000000000000     
 ALPHA_S =   0.11839999999999999     
 BORN                    3.6260961120928027E-011
 SINGLE POLE (MadFKS)   -3.4665042056023099E-012
 DOUBLE POLE (MadFKS)   -1.8221321773685158E-012
 SINGLE POLE (MadLoop)  -3.4665042056023241E-012
 DOUBLE POLE (MadLoop)  -1.8221321773685187E-012
 FINITE PART (MadLoop)  -8.6811923178284590E-012
   325.00000000000000        0.0000000000000000        0.0000000000000000        325.00000000000000        0.0000000000000000     
   325.00000000000000        0.0000000000000000        0.0000000000000000       -325.00000000000000        0.0000000000000000     
   242.75062282945555        202.53586955235895       -124.07046605422957        3.6886151662530970        50.000000000000000     
   200.32568602627404       -163.81237100147101       -53.868774527779095       -101.95117811800438        0.0000000000000000     
   206.92369114427061       -38.723498550887960        177.93924058200875        98.262562951751306        0.0000000000000000     

 PASSED   1.0000000000000001E-005
 MU_R    =    325.00000000000000     
 ALPHA_S =   0.11839999999999999     
 BORN                    4.9673837254561919E-011
 SINGLE POLE (MadFKS)   -6.6331532911512646E-012
 DOUBLE POLE (MadFKS)   -2.4961361871532139E-012
 SINGLE POLE (MadLoop)  -6.6331532911512679E-012
 DOUBLE POLE (MadLoop)  -2.4961361871532127E-012
 FINITE PART (MadLoop)  -1.6179503343034207E-011
   325.00000000000000        0.0000000000000000        0.0000000000000000        325.00000000000000        0.0000000000000000     
   325.00000000000000        0.0000000000000000        0.0000000000000000       -325.00000000000000        0.0000000000000000     
   266.98206138293955        255.80405573905929       -57.075702308896098        9.2774120140393634        50.000000000000000     
   218.93957967600994       -147.40525899782895        106.08403994367382       -122.28002959486022        0.0000000000000000     
   164.07835894105051       -108.39879674123033       -49.008337634777803        113.00261758082094        0.0000000000000000     

 PASSED   1.0000000000000001E-005
 MU_R    =    325.00000000000000     
 ALPHA_S =   0.11839999999999999     
 BORN                    2.2313783415869354E-010
 SINGLE POLE (MadFKS)   -2.7984563126932255E-011
 DOUBLE POLE (MadFKS)   -1.1212792354094924E-011
 SINGLE POLE (MadLoop)  -2.7984563126932106E-011
 DOUBLE POLE (MadLoop)  -1.1212792354094895E-011
 FINITE PART (MadLoop)  -6.8143098353935593E-011
   325.00000000000000        0.0000000000000000        0.0000000000000000        325.00000000000000        0.0000000000000000     
   325.00000000000000        0.0000000000000000        0.0000000000000000       -325.00000000000000        0.0000000000000000     
   237.02111895627789       -57.060566708301195       -148.65440562454353        168.30023840335824        50.000000000000000     
   284.07330125329406        137.25637910257294        74.884823793422427       -237.17206843560575        0.0000000000000000     
   128.90557979042828       -80.195812394271726        73.769581831121073        68.871830032247459        0.0000000000000000     

 PASSED   1.0000000000000001E-005
 MU_R    =    325.00000000000000     
 ALPHA_S =   0.11839999999999999     
 BORN                    3.2276595327661020E-012
 SINGLE POLE (MadFKS)   -8.0419341083756339E-014
 DOUBLE POLE (MadFKS)   -1.6219157216020385E-013
 SINGLE POLE (MadLoop)  -8.0419341083813188E-014
 DOUBLE POLE (MadLoop)  -1.6219157216019065E-013
 FINITE PART (MadLoop)   5.3727835153980869E-013
   325.00000000000000        0.0000000000000000        0.0000000000000000        325.00000000000000        0.0000000000000000     
   325.00000000000000        0.0000000000000000        0.0000000000000000       -325.00000000000000        0.0000000000000000     
   150.33803090867181       -61.974690377218522       -102.20885372142808        76.249665645800576        50.000000000000000     
   263.33135221665350        154.18340992621418        168.56269115787339        130.98662646771106        0.0000000000000000     
   236.33061687467477       -92.208719548995731       -66.353837436445431       -207.23629211351164        0.0000000000000000     

 PASSED   1.0000000000000001E-005
 MU_R    =    325.00000000000000     
 ALPHA_S =   0.11839999999999999     
 BORN                    2.7617144576709128E-010
 SINGLE POLE (MadFKS)   -4.0503866072797269E-011
 DOUBLE POLE (MadFKS)   -1.3877758951959136E-011
 SINGLE POLE (MadLoop)  -4.0503866072797126E-011
 DOUBLE POLE (MadLoop)  -1.3877758951959126E-011
 FINITE PART (MadLoop)  -1.0005425586895684E-010
   325.00000000000000        0.0000000000000000        0.0000000000000000        325.00000000000000        0.0000000000000000     
   325.00000000000000        0.0000000000000000        0.0000000000000000       -325.00000000000000        0.0000000000000000     
   192.43741391672336        46.139949362602579       -146.91217729081993       -104.01959195960866        50.000000000000000     
   194.51253955273469       -144.93020653285808        50.028529585058024       -119.69757518493957        0.0000000000000000     
   263.05004653054351        98.790257170255487        96.883647705761916        223.71716714454823        0.0000000000000000     

 PASSED   1.0000000000000001E-005
 MU_R    =    325.00000000000000     
 ALPHA_S =   0.11839999999999999     
 BORN                    7.3504589261465498E-012
 SINGLE POLE (MadFKS)   -2.5255019336437518E-013
 DOUBLE POLE (MadFKS)   -3.6936438841460242E-013
 SINGLE POLE (MadLoop)  -2.5255019336437771E-013
 DOUBLE POLE (MadLoop)  -3.6936438841460312E-013
 FINITE PART (MadLoop)  -2.8345504207673646E-013
   325.00000000000000        0.0000000000000000        0.0000000000000000        325.00000000000000        0.0000000000000000     
   325.00000000000000        0.0000000000000000        0.0000000000000000       -325.00000000000000        0.0000000000000000     
   154.94775409775545       -42.952556356180381        52.434484374804782        130.05579283813537        50.000000000000000     
   260.01603391314438        120.78654788950932       -230.24501721517694        2.4859180275306185        0.0000000000000000     
   235.03621198910008       -77.833991533328927        177.81053284037219       -132.54171086566598        0.0000000000000000     

 PASSED   1.0000000000000001E-005
 MU_R    =    325.00000000000000     
 ALPHA_S =   0.11839999999999999     
 BORN                    1.4017152343691659E-010
 SINGLE POLE (MadFKS)   -1.1249927461073643E-011
 DOUBLE POLE (MadFKS)   -7.0436920398604720E-012
 SINGLE POLE (MadLoop)  -1.1249927461073711E-011
 DOUBLE POLE (MadLoop)  -7.0436920398604954E-012
 FINITE PART (MadLoop)  -2.6514637096106628E-011
   325.00000000000000        0.0000000000000000        0.0000000000000000        325.00000000000000        0.0000000000000000     
   325.00000000000000        0.0000000000000000        0.0000000000000000       -325.00000000000000        0.0000000000000000     
   117.55550704428644       -78.997070425635584        18.189096706200527        68.905129428939745        50.000000000000000     
   273.48714555592244       -80.315542966968550       -189.20180479314433       -180.40872873911681        0.0000000000000000     
   258.95734739979116        159.31261339260413        171.01270808694386        111.50359931017707        0.0000000000000000     

 PASSED   1.0000000000000001E-005
 MU_R    =    325.00000000000000     
 ALPHA_S =   0.11839999999999999     
 BORN                    9.7622618504725018E-012
 SINGLE POLE (MadFKS)   -1.2690677608660437E-013
 DOUBLE POLE (MadFKS)   -4.9055874118506556E-013
 SINGLE POLE (MadLoop)  -1.2690677608661621E-013
 DOUBLE POLE (MadLoop)  -4.9055874118506212E-013
 FINITE PART (MadLoop)   8.1874525992976345E-013
   325.00000000000000        0.0000000000000000        0.0000000000000000        325.00000000000000        0.0000000000000000     
   325.00000000000000        0.0000000000000000        0.0000000000000000       -325.00000000000000        0.0000000000000000     
   150.83686572814932       -80.773513795877150        97.185802744653955        65.439432123423970        50.000000000000000     
   206.35980939480768        30.418641203468518        5.7057400949335504        204.02578692597933        0.0000000000000000     
   292.80332487704300        50.354872592408576       -102.89154283958759       -269.46521904940317        0.0000000000000000     

 PASSED   1.0000000000000001E-005
 MU_R    =    325.00000000000000     
 ALPHA_S =   0.11839999999999999     
 BORN                    2.3295610971620106E-012
 SINGLE POLE (MadFKS)   -1.6471180299975029E-013
 DOUBLE POLE (MadFKS)   -1.1706165813224775E-013
 SINGLE POLE (MadLoop)  -1.6471180299974842E-013
 DOUBLE POLE (MadLoop)  -1.1706165813224704E-013
 FINITE PART (MadLoop)  -1.0177187007028416E-013
   325.00000000000000        0.0000000000000000        0.0000000000000000        325.00000000000000        0.0000000000000000     
   325.00000000000000        0.0000000000000000        0.0000000000000000       -325.00000000000000        0.0000000000000000     
   272.98233712119162        149.41947473270250       -212.90794611547648       -66.055911405722185        50.000000000000000     
   191.17989130896413        33.135537533734798        178.95278589580155        58.546455173555941        0.0000000000000000     
   185.83777156984431       -182.55501226643716        33.955160219675001        7.5094562321662064        0.0000000000000000     

 PASSED   1.0000000000000001E-005
 MU_R    =    325.00000000000000     
 ALPHA_S =   0.11839999999999999     
 BORN                    1.2230434171765273E-012
 SINGLE POLE (MadFKS)   -5.4962608872473513E-014
 DOUBLE POLE (MadFKS)   -6.1458568550459342E-014
 SINGLE POLE (MadLoop)  -5.4962608872471715E-014
 DOUBLE POLE (MadLoop)  -6.1458568550459065E-014
 FINITE PART (MadLoop)  -7.6684889017361154E-014
   325.00000000000000        0.0000000000000000        0.0000000000000000        325.00000000000000        0.0000000000000000     
   325.00000000000000        0.0000000000000000        0.0000000000000000       -325.00000000000000        0.0000000000000000     
   137.27546363522430        111.14954982567062       -35.132951771256920       -52.497677945362916        50.000000000000000     
   298.30597703708571       -129.56140269265086        231.82107769277917        135.86495797563674        0.0000000000000000     
   214.41855932768999        18.411852866980297       -196.68812592152227       -83.367280030273818        0.0000000000000000     

 PASSED   1.0000000000000001E-005
 MU_R    =    325.00000000000000     
 ALPHA_S =   0.11839999999999999     
 BORN                    2.1235129224145789E-012
 SINGLE POLE (MadFKS)   -7.2157863199607663E-014
 DOUBLE POLE (MadFKS)   -1.0670763006213525E-013
 SINGLE POLE (MadLoop)  -7.2157863199606893E-014
 DOUBLE POLE (MadLoop)  -1.0670763006213482E-013
 FINITE PART (MadLoop)  -3.3934222659316992E-014
   325.00000000000000        0.0000000000000000        0.0000000000000000        325.00000000000000        0.0000000000000000     
   325.00000000000000        0.0000000000000000        0.0000000000000000       -325.00000000000000        0.0000000000000000     
   124.96558410727897        6.8227929188042715        98.013442242144279       -58.849059872748519        50.000000000000000     
   245.91025986134233       -151.31191198837510        122.69091052172340        150.07831845688366        0.0000000000000000     
   279.12415603137862        144.48911906957085       -220.70435276386766       -91.229258584135167        0.0000000000000000     

 PASSED   1.0000000000000001E-005
 MU_R    =    325.00000000000000     
 ALPHA_S =   0.11839999999999999     
 BORN                    2.2348312909223738E-009
 SINGLE POLE (MadFKS)   -3.0783810944623665E-010
 DOUBLE POLE (MadFKS)   -1.1230143604300188E-010
 SINGLE POLE (MadLoop)  -3.0783810944623619E-010
 DOUBLE POLE (MadLoop)  -1.1230143604300173E-010
 FINITE PART (MadLoop)  -7.1834273406382046E-010
   325.00000000000000        0.0000000000000000        0.0000000000000000        325.00000000000000        0.0000000000000000     
   325.00000000000000        0.0000000000000000        0.0000000000000000       -325.00000000000000        0.0000000000000000     
   64.257582559230514        26.099806130103211       -2.4692811986950893       -30.687777480441991        50.000000000000000     
   288.17827323398092       -185.74387378860203       -13.673106754711434       -219.90674538494071        0.0000000000000000     
   297.56414420678857        159.64406765849887        16.142387953406523        250.59452286538271        0.0000000000000000     

 PASSED   1.0000000000000001E-005
 MU_R    =    325.00000000000000     
 ALPHA_S =   0.11839999999999999     
 BORN                    8.4576592557672456E-009
 SINGLE POLE (MadFKS)   -9.2169005319053185E-010
 DOUBLE POLE (MadFKS)   -4.2500178149601513E-010
 SINGLE POLE (MadLoop)  -9.2169005319053195E-010
 DOUBLE POLE (MadLoop)  -4.2500178149601461E-010
 FINITE PART (MadLoop)  -2.1975631903790795E-009
   325.00000000000000        0.0000000000000000        0.0000000000000000        325.00000000000000        0.0000000000000000     
   325.00000000000000        0.0000000000000000        0.0000000000000000       -325.00000000000000        0.0000000000000000     
   156.88367597806084       -114.65608784160972        12.287704339161575       -93.890796307836297        50.000000000000000     
   177.01264031452936       -80.961674993951078        73.970390727969985       -138.94985897382639        0.0000000000000000     
   316.10368370740980        195.61776283556074       -86.258095067131578        232.84065528166252        0.0000000000000000     

 PASSED   1.0000000000000001E-005
 MU_R    =    325.00000000000000     
 ALPHA_S =   0.11839999999999999     
 BORN                    6.7227209736352455E-009
 SINGLE POLE (MadFKS)   -1.0407802075697683E-009
 DOUBLE POLE (MadFKS)   -3.3782022943845988E-010
 SINGLE POLE (MadLoop)  -1.0407802075697635E-009
 DOUBLE POLE (MadLoop)  -3.3782022943845771E-010
 FINITE PART (MadLoop)  -2.5265368996225063E-009
   325.00000000000000        0.0000000000000000        0.0000000000000000        325.00000000000000        0.0000000000000000     
   325.00000000000000        0.0000000000000000        0.0000000000000000       -325.00000000000000        0.0000000000000000     
   69.622635537178851       -35.367730779572902        31.731948433848064       -9.4614188808074733        50.000000000000000     
   282.74728295679802       -92.815339786025291       -80.284419085072400       -254.72681596571016        0.0000000000000000     
   297.63008150602303        128.18307056559817        48.552470651224425        264.18823484651767        0.0000000000000000     

 PASSED   1.0000000000000001E-005
 MU_R    =    325.00000000000000     
 ALPHA_S =   0.11839999999999999     
 BORN                    1.5475882342846458E-010
 SINGLE POLE (MadFKS)   -2.0058170945633170E-011
 DOUBLE POLE (MadFKS)   -7.7767114600265417E-012
 SINGLE POLE (MadLoop)  -2.0058170945632951E-011
 DOUBLE POLE (MadLoop)  -7.7767114600264851E-012
 FINITE PART (MadLoop)  -4.6021192822971895E-011
Thanks for using LHAPDF 6.2.1. Please make sure to cite the paper:
  Eur.Phys.J. C75 (2015) 3, 132  (http://arxiv.org/abs/1412.7420)
   325.00000000000000        0.0000000000000000        0.0000000000000000        325.00000000000000        0.0000000000000000     
   325.00000000000000        0.0000000000000000        0.0000000000000000       -325.00000000000000        0.0000000000000000     
   154.30592344928772       -26.586633218788212       -143.49588042800906       -3.5215402621018996        50.000000000000000     
   271.34912568060531        173.11643423227738        127.42932138163819       -165.59835826041802        0.0000000000000000     
   224.34495087010694       -146.52980101348919        16.066559046370845        169.11989852251997        0.0000000000000000     

 NUMBER OF POINTS PASSING THE CHECK          20
 NUMBER OF POINTS FAILING THE CHECK           0
 TOLERANCE    1.0000000000000001E-005
