==== LHAPDF6 USING DEFAULT-TYPE LHAGLUE INTERFACE ====
LHAPDF 6.2.1 loading /cvmfs/cms.cern.ch/slc6_amd64_gcc630/external/lhapdf/6.2.1-ghjeda/share/LHAPDF/LUXqed17_plus_PDF4LHC15_nnlo_100/LUXqed17_plus_PDF4LHC15_nnlo_100_0000.dat
LUXqed17_plus_PDF4LHC15_nnlo_100 PDF set, member #0, version 10001; LHAPDF ID = 82200
 A PDF is used, so alpha_s(MZ) is going to be modified
 Old value of alpha_s from param_card:   0.11839999999999999     
 New value of alpha_s from PDF lhapdf :  0.11800222249017472     
 using LHAPDF
 *****************************************************
 *               MadGraph/MadEvent                   *
 *        --------------------------------           *
 *          http://madgraph.hep.uiuc.edu             *
 *          http://madgraph.phys.ucl.ac.be           *
 *          http://madgraph.roma2.infn.it            *
 *        --------------------------------           *
 *                                                   *
 *          PARAMETER AND COUPLING VALUES            *
 *                                                   *
 *****************************************************

  External Params
  ---------------------------------
  
 MU_R =    91.188000000000002     
 mdl_VeN1 =    1.0000000000000000E-002
 mdl_VeN2 =    0.0000000000000000     
 mdl_VeN3 =    0.0000000000000000     
 mdl_VmuN1 =    1.0000000000000000E-002
 mdl_VmuN2 =    0.0000000000000000     
 mdl_VmuN3 =    0.0000000000000000     
 mdl_VtaN1 =    0.0000000000000000     
 mdl_VtaN2 =    0.0000000000000000     
 mdl_VtaN3 =    0.0000000000000000     
 aEWM1 =    127.94000000000000     
 mdl_Gf =    1.1745600000000000E-005
 aS =   0.11839999999999999     
 mdl_ymt =    173.30000000000001     
 mdl_MZ =    91.187600000000003     
 mdl_MT =    173.30000000000001     
 mdl_MH =    125.70000000000000     
 mdl_mN1 =    50.000000000000000     
 mdl_mN2 =    500.00000000000000     
 mdl_mN3 =    1000.0000000000000     
 mdl_WZ =    2.4952000000000001     
 mdl_WW =    2.0850000000000000     
 mdl_WT =    1.3500000000000001     
 mdl_WH =    4.1700000000000001E-003
 mdl_WN1 =    4.4888889999999997E-008
 mdl_WN2 =    1.5000000000000000     
 mdl_WN3 =    12.300000000000001     
  Internal Params
  ---------------------------------
  
 mdl_MZ__exp__2 =    8315.1783937600012     
 mdl_MZ__exp__4 =    69142191.720053151     
 mdl_sqrt__2 =    1.4142135623730951     
 mdl_MH__exp__2 =    15800.490000000002     
 mdl_complexi =  (  0.0000000000000000     ,  1.0000000000000000     )
 mdl_MT__exp__2 =    30032.890000000003     
 mdl_aEW =    7.8161638267938097E-003
 mdl_MW =    79.951229855436395     
 mdl_sqrt__aEW =    8.8409070953120020E-002
 mdl_ee =   0.31340199653167311     
 mdl_MW__exp__2 =    6392.1991553968237     
 mdl_sw2 =   0.23126133286644190     
 mdl_cw =   0.87677743306585976     
 mdl_sqrt__sw2 =   0.48089638475085450     
 mdl_sw =   0.48089638475085450     
 mdl_g1 =   0.35744760838082806     
 mdl_gN =   0.65170378998386980     
 mdl_gw =   0.65170378998386980     
 mdl_vev =    245.36064108945956     
 mdl_vev__exp__2 =    60201.844195830592     
 mdl_lam =   0.13122928550662488     
 mdl_yt =   0.99886929407679126     
 mdl_muH =    88.883322395149023     
 mdl_I2a33 =  ( 0.99886929407679126     ,  0.0000000000000000     )
 mdl_I3a33 =  ( 0.99886929407679126     ,  0.0000000000000000     )
 mdl_ee__exp__2 =    9.8220811430038843E-002
 mdl_sw__exp__2 =   0.23126133286644188     
 mdl_cw__exp__2 =   0.76873866713355821     
 mdl_yt__exp__2 =   0.99773986664946734     
  Internal Params evaluated point by point
  ----------------------------------------
  
 mdl_sqrt__aS =   0.34409301068170506     
 mdl_G__exp__2 =    1.4878582807401259     
 mdl_G__exp__3 =    1.8148567439626970     
 mdl_G__exp__4 =    2.2137222635669636     
  Couplings of SM_HeavyN_NLO
  ---------------------------------
  
  R2GC_164_35 =   0.00000E+00   0.26248E-02
  R2GC_168_37 =  -0.00000E+00  -0.52495E-02
  R2GC_185_38 =  -0.00000E+00  -0.11578E-01
 UVGC_147_4_1eps -0.00000E+00  -0.13124E-02
 UVGC_149_5_1eps  0.00000E+00   0.26248E-02
 UVGC_164_19_1ep  0.00000E+00   0.13124E-02
 UVGC_168_26_1ep -0.00000E+00  -0.26248E-02
 UVGC_185_27_1ep  0.00000E+00   0.28946E-02
 UVGC_185_28_1ep -0.00000E+00  -0.57892E-02
        GC_11 =   0.00000E+00   0.12198E+01
  R2GC_163_34 =   0.00000E+00   0.12563E-01
 UVGC_146_3_1eps -0.00000E+00  -0.12563E-01
 UVGC_163_18_1ep  0.00000E+00   0.12563E-01
         GC_1 =  -0.00000E+00  -0.10447E+00
         GC_2 =   0.00000E+00   0.20893E+00
        GC_24 =   0.00000E+00   0.46082E+00
         GC_3 =  -0.00000E+00  -0.31340E+00
         GC_4 =   0.00000E+00   0.31340E+00
        GC_42 =  -0.00000E+00  -0.46082E-02

 Collider parameters:
 --------------------

 Running at P P   machine @    13000.000000000000       GeV
 PDF set = lhapdf 
 alpha_s(Mz)= 0.1180 running at 3 loops.
 alpha_s(Mz)= 0.1180 running at 3 loops.
 Renormalization scale set on event-by-event basis
 Factorization   scale set on event-by-event basis


 ===============================================================
 INFO: MadFKS read these parameters from FKS_params.dat
 ===============================================================
  > IRPoleCheckThreshold      =    1.0000000000000001E-005
  > PrecisionVirtualAtRunTime =    1.0000000000000000E-003
  > NHelForMCoverHels         =            4
  > VirtualFraction           =    1.0000000000000000     
  > MinVirtualFraction        =    5.0000000000000001E-003
 ===============================================================
  Insert the number of points to test
 Insert the relative tolerance
  A negative number will mean use the default one:    1.0000000000000001E-005
Using random seed offsets:     1 ,      4 ,      0
  with seed                   32
 Ranmar initialization seeds       10730        9410
  ========================================================================================== 
 {                                                                                          }
 {       [32m                                                                            [0m       }
 {       [32m                               ,,                                           [0m       }
 {       [32m`7MMM.     ,MMF'             `7MM  `7MMF'                                   [0m       }
 {       [32m  MMMb    dPMM                 MM    MM                                     [0m       }
 {       [32m  M YM   ,M MM   ,6"Yb.   ,M""bMM    MM         ,pW"Wq.   ,pW"Wq.`7MMpdMAo. [0m       }
 {       [32m  M  Mb  M' MM  8)   MM ,AP    MM    MM        6W'   `Wb 6W'   `Wb MM   `Wb [0m       }
 {       [32m  M  YM.P'  MM   ,pm9MM 8MI    MM    MM      , 8M     M8 8M     M8 MM    M8 [0m       }
 {       [32m  M  `YM'   MM  8M   MM `Mb    MM    MM     ,M YA.   ,A9 YA.   ,A9 MM   ,AP [0m       }
 {       [32m.JML. `'  .JMML.`Moo9^Yo.`Wbmd"MML..JMMmmmmMMM  `Ybmd9'   `Ybmd9'  MMbmmd'  [0m       }
 {       [32m                                                                   MM       [0m       }
 {       [32m                                                                 .JMML.     [0m       }
 {       [32m[0mv2.6.0 (2017-08-16), Ref: arXiv:1103.0621v2, arXiv:1405.0301[32m                [0m       }
 {       [32m                                                                            [0m       }
 {                                                                                          }
  ========================================================================================== 
 ===============================================================
 INFO: MadLoop read these parameters from ./MadLoop5_resources/MadLoopParams.dat                                                                                                                                                                                                                                                                                                                                                                                                                                                                                          
 ===============================================================
  > MLReductionLib            = 6|7|1
  > CTModeRun                 =           -1
  > MLStabThres               =    1.0000000000000000E-003
  > NRotations_DP             =            0
  > NRotations_QP             =            0
  > CTStabThres               =    1.0000000000000000E-002
  > CTLoopLibrary             =            2

  +----------------------------------------------------------------+
  |                                                                |
  |  Ninja - version 1.2.0                                         |
  |                                                                |
  |  Author: Tiziano Peraro                                        |
  |                                                                |
  |  Based on:                                                     |
  |                                                                |
  |      P. Mastrolia, E. Mirabella and T. Peraro,                 |
  |      "Integrand reduction of one-loop scattering amplitudes    |
  |      through Laurent series expansion,"                        |
  |      JHEP 1206 (2012) 095  [arXiv:1203.0291 [hep-ph]].         |
  |                                                                |
  |      T. Peraro,                                                |
  |      "Ninja: Automated Integrand Reduction via Laurent         |
  |      Expansion for One-Loop Amplitudes,"                       |
  |      Comput.Phys.Commun. 185 (2014) [arXiv:1403.1229 [hep-ph]] |
  |                                                                |
  +----------------------------------------------------------------+


  > CTModeInit                =            1
  > CheckCycle                =            3
  > MaxAttempts               =           10
  > UseLoopFilter             =  F
  > HelicityFilterLevel       =            2
  > ImprovePSPoint            =            2
  > DoubleCheckHelicityFilter =  T
  > LoopInitStartOver         =  F
  > HelInitStartOver          =  F
  > ZeroThres                 =    1.0000000000000001E-009
  > OSThres                   =    1.0000000000000000E-008
  > WriteOutFilters           =  T
  > UseQPIntegrandForNinja    =  T
  > UseQPIntegrandForCutTools =  T
  > IREGIMODE                 =            2
  > IREGIRECY                 =  T
  > COLLIERMode               =            1
  > COLLIERRequiredAccuracy   =    1.0000000000000000E-008
  > COLLIERCanOutput          =  F
  > COLLIERComputeUVpoles     =  T
  > COLLIERComputeIRpoles     =  T
  > COLLIERGlobalCache        =           -1
  > COLLIERUseCacheForPoles   =  F
  > COLLIERUseInternalStabilityTest =  T
 ===============================================================
  
------------------------------------------------------------------------
|              You are using CutTools - Version 1.9.3                  |
|              Authors: G. Ossola, C. Papadopoulos, R. Pittau          |
|              Published in JHEP 0803:042,2008                         |
|              http://www.ugr.es/~pittau/CutTools                      |
|                                                                      |
|              Compiler with  34  significant digits detetected        |
 ---------------------------------------------------------------------- 
   
########################################################################
#                                                                      #
#                      You are using OneLOop-3.6                       #
#                                                                      #
# for the evaluation of 1-loop scalar 1-, 2-, 3- and 4-point functions #
#                                                                      #
# author: Andreas van Hameren <hamerenREMOVETHIS@ifj.edu.pl>           #
#   date: 18-02-2015                                                   #
#                                                                      #
# Please cite                                                          #
#    A. van Hameren,                                                   #
#      Comput.Phys.Commun. 182 (2011) 2427-2438, arXiv:1007.4716       #
#    A. van Hameren, C.G. Papadopoulos and R. Pittau,                  #
#      JHEP 0909:106,2009, arXiv:0903.4665                             #
# in publications with results obtained with the help of this program. #
#                                                                      #
########################################################################
########################################################################
#                                                                      #
#                      You are using OneLOop-3.6                       #
#                                                                      #
# for the evaluation of 1-loop scalar 1-, 2-, 3- and 4-point functions #
#                                                                      #
# author: Andreas van Hameren <hamerenREMOVETHIS@ifj.edu.pl>           #
#   date: 18-02-2015                                                   #
#                                                                      #
# Please cite                                                          #
#    A. van Hameren,                                                   #
#      Comput.Phys.Commun. 182 (2011) 2427-2438, arXiv:1007.4716       #
#    A. van Hameren, C.G. Papadopoulos and R. Pittau,                  #
#      JHEP 0909:106,2009, arXiv:0903.4665                             #
# in publications with results obtained with the help of this program. #
#                                                                      #
########################################################################
 PASSED   1.0000000000000001E-005
 MU_R    =    325.00000000000000     
 ALPHA_S =   0.11839999999999999     
 BORN                    3.4099954792841938E-011
 SINGLE POLE (MadFKS)   -2.6990419198423605E-012
 DOUBLE POLE (MadFKS)   -1.7135404841486130E-012
 SINGLE POLE (MadLoop)  -2.6990419198423500E-012
 DOUBLE POLE (MadLoop)  -1.7135404841486172E-012
 FINITE PART (MadLoop)  -4.3179801334261648E-012
   325.00000000000000        0.0000000000000000        0.0000000000000000        325.00000000000000        0.0000000000000000     
   325.00000000000000        0.0000000000000000        0.0000000000000000       -325.00000000000000        0.0000000000000000     
   259.74720715222861       -171.16758154000036       -108.77842104996731       -154.39406001205515        50.000000000000000     
   116.84666139217019        47.475363776778259       -101.94416258358099        31.727272619805277        0.0000000000000000     
   273.40613145560138        123.69221776322210        210.72258363354834        122.66678739224989        0.0000000000000000     

 PASSED   1.0000000000000001E-005
 MU_R    =    325.00000000000000     
 ALPHA_S =   0.11839999999999999     
 BORN                    1.2399418965593811E-010
 SINGLE POLE (MadFKS)   -1.0231910768290627E-011
 DOUBLE POLE (MadFKS)   -6.2307725938467044E-012
 SINGLE POLE (MadLoop)  -1.0231910768287417E-011
 DOUBLE POLE (MadLoop)  -6.2307725938460969E-012
 FINITE PART (MadLoop)  -5.8841464579725922E-012
   325.00000000000000        0.0000000000000000        0.0000000000000000        325.00000000000000        0.0000000000000000     
   325.00000000000000        0.0000000000000000        0.0000000000000000       -325.00000000000000        0.0000000000000000     
   271.07197618407957       -4.5167610147826815       -221.29815812669662       -148.27926474058697        50.000000000000000     
   307.03373565585349        23.622671998295719        215.56933103914946        217.35120821790491        0.0000000000000000     
   71.894288160067020       -19.105910983513080        5.7288270875472138       -69.071943477318001        0.0000000000000000     

 PASSED   1.0000000000000001E-005
 MU_R    =    325.00000000000000     
 ALPHA_S =   0.11839999999999999     
 BORN                    1.8425306443701577E-011
 SINGLE POLE (MadFKS)   -1.4441476126864338E-012
 DOUBLE POLE (MadFKS)   -9.2588124283245314E-013
 SINGLE POLE (MadLoop)  -1.4441476126864185E-012
 DOUBLE POLE (MadLoop)  -9.2588124283244809E-013
 FINITE PART (MadLoop)  -6.1925494226488015E-013
   325.00000000000000        0.0000000000000000        0.0000000000000000        325.00000000000000        0.0000000000000000     
   325.00000000000000        0.0000000000000000        0.0000000000000000       -325.00000000000000        0.0000000000000000     
   253.24034450216479        127.39494228136728        158.06498781520611       -142.88687970447444        50.000000000000000     
   306.95657555022336       -89.302344650498213       -209.15610354742185        206.15808221436217        0.0000000000000000     
   89.803079947611948       -38.092597630869044        51.091115732215776       -63.271202509887743        0.0000000000000000     

 PASSED   1.0000000000000001E-005
 MU_R    =    325.00000000000000     
 ALPHA_S =   0.11839999999999999     
 BORN                    6.7191384257556383E-012
 SINGLE POLE (MadFKS)   -5.4892070579619970E-013
 DOUBLE POLE (MadFKS)   -3.3764020454208093E-013
 SINGLE POLE (MadLoop)  -5.4892070579619556E-013
 DOUBLE POLE (MadLoop)  -3.3764020454208063E-013
 FINITE PART (MadLoop)  -1.1729710138486867E-012
   325.00000000000000        0.0000000000000000        0.0000000000000000        325.00000000000000        0.0000000000000000     
   325.00000000000000        0.0000000000000000        0.0000000000000000       -325.00000000000000        0.0000000000000000     
   249.76160848727591        158.78984004203460        113.21292345421321        147.81570192820149        50.000000000000000     
   301.07496584580093       -239.71104376041740       -149.78262237996967       -103.68180453349008        0.0000000000000000     
   99.163425666923217        80.921203718382827        36.569698925756718       -44.133897394711347        0.0000000000000000     

 PASSED   1.0000000000000001E-005
 MU_R    =    325.00000000000000     
 ALPHA_S =   0.11839999999999999     
 BORN                    5.8082801066901278E-011
 SINGLE POLE (MadFKS)   -4.6315843783957538E-012
 DOUBLE POLE (MadFKS)   -2.9186909972613150E-012
 SINGLE POLE (MadLoop)  -4.6315843783958846E-012
 DOUBLE POLE (MadLoop)  -2.9186909972613214E-012
 FINITE PART (MadLoop)  -7.8346189077775376E-012
   325.00000000000000        0.0000000000000000        0.0000000000000000        325.00000000000000        0.0000000000000000     
   325.00000000000000        0.0000000000000000        0.0000000000000000       -325.00000000000000        0.0000000000000000     
   220.62533091695937       -43.916009703514241       -130.59165504620074       -164.90221455830354        50.000000000000000     
   147.70381820681297       -139.24168840652405       -37.291301088429428        32.210696759055288        0.0000000000000000     
   281.67085087622814        183.15769811003830        167.88295613463021        132.69151779924826        0.0000000000000000     

 PASSED   1.0000000000000001E-005
 MU_R    =    325.00000000000000     
 ALPHA_S =   0.11839999999999999     
 BORN                    4.7462749117675364E-013
 SINGLE POLE (MadFKS)   -3.9848043625437698E-014
 DOUBLE POLE (MadFKS)   -2.3850278569635457E-014
 SINGLE POLE (MadLoop)  -3.9848043625438259E-014
 DOUBLE POLE (MadLoop)  -2.3850278569635931E-014
 FINITE PART (MadLoop)   9.4893789256687292E-014
   325.00000000000000        0.0000000000000000        0.0000000000000000        325.00000000000000        0.0000000000000000     
   325.00000000000000        0.0000000000000000        0.0000000000000000       -325.00000000000000        0.0000000000000000     
   319.33394739469162        264.53803784356273       -127.32002242411214       -115.25366971371042        50.000000000000000     
   185.58090084762139       -144.09489497840482        46.836198615546571        107.16017217148470        0.0000000000000000     
   145.08515175768699       -120.44314286515790        80.483823808565560        8.0934975422257125        0.0000000000000000     

 PASSED   1.0000000000000001E-005
 MU_R    =    325.00000000000000     
 ALPHA_S =   0.11839999999999999     
 BORN                    2.2069917687890290E-012
 SINGLE POLE (MadFKS)   -1.9471550016909520E-013
 DOUBLE POLE (MadFKS)   -1.1090248555979328E-013
 SINGLE POLE (MadLoop)  -1.9471550016909609E-013
 DOUBLE POLE (MadLoop)  -1.1090248555979365E-013
 FINITE PART (MadLoop)  -4.0548171541618732E-013
   325.00000000000000        0.0000000000000000        0.0000000000000000        325.00000000000000        0.0000000000000000     
   325.00000000000000        0.0000000000000000        0.0000000000000000       -325.00000000000000        0.0000000000000000     
   311.65654860936871        247.90872076009830       -124.77264820190709       -132.67575785680873        50.000000000000000     
   173.13961711745876       -145.84541579434318       0.97769769646846427        93.303192949489315        0.0000000000000000     
   165.20383427317253       -102.06330496575507        123.79495050543875        39.372564907319415        0.0000000000000000     

 PASSED   1.0000000000000001E-005
 MU_R    =    325.00000000000000     
 ALPHA_S =   0.11839999999999999     
 BORN                    4.6757201958467031E-011
 SINGLE POLE (MadFKS)   -2.4805099578842824E-012
 DOUBLE POLE (MadFKS)   -2.3495737448357105E-012
 SINGLE POLE (MadLoop)  -2.4805099578843143E-012
 DOUBLE POLE (MadLoop)  -2.3495737448357319E-012
 FINITE PART (MadLoop)  -6.2198436090531129E-012
   325.00000000000000        0.0000000000000000        0.0000000000000000        325.00000000000000        0.0000000000000000     
   325.00000000000000        0.0000000000000000        0.0000000000000000       -325.00000000000000        0.0000000000000000     
   151.30238935635870       -139.76059395850865       -27.199761354036340       -10.934458541304675        50.000000000000000     
   218.19046308230730       -76.595744447245210        203.66261123300200       -16.177481213064809        0.0000000000000000     
   280.50714756133408        216.35633840575383       -176.46284987896564        27.111939754369548        0.0000000000000000     

 PASSED   1.0000000000000001E-005
 MU_R    =    325.00000000000000     
 ALPHA_S =   0.11839999999999999     
 BORN                    1.0951280174375656E-011
 SINGLE POLE (MadFKS)   -2.7384697807051055E-013
 DOUBLE POLE (MadFKS)   -5.5030753108170994E-013
 SINGLE POLE (MadLoop)  -2.7384697807051282E-013
 DOUBLE POLE (MadLoop)  -5.5030753108170681E-013
 FINITE PART (MadLoop)  -1.4538574008869986E-013
   325.00000000000000        0.0000000000000000        0.0000000000000000        325.00000000000000        0.0000000000000000     
   325.00000000000000        0.0000000000000000        0.0000000000000000       -325.00000000000000        0.0000000000000000     
   242.78592055653269        49.310844694060982       -228.87050435254420        40.394752796041203        50.000000000000000     
   120.23735713455207       -31.746745845526529       -11.494410365355522        115.39950047237716        0.0000000000000000     
   286.97672230891544       -17.564098848534485        240.36491471789978       -155.79425326841843        0.0000000000000000     

 PASSED   1.0000000000000001E-005
 MU_R    =    325.00000000000000     
 ALPHA_S =   0.11839999999999999     
 BORN                    1.1867427499412248E-012
 SINGLE POLE (MadFKS)   -1.1395581762231893E-013
 DOUBLE POLE (MadFKS)   -5.9634441120168566E-014
 SINGLE POLE (MadLoop)  -1.1395581762232297E-013
 DOUBLE POLE (MadLoop)  -5.9634441120170384E-014
 FINITE PART (MadLoop)   1.9630583453706047E-013
   325.00000000000000        0.0000000000000000        0.0000000000000000        325.00000000000000        0.0000000000000000     
   325.00000000000000        0.0000000000000000        0.0000000000000000       -325.00000000000000        0.0000000000000000     
   320.07838855954247       -154.78131953363348        262.54910352902630       -84.029079385682778        50.000000000000000     
   198.43502940849714        54.346802283972991       -181.07524469178099        60.287989995268241        0.0000000000000000     
   131.48658203196041        100.43451724966040       -81.473858837245245        23.741089390414484        0.0000000000000000     

 PASSED   1.0000000000000001E-005
 MU_R    =    325.00000000000000     
 ALPHA_S =   0.11839999999999999     
 BORN                    5.9584780650342590E-011
 SINGLE POLE (MadFKS)   -1.2448096018337819E-012
 DOUBLE POLE (MadFKS)   -2.9941662534083293E-012
 SINGLE POLE (MadLoop)  -1.2448096018337669E-012
 DOUBLE POLE (MadLoop)  -2.9941662534083196E-012
 FINITE PART (MadLoop)  -4.1118792261948592E-012
   325.00000000000000        0.0000000000000000        0.0000000000000000        325.00000000000000        0.0000000000000000     
   325.00000000000000        0.0000000000000000        0.0000000000000000       -325.00000000000000        0.0000000000000000     
   131.88179833641072       -38.246951527941718       -94.825664750527025        66.618861712623442        50.000000000000000     
   224.74333858960620       -183.08044362871428        49.569171187337432        120.55710957432576        0.0000000000000000     
   293.37486307398314        221.32739515665611        45.256493563189451       -187.17597128694928        0.0000000000000000     

 PASSED   1.0000000000000001E-005
 MU_R    =    325.00000000000000     
 ALPHA_S =   0.11839999999999999     
 BORN                    5.5052459418040271E-011
 SINGLE POLE (MadFKS)   -1.3948414047186346E-012
 DOUBLE POLE (MadFKS)   -2.7664147515105437E-012
 SINGLE POLE (MadLoop)  -1.3948414047186970E-012
 DOUBLE POLE (MadLoop)  -2.7664147515107174E-012
 FINITE PART (MadLoop)  -4.8176456263195062E-012
   325.00000000000000        0.0000000000000000        0.0000000000000000        325.00000000000000        0.0000000000000000     
   325.00000000000000        0.0000000000000000        0.0000000000000000       -325.00000000000000        0.0000000000000000     
   118.75096676058807        78.394403391525543        73.864315134966176       0.41541919005149053        50.000000000000000     
   238.49678360241714        174.67325241691501       -69.636620322180917        146.69939259894466        0.0000000000000000     
   292.75224963699469       -253.06765580844063       -4.2276948127853027       -147.11481178899632        0.0000000000000000     

 PASSED   1.0000000000000001E-005
 MU_R    =    325.00000000000000     
 ALPHA_S =   0.11839999999999999     
 BORN                    3.7845477546371817E-010
 SINGLE POLE (MadFKS)   -5.0827200680766962E-011
 DOUBLE POLE (MadFKS)   -1.9017549528029962E-011
 SINGLE POLE (MadLoop)  -5.0827200680766833E-011
 DOUBLE POLE (MadLoop)  -1.9017549528029926E-011
 FINITE PART (MadLoop)  -1.0475711102032311E-010
   325.00000000000000        0.0000000000000000        0.0000000000000000        325.00000000000000        0.0000000000000000     
   325.00000000000000        0.0000000000000000        0.0000000000000000       -325.00000000000000        0.0000000000000000     
   268.04454116346807        100.80518109975417        96.626088238263080       -223.27021875465456        50.000000000000000     
   88.995348009205159        59.844568158587954       -62.951424716560425       -19.388598591617782        0.0000000000000000     
   292.96011082732684       -160.64974925834213       -33.674663521702662        242.65881734627234        0.0000000000000000     

 PASSED   1.0000000000000001E-005
 MU_R    =    325.00000000000000     
 ALPHA_S =   0.11839999999999999     
 BORN                    1.5852679693619281E-010
 SINGLE POLE (MadFKS)   -2.2289117050811258E-011
 DOUBLE POLE (MadFKS)   -7.9660540907694749E-012
 SINGLE POLE (MadLoop)  -2.2289117050811413E-011
 DOUBLE POLE (MadLoop)  -7.9660540907695460E-012
 FINITE PART (MadLoop)  -5.6806474952407707E-011
   325.00000000000000        0.0000000000000000        0.0000000000000000        325.00000000000000        0.0000000000000000     
   325.00000000000000        0.0000000000000000        0.0000000000000000       -325.00000000000000        0.0000000000000000     
   176.61540689753798        108.80088496368163        77.913542778811149        103.85012872576033        50.000000000000000     
   290.70309056721197       -157.84131865032259        30.892475288915282       -242.15709769193163        0.0000000000000000     
   182.68150253525317        49.040433686641016       -108.80601806772644        138.30696896617130        0.0000000000000000     

 PASSED   1.0000000000000001E-005
 MU_R    =    325.00000000000000     
 ALPHA_S =   0.11839999999999999     
 BORN                    2.3298995774501843E-012
 SINGLE POLE (MadFKS)   -1.4122819763746419E-013
 DOUBLE POLE (MadFKS)   -1.1707866694297478E-013
 SINGLE POLE (MadLoop)  -1.4122819763747369E-013
 DOUBLE POLE (MadLoop)  -1.1707866694296065E-013
 FINITE PART (MadLoop)   7.8006148980956386E-013
   325.00000000000000        0.0000000000000000        0.0000000000000000        325.00000000000000        0.0000000000000000     
   325.00000000000000        0.0000000000000000        0.0000000000000000       -325.00000000000000        0.0000000000000000     
   313.21511607157140       -216.61901798927818       -120.81088807838121        184.62025702181649        50.000000000000000     
   224.15634801838388        187.71121500745127        93.419874395034640       -79.267239042250182        0.0000000000000000     
   112.62853591004476        28.907802981826919        27.391013683346667       -105.35301797956637        0.0000000000000000     

 PASSED   1.0000000000000001E-005
 MU_R    =    325.00000000000000     
 ALPHA_S =   0.11839999999999999     
 BORN                    2.5213131729799668E-013
 SINGLE POLE (MadFKS)   -5.0588282335985994E-015
 DOUBLE POLE (MadFKS)   -1.2669729978719137E-014
 SINGLE POLE (MadLoop)  -5.0588282335986814E-015
 DOUBLE POLE (MadLoop)  -1.2669729978719645E-014
 FINITE PART (MadLoop)   2.0865602292850000E-013
   325.00000000000000        0.0000000000000000        0.0000000000000000        325.00000000000000        0.0000000000000000     
   325.00000000000000        0.0000000000000000        0.0000000000000000       -325.00000000000000        0.0000000000000000     
   322.25538483974674        20.785088228055272       -195.71634962047634        250.22314772378800        50.000000000000000     
   63.751773524565806      -0.64797191649591057        58.343042734914086       -25.689650140765856        0.0000000000000000     
   263.99284163568751       -20.137116311559332        137.37330688556227       -224.53349758302215        0.0000000000000000     

 PASSED   1.0000000000000001E-005
 MU_R    =    325.00000000000000     
 ALPHA_S =   0.11839999999999999     
 BORN                    1.1091448077691871E-011
 SINGLE POLE (MadFKS)   -1.0625447343684729E-012
 DOUBLE POLE (MadFKS)   -5.5735104120862009E-013
 SINGLE POLE (MadLoop)  -1.0625447343684773E-012
 DOUBLE POLE (MadLoop)  -5.5735104120862312E-013
 FINITE PART (MadLoop)  -8.2952628261613914E-013
   325.00000000000000        0.0000000000000000        0.0000000000000000        325.00000000000000        0.0000000000000000     
   325.00000000000000        0.0000000000000000        0.0000000000000000       -325.00000000000000        0.0000000000000000     
   253.60134493252320        40.547848016806988        164.16604873745013       -182.26086418845841        50.000000000000000     
   295.70573900974603        40.777027294340392       -223.06019146787580        189.79796919527683        0.0000000000000000     
   100.69291605773086       -81.324875311147352        58.894142730425763       -7.5371050068184857        0.0000000000000000     

 PASSED   1.0000000000000001E-005
 MU_R    =    325.00000000000000     
 ALPHA_S =   0.11839999999999999     
 BORN                    1.1989359675275561E-011
 SINGLE POLE (MadFKS)   -1.7675233169198025E-012
 DOUBLE POLE (MadFKS)   -6.0247156652876475E-013
 SINGLE POLE (MadLoop)  -1.7675233169198092E-012
 DOUBLE POLE (MadLoop)  -6.0247156652876525E-013
 FINITE PART (MadLoop)  -5.1350240386967857E-012
   325.00000000000000        0.0000000000000000        0.0000000000000000        325.00000000000000        0.0000000000000000     
   325.00000000000000        0.0000000000000000        0.0000000000000000       -325.00000000000000        0.0000000000000000     
   286.52425265071008       -160.97684522977488        186.89601485622933        136.93970310971616        50.000000000000000     
   273.19740083433544        162.45545858334660       -112.78889511888197       -188.47734329879802        0.0000000000000000     
   90.278346514954507       -1.4786133535713690       -74.107119737347219        51.537640189082040        0.0000000000000000     

 PASSED   1.0000000000000001E-005
 MU_R    =    325.00000000000000     
 ALPHA_S =   0.11839999999999999     
 BORN                    2.8703091049783784E-011
 SINGLE POLE (MadFKS)   -7.9592193874374987E-013
 DOUBLE POLE (MadFKS)   -1.4423452709190284E-012
 SINGLE POLE (MadLoop)  -7.9592193874372968E-013
 DOUBLE POLE (MadLoop)  -1.4423452709189868E-012
 FINITE PART (MadLoop)  -2.3900489883091407E-012
   325.00000000000000        0.0000000000000000        0.0000000000000000        325.00000000000000        0.0000000000000000     
   325.00000000000000        0.0000000000000000        0.0000000000000000       -325.00000000000000        0.0000000000000000     
   162.03945985836884        10.095637959084860       -32.482676480811342        150.33210027813072        50.000000000000000     
   219.42633083726759       -209.35479732255013       -65.712905748189158       0.54545473650959342        0.0000000000000000     
   268.53420930436977        199.25915936346522        98.195582229000550       -150.87755501464031        0.0000000000000000     

 PASSED   1.0000000000000001E-005
 MU_R    =    325.00000000000000     
 ALPHA_S =   0.11839999999999999     
 BORN                    1.3684592761641128E-010
 SINGLE POLE (MadFKS)   -1.7225593932284418E-011
 DOUBLE POLE (MadFKS)   -6.8765791182460574E-012
 SINGLE POLE (MadLoop)  -1.7225593932284366E-011
 DOUBLE POLE (MadLoop)  -6.8765791182460421E-012
 FINITE PART (MadLoop)  -4.3102946670843444E-011
Thanks for using LHAPDF 6.2.1. Please make sure to cite the paper:
  Eur.Phys.J. C75 (2015) 3, 132  (http://arxiv.org/abs/1412.7420)
   325.00000000000000        0.0000000000000000        0.0000000000000000        325.00000000000000        0.0000000000000000     
   325.00000000000000        0.0000000000000000        0.0000000000000000       -325.00000000000000        0.0000000000000000     
   222.89320883245932        118.72252885759924        73.333779097358587        166.45870517514751        50.000000000000000     
   275.29539965168300       -83.958871813240222        42.052074140791014       -258.78579554080085        0.0000000000000000     
   151.81139151585802       -34.763657044359014       -115.38585323814961        92.327090365653333        0.0000000000000000     

 NUMBER OF POINTS PASSING THE CHECK          20
 NUMBER OF POINTS FAILING THE CHECK           0
 TOLERANCE    1.0000000000000001E-005
