==== LHAPDF6 USING DEFAULT-TYPE LHAGLUE INTERFACE ====
LHAPDF 6.2.1 loading /cvmfs/cms.cern.ch/slc6_amd64_gcc630/external/lhapdf/6.2.1-ghjeda/share/LHAPDF/LUXqed17_plus_PDF4LHC15_nnlo_100/LUXqed17_plus_PDF4LHC15_nnlo_100_0000.dat
LUXqed17_plus_PDF4LHC15_nnlo_100 PDF set, member #0, version 10001; LHAPDF ID = 82200
 A PDF is used, so alpha_s(MZ) is going to be modified
 Old value of alpha_s from param_card:   0.11839999999999999     
 New value of alpha_s from PDF lhapdf :  0.11800222249017472     
 using LHAPDF
 *****************************************************
 *               MadGraph/MadEvent                   *
 *        --------------------------------           *
 *          http://madgraph.hep.uiuc.edu             *
 *          http://madgraph.phys.ucl.ac.be           *
 *          http://madgraph.roma2.infn.it            *
 *        --------------------------------           *
 *                                                   *
 *          PARAMETER AND COUPLING VALUES            *
 *                                                   *
 *****************************************************

  External Params
  ---------------------------------
  
 MU_R =    91.188000000000002     
 mdl_VeN1 =    0.0000000000000000     
 mdl_VeN2 =    0.0000000000000000     
 mdl_VeN3 =    0.0000000000000000     
 mdl_VmuN1 =    1.0000000000000000E-002
 mdl_VmuN2 =    0.0000000000000000     
 mdl_VmuN3 =    0.0000000000000000     
 mdl_VtaN1 =    0.0000000000000000     
 mdl_VtaN2 =    0.0000000000000000     
 mdl_VtaN3 =    0.0000000000000000     
 aEWM1 =    127.94000000000000     
 mdl_Gf =    1.1745600000000000E-005
 aS =   0.11839999999999999     
 mdl_ymt =    173.30000000000001     
 mdl_MZ =    91.187600000000003     
 mdl_MT =    173.30000000000001     
 mdl_MH =    125.70000000000000     
 mdl_mN1 =    50.000000000000000     
 mdl_mN2 =    500.00000000000000     
 mdl_mN3 =    1000.0000000000000     
 mdl_WZ =    2.4952000000000001     
 mdl_WW =    2.0850000000000000     
 mdl_WT =    1.3500000000000001     
 mdl_WH =    4.1700000000000001E-003
 mdl_WN1 =    2.2372570000000000E-008
 mdl_WN2 =    1.5000000000000000     
 mdl_WN3 =    12.300000000000001     
  Internal Params
  ---------------------------------
  
 mdl_MZ__exp__2 =    8315.1783937600012     
 mdl_MZ__exp__4 =    69142191.720053151     
 mdl_sqrt__2 =    1.4142135623730951     
 mdl_MH__exp__2 =    15800.490000000002     
 mdl_complexi =  (  0.0000000000000000     ,  1.0000000000000000     )
 mdl_MT__exp__2 =    30032.890000000003     
 mdl_aEW =    7.8161638267938097E-003
 mdl_MW =    79.951229855436395     
 mdl_sqrt__aEW =    8.8409070953120020E-002
 mdl_ee =   0.31340199653167311     
 mdl_MW__exp__2 =    6392.1991553968237     
 mdl_sw2 =   0.23126133286644190     
 mdl_cw =   0.87677743306585976     
 mdl_sqrt__sw2 =   0.48089638475085450     
 mdl_sw =   0.48089638475085450     
 mdl_g1 =   0.35744760838082806     
 mdl_gN =   0.65170378998386980     
 mdl_gw =   0.65170378998386980     
 mdl_vev =    245.36064108945956     
 mdl_vev__exp__2 =    60201.844195830592     
 mdl_lam =   0.13122928550662488     
 mdl_yt =   0.99886929407679126     
 mdl_muH =    88.883322395149023     
 mdl_I2a33 =  ( 0.99886929407679126     ,  0.0000000000000000     )
 mdl_I3a33 =  ( 0.99886929407679126     ,  0.0000000000000000     )
 mdl_ee__exp__2 =    9.8220811430038843E-002
 mdl_sw__exp__2 =   0.23126133286644188     
 mdl_cw__exp__2 =   0.76873866713355821     
 mdl_yt__exp__2 =   0.99773986664946734     
  Internal Params evaluated point by point
  ----------------------------------------
  
 mdl_sqrt__aS =   0.34409301068170506     
 mdl_G__exp__2 =    1.4878582807401259     
 mdl_G__exp__3 =    1.8148567439626970     
 mdl_G__exp__4 =    2.2137222635669636     
  Couplings of SM_HeavyN_NLO
  ---------------------------------
  
  R2GC_164_35 =   0.00000E+00   0.26248E-02
  R2GC_168_37 =  -0.00000E+00  -0.52495E-02
  R2GC_185_38 =  -0.00000E+00  -0.11578E-01
 UVGC_147_4_1eps -0.00000E+00  -0.13124E-02
 UVGC_149_5_1eps  0.00000E+00   0.26248E-02
 UVGC_164_19_1ep  0.00000E+00   0.13124E-02
 UVGC_168_26_1ep -0.00000E+00  -0.26248E-02
 UVGC_185_27_1ep  0.00000E+00   0.28946E-02
 UVGC_185_28_1ep -0.00000E+00  -0.57892E-02
        GC_11 =   0.00000E+00   0.12198E+01
  R2GC_163_34 =   0.00000E+00   0.12563E-01
 UVGC_146_3_1eps -0.00000E+00  -0.12563E-01
 UVGC_163_18_1ep  0.00000E+00   0.12563E-01
         GC_1 =  -0.00000E+00  -0.10447E+00
         GC_2 =   0.00000E+00   0.20893E+00
        GC_24 =   0.00000E+00   0.46082E+00
         GC_3 =  -0.00000E+00  -0.31340E+00
         GC_4 =   0.00000E+00   0.31340E+00
        GC_79 =  -0.00000E+00  -0.46082E-02

 Collider parameters:
 --------------------

 Running at P P   machine @    13000.000000000000       GeV
 PDF set = lhapdf 
 alpha_s(Mz)= 0.1180 running at 3 loops.
 alpha_s(Mz)= 0.1180 running at 3 loops.
 Renormalization scale set on event-by-event basis
 Factorization   scale set on event-by-event basis


 ===============================================================
 INFO: MadFKS read these parameters from FKS_params.dat
 ===============================================================
  > IRPoleCheckThreshold      =    1.0000000000000001E-005
  > PrecisionVirtualAtRunTime =    1.0000000000000000E-003
  > NHelForMCoverHels         =            4
  > VirtualFraction           =    1.0000000000000000     
  > MinVirtualFraction        =    5.0000000000000001E-003
 ===============================================================
  Insert the number of points to test
 Insert the relative tolerance
  A negative number will mean use the default one:    1.0000000000000001E-005
Using random seed offsets:     1 ,      8 ,      0
  with seed                   32
 Ranmar initialization seeds       10730        9414
  ========================================================================================== 
 {                                                                                          }
 {       [32m                                                                            [0m       }
 {       [32m                               ,,                                           [0m       }
 {       [32m`7MMM.     ,MMF'             `7MM  `7MMF'                                   [0m       }
 {       [32m  MMMb    dPMM                 MM    MM                                     [0m       }
 {       [32m  M YM   ,M MM   ,6"Yb.   ,M""bMM    MM         ,pW"Wq.   ,pW"Wq.`7MMpdMAo. [0m       }
 {       [32m  M  Mb  M' MM  8)   MM ,AP    MM    MM        6W'   `Wb 6W'   `Wb MM   `Wb [0m       }
 {       [32m  M  YM.P'  MM   ,pm9MM 8MI    MM    MM      , 8M     M8 8M     M8 MM    M8 [0m       }
 {       [32m  M  `YM'   MM  8M   MM `Mb    MM    MM     ,M YA.   ,A9 YA.   ,A9 MM   ,AP [0m       }
 {       [32m.JML. `'  .JMML.`Moo9^Yo.`Wbmd"MML..JMMmmmmMMM  `Ybmd9'   `Ybmd9'  MMbmmd'  [0m       }
 {       [32m                                                                   MM       [0m       }
 {       [32m                                                                 .JMML.     [0m       }
 {       [32m[0mv2.6.0 (2017-08-16), Ref: arXiv:1103.0621v2, arXiv:1405.0301[32m                [0m       }
 {       [32m                                                                            [0m       }
 {                                                                                          }
  ========================================================================================== 
 ===============================================================
 INFO: MadLoop read these parameters from ./MadLoop5_resources/MadLoopParams.dat                                                                                                                                                                                                                                                                                                                                                                                                                                                                                          
 ===============================================================
  > MLReductionLib            = 6|7|1
  > CTModeRun                 =           -1
  > MLStabThres               =    1.0000000000000000E-003
  > NRotations_DP             =            0
  > NRotations_QP             =            0
  > CTStabThres               =    1.0000000000000000E-002
  > CTLoopLibrary             =            2

  +----------------------------------------------------------------+
  |                                                                |
  |  Ninja - version 1.2.0                                         |
  |                                                                |
  |  Author: Tiziano Peraro                                        |
  |                                                                |
  |  Based on:                                                     |
  |                                                                |
  |      P. Mastrolia, E. Mirabella and T. Peraro,                 |
  |      "Integrand reduction of one-loop scattering amplitudes    |
  |      through Laurent series expansion,"                        |
  |      JHEP 1206 (2012) 095  [arXiv:1203.0291 [hep-ph]].         |
  |                                                                |
  |      T. Peraro,                                                |
  |      "Ninja: Automated Integrand Reduction via Laurent         |
  |      Expansion for One-Loop Amplitudes,"                       |
  |      Comput.Phys.Commun. 185 (2014) [arXiv:1403.1229 [hep-ph]] |
  |                                                                |
  +----------------------------------------------------------------+


  > CTModeInit                =            1
  > CheckCycle                =            3
  > MaxAttempts               =           10
  > UseLoopFilter             =  F
  > HelicityFilterLevel       =            2
  > ImprovePSPoint            =            2
  > DoubleCheckHelicityFilter =  T
  > LoopInitStartOver         =  F
  > HelInitStartOver          =  F
  > ZeroThres                 =    1.0000000000000001E-009
  > OSThres                   =    1.0000000000000000E-008
  > WriteOutFilters           =  T
  > UseQPIntegrandForNinja    =  T
  > UseQPIntegrandForCutTools =  T
  > IREGIMODE                 =            2
  > IREGIRECY                 =  T
  > COLLIERMode               =            1
  > COLLIERRequiredAccuracy   =    1.0000000000000000E-008
  > COLLIERCanOutput          =  F
  > COLLIERComputeUVpoles     =  T
  > COLLIERComputeIRpoles     =  T
  > COLLIERGlobalCache        =           -1
  > COLLIERUseCacheForPoles   =  F
  > COLLIERUseInternalStabilityTest =  T
 ===============================================================
  
------------------------------------------------------------------------
|              You are using CutTools - Version 1.9.3                  |
|              Authors: G. Ossola, C. Papadopoulos, R. Pittau          |
|              Published in JHEP 0803:042,2008                         |
|              http://www.ugr.es/~pittau/CutTools                      |
|                                                                      |
|              Compiler with  34  significant digits detetected        |
 ---------------------------------------------------------------------- 
   
########################################################################
#                                                                      #
#                      You are using OneLOop-3.6                       #
#                                                                      #
# for the evaluation of 1-loop scalar 1-, 2-, 3- and 4-point functions #
#                                                                      #
# author: Andreas van Hameren <hamerenREMOVETHIS@ifj.edu.pl>           #
#   date: 18-02-2015                                                   #
#                                                                      #
# Please cite                                                          #
#    A. van Hameren,                                                   #
#      Comput.Phys.Commun. 182 (2011) 2427-2438, arXiv:1007.4716       #
#    A. van Hameren, C.G. Papadopoulos and R. Pittau,                  #
#      JHEP 0909:106,2009, arXiv:0903.4665                             #
# in publications with results obtained with the help of this program. #
#                                                                      #
########################################################################
########################################################################
#                                                                      #
#                      You are using OneLOop-3.6                       #
#                                                                      #
# for the evaluation of 1-loop scalar 1-, 2-, 3- and 4-point functions #
#                                                                      #
# author: Andreas van Hameren <hamerenREMOVETHIS@ifj.edu.pl>           #
#   date: 18-02-2015                                                   #
#                                                                      #
# Please cite                                                          #
#    A. van Hameren,                                                   #
#      Comput.Phys.Commun. 182 (2011) 2427-2438, arXiv:1007.4716       #
#    A. van Hameren, C.G. Papadopoulos and R. Pittau,                  #
#      JHEP 0909:106,2009, arXiv:0903.4665                             #
# in publications with results obtained with the help of this program. #
#                                                                      #
########################################################################
 PASSED   1.0000000000000001E-005
 MU_R    =    325.00000000000000     
 ALPHA_S =   0.11839999999999999     
 BORN                    6.0604356074908037E-012
 SINGLE POLE (MadFKS)   -2.8878616623642959E-013
 DOUBLE POLE (MadFKS)   -3.0454004493845256E-013
 SINGLE POLE (MadLoop)  -2.8878616623643746E-013
 DOUBLE POLE (MadLoop)  -3.0454004493845948E-013
 FINITE PART (MadLoop)  -9.6327054643340511E-013
   325.00000000000000        0.0000000000000000        0.0000000000000000        325.00000000000000        0.0000000000000000     
   325.00000000000000        0.0000000000000000        0.0000000000000000       -325.00000000000000        0.0000000000000000     
   258.32963123808639        26.178339121848598       0.57492263244528230       -252.08840195533350        50.000000000000000     
   217.45256665363237       -161.59785756471010       -19.703728693547053        144.16488563557769        0.0000000000000000     
   174.21780210828138        135.41951844286140        19.128806061101940        107.92351631975569        0.0000000000000000     

 PASSED   1.0000000000000001E-005
 MU_R    =    325.00000000000000     
 ALPHA_S =   0.11839999999999999     
 BORN                    1.1836626526187243E-012
 SINGLE POLE (MadFKS)   -9.1751376662245567E-014
 DOUBLE POLE (MadFKS)   -5.9479664625909694E-014
 SINGLE POLE (MadLoop)  -9.1751376662244494E-014
 DOUBLE POLE (MadLoop)  -5.9479664625910212E-014
 FINITE PART (MadLoop)   3.6691666900964698E-013
   325.00000000000000        0.0000000000000000        0.0000000000000000        325.00000000000000        0.0000000000000000     
   325.00000000000000        0.0000000000000000        0.0000000000000000       -325.00000000000000        0.0000000000000000     
   314.50665438467627       -31.410369975954929       -287.28702305097403        113.55170935184084        50.000000000000000     
   161.38613741374394       -32.254154512823249        126.28282207525913       -95.172494528090439        0.0000000000000000     
   174.10720820157982        63.664524488778248        161.00420097571535       -18.379214823750662        0.0000000000000000     

 PASSED   1.0000000000000001E-005
 MU_R    =    325.00000000000000     
 ALPHA_S =   0.11839999999999999     
 BORN                    2.5799989106847177E-008
 SINGLE POLE (MadFKS)   -7.4000329601185297E-009
 DOUBLE POLE (MadFKS)   -1.2964628866445306E-009
 SINGLE POLE (MadLoop)  -7.4000329601187199E-009
 DOUBLE POLE (MadLoop)  -1.2964628866445550E-009
 FINITE PART (MadLoop)  -2.4975673483338946E-008
   325.00000000000000        0.0000000000000000        0.0000000000000000        325.00000000000000        0.0000000000000000     
   325.00000000000000        0.0000000000000000        0.0000000000000000       -325.00000000000000        0.0000000000000000     
   116.65540663632738        37.556801386197357       -71.136254284850096        68.099955164785243        50.000000000000000     
   235.92956935854588       -53.235995630317426        36.691583371257138        226.89737366630681        0.0000000000000000     
   297.41502400512672        15.679194244120005        34.444670913592631       -294.99732883109220        0.0000000000000000     

 PASSED   1.0000000000000001E-005
 MU_R    =    325.00000000000000     
 ALPHA_S =   0.11839999999999999     
 BORN                    7.7527364687314907E-012
 SINGLE POLE (MadFKS)   -4.6408008370448926E-013
 DOUBLE POLE (MadFKS)   -3.8957904439496202E-013
 SINGLE POLE (MadLoop)  -4.6408008370449512E-013
 DOUBLE POLE (MadLoop)  -3.8957904439496540E-013
 FINITE PART (MadLoop)  -5.3972093252095935E-013
   325.00000000000000        0.0000000000000000        0.0000000000000000        325.00000000000000        0.0000000000000000     
   325.00000000000000        0.0000000000000000        0.0000000000000000       -325.00000000000000        0.0000000000000000     
   226.47622789918412        10.211949216133108        215.81270614229655        45.957303708866924        50.000000000000000     
   215.42266111399343       -181.94517247684288       -99.022273205662955       -59.139382335203344        0.0000000000000000     
   208.10111098682290        171.73322326070982       -116.79043293663362        13.182078626336413        0.0000000000000000     

 PASSED   1.0000000000000001E-005
 MU_R    =    325.00000000000000     
 ALPHA_S =   0.11839999999999999     
 BORN                    4.1735445388871680E-012
 SINGLE POLE (MadFKS)   -3.3407213105212796E-013
 DOUBLE POLE (MadFKS)   -2.0972278623905174E-013
 SINGLE POLE (MadLoop)  -3.3407213105212660E-013
 DOUBLE POLE (MadLoop)  -2.0972278623905205E-013
 FINITE PART (MadLoop)  -8.1697014398228678E-013
   325.00000000000000        0.0000000000000000        0.0000000000000000        325.00000000000000        0.0000000000000000     
   325.00000000000000        0.0000000000000000        0.0000000000000000       -325.00000000000000        0.0000000000000000     
   280.16849098552166       -3.9343976086679380       -273.59929116343528       -33.501219849837319        50.000000000000000     
   236.48026276629068        117.09090567959943        204.59776421958705        18.772036690017885        0.0000000000000000     
   133.35124624818778       -113.15650807093138        69.001526943847907        14.729183159818900        0.0000000000000000     

 PASSED   1.0000000000000001E-005
 MU_R    =    325.00000000000000     
 ALPHA_S =   0.11839999999999999     
 BORN                    1.6333106826588225E-011
 SINGLE POLE (MadFKS)   -8.1933007862533507E-013
 DOUBLE POLE (MadFKS)   -8.2074712266650751E-013
 SINGLE POLE (MadLoop)  -8.1933007862533729E-013
 DOUBLE POLE (MadLoop)  -8.2074712266651003E-013
 FINITE PART (MadLoop)  -2.1341459521634843E-012
   325.00000000000000        0.0000000000000000        0.0000000000000000        325.00000000000000        0.0000000000000000     
   325.00000000000000        0.0000000000000000        0.0000000000000000       -325.00000000000000        0.0000000000000000     
   196.90827982912668       -150.40835546372577       -29.814900212309478       -112.96578684404052        50.000000000000000     
   214.73184705268392        60.105815850025792       -188.72494066105895        82.945486990792929        0.0000000000000000     
   238.35987311819062        90.302539613699963        218.53984087336843        30.020299853247600        0.0000000000000000     

 PASSED   1.0000000000000001E-005
 MU_R    =    325.00000000000000     
 ALPHA_S =   0.11839999999999999     
 BORN                    7.4306694357480427E-011
 SINGLE POLE (MadFKS)   -4.5295293908124799E-012
 DOUBLE POLE (MadFKS)   -3.7339500828760005E-012
 SINGLE POLE (MadLoop)  -4.5295293908124097E-012
 DOUBLE POLE (MadLoop)  -3.7339500828759609E-012
 FINITE PART (MadLoop)  -1.1444633060584515E-011
   325.00000000000000        0.0000000000000000        0.0000000000000000        325.00000000000000        0.0000000000000000     
   325.00000000000000        0.0000000000000000        0.0000000000000000       -325.00000000000000        0.0000000000000000     
   91.514785845618121       -53.845141480668239        12.119174301807377        53.186298814060940        50.000000000000000     
   281.83084737612467        25.116767160654170       -280.62302840036443        6.9635100021639014        0.0000000000000000     
   276.65436677825704        28.728374320014073        268.50385409855704       -60.149808816224869        0.0000000000000000     

 PASSED   1.0000000000000001E-005
 MU_R    =    325.00000000000000     
 ALPHA_S =   0.11839999999999999     
 BORN                    1.2644140348937181E-010
 SINGLE POLE (MadFKS)   -7.8772488941267490E-012
 DOUBLE POLE (MadFKS)   -6.3537463632382522E-012
 SINGLE POLE (MadLoop)  -7.8772488941267022E-012
 DOUBLE POLE (MadLoop)  -6.3537463632382256E-012
 FINITE PART (MadLoop)  -1.9903918179318084E-011
   325.00000000000000        0.0000000000000000        0.0000000000000000        325.00000000000000        0.0000000000000000     
   325.00000000000000        0.0000000000000000        0.0000000000000000       -325.00000000000000        0.0000000000000000     
   118.33215027199356       -10.414240485149923       -51.517219393805895        93.488060676439304        50.000000000000000     
   235.96266830164907        67.666446032419785       -225.88937678097790       -8.5803479461546193        0.0000000000000000     
   295.70518142635740       -57.252205547269817        277.40659617478377       -84.907712730284686        0.0000000000000000     

 PASSED   1.0000000000000001E-005
 MU_R    =    325.00000000000000     
 ALPHA_S =   0.11839999999999999     
 BORN                    9.3321384931969124E-011
 SINGLE POLE (MadFKS)   -2.2360713177631593E-012
 DOUBLE POLE (MadFKS)   -4.6894481851721632E-012
 SINGLE POLE (MadLoop)  -2.2360713177631706E-012
 DOUBLE POLE (MadLoop)  -4.6894481851721689E-012
 FINITE PART (MadLoop)  -4.0976307632365779E-012
   325.00000000000000        0.0000000000000000        0.0000000000000000        325.00000000000000        0.0000000000000000     
   325.00000000000000        0.0000000000000000        0.0000000000000000       -325.00000000000000        0.0000000000000000     
   65.223852466701416        10.384978066637025       -32.683971631742921        24.042902477216099        50.000000000000000     
   290.29535840931572       -129.89007267289890       -185.49393377110260       -181.63690337908730        0.0000000000000000     
   294.48078912398290        119.50509460626186        218.17790540284554        157.59400090187123        0.0000000000000000     

 PASSED   1.0000000000000001E-005
 MU_R    =    325.00000000000000     
 ALPHA_S =   0.11839999999999999     
 BORN                    8.0500706605584429E-012
 SINGLE POLE (MadFKS)   -3.0503418849620188E-013
 DOUBLE POLE (MadFKS)   -4.0452024235584733E-013
 SINGLE POLE (MadLoop)  -3.0503418849620239E-013
 DOUBLE POLE (MadLoop)  -4.0452024235584727E-013
 FINITE PART (MadLoop)  -2.7547796615319798E-014
   325.00000000000000        0.0000000000000000        0.0000000000000000        325.00000000000000        0.0000000000000000     
   325.00000000000000        0.0000000000000000        0.0000000000000000       -325.00000000000000        0.0000000000000000     
   290.38704016552606        132.27922955235306        250.51057549594822       -39.639501634348683        50.000000000000000     
   77.544601428553023       -72.372423406990052        18.390086613625559       -20.909381991246303        0.0000000000000000     
   282.06835840592095       -59.906806145363049       -268.90066210957372        60.548883625594968        0.0000000000000000     

 PASSED   1.0000000000000001E-005
 MU_R    =    325.00000000000000     
 ALPHA_S =   0.11839999999999999     
 BORN                    7.2889365937100862E-012
 SINGLE POLE (MadFKS)   -3.0760092685896706E-013
 DOUBLE POLE (MadFKS)   -3.6627285917506044E-013
 SINGLE POLE (MadLoop)  -3.0760092685896600E-013
 DOUBLE POLE (MadLoop)  -3.6627285917505943E-013
 FINITE PART (MadLoop)   6.0329726342046653E-013
   325.00000000000000        0.0000000000000000        0.0000000000000000        325.00000000000000        0.0000000000000000     
   325.00000000000000        0.0000000000000000        0.0000000000000000       -325.00000000000000        0.0000000000000000     
   217.36573440744868        117.96878856933991       -131.30631223021905        116.57563976436990        50.000000000000000     
   210.47844029897374        20.266761392138736       -16.083124219283558       -208.88218049587155        0.0000000000000000     
   222.15582529357809       -138.23554996147865        147.38943644950263        92.306540731501670        0.0000000000000000     

 PASSED   1.0000000000000001E-005
 MU_R    =    325.00000000000000     
 ALPHA_S =   0.11839999999999999     
 BORN                    1.9442019257529289E-010
 SINGLE POLE (MadFKS)   -2.1502534333909428E-011
 DOUBLE POLE (MadFKS)   -9.7697159112852006E-012
 SINGLE POLE (MadLoop)  -2.1502534333909144E-011
 DOUBLE POLE (MadLoop)  -9.7697159112851004E-012
 FINITE PART (MadLoop)  -5.2209580247507829E-011
   325.00000000000000        0.0000000000000000        0.0000000000000000        325.00000000000000        0.0000000000000000     
   325.00000000000000        0.0000000000000000        0.0000000000000000       -325.00000000000000        0.0000000000000000     
   200.92401493823996       -15.583065400100200       -49.809666132688278       -187.47433160672531        50.000000000000000     
   285.41931372219818        5.6143385194309037       -90.863564119744893        270.51150911578009        0.0000000000000000     
   163.65667133956291        9.9687268806692160        140.67323025243323       -83.037177509054771        0.0000000000000000     

 PASSED   1.0000000000000001E-005
 MU_R    =    325.00000000000000     
 ALPHA_S =   0.11839999999999999     
 BORN                    6.0059244728513721E-011
 SINGLE POLE (MadFKS)   -1.0886280907278973E-012
 DOUBLE POLE (MadFKS)   -3.0180083203893432E-012
 SINGLE POLE (MadLoop)  -1.0886280907277869E-012
 DOUBLE POLE (MadLoop)  -3.0180083203893553E-012
 FINITE PART (MadLoop)   8.0832505416486588E-012
   325.00000000000000        0.0000000000000000        0.0000000000000000        325.00000000000000        0.0000000000000000     
   325.00000000000000        0.0000000000000000        0.0000000000000000       -325.00000000000000        0.0000000000000000     
   173.73505452268634       -7.2227567317779497       -135.88300977377236       -95.747107580413370        50.000000000000000     
   213.87017597648926        98.333507829679576        117.01162215771579       -149.59697085885395        0.0000000000000000     
   262.39476950082786       -91.110751097901684        18.871387616056555        245.34407843926735        0.0000000000000000     

 PASSED   1.0000000000000001E-005
 MU_R    =    325.00000000000000     
 ALPHA_S =   0.11839999999999999     
 BORN                    6.6187155680857234E-011
 SINGLE POLE (MadFKS)   -3.3889075643225081E-012
 DOUBLE POLE (MadFKS)   -3.3259390365409811E-012
 SINGLE POLE (MadLoop)  -3.3889075643143808E-012
 DOUBLE POLE (MadLoop)  -3.3259390365485336E-012
 FINITE PART (MadLoop)   9.8909428768142461E-012
   325.00000000000000        0.0000000000000000        0.0000000000000000        325.00000000000000        0.0000000000000000     
   325.00000000000000        0.0000000000000000        0.0000000000000000       -325.00000000000000        0.0000000000000000     
   260.81754828941769        143.12345378171383       -211.58492065069785       -16.531540355767756        50.000000000000000     
   256.49614159251871       -128.04249826733425        190.98023161985716       -113.67471319398551        0.0000000000000000     
   132.68631011806377       -15.080955514379516        20.604689030840714        130.20625354975334        0.0000000000000000     

 PASSED   1.0000000000000001E-005
 MU_R    =    325.00000000000000     
 ALPHA_S =   0.11839999999999999     
 BORN                    1.3114215581477260E-010
 SINGLE POLE (MadFKS)   -1.0190122422947934E-011
 DOUBLE POLE (MadFKS)   -6.5899616152661187E-012
 SINGLE POLE (MadLoop)  -1.0190122422948115E-011
 DOUBLE POLE (MadLoop)  -6.5899616152662083E-012
 FINITE PART (MadLoop)  -1.8225620375228105E-011
   325.00000000000000        0.0000000000000000        0.0000000000000000        325.00000000000000        0.0000000000000000     
   325.00000000000000        0.0000000000000000        0.0000000000000000       -325.00000000000000        0.0000000000000000     
   265.86806841196272       -121.15453610871199        166.94093732486880        160.11911699258479        50.000000000000000     
   82.832874571388899        24.098901042865990        78.009425542844568       -13.966302472773279        0.0000000000000000     
   301.29905701664848        97.055635065845976       -244.95036286771327       -146.15281451981153        0.0000000000000000     

 PASSED   1.0000000000000001E-005
 MU_R    =    325.00000000000000     
 ALPHA_S =   0.11839999999999999     
 BORN                    1.6118024170892673E-011
 SINGLE POLE (MadFKS)   -6.7509382057300825E-012
 DOUBLE POLE (MadFKS)   -8.0993910722450779E-013
 SINGLE POLE (MadLoop)  -6.7509382058121293E-012
 DOUBLE POLE (MadLoop)  -8.0993910722772685E-013
 FINITE PART (MadLoop)  -3.8260929408446838E-011
   325.00000000000000        0.0000000000000000        0.0000000000000000        325.00000000000000        0.0000000000000000     
   325.00000000000000        0.0000000000000000        0.0000000000000000       -325.00000000000000        0.0000000000000000     
   323.16444806263394       -19.664368484246321        310.53795826322937       -71.517477454448212        50.000000000000000     
   321.70499848773744        19.851468426887212       -311.85230712121665        76.473288123800572        0.0000000000000000     
   5.1305534496286000      -0.18709994264097690        1.3143488579873517       -4.9558106693523944        0.0000000000000000     

 PASSED   1.0000000000000001E-005
 MU_R    =    325.00000000000000     
 ALPHA_S =   0.11839999999999999     
 BORN                    1.0540991721186999E-011
 SINGLE POLE (MadFKS)   -3.9106300878780458E-013
 DOUBLE POLE (MadFKS)   -5.2969032267224138E-013
 SINGLE POLE (MadLoop)  -3.9106300878780241E-013
 DOUBLE POLE (MadLoop)  -5.2969032267224199E-013
 FINITE PART (MadLoop)  -1.0514578284993242E-012
   325.00000000000000        0.0000000000000000        0.0000000000000000        325.00000000000000        0.0000000000000000     
   325.00000000000000        0.0000000000000000        0.0000000000000000       -325.00000000000000        0.0000000000000000     
   206.79279507035554        107.88138302698270        4.8125229350087100       -169.12039176928235        50.000000000000000     
   225.17377776213090       -147.39109817899902        165.68412900219730        39.087897948616266        0.0000000000000000     
   218.03342716751442        39.509715152016156       -170.49665193720617        130.03249382066610        0.0000000000000000     

 PASSED   1.0000000000000001E-005
 MU_R    =    325.00000000000000     
 ALPHA_S =   0.11839999999999999     
 BORN                    8.5374074024457909E-013
 SINGLE POLE (MadFKS)   -8.4902153128326837E-014
 DOUBLE POLE (MadFKS)   -4.2900916739138275E-014
 SINGLE POLE (MadLoop)  -8.4902153128334701E-014
 DOUBLE POLE (MadLoop)  -4.2900916739136060E-014
 FINITE PART (MadLoop)  -6.2812654569136512E-013
   325.00000000000000        0.0000000000000000        0.0000000000000000        325.00000000000000        0.0000000000000000     
   325.00000000000000        0.0000000000000000        0.0000000000000000       -325.00000000000000        0.0000000000000000     
   324.91941319625352       -14.212289822649842       -281.65029694440284       -153.43971494018260        50.000000000000000     
   245.63943477562023        23.564003057809408        205.66591049162315        132.23086983919185        0.0000000000000000     
   79.441152028126226       -9.3517132351601759        75.984386452779773        21.208845100990601        0.0000000000000000     

 PASSED   1.0000000000000001E-005
 MU_R    =    325.00000000000000     
 ALPHA_S =   0.11839999999999999     
 BORN                    3.3057066524659278E-011
 SINGLE POLE (MadFKS)   -2.7598392320381850E-012
 DOUBLE POLE (MadFKS)   -1.6611348056416799E-012
 SINGLE POLE (MadLoop)  -2.7598392320381499E-012
 DOUBLE POLE (MadLoop)  -1.6611348056416555E-012
 FINITE PART (MadLoop)  -5.9972324263156191E-012
   325.00000000000000        0.0000000000000000        0.0000000000000000        325.00000000000000        0.0000000000000000     
   325.00000000000000        0.0000000000000000        0.0000000000000000       -325.00000000000000        0.0000000000000000     
   136.82038291288265       -3.6694970645611966        99.236561149838920        79.739932924948562        50.000000000000000     
   288.91003933198255        147.34201898189184       -248.43559851346581        6.2524923353477746        0.0000000000000000     
   224.26957775513478       -143.67252191733067        149.19903736362690       -85.992425260296329        0.0000000000000000     

 PASSED   1.0000000000000001E-005
 MU_R    =    325.00000000000000     
 ALPHA_S =   0.11839999999999999     
 BORN                    1.1730789684161660E-010
 SINGLE POLE (MadFKS)   -1.3618168224088706E-011
 DOUBLE POLE (MadFKS)   -5.8947828983818620E-012
 SINGLE POLE (MadLoop)  -1.3618168224088811E-011
 DOUBLE POLE (MadLoop)  -5.8947828983818862E-012
 FINITE PART (MadLoop)  -3.3511970753599403E-011
Thanks for using LHAPDF 6.2.1. Please make sure to cite the paper:
  Eur.Phys.J. C75 (2015) 3, 132  (http://arxiv.org/abs/1412.7420)
   325.00000000000000        0.0000000000000000        0.0000000000000000        325.00000000000000        0.0000000000000000     
   325.00000000000000        0.0000000000000000        0.0000000000000000       -325.00000000000000        0.0000000000000000     
   127.04282551404184       -92.630817287490785        7.4735058839316038       -70.735831889118359        50.000000000000000     
   315.25555504676868        225.95487014905888        76.336692733749942        206.16297190873337        0.0000000000000000     
   207.70161943918939       -133.32405286156811       -83.810198617681522       -135.42714001961505        0.0000000000000000     

 NUMBER OF POINTS PASSING THE CHECK          20
 NUMBER OF POINTS FAILING THE CHECK           0
 TOLERANCE    1.0000000000000001E-005
