000 (2026411.000.000) 03/26 05:00:15 Job submitted from host: <188.184.90.241:9618?addrs=188.184.90.241-9618+[2001-1458-201-e4--100-2eb]-9618&noUDP&sock=1085125_1257_99>
...
001 (2026411.000.000) 03/26 05:08:00 Job executing on host: <188.185.218.229:9618?addrs=188.185.218.229-9618+[--1]-9618&noUDP&sock=9280_335f_3>
...
006 (2026411.000.000) 03/26 05:08:18 Image size of job updated: 1308
	2  -  MemoryUsage of job (MB)
	1308  -  ResidentSetSize of job (KB)
...
006 (2026411.000.000) 03/26 05:08:39 Image size of job updated: 371576
	2  -  MemoryUsage of job (MB)
	1308  -  ResidentSetSize of job (KB)
...
005 (2026411.000.000) 03/26 05:08:43 Job terminated.
	(1) Normal termination (return value 1)
		Usr 0 00:00:00, Sys 0 00:00:00  -  Run Remote Usage
		Usr 0 00:00:00, Sys 0 00:00:00  -  Run Local Usage
		Usr 0 00:00:00, Sys 0 00:00:00  -  Total Remote Usage
		Usr 0 00:00:00, Sys 0 00:00:00  -  Total Local Usage
	94  -  Run Bytes Sent By Job
	28929  -  Run Bytes Received By Job
	94  -  Total Bytes Sent By Job
	28929  -  Total Bytes Received By Job
	Partitionable Resources :    Usage  Request Allocated
	   Cpus                 :                 1         1
	   Disk (KB)            :       42       30   2069397
	   Memory (MB)          :        2     2000      2000
...
