# mur		muf		alpsfact	dynamical_scale	pdf		cross-section
1.0		1.0		1.0		-1		82200		9.636883914e-05
2.0		1.0		1.0		-1		82200		9.5508206726e-05
0.5		1.0		1.0		-1		82200		9.74364486044e-05
1.0		2.0		1.0		-1		82200		0.000106492570506
2.0		2.0		1.0		-1		82200		0.000105579148665
0.5		2.0		1.0		-1		82200		0.000107624676033
1.0		0.5		1.0		-1		82200		8.62159939435e-05
2.0		0.5		1.0		-1		82200		8.53988913287e-05
0.5		0.5		1.0		-1		82200		8.72304748813e-05
1.0		1.0		1.0		-1		306000		0.0
1.0		1.0		1.0		-1		306001		0.0
1.0		1.0		1.0		-1		306002		0.0
1.0		1.0		1.0		-1		306003		0.0
1.0		1.0		1.0		-1		306004		0.0
1.0		1.0		1.0		-1		306005		0.0
1.0		1.0		1.0		-1		306006		0.0
1.0		1.0		1.0		-1		306007		0.0
1.0		1.0		1.0		-1		306008		0.0
1.0		1.0		1.0		-1		306009		0.0
1.0		1.0		1.0		-1		306010		0.0
1.0		1.0		1.0		-1		306011		0.0
1.0		1.0		1.0		-1		306012		0.0
1.0		1.0		1.0		-1		306013		0.0
1.0		1.0		1.0		-1		306014		0.0
1.0		1.0		1.0		-1		306015		0.0
1.0		1.0		1.0		-1		306016		0.0
1.0		1.0		1.0		-1		306017		0.0
1.0		1.0		1.0		-1		306018		0.0
1.0		1.0		1.0		-1		306019		0.0
1.0		1.0		1.0		-1		306020		0.0
1.0		1.0		1.0		-1		306021		0.0
1.0		1.0		1.0		-1		306022		0.0
1.0		1.0		1.0		-1		306023		0.0
1.0		1.0		1.0		-1		306024		0.0
1.0		1.0		1.0		-1		306025		0.0
1.0		1.0		1.0		-1		306026		0.0
1.0		1.0		1.0		-1		306027		0.0
1.0		1.0		1.0		-1		306028		0.0
1.0		1.0		1.0		-1		306029		0.0
1.0		1.0		1.0		-1		306030		0.0
1.0		1.0		1.0		-1		306031		0.0
1.0		1.0		1.0		-1		306032		0.0
1.0		1.0		1.0		-1		306033		0.0
1.0		1.0		1.0		-1		306034		0.0
1.0		1.0		1.0		-1		306035		0.0
1.0		1.0		1.0		-1		306036		0.0
1.0		1.0		1.0		-1		306037		0.0
1.0		1.0		1.0		-1		306038		0.0
1.0		1.0		1.0		-1		306039		0.0
1.0		1.0		1.0		-1		306040		0.0
1.0		1.0		1.0		-1		306041		0.0
1.0		1.0		1.0		-1		306042		0.0
1.0		1.0		1.0		-1		306043		0.0
1.0		1.0		1.0		-1		306044		0.0
1.0		1.0		1.0		-1		306045		0.0
1.0		1.0		1.0		-1		306046		0.0
1.0		1.0		1.0		-1		306047		0.0
1.0		1.0		1.0		-1		306048		0.0
1.0		1.0		1.0		-1		306049		0.0
1.0		1.0		1.0		-1		306050		0.0
1.0		1.0		1.0		-1		306051		0.0
1.0		1.0		1.0		-1		306052		0.0
1.0		1.0		1.0		-1		306053		0.0
1.0		1.0		1.0		-1		306054		0.0
1.0		1.0		1.0		-1		306055		0.0
1.0		1.0		1.0		-1		306056		0.0
1.0		1.0		1.0		-1		306057		0.0
1.0		1.0		1.0		-1		306058		0.0
1.0		1.0		1.0		-1		306059		0.0
1.0		1.0		1.0		-1		306060		0.0
1.0		1.0		1.0		-1		306061		0.0
1.0		1.0		1.0		-1		306062		0.0
1.0		1.0		1.0		-1		306063		0.0
1.0		1.0		1.0		-1		306064		0.0
1.0		1.0		1.0		-1		306065		0.0
1.0		1.0		1.0		-1		306066		0.0
1.0		1.0		1.0		-1		306067		0.0
1.0		1.0		1.0		-1		306068		0.0
1.0		1.0		1.0		-1		306069		0.0
1.0		1.0		1.0		-1		306070		0.0
1.0		1.0		1.0		-1		306071		0.0
1.0		1.0		1.0		-1		306072		0.0
1.0		1.0		1.0		-1		306073		0.0
1.0		1.0		1.0		-1		306074		0.0
1.0		1.0		1.0		-1		306075		0.0
1.0		1.0		1.0		-1		306076		0.0
1.0		1.0		1.0		-1		306077		0.0
1.0		1.0		1.0		-1		306078		0.0
1.0		1.0		1.0		-1		306079		0.0
1.0		1.0		1.0		-1		306080		0.0
1.0		1.0		1.0		-1		306081		0.0
1.0		1.0		1.0		-1		306082		0.0
1.0		1.0		1.0		-1		306083		0.0
1.0		1.0		1.0		-1		306084		0.0
1.0		1.0		1.0		-1		306085		0.0
1.0		1.0		1.0		-1		306086		0.0
1.0		1.0		1.0		-1		306087		0.0
1.0		1.0		1.0		-1		306088		0.0
1.0		1.0		1.0		-1		306089		0.0
1.0		1.0		1.0		-1		306090		0.0
1.0		1.0		1.0		-1		306091		0.0
1.0		1.0		1.0		-1		306092		0.0
1.0		1.0		1.0		-1		306093		0.0
1.0		1.0		1.0		-1		306094		0.0
1.0		1.0		1.0		-1		306095		0.0
1.0		1.0		1.0		-1		306096		0.0
1.0		1.0		1.0		-1		306097		0.0
1.0		1.0		1.0		-1		306098		0.0
1.0		1.0		1.0		-1		306099		0.0
1.0		1.0		1.0		-1		306100		0.0
1.0		1.0		1.0		-1		306101		0.0
1.0		1.0		1.0		-1		306102		0.0
1.0		1.0		1.0		-1		322500		0.0
1.0		1.0		1.0		-1		322700		0.0
1.0		1.0		1.0		-1		322900		0.0
1.0		1.0		1.0		-1		323100		0.0
1.0		1.0		1.0		-1		323300		0.0
1.0		1.0		1.0		-1		323500		0.0
1.0		1.0		1.0		-1		323700		0.0
1.0		1.0		1.0		-1		323900		0.0
1.0		1.0		1.0		-1		305800		0.0
1.0		1.0		1.0		-1		305801		0.0
1.0		1.0		1.0		-1		305802		0.0
1.0		1.0		1.0		-1		305803		0.0
1.0		1.0		1.0		-1		305804		0.0
1.0		1.0		1.0		-1		305805		0.0
1.0		1.0		1.0		-1		305806		0.0
1.0		1.0		1.0		-1		305807		0.0
1.0		1.0		1.0		-1		305808		0.0
1.0		1.0		1.0		-1		305809		0.0
1.0		1.0		1.0		-1		305810		0.0
1.0		1.0		1.0		-1		305811		0.0
1.0		1.0		1.0		-1		305812		0.0
1.0		1.0		1.0		-1		305813		0.0
1.0		1.0		1.0		-1		305814		0.0
1.0		1.0		1.0		-1		305815		0.0
1.0		1.0		1.0		-1		305816		0.0
1.0		1.0		1.0		-1		305817		0.0
1.0		1.0		1.0		-1		305818		0.0
1.0		1.0		1.0		-1		305819		0.0
1.0		1.0		1.0		-1		305820		0.0
1.0		1.0		1.0		-1		305821		0.0
1.0		1.0		1.0		-1		305822		0.0
1.0		1.0		1.0		-1		305823		0.0
1.0		1.0		1.0		-1		305824		0.0
1.0		1.0		1.0		-1		305825		0.0
1.0		1.0		1.0		-1		305826		0.0
1.0		1.0		1.0		-1		305827		0.0
1.0		1.0		1.0		-1		305828		0.0
1.0		1.0		1.0		-1		305829		0.0
1.0		1.0		1.0		-1		305830		0.0
1.0		1.0		1.0		-1		305831		0.0
1.0		1.0		1.0		-1		305832		0.0
1.0		1.0		1.0		-1		305833		0.0
1.0		1.0		1.0		-1		305834		0.0
1.0		1.0		1.0		-1		305835		0.0
1.0		1.0		1.0		-1		305836		0.0
1.0		1.0		1.0		-1		305837		0.0
1.0		1.0		1.0		-1		305838		0.0
1.0		1.0		1.0		-1		305839		0.0
1.0		1.0		1.0		-1		305840		0.0
1.0		1.0		1.0		-1		305841		0.0
1.0		1.0		1.0		-1		305842		0.0
1.0		1.0		1.0		-1		305843		0.0
1.0		1.0		1.0		-1		305844		0.0
1.0		1.0		1.0		-1		305845		0.0
1.0		1.0		1.0		-1		305846		0.0
1.0		1.0		1.0		-1		305847		0.0
1.0		1.0		1.0		-1		305848		0.0
1.0		1.0		1.0		-1		305849		0.0
1.0		1.0		1.0		-1		305850		0.0
1.0		1.0		1.0		-1		305851		0.0
1.0		1.0		1.0		-1		305852		0.0
1.0		1.0		1.0		-1		305853		0.0
1.0		1.0		1.0		-1		305854		0.0
1.0		1.0		1.0		-1		305855		0.0
1.0		1.0		1.0		-1		305856		0.0
1.0		1.0		1.0		-1		305857		0.0
1.0		1.0		1.0		-1		305858		0.0
1.0		1.0		1.0		-1		305859		0.0
1.0		1.0		1.0		-1		305860		0.0
1.0		1.0		1.0		-1		305861		0.0
1.0		1.0		1.0		-1		305862		0.0
1.0		1.0		1.0		-1		305863		0.0
1.0		1.0		1.0		-1		305864		0.0
1.0		1.0		1.0		-1		305865		0.0
1.0		1.0		1.0		-1		305866		0.0
1.0		1.0		1.0		-1		305867		0.0
1.0		1.0		1.0		-1		305868		0.0
1.0		1.0		1.0		-1		305869		0.0
1.0		1.0		1.0		-1		305870		0.0
1.0		1.0		1.0		-1		305871		0.0
1.0		1.0		1.0		-1		305872		0.0
1.0		1.0		1.0		-1		305873		0.0
1.0		1.0		1.0		-1		305874		0.0
1.0		1.0		1.0		-1		305875		0.0
1.0		1.0		1.0		-1		305876		0.0
1.0		1.0		1.0		-1		305877		0.0
1.0		1.0		1.0		-1		305878		0.0
1.0		1.0		1.0		-1		305879		0.0
1.0		1.0		1.0		-1		305880		0.0
1.0		1.0		1.0		-1		305881		0.0
1.0		1.0		1.0		-1		305882		0.0
1.0		1.0		1.0		-1		305883		0.0
1.0		1.0		1.0		-1		305884		0.0
1.0		1.0		1.0		-1		305885		0.0
1.0		1.0		1.0		-1		305886		0.0
1.0		1.0		1.0		-1		305887		0.0
1.0		1.0		1.0		-1		305888		0.0
1.0		1.0		1.0		-1		305889		0.0
1.0		1.0		1.0		-1		305890		0.0
1.0		1.0		1.0		-1		305891		0.0
1.0		1.0		1.0		-1		305892		0.0
1.0		1.0		1.0		-1		305893		0.0
1.0		1.0		1.0		-1		305894		0.0
1.0		1.0		1.0		-1		305895		0.0
1.0		1.0		1.0		-1		305896		0.0
1.0		1.0		1.0		-1		305897		0.0
1.0		1.0		1.0		-1		305898		0.0
1.0		1.0		1.0		-1		305899		0.0
1.0		1.0		1.0		-1		305900		0.0
1.0		1.0		1.0		-1		305901		0.0
1.0		1.0		1.0		-1		305902		0.0
1.0		1.0		1.0		-1		13000		0.0
1.0		1.0		1.0		-1		13001		0.0
1.0		1.0		1.0		-1		13002		0.0
1.0		1.0		1.0		-1		13003		0.0
1.0		1.0		1.0		-1		13004		0.0
1.0		1.0		1.0		-1		13005		0.0
1.0		1.0		1.0		-1		13006		0.0
1.0		1.0		1.0		-1		13007		0.0
1.0		1.0		1.0		-1		13008		0.0
1.0		1.0		1.0		-1		13009		0.0
1.0		1.0		1.0		-1		13010		0.0
1.0		1.0		1.0		-1		13011		0.0
1.0		1.0		1.0		-1		13012		0.0
1.0		1.0		1.0		-1		13013		0.0
1.0		1.0		1.0		-1		13014		0.0
1.0		1.0		1.0		-1		13015		0.0
1.0		1.0		1.0		-1		13016		0.0
1.0		1.0		1.0		-1		13017		0.0
1.0		1.0		1.0		-1		13018		0.0
1.0		1.0		1.0		-1		13019		0.0
1.0		1.0		1.0		-1		13020		0.0
1.0		1.0		1.0		-1		13021		0.0
1.0		1.0		1.0		-1		13022		0.0
1.0		1.0		1.0		-1		13023		0.0
1.0		1.0		1.0		-1		13024		0.0
1.0		1.0		1.0		-1		13025		0.0
1.0		1.0		1.0		-1		13026		0.0
1.0		1.0		1.0		-1		13027		0.0
1.0		1.0		1.0		-1		13028		0.0
1.0		1.0		1.0		-1		13029		0.0
1.0		1.0		1.0		-1		13030		0.0
1.0		1.0		1.0		-1		13031		0.0
1.0		1.0		1.0		-1		13032		0.0
1.0		1.0		1.0		-1		13033		0.0
1.0		1.0		1.0		-1		13034		0.0
1.0		1.0		1.0		-1		13035		0.0
1.0		1.0		1.0		-1		13036		0.0
1.0		1.0		1.0		-1		13037		0.0
1.0		1.0		1.0		-1		13038		0.0
1.0		1.0		1.0		-1		13039		0.0
1.0		1.0		1.0		-1		13040		0.0
1.0		1.0		1.0		-1		13041		0.0
1.0		1.0		1.0		-1		13042		0.0
1.0		1.0		1.0		-1		13043		0.0
1.0		1.0		1.0		-1		13044		0.0
1.0		1.0		1.0		-1		13045		0.0
1.0		1.0		1.0		-1		13046		0.0
1.0		1.0		1.0		-1		13047		0.0
1.0		1.0		1.0		-1		13048		0.0
1.0		1.0		1.0		-1		13049		0.0
1.0		1.0		1.0		-1		13050		0.0
1.0		1.0		1.0		-1		13051		0.0
1.0		1.0		1.0		-1		13052		0.0
1.0		1.0		1.0		-1		13053		0.0
1.0		1.0		1.0		-1		13054		0.0
1.0		1.0		1.0		-1		13055		0.0
1.0		1.0		1.0		-1		13056		0.0
1.0		1.0		1.0		-1		13065		0.0
1.0		1.0		1.0		-1		13069		0.0
1.0		1.0		1.0		-1		13100		0.0
1.0		1.0		1.0		-1		13101		0.0
1.0		1.0		1.0		-1		13102		0.0
1.0		1.0		1.0		-1		13103		0.0
1.0		1.0		1.0		-1		13104		0.0
1.0		1.0		1.0		-1		13105		0.0
1.0		1.0		1.0		-1		13106		0.0
1.0		1.0		1.0		-1		13107		0.0
1.0		1.0		1.0		-1		13108		0.0
1.0		1.0		1.0		-1		13109		0.0
1.0		1.0		1.0		-1		13110		0.0
1.0		1.0		1.0		-1		13111		0.0
1.0		1.0		1.0		-1		13112		0.0
1.0		1.0		1.0		-1		13113		0.0
1.0		1.0		1.0		-1		13114		0.0
1.0		1.0		1.0		-1		13115		0.0
1.0		1.0		1.0		-1		13116		0.0
1.0		1.0		1.0		-1		13117		0.0
1.0		1.0		1.0		-1		13118		0.0
1.0		1.0		1.0		-1		13119		0.0
1.0		1.0		1.0		-1		13120		0.0
1.0		1.0		1.0		-1		13121		0.0
1.0		1.0		1.0		-1		13122		0.0
1.0		1.0		1.0		-1		13123		0.0
1.0		1.0		1.0		-1		13124		0.0
1.0		1.0		1.0		-1		13125		0.0
1.0		1.0		1.0		-1		13126		0.0
1.0		1.0		1.0		-1		13127		0.0
1.0		1.0		1.0		-1		13128		0.0
1.0		1.0		1.0		-1		13129		0.0
1.0		1.0		1.0		-1		13130		0.0
1.0		1.0		1.0		-1		13131		0.0
1.0		1.0		1.0		-1		13132		0.0
1.0		1.0		1.0		-1		13133		0.0
1.0		1.0		1.0		-1		13134		0.0
1.0		1.0		1.0		-1		13135		0.0
1.0		1.0		1.0		-1		13136		0.0
1.0		1.0		1.0		-1		13137		0.0
1.0		1.0		1.0		-1		13138		0.0
1.0		1.0		1.0		-1		13139		0.0
1.0		1.0		1.0		-1		13140		0.0
1.0		1.0		1.0		-1		13141		0.0
1.0		1.0		1.0		-1		13142		0.0
1.0		1.0		1.0		-1		13143		0.0
1.0		1.0		1.0		-1		13144		0.0
1.0		1.0		1.0		-1		13145		0.0
1.0		1.0		1.0		-1		13146		0.0
1.0		1.0		1.0		-1		13147		0.0
1.0		1.0		1.0		-1		13148		0.0
1.0		1.0		1.0		-1		13149		0.0
1.0		1.0		1.0		-1		13150		0.0
1.0		1.0		1.0		-1		13151		0.0
1.0		1.0		1.0		-1		13152		0.0
1.0		1.0		1.0		-1		13153		0.0
1.0		1.0		1.0		-1		13154		0.0
1.0		1.0		1.0		-1		13155		0.0
1.0		1.0		1.0		-1		13156		0.0
1.0		1.0		1.0		-1		13163		0.0
1.0		1.0		1.0		-1		13167		0.0
1.0		1.0		1.0		-1		13200		0.0
1.0		1.0		1.0		-1		25200		0.0
1.0		1.0		1.0		-1		25201		0.0
1.0		1.0		1.0		-1		25202		0.0
1.0		1.0		1.0		-1		25203		0.0
1.0		1.0		1.0		-1		25204		0.0
1.0		1.0		1.0		-1		25205		0.0
1.0		1.0		1.0		-1		25206		0.0
1.0		1.0		1.0		-1		25207		0.0
1.0		1.0		1.0		-1		25208		0.0
1.0		1.0		1.0		-1		25209		0.0
1.0		1.0		1.0		-1		25210		0.0
1.0		1.0		1.0		-1		25211		0.0
1.0		1.0		1.0		-1		25212		0.0
1.0		1.0		1.0		-1		25213		0.0
1.0		1.0		1.0		-1		25214		0.0
1.0		1.0		1.0		-1		25215		0.0
1.0		1.0		1.0		-1		25216		0.0
1.0		1.0		1.0		-1		25217		0.0
1.0		1.0		1.0		-1		25218		0.0
1.0		1.0		1.0		-1		25219		0.0
1.0		1.0		1.0		-1		25220		0.0
1.0		1.0		1.0		-1		25221		0.0
1.0		1.0		1.0		-1		25222		0.0
1.0		1.0		1.0		-1		25223		0.0
1.0		1.0		1.0		-1		25224		0.0
1.0		1.0		1.0		-1		25225		0.0
1.0		1.0		1.0		-1		25226		0.0
1.0		1.0		1.0		-1		25227		0.0
1.0		1.0		1.0		-1		25228		0.0
1.0		1.0		1.0		-1		25229		0.0
1.0		1.0		1.0		-1		25230		0.0
1.0		1.0		1.0		-1		25231		0.0
1.0		1.0		1.0		-1		25232		0.0
1.0		1.0		1.0		-1		25233		0.0
1.0		1.0		1.0		-1		25234		0.0
1.0		1.0		1.0		-1		25235		0.0
1.0		1.0		1.0		-1		25236		0.0
1.0		1.0		1.0		-1		25237		0.0
1.0		1.0		1.0		-1		25238		0.0
1.0		1.0		1.0		-1		25239		0.0
1.0		1.0		1.0		-1		25240		0.0
1.0		1.0		1.0		-1		25241		0.0
1.0		1.0		1.0		-1		25242		0.0
1.0		1.0		1.0		-1		25243		0.0
1.0		1.0		1.0		-1		25244		0.0
1.0		1.0		1.0		-1		25245		0.0
1.0		1.0		1.0		-1		25246		0.0
1.0		1.0		1.0		-1		25247		0.0
1.0		1.0		1.0		-1		25248		0.0
1.0		1.0		1.0		-1		25249		0.0
1.0		1.0		1.0		-1		25250		0.0
1.0		1.0		1.0		-1		25300		0.0
1.0		1.0		1.0		-1		25301		0.0
1.0		1.0		1.0		-1		25302		0.0
1.0		1.0		1.0		-1		25303		0.0
1.0		1.0		1.0		-1		25304		0.0
1.0		1.0		1.0		-1		25305		0.0
1.0		1.0		1.0		-1		25306		0.0
1.0		1.0		1.0		-1		25307		0.0
1.0		1.0		1.0		-1		25308		0.0
1.0		1.0		1.0		-1		25309		0.0
1.0		1.0		1.0		-1		25310		0.0
1.0		1.0		1.0		-1		25311		0.0
1.0		1.0		1.0		-1		25312		0.0
1.0		1.0		1.0		-1		25313		0.0
1.0		1.0		1.0		-1		25314		0.0
1.0		1.0		1.0		-1		25315		0.0
1.0		1.0		1.0		-1		25316		0.0
1.0		1.0		1.0		-1		25317		0.0
1.0		1.0		1.0		-1		25318		0.0
1.0		1.0		1.0		-1		25319		0.0
1.0		1.0		1.0		-1		25320		0.0
1.0		1.0		1.0		-1		25321		0.0
1.0		1.0		1.0		-1		25322		0.0
1.0		1.0		1.0		-1		25323		0.0
1.0		1.0		1.0		-1		25324		0.0
1.0		1.0		1.0		-1		25325		0.0
1.0		1.0		1.0		-1		25326		0.0
1.0		1.0		1.0		-1		25327		0.0
1.0		1.0		1.0		-1		25328		0.0
1.0		1.0		1.0		-1		25329		0.0
1.0		1.0		1.0		-1		25330		0.0
1.0		1.0		1.0		-1		25331		0.0
1.0		1.0		1.0		-1		25332		0.0
1.0		1.0		1.0		-1		25333		0.0
1.0		1.0		1.0		-1		25334		0.0
1.0		1.0		1.0		-1		25335		0.0
1.0		1.0		1.0		-1		25336		0.0
1.0		1.0		1.0		-1		25337		0.0
1.0		1.0		1.0		-1		25338		0.0
1.0		1.0		1.0		-1		25339		0.0
1.0		1.0		1.0		-1		25340		0.0
1.0		1.0		1.0		-1		25341		0.0
1.0		1.0		1.0		-1		25342		0.0
1.0		1.0		1.0		-1		25343		0.0
1.0		1.0		1.0		-1		25344		0.0
1.0		1.0		1.0		-1		25345		0.0
1.0		1.0		1.0		-1		25346		0.0
1.0		1.0		1.0		-1		25347		0.0
1.0		1.0		1.0		-1		25348		0.0
1.0		1.0		1.0		-1		25349		0.0
1.0		1.0		1.0		-1		25350		0.0
1.0		1.0		1.0		-1		25000		0.0
1.0		1.0		1.0		-1		42780		0.0
1.0		1.0		1.0		-1		42781		0.0
1.0		1.0		1.0		-1		42782		0.0
1.0		1.0		1.0		-1		42783		0.0
1.0		1.0		1.0		-1		42784		0.0
1.0		1.0		1.0		-1		42785		0.0
1.0		1.0		1.0		-1		42786		0.0
1.0		1.0		1.0		-1		42787		0.0
1.0		1.0		1.0		-1		42788		0.0
1.0		1.0		1.0		-1		42789		0.0
1.0		1.0		1.0		-1		42790		0.0
1.0		1.0		1.0		-1		42791		0.0
1.0		1.0		1.0		-1		42792		0.0
1.0		1.0		1.0		-1		42793		0.0
1.0		1.0		1.0		-1		42794		0.0
1.0		1.0		1.0		-1		42795		0.0
1.0		1.0		1.0		-1		42796		0.0
1.0		1.0		1.0		-1		42797		0.0
1.0		1.0		1.0		-1		42798		0.0
1.0		1.0		1.0		-1		42799		0.0
1.0		1.0		1.0		-1		42800		0.0
1.0		1.0		1.0		-1		42801		0.0
1.0		1.0		1.0		-1		42802		0.0
1.0		1.0		1.0		-1		42803		0.0
1.0		1.0		1.0		-1		42804		0.0
1.0		1.0		1.0		-1		42805		0.0
1.0		1.0		1.0		-1		42806		0.0
1.0		1.0		1.0		-1		42807		0.0
1.0		1.0		1.0		-1		42808		0.0
1.0		1.0		1.0		-1		42809		0.0
1.0		1.0		1.0		-1		90200		0.0
1.0		1.0		1.0		-1		90201		0.0
1.0		1.0		1.0		-1		90202		0.0
1.0		1.0		1.0		-1		90203		0.0
1.0		1.0		1.0		-1		90204		0.0
1.0		1.0		1.0		-1		90205		0.0
1.0		1.0		1.0		-1		90206		0.0
1.0		1.0		1.0		-1		90207		0.0
1.0		1.0		1.0		-1		90208		0.0
1.0		1.0		1.0		-1		90209		0.0
1.0		1.0		1.0		-1		90210		0.0
1.0		1.0		1.0		-1		90211		0.0
1.0		1.0		1.0		-1		90212		0.0
1.0		1.0		1.0		-1		90213		0.0
1.0		1.0		1.0		-1		90214		0.0
1.0		1.0		1.0		-1		90215		0.0
1.0		1.0		1.0		-1		90216		0.0
1.0		1.0		1.0		-1		90217		0.0
1.0		1.0		1.0		-1		90218		0.0
1.0		1.0		1.0		-1		90219		0.0
1.0		1.0		1.0		-1		90220		0.0
1.0		1.0		1.0		-1		90221		0.0
1.0		1.0		1.0		-1		90222		0.0
1.0		1.0		1.0		-1		90223		0.0
1.0		1.0		1.0		-1		90224		0.0
1.0		1.0		1.0		-1		90225		0.0
1.0		1.0		1.0		-1		90226		0.0
1.0		1.0		1.0		-1		90227		0.0
1.0		1.0		1.0		-1		90228		0.0
1.0		1.0		1.0		-1		90229		0.0
1.0		1.0		1.0		-1		90230		0.0
1.0		1.0		1.0		-1		90231		0.0
1.0		1.0		1.0		-1		90232		0.0
1.0		1.0		1.0		-1		90233		0.0
1.0		1.0		1.0		-1		90234		0.0
1.0		1.0		1.0		-1		90235		0.0
1.0		1.0		1.0		-1		90236		0.0
1.0		1.0		1.0		-1		90237		0.0
1.0		1.0		1.0		-1		90238		0.0
1.0		1.0		1.0		-1		90239		0.0
1.0		1.0		1.0		-1		90240		0.0
1.0		1.0		1.0		-1		90241		0.0
1.0		1.0		1.0		-1		90242		0.0
1.0		1.0		1.0		-1		90243		0.0
1.0		1.0		1.0		-1		90244		0.0
1.0		1.0		1.0		-1		90245		0.0
1.0		1.0		1.0		-1		90246		0.0
1.0		1.0		1.0		-1		90247		0.0
1.0		1.0		1.0		-1		90248		0.0
1.0		1.0		1.0		-1		90249		0.0
1.0		1.0		1.0		-1		90250		0.0
1.0		1.0		1.0		-1		90251		0.0
1.0		1.0		1.0		-1		90252		0.0
1.0		1.0		1.0		-1		90253		0.0
1.0		1.0		1.0		-1		90254		0.0
1.0		1.0		1.0		-1		90255		0.0
1.0		1.0		1.0		-1		90256		0.0
1.0		1.0		1.0		-1		90257		0.0
1.0		1.0		1.0		-1		90258		0.0
1.0		1.0		1.0		-1		90259		0.0
1.0		1.0		1.0		-1		90260		0.0
1.0		1.0		1.0		-1		90261		0.0
1.0		1.0		1.0		-1		90262		0.0
1.0		1.0		1.0		-1		90263		0.0
1.0		1.0		1.0		-1		90264		0.0
1.0		1.0		1.0		-1		90265		0.0
1.0		1.0		1.0		-1		90266		0.0
1.0		1.0		1.0		-1		90267		0.0
1.0		1.0		1.0		-1		90268		0.0
1.0		1.0		1.0		-1		90269		0.0
1.0		1.0		1.0		-1		90270		0.0
1.0		1.0		1.0		-1		90271		0.0
1.0		1.0		1.0		-1		90272		0.0
1.0		1.0		1.0		-1		90273		0.0
1.0		1.0		1.0		-1		90274		0.0
1.0		1.0		1.0		-1		90275		0.0
1.0		1.0		1.0		-1		90276		0.0
1.0		1.0		1.0		-1		90277		0.0
1.0		1.0		1.0		-1		90278		0.0
1.0		1.0		1.0		-1		90279		0.0
1.0		1.0		1.0		-1		90280		0.0
1.0		1.0		1.0		-1		90281		0.0
1.0		1.0		1.0		-1		90282		0.0
1.0		1.0		1.0		-1		90283		0.0
1.0		1.0		1.0		-1		90284		0.0
1.0		1.0		1.0		-1		90285		0.0
1.0		1.0		1.0		-1		90286		0.0
1.0		1.0		1.0		-1		90287		0.0
1.0		1.0		1.0		-1		90288		0.0
1.0		1.0		1.0		-1		90289		0.0
1.0		1.0		1.0		-1		90290		0.0
1.0		1.0		1.0		-1		90291		0.0
1.0		1.0		1.0		-1		90292		0.0
1.0		1.0		1.0		-1		90293		0.0
1.0		1.0		1.0		-1		90294		0.0
1.0		1.0		1.0		-1		90295		0.0
1.0		1.0		1.0		-1		90296		0.0
1.0		1.0		1.0		-1		90297		0.0
1.0		1.0		1.0		-1		90298		0.0
1.0		1.0		1.0		-1		90299		0.0
1.0		1.0		1.0		-1		90300		0.0
1.0		1.0		1.0		-1		90301		0.0
1.0		1.0		1.0		-1		90302		0.0
1.0		1.0		1.0		-1		91200		0.0
1.0		1.0		1.0		-1		91201		0.0
1.0		1.0		1.0		-1		91202		0.0
1.0		1.0		1.0		-1		91203		0.0
1.0		1.0		1.0		-1		91204		0.0
1.0		1.0		1.0		-1		91205		0.0
1.0		1.0		1.0		-1		91206		0.0
1.0		1.0		1.0		-1		91207		0.0
1.0		1.0		1.0		-1		91208		0.0
1.0		1.0		1.0		-1		91209		0.0
1.0		1.0		1.0		-1		91210		0.0
1.0		1.0		1.0		-1		91211		0.0
1.0		1.0		1.0		-1		91212		0.0
1.0		1.0		1.0		-1		91213		0.0
1.0		1.0		1.0		-1		91214		0.0
1.0		1.0		1.0		-1		91215		0.0
1.0		1.0		1.0		-1		91216		0.0
1.0		1.0		1.0		-1		91217		0.0
1.0		1.0		1.0		-1		91218		0.0
1.0		1.0		1.0		-1		91219		0.0
1.0		1.0		1.0		-1		91220		0.0
1.0		1.0		1.0		-1		91221		0.0
1.0		1.0		1.0		-1		91222		0.0
1.0		1.0		1.0		-1		91223		0.0
1.0		1.0		1.0		-1		91224		0.0
1.0		1.0		1.0		-1		91225		0.0
1.0		1.0		1.0		-1		91226		0.0
1.0		1.0		1.0		-1		91227		0.0
1.0		1.0		1.0		-1		91228		0.0
1.0		1.0		1.0		-1		91229		0.0
1.0		1.0		1.0		-1		91230		0.0
1.0		1.0		1.0		-1		91231		0.0
1.0		1.0		1.0		-1		91232		0.0
1.0		1.0		1.0		-1		91233		0.0
1.0		1.0		1.0		-1		91234		0.0
1.0		1.0		1.0		-1		91235		0.0
1.0		1.0		1.0		-1		91236		0.0
1.0		1.0		1.0		-1		91237		0.0
1.0		1.0		1.0		-1		91238		0.0
1.0		1.0		1.0		-1		91239		0.0
1.0		1.0		1.0		-1		91240		0.0
1.0		1.0		1.0		-1		91241		0.0
1.0		1.0		1.0		-1		91242		0.0
1.0		1.0		1.0		-1		91243		0.0
1.0		1.0		1.0		-1		91244		0.0
1.0		1.0		1.0		-1		91245		0.0
1.0		1.0		1.0		-1		91246		0.0
1.0		1.0		1.0		-1		91247		0.0
1.0		1.0		1.0		-1		91248		0.0
1.0		1.0		1.0		-1		91249		0.0
1.0		1.0		1.0		-1		91250		0.0
1.0		1.0		1.0		-1		91251		0.0
1.0		1.0		1.0		-1		91252		0.0
1.0		1.0		1.0		-1		91253		0.0
1.0		1.0		1.0		-1		91254		0.0
1.0		1.0		1.0		-1		91255		0.0
1.0		1.0		1.0		-1		91256		0.0
1.0		1.0		1.0		-1		91257		0.0
1.0		1.0		1.0		-1		91258		0.0
1.0		1.0		1.0		-1		91259		0.0
1.0		1.0		1.0		-1		91260		0.0
1.0		1.0		1.0		-1		91261		0.0
1.0		1.0		1.0		-1		91262		0.0
1.0		1.0		1.0		-1		91263		0.0
1.0		1.0		1.0		-1		91264		0.0
1.0		1.0		1.0		-1		91265		0.0
1.0		1.0		1.0		-1		91266		0.0
1.0		1.0		1.0		-1		91267		0.0
1.0		1.0		1.0		-1		91268		0.0
1.0		1.0		1.0		-1		91269		0.0
1.0		1.0		1.0		-1		91270		0.0
1.0		1.0		1.0		-1		91271		0.0
1.0		1.0		1.0		-1		91272		0.0
1.0		1.0		1.0		-1		91273		0.0
1.0		1.0		1.0		-1		91274		0.0
1.0		1.0		1.0		-1		91275		0.0
1.0		1.0		1.0		-1		91276		0.0
1.0		1.0		1.0		-1		91277		0.0
1.0		1.0		1.0		-1		91278		0.0
1.0		1.0		1.0		-1		91279		0.0
1.0		1.0		1.0		-1		91280		0.0
1.0		1.0		1.0		-1		91281		0.0
1.0		1.0		1.0		-1		91282		0.0
1.0		1.0		1.0		-1		91283		0.0
1.0		1.0		1.0		-1		91284		0.0
1.0		1.0		1.0		-1		91285		0.0
1.0		1.0		1.0		-1		91286		0.0
1.0		1.0		1.0		-1		91287		0.0
1.0		1.0		1.0		-1		91288		0.0
1.0		1.0		1.0		-1		91289		0.0
1.0		1.0		1.0		-1		91290		0.0
1.0		1.0		1.0		-1		91291		0.0
1.0		1.0		1.0		-1		91292		0.0
1.0		1.0		1.0		-1		91293		0.0
1.0		1.0		1.0		-1		91294		0.0
1.0		1.0		1.0		-1		91295		0.0
1.0		1.0		1.0		-1		91296		0.0
1.0		1.0		1.0		-1		91297		0.0
1.0		1.0		1.0		-1		91298		0.0
1.0		1.0		1.0		-1		91299		0.0
1.0		1.0		1.0		-1		91300		0.0
1.0		1.0		1.0		-1		91301		0.0
1.0		1.0		1.0		-1		91302		0.0
1.0		1.0		1.0		-1		90400		0.0
1.0		1.0		1.0		-1		90401		0.0
1.0		1.0		1.0		-1		90402		0.0
1.0		1.0		1.0		-1		90403		0.0
1.0		1.0		1.0		-1		90404		0.0
1.0		1.0		1.0		-1		90405		0.0
1.0		1.0		1.0		-1		90406		0.0
1.0		1.0		1.0		-1		90407		0.0
1.0		1.0		1.0		-1		90408		0.0
1.0		1.0		1.0		-1		90409		0.0
1.0		1.0		1.0		-1		90410		0.0
1.0		1.0		1.0		-1		90411		0.0
1.0		1.0		1.0		-1		90412		0.0
1.0		1.0		1.0		-1		90413		0.0
1.0		1.0		1.0		-1		90414		0.0
1.0		1.0		1.0		-1		90415		0.0
1.0		1.0		1.0		-1		90416		0.0
1.0		1.0		1.0		-1		90417		0.0
1.0		1.0		1.0		-1		90418		0.0
1.0		1.0		1.0		-1		90419		0.0
1.0		1.0		1.0		-1		90420		0.0
1.0		1.0		1.0		-1		90421		0.0
1.0		1.0		1.0		-1		90422		0.0
1.0		1.0		1.0		-1		90423		0.0
1.0		1.0		1.0		-1		90424		0.0
1.0		1.0		1.0		-1		90425		0.0
1.0		1.0		1.0		-1		90426		0.0
1.0		1.0		1.0		-1		90427		0.0
1.0		1.0		1.0		-1		90428		0.0
1.0		1.0		1.0		-1		90429		0.0
1.0		1.0		1.0		-1		90430		0.0
1.0		1.0		1.0		-1		90431		0.0
1.0		1.0		1.0		-1		90432		0.0
1.0		1.0		1.0		-1		91400		0.0
1.0		1.0		1.0		-1		91401		0.0
1.0		1.0		1.0		-1		91402		0.0
1.0		1.0		1.0		-1		91403		0.0
1.0		1.0		1.0		-1		91404		0.0
1.0		1.0		1.0		-1		91405		0.0
1.0		1.0		1.0		-1		91406		0.0
1.0		1.0		1.0		-1		91407		0.0
1.0		1.0		1.0		-1		91408		0.0
1.0		1.0		1.0		-1		91409		0.0
1.0		1.0		1.0		-1		91410		0.0
1.0		1.0		1.0		-1		91411		0.0
1.0		1.0		1.0		-1		91412		0.0
1.0		1.0		1.0		-1		91413		0.0
1.0		1.0		1.0		-1		91414		0.0
1.0		1.0		1.0		-1		91415		0.0
1.0		1.0		1.0		-1		91416		0.0
1.0		1.0		1.0		-1		91417		0.0
1.0		1.0		1.0		-1		91418		0.0
1.0		1.0		1.0		-1		91419		0.0
1.0		1.0		1.0		-1		91420		0.0
1.0		1.0		1.0		-1		91421		0.0
1.0		1.0		1.0		-1		91422		0.0
1.0		1.0		1.0		-1		91423		0.0
1.0		1.0		1.0		-1		91424		0.0
1.0		1.0		1.0		-1		91425		0.0
1.0		1.0		1.0		-1		91426		0.0
1.0		1.0		1.0		-1		91427		0.0
1.0		1.0		1.0		-1		91428		0.0
1.0		1.0		1.0		-1		91429		0.0
1.0		1.0		1.0		-1		91430		0.0
1.0		1.0		1.0		-1		91431		0.0
1.0		1.0		1.0		-1		91432		0.0
1.0		1.0		1.0		-1		61100		0.0
1.0		1.0		1.0		-1		61101		0.0
1.0		1.0		1.0		-1		61102		0.0
1.0		1.0		1.0		-1		61103		0.0
1.0		1.0		1.0		-1		61104		0.0
1.0		1.0		1.0		-1		61105		0.0
1.0		1.0		1.0		-1		61106		0.0
1.0		1.0		1.0		-1		61107		0.0
1.0		1.0		1.0		-1		61108		0.0
1.0		1.0		1.0		-1		61109		0.0
1.0		1.0		1.0		-1		61110		0.0
1.0		1.0		1.0		-1		61111		0.0
1.0		1.0		1.0		-1		61112		0.0
1.0		1.0		1.0		-1		61113		0.0
1.0		1.0		1.0		-1		61114		0.0
1.0		1.0		1.0		-1		61115		0.0
1.0		1.0		1.0		-1		61116		0.0
1.0		1.0		1.0		-1		61117		0.0
1.0		1.0		1.0		-1		61118		0.0
1.0		1.0		1.0		-1		61119		0.0
1.0		1.0		1.0		-1		61120		0.0
1.0		1.0		1.0		-1		61121		0.0
1.0		1.0		1.0		-1		61122		0.0
1.0		1.0		1.0		-1		61123		0.0
1.0		1.0		1.0		-1		61124		0.0
1.0		1.0		1.0		-1		61125		0.0
1.0		1.0		1.0		-1		61126		0.0
1.0		1.0		1.0		-1		61127		0.0
1.0		1.0		1.0		-1		61128		0.0
1.0		1.0		1.0		-1		61130		0.0
1.0		1.0		1.0		-1		61131		0.0
1.0		1.0		1.0		-1		61132		0.0
1.0		1.0		1.0		-1		61133		0.0
1.0		1.0		1.0		-1		61134		0.0
1.0		1.0		1.0		-1		61135		0.0
1.0		1.0		1.0		-1		61136		0.0
1.0		1.0		1.0		-1		61137		0.0
1.0		1.0		1.0		-1		61138		0.0
1.0		1.0		1.0		-1		61139		0.0
1.0		1.0		1.0		-1		61140		0.0
1.0		1.0		1.0		-1		61141		0.0
1.0		1.0		1.0		-1		61142		0.0
1.0		1.0		1.0		-1		61143		0.0
1.0		1.0		1.0		-1		61200		0.0
1.0		1.0		1.0		-1		61201		0.0
1.0		1.0		1.0		-1		61202		0.0
1.0		1.0		1.0		-1		61203		0.0
1.0		1.0		1.0		-1		61204		0.0
1.0		1.0		1.0		-1		61205		0.0
1.0		1.0		1.0		-1		61206		0.0
1.0		1.0		1.0		-1		61207		0.0
1.0		1.0		1.0		-1		61208		0.0
1.0		1.0		1.0		-1		61209		0.0
1.0		1.0		1.0		-1		61210		0.0
1.0		1.0		1.0		-1		61211		0.0
1.0		1.0		1.0		-1		61212		0.0
1.0		1.0		1.0		-1		61213		0.0
1.0		1.0		1.0		-1		61214		0.0
1.0		1.0		1.0		-1		61215		0.0
1.0		1.0		1.0		-1		61216		0.0
1.0		1.0		1.0		-1		61217		0.0
1.0		1.0		1.0		-1		61218		0.0
1.0		1.0		1.0		-1		61219		0.0
1.0		1.0		1.0		-1		61220		0.0
1.0		1.0		1.0		-1		61221		0.0
1.0		1.0		1.0		-1		61222		0.0
1.0		1.0		1.0		-1		61223		0.0
1.0		1.0		1.0		-1		61224		0.0
1.0		1.0		1.0		-1		61225		0.0
1.0		1.0		1.0		-1		61226		0.0
1.0		1.0		1.0		-1		61227		0.0
1.0		1.0		1.0		-1		61228		0.0
1.0		1.0		1.0		-1		61230		0.0
1.0		1.0		1.0		-1		61231		0.0
1.0		1.0		1.0		-1		61232		0.0
1.0		1.0		1.0		-1		61233		0.0
1.0		1.0		1.0		-1		61234		0.0
1.0		1.0		1.0		-1		61235		0.0
1.0		1.0		1.0		-1		61236		0.0
1.0		1.0		1.0		-1		61237		0.0
1.0		1.0		1.0		-1		61238		0.0
1.0		1.0		1.0		-1		61239		0.0
1.0		1.0		1.0		-1		61240		0.0
1.0		1.0		1.0		-1		61241		0.0
1.0		1.0		1.0		-1		61242		0.0
1.0		1.0		1.0		-1		61243		0.0
1.0		1.0		1.0		-1		13400		8.50918986874e-05
1.0		1.0		1.0		-1		13401		8.69105672561e-05
1.0		1.0		1.0		-1		13402		8.87286121173e-05
1.0		1.0		1.0		-1		13403		9.05459697725e-05
1.0		1.0		1.0		-1		13404		9.23627055407e-05
1.0		1.0		1.0		-1		13405		9.41787402896e-05
1.0		1.0		1.0		-1		13406		9.59940890357e-05
1.0		1.0		1.0		-1		13407		9.7808798213e-05
1.0		1.0		1.0		-1		13408		9.96228348781e-05
1.0		1.0		1.0		-1		13409		0.000101436222254
1.0		1.0		1.0		-1		13410		0.000103248919367
1.0		1.0		1.0		-1		13411		0.000105060971242
1.0		1.0		1.0		-1		13412		0.000106872322926
1.0		1.0		1.0		-1		13413		0.000108683073048
1.0		1.0		1.0		-1		13414		0.000110493069249
1.0		1.0		1.0		-1		13415		0.000112302454885
1.0		1.0		1.0		-1		13416		0.000114111106637
1.0		1.0		1.0		-1		13417		0.000115919186794
1.0		1.0		1.0		-1		13418		0.000117726598814
1.0		1.0		1.0		-1		13419		0.000119533268275
1.0		1.0		1.0		-1		13420		0.000121339274008
1.0		1.0		1.0		-1		13421		0.000123144662182
1.0		1.0		1.0		-1		13422		0.000124949357868
1.0		1.0		1.0		-1		13423		0.00012675339492
1.0		1.0		1.0		-1		13424		0.000128556750378
1.0		1.0		1.0		-1		13425		0.000130359447118
1.0		1.0		1.0		-1		13426		0.000132161506934
1.0		1.0		1.0		-1		13427		0.000133962865763
1.0		1.0		1.0		-1		13428		0.000135763549354
1.0		1.0		1.0		-1		13429		0.000137563611657
1.0		1.0		1.0		-1		13430		0.000139362945157
1.0		1.0		1.0		-1		82200		9.636883914e-05
1.0		1.0		1.0		-1		82201		9.67159476099e-05
1.0		1.0		1.0		-1		82202		9.629806164e-05
1.0		1.0		1.0		-1		82203		9.63616595053e-05
1.0		1.0		1.0		-1		82204		9.61618682923e-05
1.0		1.0		1.0		-1		82205		9.60303423422e-05
1.0		1.0		1.0		-1		82206		9.61133259418e-05
1.0		1.0		1.0		-1		82207		9.62403196352e-05
1.0		1.0		1.0		-1		82208		9.64344158639e-05
1.0		1.0		1.0		-1		82209		9.63037361464e-05
1.0		1.0		1.0		-1		82210		9.67027600802e-05
1.0		1.0		1.0		-1		82211		9.57810985922e-05
1.0		1.0		1.0		-1		82212		9.6117214534e-05
1.0		1.0		1.0		-1		82213		9.6283469044e-05
1.0		1.0		1.0		-1		82214		9.61256905017e-05
1.0		1.0		1.0		-1		82215		9.66929389838e-05
1.0		1.0		1.0		-1		82216		9.60865255643e-05
1.0		1.0		1.0		-1		82217		9.68243162113e-05
1.0		1.0		1.0		-1		82218		9.60780547967e-05
1.0		1.0		1.0		-1		82219		9.60558624101e-05
1.0		1.0		1.0		-1		82220		9.63973539083e-05
1.0		1.0		1.0		-1		82221		9.66859747087e-05
1.0		1.0		1.0		-1		82222		9.6261373712e-05
1.0		1.0		1.0		-1		82223		9.69867776901e-05
1.0		1.0		1.0		-1		82224		9.64497334226e-05
1.0		1.0		1.0		-1		82225		9.62864402346e-05
1.0		1.0		1.0		-1		82226		9.64270342762e-05
1.0		1.0		1.0		-1		82227		9.63162644726e-05
1.0		1.0		1.0		-1		82228		9.64331310745e-05
1.0		1.0		1.0		-1		82229		9.63580837107e-05
1.0		1.0		1.0		-1		82230		9.63390800665e-05
1.0		1.0		1.0		-1		82231		9.65196695856e-05
1.0		1.0		1.0		-1		82232		9.63330430696e-05
1.0		1.0		1.0		-1		82233		9.64235855916e-05
1.0		1.0		1.0		-1		82234		9.62448166194e-05
1.0		1.0		1.0		-1		82235		9.64511214016e-05
1.0		1.0		1.0		-1		82236		9.64136698339e-05
1.0		1.0		1.0		-1		82237		9.63722972596e-05
1.0		1.0		1.0		-1		82238		9.62807937536e-05
1.0		1.0		1.0		-1		82239		9.63567618609e-05
1.0		1.0		1.0		-1		82240		9.62740560989e-05
1.0		1.0		1.0		-1		82241		9.63233151376e-05
1.0		1.0		1.0		-1		82242		9.63575099568e-05
1.0		1.0		1.0		-1		82243		9.63633883035e-05
1.0		1.0		1.0		-1		82244		9.63659589674e-05
1.0		1.0		1.0		-1		82245		9.63863391199e-05
1.0		1.0		1.0		-1		82246		9.62750470493e-05
1.0		1.0		1.0		-1		82247		9.62854585129e-05
1.0		1.0		1.0		-1		82248		9.64035395333e-05
1.0		1.0		1.0		-1		82249		9.63570449338e-05
1.0		1.0		1.0		-1		82250		9.63892339868e-05
1.0		1.0		1.0		-1		82251		9.63690166987e-05
1.0		1.0		1.0		-1		82252		9.63877139473e-05
1.0		1.0		1.0		-1		82253		9.63506636431e-05
1.0		1.0		1.0		-1		82254		9.63519662374e-05
1.0		1.0		1.0		-1		82255		9.63613028264e-05
1.0		1.0		1.0		-1		82256		9.6439083613e-05
1.0		1.0		1.0		-1		82257		9.63769164613e-05
1.0		1.0		1.0		-1		82258		9.63123835527e-05
1.0		1.0		1.0		-1		82259		9.63237311409e-05
1.0		1.0		1.0		-1		82260		9.63252777694e-05
1.0		1.0		1.0		-1		82261		9.64051345037e-05
1.0		1.0		1.0		-1		82262		9.63769374038e-05
1.0		1.0		1.0		-1		82263		9.63927418309e-05
1.0		1.0		1.0		-1		82264		9.63568974425e-05
1.0		1.0		1.0		-1		82265		9.6352321949e-05
1.0		1.0		1.0		-1		82266		9.63622810368e-05
1.0		1.0		1.0		-1		82267		9.64003838838e-05
1.0		1.0		1.0		-1		82268		9.64142148911e-05
1.0		1.0		1.0		-1		82269		9.64196697712e-05
1.0		1.0		1.0		-1		82270		9.63684062244e-05
1.0		1.0		1.0		-1		82271		9.64186243027e-05
1.0		1.0		1.0		-1		82272		9.64282424614e-05
1.0		1.0		1.0		-1		82273		9.63505017588e-05
1.0		1.0		1.0		-1		82274		9.63745967313e-05
1.0		1.0		1.0		-1		82275		9.63576955357e-05
1.0		1.0		1.0		-1		82276		9.63391191283e-05
1.0		1.0		1.0		-1		82277		9.64021658214e-05
1.0		1.0		1.0		-1		82278		9.63596281033e-05
1.0		1.0		1.0		-1		82279		9.63636331592e-05
1.0		1.0		1.0		-1		82280		9.6448747504e-05
1.0		1.0		1.0		-1		82281		9.63848060486e-05
1.0		1.0		1.0		-1		82282		9.6428233872e-05
1.0		1.0		1.0		-1		82283		9.63294171273e-05
1.0		1.0		1.0		-1		82284		9.63410484727e-05
1.0		1.0		1.0		-1		82285		9.63371573548e-05
1.0		1.0		1.0		-1		82286		9.63935987221e-05
1.0		1.0		1.0		-1		82287		9.62929059175e-05
1.0		1.0		1.0		-1		82288		9.63435689357e-05
1.0		1.0		1.0		-1		82289		9.63227475818e-05
1.0		1.0		1.0		-1		82290		9.63708283055e-05
1.0		1.0		1.0		-1		82291		9.63563329019e-05
1.0		1.0		1.0		-1		82292		9.63507343072e-05
1.0		1.0		1.0		-1		82293		9.63495265337e-05
1.0		1.0		1.0		-1		82294		9.63399212836e-05
1.0		1.0		1.0		-1		82295		9.63838818223e-05
1.0		1.0		1.0		-1		82296		9.63506136096e-05
1.0		1.0		1.0		-1		82297		9.6381696483e-05
1.0		1.0		1.0		-1		82298		9.63489042186e-05
1.0		1.0		1.0		-1		82299		9.63610754333e-05
1.0		1.0		1.0		-1		82300		9.63634281803e-05
1.0		1.0		1.0		-1		82301		9.63706154634e-05
1.0		1.0		1.0		-1		82302		9.66921551208e-05
1.0		1.0		1.0		-1		82303		9.62869967875e-05
1.0		1.0		1.0		-1		82304		9.63193522648e-05
1.0		1.0		1.0		-1		82305		9.6206134988e-05
1.0		1.0		1.0		-1		82306		9.63401703378e-05
1.0		1.0		1.0		-1		82307		9.66569891105e-05
1.0		1.0		1.0		-1		292200		0.0
1.0		1.0		1.0		-1		292201		0.0
1.0		1.0		1.0		-1		292202		0.0
1.0		1.0		1.0		-1		292203		0.0
1.0		1.0		1.0		-1		292204		0.0
1.0		1.0		1.0		-1		292205		0.0
1.0		1.0		1.0		-1		292206		0.0
1.0		1.0		1.0		-1		292207		0.0
1.0		1.0		1.0		-1		292208		0.0
1.0		1.0		1.0		-1		292209		0.0
1.0		1.0		1.0		-1		292210		0.0
1.0		1.0		1.0		-1		292211		0.0
1.0		1.0		1.0		-1		292212		0.0
1.0		1.0		1.0		-1		292213		0.0
1.0		1.0		1.0		-1		292214		0.0
1.0		1.0		1.0		-1		292215		0.0
1.0		1.0		1.0		-1		292216		0.0
1.0		1.0		1.0		-1		292217		0.0
1.0		1.0		1.0		-1		292218		0.0
1.0		1.0		1.0		-1		292219		0.0
1.0		1.0		1.0		-1		292220		0.0
1.0		1.0		1.0		-1		292221		0.0
1.0		1.0		1.0		-1		292222		0.0
1.0		1.0		1.0		-1		292223		0.0
1.0		1.0		1.0		-1		292224		0.0
1.0		1.0		1.0		-1		292225		0.0
1.0		1.0		1.0		-1		292226		0.0
1.0		1.0		1.0		-1		292227		0.0
1.0		1.0		1.0		-1		292228		0.0
1.0		1.0		1.0		-1		292229		0.0
1.0		1.0		1.0		-1		292230		0.0
1.0		1.0		1.0		-1		292231		0.0
1.0		1.0		1.0		-1		292232		0.0
1.0		1.0		1.0		-1		292233		0.0
1.0		1.0		1.0		-1		292234		0.0
1.0		1.0		1.0		-1		292235		0.0
1.0		1.0		1.0		-1		292236		0.0
1.0		1.0		1.0		-1		292237		0.0
1.0		1.0		1.0		-1		292238		0.0
1.0		1.0		1.0		-1		292239		0.0
1.0		1.0		1.0		-1		292240		0.0
1.0		1.0		1.0		-1		292241		0.0
1.0		1.0		1.0		-1		292242		0.0
1.0		1.0		1.0		-1		292243		0.0
1.0		1.0		1.0		-1		292244		0.0
1.0		1.0		1.0		-1		292245		0.0
1.0		1.0		1.0		-1		292246		0.0
1.0		1.0		1.0		-1		292247		0.0
1.0		1.0		1.0		-1		292248		0.0
1.0		1.0		1.0		-1		292249		0.0
1.0		1.0		1.0		-1		292250		0.0
1.0		1.0		1.0		-1		292251		0.0
1.0		1.0		1.0		-1		292252		0.0
1.0		1.0		1.0		-1		292253		0.0
1.0		1.0		1.0		-1		292254		0.0
1.0		1.0		1.0		-1		292255		0.0
1.0		1.0		1.0		-1		292256		0.0
1.0		1.0		1.0		-1		292257		0.0
1.0		1.0		1.0		-1		292258		0.0
1.0		1.0		1.0		-1		292259		0.0
1.0		1.0		1.0		-1		292260		0.0
1.0		1.0		1.0		-1		292261		0.0
1.0		1.0		1.0		-1		292262		0.0
1.0		1.0		1.0		-1		292263		0.0
1.0		1.0		1.0		-1		292264		0.0
1.0		1.0		1.0		-1		292265		0.0
1.0		1.0		1.0		-1		292266		0.0
1.0		1.0		1.0		-1		292267		0.0
1.0		1.0		1.0		-1		292268		0.0
1.0		1.0		1.0		-1		292269		0.0
1.0		1.0		1.0		-1		292270		0.0
1.0		1.0		1.0		-1		292271		0.0
1.0		1.0		1.0		-1		292272		0.0
1.0		1.0		1.0		-1		292273		0.0
1.0		1.0		1.0		-1		292274		0.0
1.0		1.0		1.0		-1		292275		0.0
1.0		1.0		1.0		-1		292276		0.0
1.0		1.0		1.0		-1		292277		0.0
1.0		1.0		1.0		-1		292278		0.0
1.0		1.0		1.0		-1		292279		0.0
1.0		1.0		1.0		-1		292280		0.0
1.0		1.0		1.0		-1		292281		0.0
1.0		1.0		1.0		-1		292282		0.0
1.0		1.0		1.0		-1		292283		0.0
1.0		1.0		1.0		-1		292284		0.0
1.0		1.0		1.0		-1		292285		0.0
1.0		1.0		1.0		-1		292286		0.0
1.0		1.0		1.0		-1		292287		0.0
1.0		1.0		1.0		-1		292288		0.0
1.0		1.0		1.0		-1		292289		0.0
1.0		1.0		1.0		-1		292290		0.0
1.0		1.0		1.0		-1		292291		0.0
1.0		1.0		1.0		-1		292292		0.0
1.0		1.0		1.0		-1		292293		0.0
1.0		1.0		1.0		-1		292294		0.0
1.0		1.0		1.0		-1		292295		0.0
1.0		1.0		1.0		-1		292296		0.0
1.0		1.0		1.0		-1		292297		0.0
1.0		1.0		1.0		-1		292298		0.0
1.0		1.0		1.0		-1		292299		0.0
1.0		1.0		1.0		-1		292300		0.0
1.0		1.0		1.0		-1		292301		0.0
1.0		1.0		1.0		-1		292302		0.0
1.0		1.0		1.0		-1		292600		0.0
1.0		1.0		1.0		-1		315000		0.0
1.0		1.0		1.0		-1		315200		0.0
1.0		1.0		1.0		-1		262000		0.0
1.0		1.0		1.0		-1		263000		0.0

#***************************************************************************
#
# original cross-section: 9.636883914e-05
#     scale variation: +11.7% -11.4%
# PDF variation: +1.61% -1.61%
#
#PDF PDF4LHC15_nnlo_100_pdfas: 0 + 0% - 0%
#PDF MMHT2014nlo68clas118: 0 + 0% - 0%
#PDF NNPDF30_nlo_nf_5_pdfas: 0 + 0% - 0%
#PDF NNPDF31_nlo_hessian_pdfas: 0 + 0% - 0%
#PDF HERAPDF20_NLO_EIG: 0 + 0% - 0%
#PDF CT14nlo: 0 + 0% - 0%
#PDF PDF4LHC15_nlo_30_pdfas: 0 + 0% - 0%
#PDF NNPDF31_nnlo_hessian_pdfas: 0 + 0% - 0%
#PDF CT14nnlo: 0 + 0% - 0%
#PDF HERAPDF20_NNLO_EIG: 0 + 0% - 0%
#PDF MMHT2014nnlo68cl: 0 + 0% - 0%
#PDF PDF4LHC15_nlo_100_pdfas: 0 + 0% - 0%
#PDF ABMP16als118_5_nnlo: 0 + 0% - 0%
#PDF PDF4LHC15_nnlo_30_pdfas: 0 + 0% - 0%
# PDF 263000 : 0.0
#***************************************************************************
