==== LHAPDF6 USING DEFAULT-TYPE LHAGLUE INTERFACE ====
LHAPDF 6.2.1 loading /cvmfs/cms.cern.ch/slc6_amd64_gcc630/external/lhapdf/6.2.1-ghjeda/share/LHAPDF/LUXqed17_plus_PDF4LHC15_nnlo_100/LUXqed17_plus_PDF4LHC15_nnlo_100_0000.dat
LUXqed17_plus_PDF4LHC15_nnlo_100 PDF set, member #0, version 10001; LHAPDF ID = 82200
 A PDF is used, so alpha_s(MZ) is going to be modified
 Old value of alpha_s from param_card:   0.11839999999999999     
 New value of alpha_s from PDF lhapdf :  0.11800222249017472     
 using LHAPDF
 *****************************************************
 *               MadGraph/MadEvent                   *
 *        --------------------------------           *
 *          http://madgraph.hep.uiuc.edu             *
 *          http://madgraph.phys.ucl.ac.be           *
 *          http://madgraph.roma2.infn.it            *
 *        --------------------------------           *
 *                                                   *
 *          PARAMETER AND COUPLING VALUES            *
 *                                                   *
 *****************************************************

  External Params
  ---------------------------------
  
 MU_R =    91.188000000000002     
 mdl_VeN1 =    0.0000000000000000     
 mdl_VeN2 =    0.0000000000000000     
 mdl_VeN3 =    0.0000000000000000     
 mdl_VmuN1 =    1.0000000000000000E-002
 mdl_VmuN2 =    0.0000000000000000     
 mdl_VmuN3 =    0.0000000000000000     
 mdl_VtaN1 =    0.0000000000000000     
 mdl_VtaN2 =    0.0000000000000000     
 mdl_VtaN3 =    0.0000000000000000     
 aEWM1 =    127.94000000000000     
 mdl_Gf =    1.1745600000000000E-005
 aS =   0.11839999999999999     
 mdl_ymt =    173.30000000000001     
 mdl_MZ =    91.187600000000003     
 mdl_MT =    173.30000000000001     
 mdl_MH =    125.70000000000000     
 mdl_mN1 =    50.000000000000000     
 mdl_mN2 =    500.00000000000000     
 mdl_mN3 =    1000.0000000000000     
 mdl_WZ =    2.4952000000000001     
 mdl_WW =    2.0850000000000000     
 mdl_WT =    1.3500000000000001     
 mdl_WH =    4.1700000000000001E-003
 mdl_WN1 =    2.2372570000000000E-008
 mdl_WN2 =    1.5000000000000000     
 mdl_WN3 =    12.300000000000001     
  Internal Params
  ---------------------------------
  
 mdl_MZ__exp__2 =    8315.1783937600012     
 mdl_MZ__exp__4 =    69142191.720053151     
 mdl_sqrt__2 =    1.4142135623730951     
 mdl_MH__exp__2 =    15800.490000000002     
 mdl_complexi =  (  0.0000000000000000     ,  1.0000000000000000     )
 mdl_MT__exp__2 =    30032.890000000003     
 mdl_aEW =    7.8161638267938097E-003
 mdl_MW =    79.951229855436395     
 mdl_sqrt__aEW =    8.8409070953120020E-002
 mdl_ee =   0.31340199653167311     
 mdl_MW__exp__2 =    6392.1991553968237     
 mdl_sw2 =   0.23126133286644190     
 mdl_cw =   0.87677743306585976     
 mdl_sqrt__sw2 =   0.48089638475085450     
 mdl_sw =   0.48089638475085450     
 mdl_g1 =   0.35744760838082806     
 mdl_gN =   0.65170378998386980     
 mdl_gw =   0.65170378998386980     
 mdl_vev =    245.36064108945956     
 mdl_vev__exp__2 =    60201.844195830592     
 mdl_lam =   0.13122928550662488     
 mdl_yt =   0.99886929407679126     
 mdl_muH =    88.883322395149023     
 mdl_I2a33 =  ( 0.99886929407679126     ,  0.0000000000000000     )
 mdl_I3a33 =  ( 0.99886929407679126     ,  0.0000000000000000     )
 mdl_ee__exp__2 =    9.8220811430038843E-002
 mdl_sw__exp__2 =   0.23126133286644188     
 mdl_cw__exp__2 =   0.76873866713355821     
 mdl_yt__exp__2 =   0.99773986664946734     
  Internal Params evaluated point by point
  ----------------------------------------
  
 mdl_sqrt__aS =   0.34409301068170506     
 mdl_G__exp__2 =    1.4878582807401259     
 mdl_G__exp__3 =    1.8148567439626970     
 mdl_G__exp__4 =    2.2137222635669636     
  Couplings of SM_HeavyN_NLO
  ---------------------------------
  
  R2GC_164_35 =   0.00000E+00   0.26248E-02
  R2GC_168_37 =  -0.00000E+00  -0.52495E-02
  R2GC_185_38 =  -0.00000E+00  -0.11578E-01
 UVGC_147_4_1eps -0.00000E+00  -0.13124E-02
 UVGC_149_5_1eps  0.00000E+00   0.26248E-02
 UVGC_164_19_1ep  0.00000E+00   0.13124E-02
 UVGC_168_26_1ep -0.00000E+00  -0.26248E-02
 UVGC_185_27_1ep  0.00000E+00   0.28946E-02
 UVGC_185_28_1ep -0.00000E+00  -0.57892E-02
        GC_11 =   0.00000E+00   0.12198E+01
  R2GC_163_34 =   0.00000E+00   0.12563E-01
 UVGC_146_3_1eps -0.00000E+00  -0.12563E-01
 UVGC_163_18_1ep  0.00000E+00   0.12563E-01
         GC_1 =  -0.00000E+00  -0.10447E+00
         GC_2 =   0.00000E+00   0.20893E+00
        GC_24 =   0.00000E+00   0.46082E+00
         GC_3 =  -0.00000E+00  -0.31340E+00
         GC_4 =   0.00000E+00   0.31340E+00
        GC_79 =  -0.00000E+00  -0.46082E-02

 Collider parameters:
 --------------------

 Running at P P   machine @    13000.000000000000       GeV
 PDF set = lhapdf 
 alpha_s(Mz)= 0.1180 running at 3 loops.
 alpha_s(Mz)= 0.1180 running at 3 loops.
 Renormalization scale set on event-by-event basis
 Factorization   scale set on event-by-event basis


 ===============================================================
 INFO: MadFKS read these parameters from FKS_params.dat
 ===============================================================
  > IRPoleCheckThreshold      =    1.0000000000000001E-005
  > PrecisionVirtualAtRunTime =    1.0000000000000000E-003
  > NHelForMCoverHels         =            4
  > VirtualFraction           =    1.0000000000000000     
  > MinVirtualFraction        =    5.0000000000000001E-003
 ===============================================================
  Insert the number of points to test
 Insert the relative tolerance
  A negative number will mean use the default one:    1.0000000000000001E-005
Using random seed offsets:     1 ,      7 ,      0
  with seed                   32
 Ranmar initialization seeds       10730        9413
  ========================================================================================== 
 {                                                                                          }
 {       [32m                                                                            [0m       }
 {       [32m                               ,,                                           [0m       }
 {       [32m`7MMM.     ,MMF'             `7MM  `7MMF'                                   [0m       }
 {       [32m  MMMb    dPMM                 MM    MM                                     [0m       }
 {       [32m  M YM   ,M MM   ,6"Yb.   ,M""bMM    MM         ,pW"Wq.   ,pW"Wq.`7MMpdMAo. [0m       }
 {       [32m  M  Mb  M' MM  8)   MM ,AP    MM    MM        6W'   `Wb 6W'   `Wb MM   `Wb [0m       }
 {       [32m  M  YM.P'  MM   ,pm9MM 8MI    MM    MM      , 8M     M8 8M     M8 MM    M8 [0m       }
 {       [32m  M  `YM'   MM  8M   MM `Mb    MM    MM     ,M YA.   ,A9 YA.   ,A9 MM   ,AP [0m       }
 {       [32m.JML. `'  .JMML.`Moo9^Yo.`Wbmd"MML..JMMmmmmMMM  `Ybmd9'   `Ybmd9'  MMbmmd'  [0m       }
 {       [32m                                                                   MM       [0m       }
 {       [32m                                                                 .JMML.     [0m       }
 {       [32m[0mv2.6.0 (2017-08-16), Ref: arXiv:1103.0621v2, arXiv:1405.0301[32m                [0m       }
 {       [32m                                                                            [0m       }
 {                                                                                          }
  ========================================================================================== 
 ===============================================================
 INFO: MadLoop read these parameters from ./MadLoop5_resources/MadLoopParams.dat                                                                                                                                                                                                                                                                                                                                                                                                                                                                                          
 ===============================================================
  > MLReductionLib            = 6|7|1
  > CTModeRun                 =           -1
  > MLStabThres               =    1.0000000000000000E-003
  > NRotations_DP             =            0
  > NRotations_QP             =            0
  > CTStabThres               =    1.0000000000000000E-002
  > CTLoopLibrary             =            2

  +----------------------------------------------------------------+
  |                                                                |
  |  Ninja - version 1.2.0                                         |
  |                                                                |
  |  Author: Tiziano Peraro                                        |
  |                                                                |
  |  Based on:                                                     |
  |                                                                |
  |      P. Mastrolia, E. Mirabella and T. Peraro,                 |
  |      "Integrand reduction of one-loop scattering amplitudes    |
  |      through Laurent series expansion,"                        |
  |      JHEP 1206 (2012) 095  [arXiv:1203.0291 [hep-ph]].         |
  |                                                                |
  |      T. Peraro,                                                |
  |      "Ninja: Automated Integrand Reduction via Laurent         |
  |      Expansion for One-Loop Amplitudes,"                       |
  |      Comput.Phys.Commun. 185 (2014) [arXiv:1403.1229 [hep-ph]] |
  |                                                                |
  +----------------------------------------------------------------+


  > CTModeInit                =            1
  > CheckCycle                =            3
  > MaxAttempts               =           10
  > UseLoopFilter             =  F
  > HelicityFilterLevel       =            2
  > ImprovePSPoint            =            2
  > DoubleCheckHelicityFilter =  T
  > LoopInitStartOver         =  F
  > HelInitStartOver          =  F
  > ZeroThres                 =    1.0000000000000001E-009
  > OSThres                   =    1.0000000000000000E-008
  > WriteOutFilters           =  T
  > UseQPIntegrandForNinja    =  T
  > UseQPIntegrandForCutTools =  T
  > IREGIMODE                 =            2
  > IREGIRECY                 =  T
  > COLLIERMode               =            1
  > COLLIERRequiredAccuracy   =    1.0000000000000000E-008
  > COLLIERCanOutput          =  F
  > COLLIERComputeUVpoles     =  T
  > COLLIERComputeIRpoles     =  T
  > COLLIERGlobalCache        =           -1
  > COLLIERUseCacheForPoles   =  F
  > COLLIERUseInternalStabilityTest =  T
 ===============================================================
  
------------------------------------------------------------------------
|              You are using CutTools - Version 1.9.3                  |
|              Authors: G. Ossola, C. Papadopoulos, R. Pittau          |
|              Published in JHEP 0803:042,2008                         |
|              http://www.ugr.es/~pittau/CutTools                      |
|                                                                      |
|              Compiler with  34  significant digits detetected        |
 ---------------------------------------------------------------------- 
   
########################################################################
#                                                                      #
#                      You are using OneLOop-3.6                       #
#                                                                      #
# for the evaluation of 1-loop scalar 1-, 2-, 3- and 4-point functions #
#                                                                      #
# author: Andreas van Hameren <hamerenREMOVETHIS@ifj.edu.pl>           #
#   date: 18-02-2015                                                   #
#                                                                      #
# Please cite                                                          #
#    A. van Hameren,                                                   #
#      Comput.Phys.Commun. 182 (2011) 2427-2438, arXiv:1007.4716       #
#    A. van Hameren, C.G. Papadopoulos and R. Pittau,                  #
#      JHEP 0909:106,2009, arXiv:0903.4665                             #
# in publications with results obtained with the help of this program. #
#                                                                      #
########################################################################
########################################################################
#                                                                      #
#                      You are using OneLOop-3.6                       #
#                                                                      #
# for the evaluation of 1-loop scalar 1-, 2-, 3- and 4-point functions #
#                                                                      #
# author: Andreas van Hameren <hamerenREMOVETHIS@ifj.edu.pl>           #
#   date: 18-02-2015                                                   #
#                                                                      #
# Please cite                                                          #
#    A. van Hameren,                                                   #
#      Comput.Phys.Commun. 182 (2011) 2427-2438, arXiv:1007.4716       #
#    A. van Hameren, C.G. Papadopoulos and R. Pittau,                  #
#      JHEP 0909:106,2009, arXiv:0903.4665                             #
# in publications with results obtained with the help of this program. #
#                                                                      #
########################################################################
 PASSED   1.0000000000000001E-005
 MU_R    =    325.00000000000000     
 ALPHA_S =   0.11839999999999999     
 BORN                    1.4387332496824258E-012
 SINGLE POLE (MadFKS)   -2.1041858785269074E-013
 DOUBLE POLE (MadFKS)   -7.2297094943335179E-014
 SINGLE POLE (MadLoop)  -2.1041858785263362E-013
 DOUBLE POLE (MadLoop)  -7.2297094942767376E-014
 FINITE PART (MadLoop)  -5.1859152378226552E-013
   325.00000000000000        0.0000000000000000        0.0000000000000000        325.00000000000000        0.0000000000000000     
   325.00000000000000        0.0000000000000000        0.0000000000000000       -325.00000000000000        0.0000000000000000     
   302.73396051518444       -212.61613286070522        80.649533522109181        193.48871708509088        50.000000000000000     
   322.91640560377238        230.44733052839993       -87.030038439232683       -208.79369068451311        0.0000000000000000     
   24.349633881043172       -17.831197667694685        6.3805049171235346        15.304973599422107        0.0000000000000000     

 PASSED   1.0000000000000001E-005
 MU_R    =    325.00000000000000     
 ALPHA_S =   0.11839999999999999     
 BORN                    3.5903074420106762E-011
 SINGLE POLE (MadFKS)   -3.8812240549427719E-012
 DOUBLE POLE (MadFKS)   -1.8041481843010429E-012
 SINGLE POLE (MadLoop)  -3.8812240549427808E-012
 DOUBLE POLE (MadLoop)  -1.8041481843010467E-012
 FINITE PART (MadLoop)  -8.1580508677309897E-012
   325.00000000000000        0.0000000000000000        0.0000000000000000        325.00000000000000        0.0000000000000000     
   325.00000000000000        0.0000000000000000        0.0000000000000000       -325.00000000000000        0.0000000000000000     
   264.16973689834026        84.812897086544055        224.56354325212064       -98.303801670019681        50.000000000000000     
   254.43509076717970        36.582899326702439       -205.86693230382244        144.97487049267815        0.0000000000000000     
   131.39517233448007       -121.39579641324632       -18.696610948298183       -46.671068822658555        0.0000000000000000     

 PASSED   1.0000000000000001E-005
 MU_R    =    325.00000000000000     
 ALPHA_S =   0.11839999999999999     
 BORN                    6.8933683336225436E-012
 SINGLE POLE (MadFKS)   -3.1696731730884233E-013
 DOUBLE POLE (MadFKS)   -3.4639534813371101E-013
 SINGLE POLE (MadLoop)  -3.1696731730884562E-013
 DOUBLE POLE (MadLoop)  -3.4639534813371429E-013
 FINITE PART (MadLoop)  -5.1716057525627243E-013
   325.00000000000000        0.0000000000000000        0.0000000000000000        325.00000000000000        0.0000000000000000     
   325.00000000000000        0.0000000000000000        0.0000000000000000       -325.00000000000000        0.0000000000000000     
   89.584394130563069       -46.010682803194115        58.354668341046661        1.7644893114919724        50.000000000000000     
   305.47319941459284        298.24954666039275       -53.658346273649343       -38.495004255552502        0.0000000000000000     
   254.94240645484410       -252.23886385719860       -4.6963220673973618        36.730514944060531        0.0000000000000000     

 PASSED   1.0000000000000001E-005
 MU_R    =    325.00000000000000     
 ALPHA_S =   0.11839999999999999     
 BORN                    3.1753933237283566E-012
 SINGLE POLE (MadFKS)   -7.9384853058078239E-014
 DOUBLE POLE (MadFKS)   -1.5956516794110060E-013
 SINGLE POLE (MadLoop)  -7.9384853058076560E-014
 DOUBLE POLE (MadLoop)  -1.5956516794109908E-013
 FINITE PART (MadLoop)  -6.6965536834555275E-014
   325.00000000000000        0.0000000000000000        0.0000000000000000        325.00000000000000        0.0000000000000000     
   325.00000000000000        0.0000000000000000        0.0000000000000000       -325.00000000000000        0.0000000000000000     
   77.065504117678216        58.336385981993118       0.78192993825284374        5.9452990709852420        50.000000000000000     
   277.19248047013468        80.114583124852061       -216.79534126506587       -153.02648400091022        0.0000000000000000     
   295.74201541218713       -138.45096910684521        216.01341132681299        147.08118492992492        0.0000000000000000     

 PASSED   1.0000000000000001E-005
 MU_R    =    325.00000000000000     
 ALPHA_S =   0.11839999999999999     
 BORN                    2.5698043489653626E-009
 SINGLE POLE (MadFKS)   -2.6775386755174376E-010
 DOUBLE POLE (MadFKS)   -1.2913400662975858E-010
 SINGLE POLE (MadLoop)  -2.6775386755174598E-010
 DOUBLE POLE (MadLoop)  -1.2913400662975964E-010
 FINITE PART (MadLoop)  -6.3279861317949444E-010
   325.00000000000000        0.0000000000000000        0.0000000000000000        325.00000000000000        0.0000000000000000     
   325.00000000000000        0.0000000000000000        0.0000000000000000       -325.00000000000000        0.0000000000000000     
   127.89469005170524       -70.837257971077847        77.044825506683821        53.881624782530025        50.000000000000000     
   211.23408506701335      -0.67453689938443118        131.37457752277371        165.40889962387851        0.0000000000000000     
   310.87122488128136        71.511794870462296       -208.41940302945753       -219.29052440640851        0.0000000000000000     

 PASSED   1.0000000000000001E-005
 MU_R    =    325.00000000000000     
 ALPHA_S =   0.11839999999999999     
 BORN                    4.0394120133567831E-013
 SINGLE POLE (MadFKS)   -2.2897913700044279E-014
 DOUBLE POLE (MadFKS)   -2.0298255698849394E-014
 SINGLE POLE (MadLoop)  -2.2897913700044238E-014
 DOUBLE POLE (MadLoop)  -2.0298255698849368E-014
 FINITE PART (MadLoop)  -1.9139063373837326E-013
   325.00000000000000        0.0000000000000000        0.0000000000000000        325.00000000000000        0.0000000000000000     
   325.00000000000000        0.0000000000000000        0.0000000000000000       -325.00000000000000        0.0000000000000000     
   285.17252332920617        84.658877423669168       -248.04188282062896        100.65518815296198        50.000000000000000     
   166.72319642893603       -76.116512886621209        53.727461772248695       -138.26156568249169        0.0000000000000000     
   198.10428024185782       -8.5423645370479679        194.31442104838027        37.606377529529695        0.0000000000000000     

 PASSED   1.0000000000000001E-005
 MU_R    =    325.00000000000000     
 ALPHA_S =   0.11839999999999999     
 BORN                    1.4122096050445532E-011
 SINGLE POLE (MadFKS)   -6.5599652025798685E-013
 DOUBLE POLE (MadFKS)   -7.0964267989450000E-013
 SINGLE POLE (MadLoop)  -6.5599652025797736E-013
 DOUBLE POLE (MadLoop)  -7.0964267989449465E-013
 FINITE PART (MadLoop)  -3.1470522475888502E-012
   325.00000000000000        0.0000000000000000        0.0000000000000000        325.00000000000000        0.0000000000000000     
   325.00000000000000        0.0000000000000000        0.0000000000000000       -325.00000000000000        0.0000000000000000     
   265.51530559489521        113.35296637272180        231.41893910079429       -39.934410539258202        50.000000000000000     
   127.32367727306148        95.119713652274029       -84.245514189814145        8.1395459294687420        0.0000000000000000     
   257.16101713204347       -208.47268002499578       -147.17342491098017        31.794864609789464        0.0000000000000000     

 PASSED   1.0000000000000001E-005
 MU_R    =    325.00000000000000     
 ALPHA_S =   0.11839999999999999     
 BORN                    1.2267486978988451E-007
 SINGLE POLE (MadFKS)   -1.6748239143753193E-008
 DOUBLE POLE (MadFKS)   -6.1644760836091326E-009
 SINGLE POLE (MadLoop)  -1.6748239143753203E-008
 DOUBLE POLE (MadLoop)  -6.1644760836091525E-009
 FINITE PART (MadLoop)  -3.9658747868005781E-008
   325.00000000000000        0.0000000000000000        0.0000000000000000        325.00000000000000        0.0000000000000000     
   325.00000000000000        0.0000000000000000        0.0000000000000000       -325.00000000000000        0.0000000000000000     
   170.56914085578961       -86.796115482365309       -22.959021575568855        136.13651045089509        50.000000000000000     
   158.30902957527803       -74.209060777328048       -28.701205705153324        136.86126162900720        0.0000000000000000     
   321.12182956893639        161.00517625969334        51.660227280722069       -272.99777207990223        0.0000000000000000     

 PASSED   1.0000000000000001E-005
 MU_R    =    325.00000000000000     
 ALPHA_S =   0.11839999999999999     
 BORN                    4.8549421140475687E-011
 SINGLE POLE (MadFKS)   -2.7785778498777877E-012
 DOUBLE POLE (MadFKS)   -2.4396336919381680E-012
 SINGLE POLE (MadLoop)  -2.7785778498777736E-012
 DOUBLE POLE (MadLoop)  -2.4396336919381688E-012
 FINITE PART (MadLoop)  -7.2219012999441210E-012
   325.00000000000000        0.0000000000000000        0.0000000000000000        325.00000000000000        0.0000000000000000     
   325.00000000000000        0.0000000000000000        0.0000000000000000       -325.00000000000000        0.0000000000000000     
   177.36973018906622       -147.32445989965825        21.716117889705828       -82.364646095375974        50.000000000000000     
   211.04251817988600       -69.164102424149959       -165.77510369968468        110.78757335066051        0.0000000000000000     
   261.58775163105076        216.48856232380825        144.05898580997888       -28.422927255284467        0.0000000000000000     

 PASSED   1.0000000000000001E-005
 MU_R    =    325.00000000000000     
 ALPHA_S =   0.11839999999999999     
 BORN                    2.1054879615387117E-011
 SINGLE POLE (MadFKS)   -1.5526664448004025E-012
 DOUBLE POLE (MadFKS)   -1.0580186639254598E-012
 SINGLE POLE (MadLoop)  -1.5526664448003940E-012
 DOUBLE POLE (MadLoop)  -1.0580186639254539E-012
 FINITE PART (MadLoop)  -3.4991008231262654E-012
   325.00000000000000        0.0000000000000000        0.0000000000000000        325.00000000000000        0.0000000000000000     
   325.00000000000000        0.0000000000000000        0.0000000000000000       -325.00000000000000        0.0000000000000000     
   138.64412885432333       -112.42821954955517        12.928367216064608        62.569539200938692        50.000000000000000     
   249.52344987498836        35.682332331282083       -244.95478234622715        31.398691097373721        0.0000000000000000     
   261.83242127068831        76.745887218273438        232.02641513016260       -93.968230298312463        0.0000000000000000     

 PASSED   1.0000000000000001E-005
 MU_R    =    325.00000000000000     
 ALPHA_S =   0.11839999999999999     
 BORN                    4.4483866388475817E-011
 SINGLE POLE (MadFKS)   -6.1028701457262651E-012
 DOUBLE POLE (MadFKS)   -2.2353374487203643E-012
 SINGLE POLE (MadLoop)  -6.1028701457265615E-012
 DOUBLE POLE (MadLoop)  -2.2353374487204007E-012
 FINITE PART (MadLoop)  -2.0622788402032625E-011
   325.00000000000000        0.0000000000000000        0.0000000000000000        325.00000000000000        0.0000000000000000     
   325.00000000000000        0.0000000000000000        0.0000000000000000       -325.00000000000000        0.0000000000000000     
   323.84055421596457        59.338075166938935       -235.19393263333575       -208.65165094686341        50.000000000000000     
   288.33996786789658       -38.611715035126238        205.07367490184674        198.98206048374686        0.0000000000000000     
   37.819477916138830       -20.726360131812697        30.120257731489012        9.6695904631165099        0.0000000000000000     

 PASSED   1.0000000000000001E-005
 MU_R    =    325.00000000000000     
 ALPHA_S =   0.11839999999999999     
 BORN                    1.4828885984160737E-011
 SINGLE POLE (MadFKS)   -4.4830979159294679E-013
 DOUBLE POLE (MadFKS)   -7.4515924208841669E-013
 SINGLE POLE (MadLoop)  -4.4830979159294901E-013
 DOUBLE POLE (MadLoop)  -7.4515924208841578E-013
 FINITE PART (MadLoop)  -9.8377309736666500E-013
   325.00000000000000        0.0000000000000000        0.0000000000000000        325.00000000000000        0.0000000000000000     
   325.00000000000000        0.0000000000000000        0.0000000000000000       -325.00000000000000        0.0000000000000000     
   308.48868812894551       -167.40904063866742       -201.15463782923950       -155.48728403231672        50.000000000000000     
   79.363068254711990        77.079495505132542       -3.3554134937996785        18.600784278141461        0.0000000000000000     
   262.14824361634248        90.329545133534864        204.51005132303919        136.88649975417525        0.0000000000000000     

 PASSED   1.0000000000000001E-005
 MU_R    =    325.00000000000000     
 ALPHA_S =   0.11839999999999999     
 BORN                    4.7287806897954694E-012
 SINGLE POLE (MadFKS)   -3.4079293772773188E-013
 DOUBLE POLE (MadFKS)   -2.3762369193303641E-013
 SINGLE POLE (MadLoop)  -3.4079293772773103E-013
 DOUBLE POLE (MadLoop)  -2.3762369193303635E-013
 FINITE PART (MadLoop)  -9.8800237891104038E-013
   325.00000000000000        0.0000000000000000        0.0000000000000000        325.00000000000000        0.0000000000000000     
   325.00000000000000        0.0000000000000000        0.0000000000000000       -325.00000000000000        0.0000000000000000     
   189.37098224117054       -38.033430578883063       -62.990710277934653        167.17355500218414        50.000000000000000     
   208.97352180232485       -188.53313456498879       -13.812533417108311       -89.075271013720879        0.0000000000000000     
   251.65549595650629        226.56656514387183        76.803243695042966       -78.098283988463166        0.0000000000000000     

 PASSED   1.0000000000000001E-005
 MU_R    =    325.00000000000000     
 ALPHA_S =   0.11839999999999999     
 BORN                    8.2669290246941700E-013
 SINGLE POLE (MadFKS)   -1.6941749478401809E-013
 DOUBLE POLE (MadFKS)   -4.1541748807157518E-014
 SINGLE POLE (MadLoop)  -1.6941749478402652E-013
 DOUBLE POLE (MadLoop)  -4.1541748807158452E-014
 FINITE PART (MadLoop)  -3.8690357066554677E-013
   325.00000000000000        0.0000000000000000        0.0000000000000000        325.00000000000000        0.0000000000000000     
   325.00000000000000        0.0000000000000000        0.0000000000000000       -325.00000000000000        0.0000000000000000     
   318.25249362548459       -50.256335431063683        178.52102898268649        253.75025647049569        50.000000000000000     
   256.05593385491943        9.5399434426057894       -170.95005014072382       -190.39356895208081        0.0000000000000000     
   75.691572519596008        40.716391988457872       -7.5709788419626260       -63.356687518414823        0.0000000000000000     

 PASSED   1.0000000000000001E-005
 MU_R    =    325.00000000000000     
 ALPHA_S =   0.11839999999999999     
 BORN                    2.8392656327324765E-012
 SINGLE POLE (MadFKS)   -7.9210189882842608E-014
 DOUBLE POLE (MadFKS)   -1.4267457644724500E-013
 SINGLE POLE (MadLoop)  -7.9210189882842873E-014
 DOUBLE POLE (MadLoop)  -1.4267457644724447E-013
 FINITE PART (MadLoop)   6.6542946551293512E-013
   325.00000000000000        0.0000000000000000        0.0000000000000000        325.00000000000000        0.0000000000000000     
   325.00000000000000        0.0000000000000000        0.0000000000000000       -325.00000000000000        0.0000000000000000     
   283.67679574653499       -72.273652913237441       -232.51780793435535       -136.69130379435430        50.000000000000000     
   129.86897539854201        90.091581845355563        82.078890076030518       -44.861046081824725        0.0000000000000000     
   236.45422885492300       -17.817928932118125        150.43891785832477        181.55234987617902        0.0000000000000000     

 PASSED   1.0000000000000001E-005
 MU_R    =    325.00000000000000     
 ALPHA_S =   0.11839999999999999     
 BORN                    6.7333449629686379E-012
 SINGLE POLE (MadFKS)   -4.2179240971838430E-013
 DOUBLE POLE (MadFKS)   -3.3835409043436219E-013
 SINGLE POLE (MadLoop)  -4.2179240971841459E-013
 DOUBLE POLE (MadLoop)  -3.3835409043438112E-013
 FINITE PART (MadLoop)  -9.4771908544878252E-013
   325.00000000000000        0.0000000000000000        0.0000000000000000        325.00000000000000        0.0000000000000000     
   325.00000000000000        0.0000000000000000        0.0000000000000000       -325.00000000000000        0.0000000000000000     
   143.13281701951215        109.09835165296559        8.7292317105598602        77.513569704215115        50.000000000000000     
   255.62707451868545       -47.409843405343061       -248.65122941844248       -35.638098770270538        0.0000000000000000     
   251.24010846180244       -61.688508247622465        239.92199770788221       -41.875470933945607        0.0000000000000000     

 PASSED   1.0000000000000001E-005
 MU_R    =    325.00000000000000     
 ALPHA_S =   0.11839999999999999     
 BORN                    1.5571296952512634E-012
 SINGLE POLE (MadFKS)   -4.7780744893430929E-014
 DOUBLE POLE (MadFKS)   -7.8246577982066003E-014
 SINGLE POLE (MadLoop)  -4.7780744893426335E-014
 DOUBLE POLE (MadLoop)  -7.8246577982065864E-014
 FINITE PART (MadLoop)  -1.4932479832984728E-013
   325.00000000000000        0.0000000000000000        0.0000000000000000        325.00000000000000        0.0000000000000000     
   325.00000000000000        0.0000000000000000        0.0000000000000000       -325.00000000000000        0.0000000000000000     
   120.23075240026479        32.222955010326842       -100.84791648386856        27.327874670360021        50.000000000000000     
   260.95051111203145       -199.77223471688572       -66.944318857960226       -153.96324775249366        0.0000000000000000     
   268.81873648770375        167.54927970655891        167.79223534182876        126.63537308213365        0.0000000000000000     

 PASSED   1.0000000000000001E-005
 MU_R    =    325.00000000000000     
 ALPHA_S =   0.11839999999999999     
 BORN                    1.0268484128277493E-011
 SINGLE POLE (MadFKS)   -6.0594294600114450E-013
 DOUBLE POLE (MadFKS)   -5.1599667423414003E-013
 SINGLE POLE (MadLoop)  -6.0594294600125122E-013
 DOUBLE POLE (MadLoop)  -5.1599667423420566E-013
 FINITE PART (MadLoop)  -1.0726246426948616E-012
   325.00000000000000        0.0000000000000000        0.0000000000000000        325.00000000000000        0.0000000000000000     
   325.00000000000000        0.0000000000000000        0.0000000000000000       -325.00000000000000        0.0000000000000000     
   134.58112050917350        74.541763903797261       -96.693500382167343       -26.570103790896837        50.000000000000000     
   291.01724757938916       -288.42656349169732        28.804231467593464        25.912778905683240        0.0000000000000000     
   224.40163191143731        213.88479958790006        67.889268914573904       0.65732488521363119        0.0000000000000000     

 PASSED   1.0000000000000001E-005
 MU_R    =    325.00000000000000     
 ALPHA_S =   0.11839999999999999     
 BORN                    3.5307157695457023E-010
 SINGLE POLE (MadFKS)   -1.9918445555110461E-011
 DOUBLE POLE (MadFKS)   -1.7742030585942215E-011
 SINGLE POLE (MadLoop)  -1.9918445555110622E-011
 DOUBLE POLE (MadLoop)  -1.7742030585942328E-011
 FINITE PART (MadLoop)  -5.7414193931955647E-011
   325.00000000000000        0.0000000000000000        0.0000000000000000        325.00000000000000        0.0000000000000000     
   325.00000000000000        0.0000000000000000        0.0000000000000000       -325.00000000000000        0.0000000000000000     
   312.68463815688187       -271.71064155433828        145.48353436925848        16.719791651177530        50.000000000000000     
   45.712841577711728        13.343604438658032       -21.807671494491327        37.895086352744286        0.0000000000000000     
   291.60252026540644        258.36703711568026       -123.67586287476715       -54.614878003921795        0.0000000000000000     

 PASSED   1.0000000000000001E-005
 MU_R    =    325.00000000000000     
 ALPHA_S =   0.11839999999999999     
 BORN                    1.9661861118320835E-010
 SINGLE POLE (MadFKS)   -4.6473292756019960E-011
 DOUBLE POLE (MadFKS)   -9.8801875910470631E-012
 SINGLE POLE (MadLoop)  -4.6473292756021291E-011
 DOUBLE POLE (MadLoop)  -9.8801875910473394E-012
 FINITE PART (MadLoop)  -1.3686047255349658E-010
Thanks for using LHAPDF 6.2.1. Please make sure to cite the paper:
  Eur.Phys.J. C75 (2015) 3, 132  (http://arxiv.org/abs/1412.7420)
   325.00000000000000        0.0000000000000000        0.0000000000000000        325.00000000000000        0.0000000000000000     
   325.00000000000000        0.0000000000000000        0.0000000000000000       -325.00000000000000        0.0000000000000000     
   241.36211239643643        83.883464541970312        196.83134025013626        99.883217670643262        50.000000000000000     
   195.10017009957124       -74.798386460426883       -144.94310312476230        107.05500741377200        0.0000000000000000     
   213.53771750399250       -9.0850780815434096       -51.888237125373948       -206.93822508441528        0.0000000000000000     

 NUMBER OF POINTS PASSING THE CHECK          20
 NUMBER OF POINTS FAILING THE CHECK           0
 TOLERANCE    1.0000000000000001E-005
