==== LHAPDF6 USING DEFAULT-TYPE LHAGLUE INTERFACE ====
LHAPDF 6.2.1 loading /cvmfs/cms.cern.ch/slc6_amd64_gcc630/external/lhapdf/6.2.1-ghjeda/share/LHAPDF/LUXqed17_plus_PDF4LHC15_nnlo_100/LUXqed17_plus_PDF4LHC15_nnlo_100_0000.dat
LUXqed17_plus_PDF4LHC15_nnlo_100 PDF set, member #0, version 10001; LHAPDF ID = 82200
LHAPDF 6.2.1 loading /cvmfs/cms.cern.ch/slc6_amd64_gcc630/external/lhapdf/6.2.1-ghjeda/share/LHAPDF/LUXqed17_plus_PDF4LHC15_nnlo_100/LUXqed17_plus_PDF4LHC15_nnlo_100_0001.dat
LUXqed17_plus_PDF4LHC15_nnlo_100 PDF set, member #1, version 10001; LHAPDF ID = 82201
LHAPDF 6.2.1 loading /cvmfs/cms.cern.ch/slc6_amd64_gcc630/external/lhapdf/6.2.1-ghjeda/share/LHAPDF/LUXqed17_plus_PDF4LHC15_nnlo_100/LUXqed17_plus_PDF4LHC15_nnlo_100_0002.dat
LUXqed17_plus_PDF4LHC15_nnlo_100 PDF set, member #2, version 10001; LHAPDF ID = 82202
LHAPDF 6.2.1 loading /cvmfs/cms.cern.ch/slc6_amd64_gcc630/external/lhapdf/6.2.1-ghjeda/share/LHAPDF/LUXqed17_plus_PDF4LHC15_nnlo_100/LUXqed17_plus_PDF4LHC15_nnlo_100_0003.dat
LUXqed17_plus_PDF4LHC15_nnlo_100 PDF set, member #3, version 10001; LHAPDF ID = 82203
LHAPDF 6.2.1 loading /cvmfs/cms.cern.ch/slc6_amd64_gcc630/external/lhapdf/6.2.1-ghjeda/share/LHAPDF/LUXqed17_plus_PDF4LHC15_nnlo_100/LUXqed17_plus_PDF4LHC15_nnlo_100_0004.dat
LUXqed17_plus_PDF4LHC15_nnlo_100 PDF set, member #4, version 10001; LHAPDF ID = 82204
LHAPDF 6.2.1 loading /cvmfs/cms.cern.ch/slc6_amd64_gcc630/external/lhapdf/6.2.1-ghjeda/share/LHAPDF/LUXqed17_plus_PDF4LHC15_nnlo_100/LUXqed17_plus_PDF4LHC15_nnlo_100_0005.dat
LUXqed17_plus_PDF4LHC15_nnlo_100 PDF set, member #5, version 10001; LHAPDF ID = 82205
LHAPDF 6.2.1 loading /cvmfs/cms.cern.ch/slc6_amd64_gcc630/external/lhapdf/6.2.1-ghjeda/share/LHAPDF/LUXqed17_plus_PDF4LHC15_nnlo_100/LUXqed17_plus_PDF4LHC15_nnlo_100_0006.dat
LUXqed17_plus_PDF4LHC15_nnlo_100 PDF set, member #6, version 10001; LHAPDF ID = 82206
LHAPDF 6.2.1 loading /cvmfs/cms.cern.ch/slc6_amd64_gcc630/external/lhapdf/6.2.1-ghjeda/share/LHAPDF/LUXqed17_plus_PDF4LHC15_nnlo_100/LUXqed17_plus_PDF4LHC15_nnlo_100_0007.dat
LUXqed17_plus_PDF4LHC15_nnlo_100 PDF set, member #7, version 10001; LHAPDF ID = 82207
LHAPDF 6.2.1 loading /cvmfs/cms.cern.ch/slc6_amd64_gcc630/external/lhapdf/6.2.1-ghjeda/share/LHAPDF/LUXqed17_plus_PDF4LHC15_nnlo_100/LUXqed17_plus_PDF4LHC15_nnlo_100_0008.dat
LUXqed17_plus_PDF4LHC15_nnlo_100 PDF set, member #8, version 10001; LHAPDF ID = 82208
LHAPDF 6.2.1 loading /cvmfs/cms.cern.ch/slc6_amd64_gcc630/external/lhapdf/6.2.1-ghjeda/share/LHAPDF/LUXqed17_plus_PDF4LHC15_nnlo_100/LUXqed17_plus_PDF4LHC15_nnlo_100_0009.dat
LUXqed17_plus_PDF4LHC15_nnlo_100 PDF set, member #9, version 10001; LHAPDF ID = 82209
LHAPDF 6.2.1 loading /cvmfs/cms.cern.ch/slc6_amd64_gcc630/external/lhapdf/6.2.1-ghjeda/share/LHAPDF/LUXqed17_plus_PDF4LHC15_nnlo_100/LUXqed17_plus_PDF4LHC15_nnlo_100_0010.dat
LUXqed17_plus_PDF4LHC15_nnlo_100 PDF set, member #10, version 10001; LHAPDF ID = 82210
LHAPDF 6.2.1 loading /cvmfs/cms.cern.ch/slc6_amd64_gcc630/external/lhapdf/6.2.1-ghjeda/share/LHAPDF/LUXqed17_plus_PDF4LHC15_nnlo_100/LUXqed17_plus_PDF4LHC15_nnlo_100_0011.dat
LUXqed17_plus_PDF4LHC15_nnlo_100 PDF set, member #11, version 10001; LHAPDF ID = 82211
LHAPDF 6.2.1 loading /cvmfs/cms.cern.ch/slc6_amd64_gcc630/external/lhapdf/6.2.1-ghjeda/share/LHAPDF/LUXqed17_plus_PDF4LHC15_nnlo_100/LUXqed17_plus_PDF4LHC15_nnlo_100_0012.dat
LUXqed17_plus_PDF4LHC15_nnlo_100 PDF set, member #12, version 10001; LHAPDF ID = 82212
LHAPDF 6.2.1 loading /cvmfs/cms.cern.ch/slc6_amd64_gcc630/external/lhapdf/6.2.1-ghjeda/share/LHAPDF/LUXqed17_plus_PDF4LHC15_nnlo_100/LUXqed17_plus_PDF4LHC15_nnlo_100_0013.dat
LUXqed17_plus_PDF4LHC15_nnlo_100 PDF set, member #13, version 10001; LHAPDF ID = 82213
LHAPDF 6.2.1 loading /cvmfs/cms.cern.ch/slc6_amd64_gcc630/external/lhapdf/6.2.1-ghjeda/share/LHAPDF/LUXqed17_plus_PDF4LHC15_nnlo_100/LUXqed17_plus_PDF4LHC15_nnlo_100_0014.dat
LUXqed17_plus_PDF4LHC15_nnlo_100 PDF set, member #14, version 10001; LHAPDF ID = 82214
LHAPDF 6.2.1 loading /cvmfs/cms.cern.ch/slc6_amd64_gcc630/external/lhapdf/6.2.1-ghjeda/share/LHAPDF/LUXqed17_plus_PDF4LHC15_nnlo_100/LUXqed17_plus_PDF4LHC15_nnlo_100_0015.dat
LUXqed17_plus_PDF4LHC15_nnlo_100 PDF set, member #15, version 10001; LHAPDF ID = 82215
LHAPDF 6.2.1 loading /cvmfs/cms.cern.ch/slc6_amd64_gcc630/external/lhapdf/6.2.1-ghjeda/share/LHAPDF/LUXqed17_plus_PDF4LHC15_nnlo_100/LUXqed17_plus_PDF4LHC15_nnlo_100_0016.dat
LUXqed17_plus_PDF4LHC15_nnlo_100 PDF set, member #16, version 10001; LHAPDF ID = 82216
LHAPDF 6.2.1 loading /cvmfs/cms.cern.ch/slc6_amd64_gcc630/external/lhapdf/6.2.1-ghjeda/share/LHAPDF/LUXqed17_plus_PDF4LHC15_nnlo_100/LUXqed17_plus_PDF4LHC15_nnlo_100_0017.dat
LUXqed17_plus_PDF4LHC15_nnlo_100 PDF set, member #17, version 10001; LHAPDF ID = 82217
LHAPDF 6.2.1 loading /cvmfs/cms.cern.ch/slc6_amd64_gcc630/external/lhapdf/6.2.1-ghjeda/share/LHAPDF/LUXqed17_plus_PDF4LHC15_nnlo_100/LUXqed17_plus_PDF4LHC15_nnlo_100_0018.dat
LUXqed17_plus_PDF4LHC15_nnlo_100 PDF set, member #18, version 10001; LHAPDF ID = 82218
LHAPDF 6.2.1 loading /cvmfs/cms.cern.ch/slc6_amd64_gcc630/external/lhapdf/6.2.1-ghjeda/share/LHAPDF/LUXqed17_plus_PDF4LHC15_nnlo_100/LUXqed17_plus_PDF4LHC15_nnlo_100_0019.dat
LUXqed17_plus_PDF4LHC15_nnlo_100 PDF set, member #19, version 10001; LHAPDF ID = 82219
LHAPDF 6.2.1 loading /cvmfs/cms.cern.ch/slc6_amd64_gcc630/external/lhapdf/6.2.1-ghjeda/share/LHAPDF/LUXqed17_plus_PDF4LHC15_nnlo_100/LUXqed17_plus_PDF4LHC15_nnlo_100_0020.dat
LUXqed17_plus_PDF4LHC15_nnlo_100 PDF set, member #20, version 10001; LHAPDF ID = 82220
LHAPDF 6.2.1 loading /cvmfs/cms.cern.ch/slc6_amd64_gcc630/external/lhapdf/6.2.1-ghjeda/share/LHAPDF/LUXqed17_plus_PDF4LHC15_nnlo_100/LUXqed17_plus_PDF4LHC15_nnlo_100_0021.dat
LUXqed17_plus_PDF4LHC15_nnlo_100 PDF set, member #21, version 10001; LHAPDF ID = 82221
LHAPDF 6.2.1 loading /cvmfs/cms.cern.ch/slc6_amd64_gcc630/external/lhapdf/6.2.1-ghjeda/share/LHAPDF/LUXqed17_plus_PDF4LHC15_nnlo_100/LUXqed17_plus_PDF4LHC15_nnlo_100_0022.dat
LUXqed17_plus_PDF4LHC15_nnlo_100 PDF set, member #22, version 10001; LHAPDF ID = 82222
LHAPDF 6.2.1 loading /cvmfs/cms.cern.ch/slc6_amd64_gcc630/external/lhapdf/6.2.1-ghjeda/share/LHAPDF/LUXqed17_plus_PDF4LHC15_nnlo_100/LUXqed17_plus_PDF4LHC15_nnlo_100_0023.dat
LUXqed17_plus_PDF4LHC15_nnlo_100 PDF set, member #23, version 10001; LHAPDF ID = 82223
LHAPDF 6.2.1 loading /cvmfs/cms.cern.ch/slc6_amd64_gcc630/external/lhapdf/6.2.1-ghjeda/share/LHAPDF/LUXqed17_plus_PDF4LHC15_nnlo_100/LUXqed17_plus_PDF4LHC15_nnlo_100_0024.dat
LUXqed17_plus_PDF4LHC15_nnlo_100 PDF set, member #24, version 10001; LHAPDF ID = 82224
LHAPDF 6.2.1 loading /cvmfs/cms.cern.ch/slc6_amd64_gcc630/external/lhapdf/6.2.1-ghjeda/share/LHAPDF/LUXqed17_plus_PDF4LHC15_nnlo_100/LUXqed17_plus_PDF4LHC15_nnlo_100_0025.dat
LUXqed17_plus_PDF4LHC15_nnlo_100 PDF set, member #25, version 10001; LHAPDF ID = 82225
LHAPDF 6.2.1 loading /cvmfs/cms.cern.ch/slc6_amd64_gcc630/external/lhapdf/6.2.1-ghjeda/share/LHAPDF/LUXqed17_plus_PDF4LHC15_nnlo_100/LUXqed17_plus_PDF4LHC15_nnlo_100_0026.dat
LUXqed17_plus_PDF4LHC15_nnlo_100 PDF set, member #26, version 10001; LHAPDF ID = 82226
LHAPDF 6.2.1 loading /cvmfs/cms.cern.ch/slc6_amd64_gcc630/external/lhapdf/6.2.1-ghjeda/share/LHAPDF/LUXqed17_plus_PDF4LHC15_nnlo_100/LUXqed17_plus_PDF4LHC15_nnlo_100_0027.dat
LUXqed17_plus_PDF4LHC15_nnlo_100 PDF set, member #27, version 10001; LHAPDF ID = 82227
LHAPDF 6.2.1 loading /cvmfs/cms.cern.ch/slc6_amd64_gcc630/external/lhapdf/6.2.1-ghjeda/share/LHAPDF/LUXqed17_plus_PDF4LHC15_nnlo_100/LUXqed17_plus_PDF4LHC15_nnlo_100_0028.dat
LUXqed17_plus_PDF4LHC15_nnlo_100 PDF set, member #28, version 10001; LHAPDF ID = 82228
LHAPDF 6.2.1 loading /cvmfs/cms.cern.ch/slc6_amd64_gcc630/external/lhapdf/6.2.1-ghjeda/share/LHAPDF/LUXqed17_plus_PDF4LHC15_nnlo_100/LUXqed17_plus_PDF4LHC15_nnlo_100_0029.dat
LUXqed17_plus_PDF4LHC15_nnlo_100 PDF set, member #29, version 10001; LHAPDF ID = 82229
LHAPDF 6.2.1 loading /cvmfs/cms.cern.ch/slc6_amd64_gcc630/external/lhapdf/6.2.1-ghjeda/share/LHAPDF/LUXqed17_plus_PDF4LHC15_nnlo_100/LUXqed17_plus_PDF4LHC15_nnlo_100_0030.dat
LUXqed17_plus_PDF4LHC15_nnlo_100 PDF set, member #30, version 10001; LHAPDF ID = 82230
LHAPDF 6.2.1 loading /cvmfs/cms.cern.ch/slc6_amd64_gcc630/external/lhapdf/6.2.1-ghjeda/share/LHAPDF/LUXqed17_plus_PDF4LHC15_nnlo_100/LUXqed17_plus_PDF4LHC15_nnlo_100_0031.dat
LUXqed17_plus_PDF4LHC15_nnlo_100 PDF set, member #31, version 10001; LHAPDF ID = 82231
LHAPDF 6.2.1 loading /cvmfs/cms.cern.ch/slc6_amd64_gcc630/external/lhapdf/6.2.1-ghjeda/share/LHAPDF/LUXqed17_plus_PDF4LHC15_nnlo_100/LUXqed17_plus_PDF4LHC15_nnlo_100_0032.dat
LUXqed17_plus_PDF4LHC15_nnlo_100 PDF set, member #32, version 10001; LHAPDF ID = 82232
LHAPDF 6.2.1 loading /cvmfs/cms.cern.ch/slc6_amd64_gcc630/external/lhapdf/6.2.1-ghjeda/share/LHAPDF/LUXqed17_plus_PDF4LHC15_nnlo_100/LUXqed17_plus_PDF4LHC15_nnlo_100_0033.dat
LUXqed17_plus_PDF4LHC15_nnlo_100 PDF set, member #33, version 10001; LHAPDF ID = 82233
LHAPDF 6.2.1 loading /cvmfs/cms.cern.ch/slc6_amd64_gcc630/external/lhapdf/6.2.1-ghjeda/share/LHAPDF/LUXqed17_plus_PDF4LHC15_nnlo_100/LUXqed17_plus_PDF4LHC15_nnlo_100_0034.dat
LUXqed17_plus_PDF4LHC15_nnlo_100 PDF set, member #34, version 10001; LHAPDF ID = 82234
LHAPDF 6.2.1 loading /cvmfs/cms.cern.ch/slc6_amd64_gcc630/external/lhapdf/6.2.1-ghjeda/share/LHAPDF/LUXqed17_plus_PDF4LHC15_nnlo_100/LUXqed17_plus_PDF4LHC15_nnlo_100_0035.dat
LUXqed17_plus_PDF4LHC15_nnlo_100 PDF set, member #35, version 10001; LHAPDF ID = 82235
LHAPDF 6.2.1 loading /cvmfs/cms.cern.ch/slc6_amd64_gcc630/external/lhapdf/6.2.1-ghjeda/share/LHAPDF/LUXqed17_plus_PDF4LHC15_nnlo_100/LUXqed17_plus_PDF4LHC15_nnlo_100_0036.dat
LUXqed17_plus_PDF4LHC15_nnlo_100 PDF set, member #36, version 10001; LHAPDF ID = 82236
LHAPDF 6.2.1 loading /cvmfs/cms.cern.ch/slc6_amd64_gcc630/external/lhapdf/6.2.1-ghjeda/share/LHAPDF/LUXqed17_plus_PDF4LHC15_nnlo_100/LUXqed17_plus_PDF4LHC15_nnlo_100_0037.dat
LUXqed17_plus_PDF4LHC15_nnlo_100 PDF set, member #37, version 10001; LHAPDF ID = 82237
LHAPDF 6.2.1 loading /cvmfs/cms.cern.ch/slc6_amd64_gcc630/external/lhapdf/6.2.1-ghjeda/share/LHAPDF/LUXqed17_plus_PDF4LHC15_nnlo_100/LUXqed17_plus_PDF4LHC15_nnlo_100_0038.dat
LUXqed17_plus_PDF4LHC15_nnlo_100 PDF set, member #38, version 10001; LHAPDF ID = 82238
LHAPDF 6.2.1 loading /cvmfs/cms.cern.ch/slc6_amd64_gcc630/external/lhapdf/6.2.1-ghjeda/share/LHAPDF/LUXqed17_plus_PDF4LHC15_nnlo_100/LUXqed17_plus_PDF4LHC15_nnlo_100_0039.dat
LUXqed17_plus_PDF4LHC15_nnlo_100 PDF set, member #39, version 10001; LHAPDF ID = 82239
LHAPDF 6.2.1 loading /cvmfs/cms.cern.ch/slc6_amd64_gcc630/external/lhapdf/6.2.1-ghjeda/share/LHAPDF/LUXqed17_plus_PDF4LHC15_nnlo_100/LUXqed17_plus_PDF4LHC15_nnlo_100_0040.dat
LUXqed17_plus_PDF4LHC15_nnlo_100 PDF set, member #40, version 10001; LHAPDF ID = 82240
LHAPDF 6.2.1 loading /cvmfs/cms.cern.ch/slc6_amd64_gcc630/external/lhapdf/6.2.1-ghjeda/share/LHAPDF/LUXqed17_plus_PDF4LHC15_nnlo_100/LUXqed17_plus_PDF4LHC15_nnlo_100_0041.dat
LUXqed17_plus_PDF4LHC15_nnlo_100 PDF set, member #41, version 10001; LHAPDF ID = 82241
LHAPDF 6.2.1 loading /cvmfs/cms.cern.ch/slc6_amd64_gcc630/external/lhapdf/6.2.1-ghjeda/share/LHAPDF/LUXqed17_plus_PDF4LHC15_nnlo_100/LUXqed17_plus_PDF4LHC15_nnlo_100_0042.dat
LUXqed17_plus_PDF4LHC15_nnlo_100 PDF set, member #42, version 10001; LHAPDF ID = 82242
LHAPDF 6.2.1 loading /cvmfs/cms.cern.ch/slc6_amd64_gcc630/external/lhapdf/6.2.1-ghjeda/share/LHAPDF/LUXqed17_plus_PDF4LHC15_nnlo_100/LUXqed17_plus_PDF4LHC15_nnlo_100_0043.dat
LUXqed17_plus_PDF4LHC15_nnlo_100 PDF set, member #43, version 10001; LHAPDF ID = 82243
LHAPDF 6.2.1 loading /cvmfs/cms.cern.ch/slc6_amd64_gcc630/external/lhapdf/6.2.1-ghjeda/share/LHAPDF/LUXqed17_plus_PDF4LHC15_nnlo_100/LUXqed17_plus_PDF4LHC15_nnlo_100_0044.dat
LUXqed17_plus_PDF4LHC15_nnlo_100 PDF set, member #44, version 10001; LHAPDF ID = 82244
LHAPDF 6.2.1 loading /cvmfs/cms.cern.ch/slc6_amd64_gcc630/external/lhapdf/6.2.1-ghjeda/share/LHAPDF/LUXqed17_plus_PDF4LHC15_nnlo_100/LUXqed17_plus_PDF4LHC15_nnlo_100_0045.dat
LUXqed17_plus_PDF4LHC15_nnlo_100 PDF set, member #45, version 10001; LHAPDF ID = 82245
LHAPDF 6.2.1 loading /cvmfs/cms.cern.ch/slc6_amd64_gcc630/external/lhapdf/6.2.1-ghjeda/share/LHAPDF/LUXqed17_plus_PDF4LHC15_nnlo_100/LUXqed17_plus_PDF4LHC15_nnlo_100_0046.dat
LUXqed17_plus_PDF4LHC15_nnlo_100 PDF set, member #46, version 10001; LHAPDF ID = 82246
LHAPDF 6.2.1 loading /cvmfs/cms.cern.ch/slc6_amd64_gcc630/external/lhapdf/6.2.1-ghjeda/share/LHAPDF/LUXqed17_plus_PDF4LHC15_nnlo_100/LUXqed17_plus_PDF4LHC15_nnlo_100_0047.dat
LUXqed17_plus_PDF4LHC15_nnlo_100 PDF set, member #47, version 10001; LHAPDF ID = 82247
LHAPDF 6.2.1 loading /cvmfs/cms.cern.ch/slc6_amd64_gcc630/external/lhapdf/6.2.1-ghjeda/share/LHAPDF/LUXqed17_plus_PDF4LHC15_nnlo_100/LUXqed17_plus_PDF4LHC15_nnlo_100_0048.dat
LUXqed17_plus_PDF4LHC15_nnlo_100 PDF set, member #48, version 10001; LHAPDF ID = 82248
LHAPDF 6.2.1 loading /cvmfs/cms.cern.ch/slc6_amd64_gcc630/external/lhapdf/6.2.1-ghjeda/share/LHAPDF/LUXqed17_plus_PDF4LHC15_nnlo_100/LUXqed17_plus_PDF4LHC15_nnlo_100_0049.dat
LUXqed17_plus_PDF4LHC15_nnlo_100 PDF set, member #49, version 10001; LHAPDF ID = 82249
LHAPDF 6.2.1 loading /cvmfs/cms.cern.ch/slc6_amd64_gcc630/external/lhapdf/6.2.1-ghjeda/share/LHAPDF/LUXqed17_plus_PDF4LHC15_nnlo_100/LUXqed17_plus_PDF4LHC15_nnlo_100_0050.dat
LUXqed17_plus_PDF4LHC15_nnlo_100 PDF set, member #50, version 10001; LHAPDF ID = 82250
LHAPDF 6.2.1 loading /cvmfs/cms.cern.ch/slc6_amd64_gcc630/external/lhapdf/6.2.1-ghjeda/share/LHAPDF/LUXqed17_plus_PDF4LHC15_nnlo_100/LUXqed17_plus_PDF4LHC15_nnlo_100_0051.dat
LUXqed17_plus_PDF4LHC15_nnlo_100 PDF set, member #51, version 10001; LHAPDF ID = 82251
LHAPDF 6.2.1 loading /cvmfs/cms.cern.ch/slc6_amd64_gcc630/external/lhapdf/6.2.1-ghjeda/share/LHAPDF/LUXqed17_plus_PDF4LHC15_nnlo_100/LUXqed17_plus_PDF4LHC15_nnlo_100_0052.dat
LUXqed17_plus_PDF4LHC15_nnlo_100 PDF set, member #52, version 10001; LHAPDF ID = 82252
LHAPDF 6.2.1 loading /cvmfs/cms.cern.ch/slc6_amd64_gcc630/external/lhapdf/6.2.1-ghjeda/share/LHAPDF/LUXqed17_plus_PDF4LHC15_nnlo_100/LUXqed17_plus_PDF4LHC15_nnlo_100_0053.dat
LUXqed17_plus_PDF4LHC15_nnlo_100 PDF set, member #53, version 10001; LHAPDF ID = 82253
LHAPDF 6.2.1 loading /cvmfs/cms.cern.ch/slc6_amd64_gcc630/external/lhapdf/6.2.1-ghjeda/share/LHAPDF/LUXqed17_plus_PDF4LHC15_nnlo_100/LUXqed17_plus_PDF4LHC15_nnlo_100_0054.dat
LUXqed17_plus_PDF4LHC15_nnlo_100 PDF set, member #54, version 10001; LHAPDF ID = 82254
LHAPDF 6.2.1 loading /cvmfs/cms.cern.ch/slc6_amd64_gcc630/external/lhapdf/6.2.1-ghjeda/share/LHAPDF/LUXqed17_plus_PDF4LHC15_nnlo_100/LUXqed17_plus_PDF4LHC15_nnlo_100_0055.dat
LUXqed17_plus_PDF4LHC15_nnlo_100 PDF set, member #55, version 10001; LHAPDF ID = 82255
LHAPDF 6.2.1 loading /cvmfs/cms.cern.ch/slc6_amd64_gcc630/external/lhapdf/6.2.1-ghjeda/share/LHAPDF/LUXqed17_plus_PDF4LHC15_nnlo_100/LUXqed17_plus_PDF4LHC15_nnlo_100_0056.dat
LUXqed17_plus_PDF4LHC15_nnlo_100 PDF set, member #56, version 10001; LHAPDF ID = 82256
LHAPDF 6.2.1 loading /cvmfs/cms.cern.ch/slc6_amd64_gcc630/external/lhapdf/6.2.1-ghjeda/share/LHAPDF/LUXqed17_plus_PDF4LHC15_nnlo_100/LUXqed17_plus_PDF4LHC15_nnlo_100_0057.dat
LUXqed17_plus_PDF4LHC15_nnlo_100 PDF set, member #57, version 10001; LHAPDF ID = 82257
LHAPDF 6.2.1 loading /cvmfs/cms.cern.ch/slc6_amd64_gcc630/external/lhapdf/6.2.1-ghjeda/share/LHAPDF/LUXqed17_plus_PDF4LHC15_nnlo_100/LUXqed17_plus_PDF4LHC15_nnlo_100_0058.dat
LUXqed17_plus_PDF4LHC15_nnlo_100 PDF set, member #58, version 10001; LHAPDF ID = 82258
LHAPDF 6.2.1 loading /cvmfs/cms.cern.ch/slc6_amd64_gcc630/external/lhapdf/6.2.1-ghjeda/share/LHAPDF/LUXqed17_plus_PDF4LHC15_nnlo_100/LUXqed17_plus_PDF4LHC15_nnlo_100_0059.dat
LUXqed17_plus_PDF4LHC15_nnlo_100 PDF set, member #59, version 10001; LHAPDF ID = 82259
LHAPDF 6.2.1 loading /cvmfs/cms.cern.ch/slc6_amd64_gcc630/external/lhapdf/6.2.1-ghjeda/share/LHAPDF/LUXqed17_plus_PDF4LHC15_nnlo_100/LUXqed17_plus_PDF4LHC15_nnlo_100_0060.dat
LUXqed17_plus_PDF4LHC15_nnlo_100 PDF set, member #60, version 10001; LHAPDF ID = 82260
LHAPDF 6.2.1 loading /cvmfs/cms.cern.ch/slc6_amd64_gcc630/external/lhapdf/6.2.1-ghjeda/share/LHAPDF/LUXqed17_plus_PDF4LHC15_nnlo_100/LUXqed17_plus_PDF4LHC15_nnlo_100_0061.dat
LUXqed17_plus_PDF4LHC15_nnlo_100 PDF set, member #61, version 10001; LHAPDF ID = 82261
LHAPDF 6.2.1 loading /cvmfs/cms.cern.ch/slc6_amd64_gcc630/external/lhapdf/6.2.1-ghjeda/share/LHAPDF/LUXqed17_plus_PDF4LHC15_nnlo_100/LUXqed17_plus_PDF4LHC15_nnlo_100_0062.dat
LUXqed17_plus_PDF4LHC15_nnlo_100 PDF set, member #62, version 10001; LHAPDF ID = 82262
LHAPDF 6.2.1 loading /cvmfs/cms.cern.ch/slc6_amd64_gcc630/external/lhapdf/6.2.1-ghjeda/share/LHAPDF/LUXqed17_plus_PDF4LHC15_nnlo_100/LUXqed17_plus_PDF4LHC15_nnlo_100_0063.dat
LUXqed17_plus_PDF4LHC15_nnlo_100 PDF set, member #63, version 10001; LHAPDF ID = 82263
LHAPDF 6.2.1 loading /cvmfs/cms.cern.ch/slc6_amd64_gcc630/external/lhapdf/6.2.1-ghjeda/share/LHAPDF/LUXqed17_plus_PDF4LHC15_nnlo_100/LUXqed17_plus_PDF4LHC15_nnlo_100_0064.dat
LUXqed17_plus_PDF4LHC15_nnlo_100 PDF set, member #64, version 10001; LHAPDF ID = 82264
LHAPDF 6.2.1 loading /cvmfs/cms.cern.ch/slc6_amd64_gcc630/external/lhapdf/6.2.1-ghjeda/share/LHAPDF/LUXqed17_plus_PDF4LHC15_nnlo_100/LUXqed17_plus_PDF4LHC15_nnlo_100_0065.dat
LUXqed17_plus_PDF4LHC15_nnlo_100 PDF set, member #65, version 10001; LHAPDF ID = 82265
LHAPDF 6.2.1 loading /cvmfs/cms.cern.ch/slc6_amd64_gcc630/external/lhapdf/6.2.1-ghjeda/share/LHAPDF/LUXqed17_plus_PDF4LHC15_nnlo_100/LUXqed17_plus_PDF4LHC15_nnlo_100_0066.dat
LUXqed17_plus_PDF4LHC15_nnlo_100 PDF set, member #66, version 10001; LHAPDF ID = 82266
LHAPDF 6.2.1 loading /cvmfs/cms.cern.ch/slc6_amd64_gcc630/external/lhapdf/6.2.1-ghjeda/share/LHAPDF/LUXqed17_plus_PDF4LHC15_nnlo_100/LUXqed17_plus_PDF4LHC15_nnlo_100_0067.dat
LUXqed17_plus_PDF4LHC15_nnlo_100 PDF set, member #67, version 10001; LHAPDF ID = 82267
LHAPDF 6.2.1 loading /cvmfs/cms.cern.ch/slc6_amd64_gcc630/external/lhapdf/6.2.1-ghjeda/share/LHAPDF/LUXqed17_plus_PDF4LHC15_nnlo_100/LUXqed17_plus_PDF4LHC15_nnlo_100_0068.dat
LUXqed17_plus_PDF4LHC15_nnlo_100 PDF set, member #68, version 10001; LHAPDF ID = 82268
LHAPDF 6.2.1 loading /cvmfs/cms.cern.ch/slc6_amd64_gcc630/external/lhapdf/6.2.1-ghjeda/share/LHAPDF/LUXqed17_plus_PDF4LHC15_nnlo_100/LUXqed17_plus_PDF4LHC15_nnlo_100_0069.dat
LUXqed17_plus_PDF4LHC15_nnlo_100 PDF set, member #69, version 10001; LHAPDF ID = 82269
LHAPDF 6.2.1 loading /cvmfs/cms.cern.ch/slc6_amd64_gcc630/external/lhapdf/6.2.1-ghjeda/share/LHAPDF/LUXqed17_plus_PDF4LHC15_nnlo_100/LUXqed17_plus_PDF4LHC15_nnlo_100_0070.dat
LUXqed17_plus_PDF4LHC15_nnlo_100 PDF set, member #70, version 10001; LHAPDF ID = 82270
LHAPDF 6.2.1 loading /cvmfs/cms.cern.ch/slc6_amd64_gcc630/external/lhapdf/6.2.1-ghjeda/share/LHAPDF/LUXqed17_plus_PDF4LHC15_nnlo_100/LUXqed17_plus_PDF4LHC15_nnlo_100_0071.dat
LUXqed17_plus_PDF4LHC15_nnlo_100 PDF set, member #71, version 10001; LHAPDF ID = 82271
LHAPDF 6.2.1 loading /cvmfs/cms.cern.ch/slc6_amd64_gcc630/external/lhapdf/6.2.1-ghjeda/share/LHAPDF/LUXqed17_plus_PDF4LHC15_nnlo_100/LUXqed17_plus_PDF4LHC15_nnlo_100_0072.dat
LUXqed17_plus_PDF4LHC15_nnlo_100 PDF set, member #72, version 10001; LHAPDF ID = 82272
LHAPDF 6.2.1 loading /cvmfs/cms.cern.ch/slc6_amd64_gcc630/external/lhapdf/6.2.1-ghjeda/share/LHAPDF/LUXqed17_plus_PDF4LHC15_nnlo_100/LUXqed17_plus_PDF4LHC15_nnlo_100_0073.dat
LUXqed17_plus_PDF4LHC15_nnlo_100 PDF set, member #73, version 10001; LHAPDF ID = 82273
LHAPDF 6.2.1 loading /cvmfs/cms.cern.ch/slc6_amd64_gcc630/external/lhapdf/6.2.1-ghjeda/share/LHAPDF/LUXqed17_plus_PDF4LHC15_nnlo_100/LUXqed17_plus_PDF4LHC15_nnlo_100_0074.dat
LUXqed17_plus_PDF4LHC15_nnlo_100 PDF set, member #74, version 10001; LHAPDF ID = 82274
LHAPDF 6.2.1 loading /cvmfs/cms.cern.ch/slc6_amd64_gcc630/external/lhapdf/6.2.1-ghjeda/share/LHAPDF/LUXqed17_plus_PDF4LHC15_nnlo_100/LUXqed17_plus_PDF4LHC15_nnlo_100_0075.dat
LUXqed17_plus_PDF4LHC15_nnlo_100 PDF set, member #75, version 10001; LHAPDF ID = 82275
LHAPDF 6.2.1 loading /cvmfs/cms.cern.ch/slc6_amd64_gcc630/external/lhapdf/6.2.1-ghjeda/share/LHAPDF/LUXqed17_plus_PDF4LHC15_nnlo_100/LUXqed17_plus_PDF4LHC15_nnlo_100_0076.dat
LUXqed17_plus_PDF4LHC15_nnlo_100 PDF set, member #76, version 10001; LHAPDF ID = 82276
LHAPDF 6.2.1 loading /cvmfs/cms.cern.ch/slc6_amd64_gcc630/external/lhapdf/6.2.1-ghjeda/share/LHAPDF/LUXqed17_plus_PDF4LHC15_nnlo_100/LUXqed17_plus_PDF4LHC15_nnlo_100_0077.dat
LUXqed17_plus_PDF4LHC15_nnlo_100 PDF set, member #77, version 10001; LHAPDF ID = 82277
LHAPDF 6.2.1 loading /cvmfs/cms.cern.ch/slc6_amd64_gcc630/external/lhapdf/6.2.1-ghjeda/share/LHAPDF/LUXqed17_plus_PDF4LHC15_nnlo_100/LUXqed17_plus_PDF4LHC15_nnlo_100_0078.dat
LUXqed17_plus_PDF4LHC15_nnlo_100 PDF set, member #78, version 10001; LHAPDF ID = 82278
LHAPDF 6.2.1 loading /cvmfs/cms.cern.ch/slc6_amd64_gcc630/external/lhapdf/6.2.1-ghjeda/share/LHAPDF/LUXqed17_plus_PDF4LHC15_nnlo_100/LUXqed17_plus_PDF4LHC15_nnlo_100_0079.dat
LUXqed17_plus_PDF4LHC15_nnlo_100 PDF set, member #79, version 10001; LHAPDF ID = 82279
LHAPDF 6.2.1 loading /cvmfs/cms.cern.ch/slc6_amd64_gcc630/external/lhapdf/6.2.1-ghjeda/share/LHAPDF/LUXqed17_plus_PDF4LHC15_nnlo_100/LUXqed17_plus_PDF4LHC15_nnlo_100_0080.dat
LUXqed17_plus_PDF4LHC15_nnlo_100 PDF set, member #80, version 10001; LHAPDF ID = 82280
LHAPDF 6.2.1 loading /cvmfs/cms.cern.ch/slc6_amd64_gcc630/external/lhapdf/6.2.1-ghjeda/share/LHAPDF/LUXqed17_plus_PDF4LHC15_nnlo_100/LUXqed17_plus_PDF4LHC15_nnlo_100_0081.dat
LUXqed17_plus_PDF4LHC15_nnlo_100 PDF set, member #81, version 10001; LHAPDF ID = 82281
LHAPDF 6.2.1 loading /cvmfs/cms.cern.ch/slc6_amd64_gcc630/external/lhapdf/6.2.1-ghjeda/share/LHAPDF/LUXqed17_plus_PDF4LHC15_nnlo_100/LUXqed17_plus_PDF4LHC15_nnlo_100_0082.dat
LUXqed17_plus_PDF4LHC15_nnlo_100 PDF set, member #82, version 10001; LHAPDF ID = 82282
LHAPDF 6.2.1 loading /cvmfs/cms.cern.ch/slc6_amd64_gcc630/external/lhapdf/6.2.1-ghjeda/share/LHAPDF/LUXqed17_plus_PDF4LHC15_nnlo_100/LUXqed17_plus_PDF4LHC15_nnlo_100_0083.dat
LUXqed17_plus_PDF4LHC15_nnlo_100 PDF set, member #83, version 10001; LHAPDF ID = 82283
LHAPDF 6.2.1 loading /cvmfs/cms.cern.ch/slc6_amd64_gcc630/external/lhapdf/6.2.1-ghjeda/share/LHAPDF/LUXqed17_plus_PDF4LHC15_nnlo_100/LUXqed17_plus_PDF4LHC15_nnlo_100_0084.dat
LUXqed17_plus_PDF4LHC15_nnlo_100 PDF set, member #84, version 10001; LHAPDF ID = 82284
LHAPDF 6.2.1 loading /cvmfs/cms.cern.ch/slc6_amd64_gcc630/external/lhapdf/6.2.1-ghjeda/share/LHAPDF/LUXqed17_plus_PDF4LHC15_nnlo_100/LUXqed17_plus_PDF4LHC15_nnlo_100_0085.dat
LUXqed17_plus_PDF4LHC15_nnlo_100 PDF set, member #85, version 10001; LHAPDF ID = 82285
LHAPDF 6.2.1 loading /cvmfs/cms.cern.ch/slc6_amd64_gcc630/external/lhapdf/6.2.1-ghjeda/share/LHAPDF/LUXqed17_plus_PDF4LHC15_nnlo_100/LUXqed17_plus_PDF4LHC15_nnlo_100_0086.dat
LUXqed17_plus_PDF4LHC15_nnlo_100 PDF set, member #86, version 10001; LHAPDF ID = 82286
LHAPDF 6.2.1 loading /cvmfs/cms.cern.ch/slc6_amd64_gcc630/external/lhapdf/6.2.1-ghjeda/share/LHAPDF/LUXqed17_plus_PDF4LHC15_nnlo_100/LUXqed17_plus_PDF4LHC15_nnlo_100_0087.dat
LUXqed17_plus_PDF4LHC15_nnlo_100 PDF set, member #87, version 10001; LHAPDF ID = 82287
LHAPDF 6.2.1 loading /cvmfs/cms.cern.ch/slc6_amd64_gcc630/external/lhapdf/6.2.1-ghjeda/share/LHAPDF/LUXqed17_plus_PDF4LHC15_nnlo_100/LUXqed17_plus_PDF4LHC15_nnlo_100_0088.dat
LUXqed17_plus_PDF4LHC15_nnlo_100 PDF set, member #88, version 10001; LHAPDF ID = 82288
LHAPDF 6.2.1 loading /cvmfs/cms.cern.ch/slc6_amd64_gcc630/external/lhapdf/6.2.1-ghjeda/share/LHAPDF/LUXqed17_plus_PDF4LHC15_nnlo_100/LUXqed17_plus_PDF4LHC15_nnlo_100_0089.dat
LUXqed17_plus_PDF4LHC15_nnlo_100 PDF set, member #89, version 10001; LHAPDF ID = 82289
LHAPDF 6.2.1 loading /cvmfs/cms.cern.ch/slc6_amd64_gcc630/external/lhapdf/6.2.1-ghjeda/share/LHAPDF/LUXqed17_plus_PDF4LHC15_nnlo_100/LUXqed17_plus_PDF4LHC15_nnlo_100_0090.dat
LUXqed17_plus_PDF4LHC15_nnlo_100 PDF set, member #90, version 10001; LHAPDF ID = 82290
LHAPDF 6.2.1 loading /cvmfs/cms.cern.ch/slc6_amd64_gcc630/external/lhapdf/6.2.1-ghjeda/share/LHAPDF/LUXqed17_plus_PDF4LHC15_nnlo_100/LUXqed17_plus_PDF4LHC15_nnlo_100_0091.dat
LUXqed17_plus_PDF4LHC15_nnlo_100 PDF set, member #91, version 10001; LHAPDF ID = 82291
LHAPDF 6.2.1 loading /cvmfs/cms.cern.ch/slc6_amd64_gcc630/external/lhapdf/6.2.1-ghjeda/share/LHAPDF/LUXqed17_plus_PDF4LHC15_nnlo_100/LUXqed17_plus_PDF4LHC15_nnlo_100_0092.dat
LUXqed17_plus_PDF4LHC15_nnlo_100 PDF set, member #92, version 10001; LHAPDF ID = 82292
LHAPDF 6.2.1 loading /cvmfs/cms.cern.ch/slc6_amd64_gcc630/external/lhapdf/6.2.1-ghjeda/share/LHAPDF/LUXqed17_plus_PDF4LHC15_nnlo_100/LUXqed17_plus_PDF4LHC15_nnlo_100_0093.dat
LUXqed17_plus_PDF4LHC15_nnlo_100 PDF set, member #93, version 10001; LHAPDF ID = 82293
LHAPDF 6.2.1 loading /cvmfs/cms.cern.ch/slc6_amd64_gcc630/external/lhapdf/6.2.1-ghjeda/share/LHAPDF/LUXqed17_plus_PDF4LHC15_nnlo_100/LUXqed17_plus_PDF4LHC15_nnlo_100_0094.dat
LUXqed17_plus_PDF4LHC15_nnlo_100 PDF set, member #94, version 10001; LHAPDF ID = 82294
LHAPDF 6.2.1 loading /cvmfs/cms.cern.ch/slc6_amd64_gcc630/external/lhapdf/6.2.1-ghjeda/share/LHAPDF/LUXqed17_plus_PDF4LHC15_nnlo_100/LUXqed17_plus_PDF4LHC15_nnlo_100_0095.dat
LUXqed17_plus_PDF4LHC15_nnlo_100 PDF set, member #95, version 10001; LHAPDF ID = 82295
LHAPDF 6.2.1 loading /cvmfs/cms.cern.ch/slc6_amd64_gcc630/external/lhapdf/6.2.1-ghjeda/share/LHAPDF/LUXqed17_plus_PDF4LHC15_nnlo_100/LUXqed17_plus_PDF4LHC15_nnlo_100_0096.dat
LUXqed17_plus_PDF4LHC15_nnlo_100 PDF set, member #96, version 10001; LHAPDF ID = 82296
LHAPDF 6.2.1 loading /cvmfs/cms.cern.ch/slc6_amd64_gcc630/external/lhapdf/6.2.1-ghjeda/share/LHAPDF/LUXqed17_plus_PDF4LHC15_nnlo_100/LUXqed17_plus_PDF4LHC15_nnlo_100_0097.dat
LUXqed17_plus_PDF4LHC15_nnlo_100 PDF set, member #97, version 10001; LHAPDF ID = 82297
LHAPDF 6.2.1 loading /cvmfs/cms.cern.ch/slc6_amd64_gcc630/external/lhapdf/6.2.1-ghjeda/share/LHAPDF/LUXqed17_plus_PDF4LHC15_nnlo_100/LUXqed17_plus_PDF4LHC15_nnlo_100_0098.dat
LUXqed17_plus_PDF4LHC15_nnlo_100 PDF set, member #98, version 10001; LHAPDF ID = 82298
LHAPDF 6.2.1 loading /cvmfs/cms.cern.ch/slc6_amd64_gcc630/external/lhapdf/6.2.1-ghjeda/share/LHAPDF/LUXqed17_plus_PDF4LHC15_nnlo_100/LUXqed17_plus_PDF4LHC15_nnlo_100_0099.dat
LUXqed17_plus_PDF4LHC15_nnlo_100 PDF set, member #99, version 10001; LHAPDF ID = 82299
LHAPDF 6.2.1 loading /cvmfs/cms.cern.ch/slc6_amd64_gcc630/external/lhapdf/6.2.1-ghjeda/share/LHAPDF/LUXqed17_plus_PDF4LHC15_nnlo_100/LUXqed17_plus_PDF4LHC15_nnlo_100_0100.dat
LUXqed17_plus_PDF4LHC15_nnlo_100 PDF set, member #100, version 10001; LHAPDF ID = 82300
LHAPDF 6.2.1 loading /cvmfs/cms.cern.ch/slc6_amd64_gcc630/external/lhapdf/6.2.1-ghjeda/share/LHAPDF/LUXqed17_plus_PDF4LHC15_nnlo_100/LUXqed17_plus_PDF4LHC15_nnlo_100_0101.dat
LUXqed17_plus_PDF4LHC15_nnlo_100 PDF set, member #101, version 10001; LHAPDF ID = 82301
LHAPDF 6.2.1 loading /cvmfs/cms.cern.ch/slc6_amd64_gcc630/external/lhapdf/6.2.1-ghjeda/share/LHAPDF/LUXqed17_plus_PDF4LHC15_nnlo_100/LUXqed17_plus_PDF4LHC15_nnlo_100_0102.dat
LUXqed17_plus_PDF4LHC15_nnlo_100 PDF set, member #102, version 10001; LHAPDF ID = 82302
LHAPDF 6.2.1 loading /cvmfs/cms.cern.ch/slc6_amd64_gcc630/external/lhapdf/6.2.1-ghjeda/share/LHAPDF/LUXqed17_plus_PDF4LHC15_nnlo_100/LUXqed17_plus_PDF4LHC15_nnlo_100_0103.dat
LUXqed17_plus_PDF4LHC15_nnlo_100 PDF set, member #103, version 10001; LHAPDF ID = 82303
LHAPDF 6.2.1 loading /cvmfs/cms.cern.ch/slc6_amd64_gcc630/external/lhapdf/6.2.1-ghjeda/share/LHAPDF/LUXqed17_plus_PDF4LHC15_nnlo_100/LUXqed17_plus_PDF4LHC15_nnlo_100_0104.dat
LUXqed17_plus_PDF4LHC15_nnlo_100 PDF set, member #104, version 10001; LHAPDF ID = 82304
LHAPDF 6.2.1 loading /cvmfs/cms.cern.ch/slc6_amd64_gcc630/external/lhapdf/6.2.1-ghjeda/share/LHAPDF/LUXqed17_plus_PDF4LHC15_nnlo_100/LUXqed17_plus_PDF4LHC15_nnlo_100_0105.dat
LUXqed17_plus_PDF4LHC15_nnlo_100 PDF set, member #105, version 10001; LHAPDF ID = 82305
LHAPDF 6.2.1 loading /cvmfs/cms.cern.ch/slc6_amd64_gcc630/external/lhapdf/6.2.1-ghjeda/share/LHAPDF/LUXqed17_plus_PDF4LHC15_nnlo_100/LUXqed17_plus_PDF4LHC15_nnlo_100_0106.dat
LUXqed17_plus_PDF4LHC15_nnlo_100 PDF set, member #106, version 10001; LHAPDF ID = 82306
LHAPDF 6.2.1 loading /cvmfs/cms.cern.ch/slc6_amd64_gcc630/external/lhapdf/6.2.1-ghjeda/share/LHAPDF/LUXqed17_plus_PDF4LHC15_nnlo_100/LUXqed17_plus_PDF4LHC15_nnlo_100_0107.dat
LUXqed17_plus_PDF4LHC15_nnlo_100 PDF set, member #107, version 10001; LHAPDF ID = 82307
Thanks for using LHAPDF 6.2.1. Please make sure to cite the paper:
  Eur.Phys.J. C75 (2015) 3, 132  (http://arxiv.org/abs/1412.7420)
 A PDF is used, so alpha_s(MZ) is going to be modified
 Old value of alpha_s from param_card:   0.11839999999999999     
 New value of alpha_s from PDF lhapdf :  0.11800222249017472     
 using LHAPDF
 Enter event file name
 Enter 1 to save all cross sections on tape
       0 otherwise
 Including scale uncertainties for dynamical_scale_choice          -1
   - renormalisation scale variation:   1.0000000000000000        2.0000000000000000       0.50000000000000000     
   - factorisation scale variation:   1.0000000000000000        2.0000000000000000       0.50000000000000000     
 Including central PDF with uncertainties for LUXqed17_plus_PDF4LHC15_nnlo_100                                                                    
   
 The events appear to be unweighted
  Will store the ratios of recomputed weights
  over reference weights
 ================================
 process combination map (specified per FKS dir):
  1 map         1   2
  1 inv. map    1   2
  2 map         1   2
  2 inv. map    1   2
  3 map         1   2
  3 inv. map    1   2
 ================================
