 Process in group number            0
 No PDF is used, alpha_s(MZ) from param_card is used
 Value of alpha_s from param_card:   0.11839999999999999     
 The default order of alpha_s running is fixed to            2
 Define smin to   0.0000000000000000     
 Warning: pt or E min of a jet should in general be >0
 Warning: pt or E min of a jet should in general be >0
 *****************************************************
 *               MadGraph/MadEvent                   *
 *        --------------------------------           *
 *          http://madgraph.hep.uiuc.edu             *
 *          http://madgraph.phys.ucl.ac.be           *
 *          http://madgraph.roma2.infn.it            *
 *        --------------------------------           *
 *                                                   *
 *          PARAMETER AND COUPLING VALUES            *
 *                                                   *
 *****************************************************

  External Params
  ---------------------------------
  
 MU_R =    91.188000000000002     
 mdl_VeN1 =    0.0000000000000000     
 mdl_VeN2 =    0.0000000000000000     
 mdl_VeN3 =    0.0000000000000000     
 mdl_VmuN1 =    1.0000000000000000E-002
 mdl_VmuN2 =    0.0000000000000000     
 mdl_VmuN3 =    0.0000000000000000     
 mdl_VtaN1 =    0.0000000000000000     
 mdl_VtaN2 =    0.0000000000000000     
 mdl_VtaN3 =    0.0000000000000000     
 aEWM1 =    127.94000000000000     
 mdl_Gf =    1.1745600000000000E-005
 aS =   0.11839999999999999     
 mdl_ymt =    173.30000000000001     
 mdl_MZ =    91.187600000000003     
 mdl_MT =    173.30000000000001     
 mdl_MH =    125.70000000000000     
 mdl_mN1 =    50.000000000000000     
 mdl_mN2 =    500.00000000000000     
 mdl_mN3 =    1000.0000000000000     
 mdl_WZ =    2.4952000000000001     
 mdl_WW =    2.0850000000000000     
 mdl_WT =    1.3500000000000001     
 mdl_WH =    4.1700000000000001E-003
 mdl_WN1 =    2.2372570000000000E-008
 mdl_WN2 =    1.5000000000000000     
 mdl_WN3 =    12.300000000000001     
  Internal Params
  ---------------------------------
  
 mdl_MZ__exp__2 =    8315.1783937600012     
 mdl_MZ__exp__4 =    69142191.720053151     
 mdl_sqrt__2 =    1.4142135623730951     
 mdl_MH__exp__2 =    15800.490000000002     
 mdl_complexi =  (  0.0000000000000000     ,  1.0000000000000000     )
 mdl_MT__exp__2 =    30032.890000000003     
 mdl_aEW =    7.8161638267938097E-003
 mdl_MW =    79.951229855436395     
 mdl_sqrt__aEW =    8.8409070953120020E-002
 mdl_ee =   0.31340199653167311     
 mdl_MW__exp__2 =    6392.1991553968237     
 mdl_sw2 =   0.23126133286644190     
 mdl_cw =   0.87677743306585976     
 mdl_sqrt__sw2 =   0.48089638475085450     
 mdl_sw =   0.48089638475085450     
 mdl_g1 =   0.35744760838082806     
 mdl_gN =   0.65170378998386980     
 mdl_gw =   0.65170378998386980     
 mdl_vev =    245.36064108945956     
 mdl_vev__exp__2 =    60201.844195830592     
 mdl_lam =   0.13122928550662488     
 mdl_yt =   0.99886929407679126     
 mdl_muH =    88.883322395149023     
 mdl_I2a33 =  ( 0.99886929407679126     ,  0.0000000000000000     )
 mdl_I3a33 =  ( 0.99886929407679126     ,  0.0000000000000000     )
 mdl_ee__exp__2 =    9.8220811430038843E-002
 mdl_sw__exp__2 =   0.23126133286644188     
 mdl_cw__exp__2 =   0.76873866713355821     
 mdl_yt__exp__2 =   0.99773986664946734     
  Internal Params evaluated point by point
  ----------------------------------------
  
 mdl_sqrt__aS =   0.34409301068170506     
 mdl_G__exp__2 =    1.4878582807401259     
 mdl_G__exp__3 =    1.8148567439626970     
 mdl_G__exp__4 =    2.2137222635669636     
  Couplings of SM_HeavyN_NLO
  ---------------------------------
  
        GC_24 =   0.00000E+00   0.46082E+00
        GC_79 =  -0.00000E+00  -0.46082E-02

 Collider parameters:
 --------------------

 Running at e e   machine @    50.000000000000000       GeV
 PDF set = none   
 alpha_s(Mz)= 0.1184 running at 2 loops.
 alpha_s(Mz)= 0.1184 running at 2 loops.
 Renormalization scale fixed @    50.000000000000000     
 Factorization scales  fixed @    91.188000000000002        91.188000000000002     


 getting user params
Enter number of events and max and min iterations: 
 Number of events and iterations         1000           9           1
Enter desired fractional accuracy: 
 Desired fractional accuracy:   -125410000000.00000     
Enter 0 for fixed, 2 for adjustable grid: 
Suppress amplitude (0 no, 1 yes)? 
 Using suppressed amplitude.
Exact helicity sum (0 yes, n = number/event)? 
 Explicitly summing over helicities
Enter Configuration Number: 
Running Configuration Number:    1
 Using dconfig=           2
 BW Setting            2           0
 Attempting mappinvarients           1           4
 Completed mapping           4
 about to integrate            5        1000           9           1           5           1
 Keeping grid fixed.
  5 dimensions   1000 events  5 invarients  9 iterations  1 config(s),  (0.99)
 Using h-tuple random number sequence.
 
 ********************************************
 * You are using the DiscreteSampler module *
 *      part of the MG5_aMC framework       *
 *         Author: Valentin Hirschi         *
 ********************************************
 
 Grid read from file
 Grid defined OK
 Set CM energy to         50.00
 Mapping Graph           1  to config           1
 No modification is setgrid, grid read from file
   1   1   2   3   4   5
 Masses: 0.500E+02 0.000E+00 0.000E+00 0.000E+00
Using random seed offsets     1 :      1
  with seed              1000001
 Ranmar initialization seeds       30659       27144
  Particle       2       3       4
      Et >     0.0     0.0     0.0
       E >     0.0     0.0     0.0
     Eta <    -1.0    -1.0    -1.0
   xqcut:      0.0     0.0     0.0
d R # 2  >    -0.0     0.0     0.0
d R # 3  >    -0.0    -0.0     0.0
s min # 2>     0.0     0.0     0.0
s min # 3>     0.0     0.0     0.0
xqcutij # 2>     0.0     0.0     0.0
xqcutij # 3>     0.0     0.0     0.0
 Excluding BW           -1           1
 alpha_s for scale    50.000000000000000       is   0.13027274262480854     
 Iteration  1   Mean: 0.5773E-08 Abs mean: 0.5773E-08   Fluctuation:  0.102E-09   0.134E-07   100.0%
  1    0.5773E-08 0.5773E-08 +- 0.1020E-09      0.56
 Found          844  events.
 Wrote          541  events.
 Actual xsec    5.7729039359635166E-009
 Correct abs xsec    5.7729039359635166E-009
 Event xsec    5.7729039359635827E-009
 Events wgts > 1:           66
 % Cross section > 1:    5.5416646145798658E-011  0.95994402055728645     
 Checking number of events   723.97988260918464              541  chi2:    3.2869100886643369E-029
 Found          844  events.
 Wrote          525  events.
 Actual xsec    5.7729039359635166E-009
 Correct abs xsec    5.7729039359635166E-009
 Event xsec    5.7729039359635488E-009
 Events wgts > 1:           66
 % Cross section > 1:    5.7088832821874059E-011  0.98891014739093219     
 Iteration  2   Mean: 0.5741E-08 Abs mean: 0.5741E-08   Fluctuation:  0.719E-10   0.142E-07   100.0%
  2    0.5741E-08 0.5741E-08 +- 0.7189E-10      0.56
 Found          197  events.
 Wrote          194  events.
 Actual xsec    5.7514777036508325E-009
 Correct abs xsec    5.7514777036508325E-009
 Event xsec    5.7514777036508474E-009
 Events wgts > 1:            0
 % Cross section > 1:    0.0000000000000000        0.0000000000000000     
 Checking number of events   721.29281881485088              194  chi2:    3.3251274468025685E-002
 Found          197  events.
 Wrote          194  events.
 Actual xsec    5.7514777036508325E-009
 Correct abs xsec    5.7514777036508325E-009
 Event xsec    5.7514777036508474E-009
 Events wgts > 1:            0
 % Cross section > 1:    0.0000000000000000        0.0000000000000000     
 Iteration  3   Mean: 0.5664E-08 Abs mean: 0.5664E-08   Fluctuation:  0.504E-10   0.156E-07   100.0%
  3    0.5664E-08 0.5664E-08 +- 0.5040E-10      0.56
 Found          388  events.
 Wrote          384  events.
 Actual xsec    5.7015727148568444E-009
 Correct abs xsec    5.7015727148568444E-009
 Event xsec    5.7015727148568601E-009
 Events wgts > 1:            0
 % Cross section > 1:    0.0000000000000000        0.0000000000000000     
 Checking number of events   715.03423417019690              384  chi2:   0.67477598253904070     
 Found          388  events.
 Wrote          384  events.
 Actual xsec    5.7015727148568444E-009
 Correct abs xsec    5.7015727148568444E-009
 Event xsec    5.7015727148568601E-009
 Events wgts > 1:            0
 % Cross section > 1:    0.0000000000000000        0.0000000000000000     
 Iteration  4   Mean: 0.5772E-08 Abs mean: 0.5772E-08   Fluctuation:  0.358E-10   0.146E-07   100.0%
  4    0.5772E-08 0.5772E-08 +- 0.3581E-10      0.55
 Found          805  events.
 Wrote          800  events.
 Actual xsec    5.7373538498036106E-009
 Correct abs xsec    5.7373538498036106E-009
 Event xsec    5.7373538498035163E-009
 Events wgts > 1:            0
 % Cross section > 1:    0.0000000000000000        0.0000000000000000     
 Checking number of events   719.52154630387076              800  chi2:    1.5450628846972907     

 -------------------------------------------------------------------------------
 Accumulated results:   Integral =  0.5740E-08
                        Std dev  =  0.2615E-10
                       Cross sec =  0.1053E+01
             Chi**2 per DoF.     =
-------------------------------------------------
---------------------------
 Results Last   3 iters: Integral =   0.5737E-08
                     Abs integral =   0.5737E-08
                          Std dev =   0.2705E-10
                  Chi**2 per DoF. =      1.5451
-------------------------------------------------
---------------------------
 Status  -125410000000.00000                5           9
 We found enough events         800   719.52154630387076     

ls status:
GridRun_465109066_log.txt
default_ftn26.gz
default_log.txt
events.lhe
ftn25
ftn26
gscalefact.dat
input_app.txt
input_sg.txt
results.dat
run1_app.log
run_01_log.txt
