==== LHAPDF6 USING DEFAULT-TYPE LHAGLUE INTERFACE ====
LHAPDF 6.2.1 loading /cvmfs/cms.cern.ch/slc6_amd64_gcc630/external/lhapdf/6.2.1-ghjeda/share/LHAPDF/LUXqed17_plus_PDF4LHC15_nnlo_100/LUXqed17_plus_PDF4LHC15_nnlo_100_0000.dat
LUXqed17_plus_PDF4LHC15_nnlo_100 PDF set, member #0, version 10001; LHAPDF ID = 82200
 A PDF is used, so alpha_s(MZ) is going to be modified
 Old value of alpha_s from param_card:   0.11839999999999999     
 New value of alpha_s from PDF lhapdf :  0.11800222249017472     
 using LHAPDF
 *****************************************************
 *               MadGraph/MadEvent                   *
 *        --------------------------------           *
 *          http://madgraph.hep.uiuc.edu             *
 *          http://madgraph.phys.ucl.ac.be           *
 *          http://madgraph.roma2.infn.it            *
 *        --------------------------------           *
 *                                                   *
 *          PARAMETER AND COUPLING VALUES            *
 *                                                   *
 *****************************************************

  External Params
  ---------------------------------
  
 MU_R =    91.188000000000002     
 mdl_VeN1 =    1.0000000000000000E-002
 mdl_VeN2 =    0.0000000000000000     
 mdl_VeN3 =    0.0000000000000000     
 mdl_VmuN1 =    1.0000000000000000E-002
 mdl_VmuN2 =    0.0000000000000000     
 mdl_VmuN3 =    0.0000000000000000     
 mdl_VtaN1 =    0.0000000000000000     
 mdl_VtaN2 =    0.0000000000000000     
 mdl_VtaN3 =    0.0000000000000000     
 aEWM1 =    127.94000000000000     
 mdl_Gf =    1.1745600000000000E-005
 aS =   0.11839999999999999     
 mdl_ymt =    173.30000000000001     
 mdl_MZ =    91.187600000000003     
 mdl_MT =    173.30000000000001     
 mdl_MH =    125.70000000000000     
 mdl_mN1 =    50.000000000000000     
 mdl_mN2 =    500.00000000000000     
 mdl_mN3 =    1000.0000000000000     
 mdl_WZ =    2.4952000000000001     
 mdl_WW =    2.0850000000000000     
 mdl_WT =    1.3500000000000001     
 mdl_WH =    4.1700000000000001E-003
 mdl_WN1 =    4.4888889999999997E-008
 mdl_WN2 =    1.5000000000000000     
 mdl_WN3 =    12.300000000000001     
  Internal Params
  ---------------------------------
  
 mdl_MZ__exp__2 =    8315.1783937600012     
 mdl_MZ__exp__4 =    69142191.720053151     
 mdl_sqrt__2 =    1.4142135623730951     
 mdl_MH__exp__2 =    15800.490000000002     
 mdl_complexi =  (  0.0000000000000000     ,  1.0000000000000000     )
 mdl_MT__exp__2 =    30032.890000000003     
 mdl_aEW =    7.8161638267938097E-003
 mdl_MW =    79.951229855436395     
 mdl_sqrt__aEW =    8.8409070953120020E-002
 mdl_ee =   0.31340199653167311     
 mdl_MW__exp__2 =    6392.1991553968237     
 mdl_sw2 =   0.23126133286644190     
 mdl_cw =   0.87677743306585976     
 mdl_sqrt__sw2 =   0.48089638475085450     
 mdl_sw =   0.48089638475085450     
 mdl_g1 =   0.35744760838082806     
 mdl_gN =   0.65170378998386980     
 mdl_gw =   0.65170378998386980     
 mdl_vev =    245.36064108945956     
 mdl_vev__exp__2 =    60201.844195830592     
 mdl_lam =   0.13122928550662488     
 mdl_yt =   0.99886929407679126     
 mdl_muH =    88.883322395149023     
 mdl_I2a33 =  ( 0.99886929407679126     ,  0.0000000000000000     )
 mdl_I3a33 =  ( 0.99886929407679126     ,  0.0000000000000000     )
 mdl_ee__exp__2 =    9.8220811430038843E-002
 mdl_sw__exp__2 =   0.23126133286644188     
 mdl_cw__exp__2 =   0.76873866713355821     
 mdl_yt__exp__2 =   0.99773986664946734     
  Internal Params evaluated point by point
  ----------------------------------------
  
 mdl_sqrt__aS =   0.34409301068170506     
 mdl_G__exp__2 =    1.4878582807401259     
 mdl_G__exp__3 =    1.8148567439626970     
 mdl_G__exp__4 =    2.2137222635669636     
  Couplings of SM_HeavyN_NLO
  ---------------------------------
  
  R2GC_164_35 =   0.00000E+00   0.26248E-02
  R2GC_168_37 =  -0.00000E+00  -0.52495E-02
  R2GC_185_38 =  -0.00000E+00  -0.11578E-01
 UVGC_147_4_1eps -0.00000E+00  -0.13124E-02
 UVGC_149_5_1eps  0.00000E+00   0.26248E-02
 UVGC_164_19_1ep  0.00000E+00   0.13124E-02
 UVGC_168_26_1ep -0.00000E+00  -0.26248E-02
 UVGC_185_27_1ep  0.00000E+00   0.28946E-02
 UVGC_185_28_1ep -0.00000E+00  -0.57892E-02
        GC_11 =   0.00000E+00   0.12198E+01
  R2GC_163_34 =   0.00000E+00   0.12563E-01
 UVGC_146_3_1eps -0.00000E+00  -0.12563E-01
 UVGC_163_18_1ep  0.00000E+00   0.12563E-01
         GC_1 =  -0.00000E+00  -0.10447E+00
         GC_2 =   0.00000E+00   0.20893E+00
        GC_24 =   0.00000E+00   0.46082E+00
         GC_3 =  -0.00000E+00  -0.31340E+00
         GC_4 =   0.00000E+00   0.31340E+00
        GC_42 =  -0.00000E+00  -0.46082E-02

 Collider parameters:
 --------------------

 Running at P P   machine @    13000.000000000000       GeV
 PDF set = lhapdf 
 alpha_s(Mz)= 0.1180 running at 3 loops.
 alpha_s(Mz)= 0.1180 running at 3 loops.
 Renormalization scale set on event-by-event basis
 Factorization   scale set on event-by-event basis


 ===============================================================
 INFO: MadFKS read these parameters from FKS_params.dat
 ===============================================================
  > IRPoleCheckThreshold      =    1.0000000000000001E-005
  > PrecisionVirtualAtRunTime =    1.0000000000000000E-003
  > NHelForMCoverHels         =            4
  > VirtualFraction           =    1.0000000000000000     
  > MinVirtualFraction        =    5.0000000000000001E-003
 ===============================================================
  Insert the number of points to test
 Insert the relative tolerance
  A negative number will mean use the default one:    1.0000000000000001E-005
Using random seed offsets:     1 ,      3 ,      0
  with seed                   32
 Ranmar initialization seeds       10730        9409
  ========================================================================================== 
 {                                                                                          }
 {       [32m                                                                            [0m       }
 {       [32m                               ,,                                           [0m       }
 {       [32m`7MMM.     ,MMF'             `7MM  `7MMF'                                   [0m       }
 {       [32m  MMMb    dPMM                 MM    MM                                     [0m       }
 {       [32m  M YM   ,M MM   ,6"Yb.   ,M""bMM    MM         ,pW"Wq.   ,pW"Wq.`7MMpdMAo. [0m       }
 {       [32m  M  Mb  M' MM  8)   MM ,AP    MM    MM        6W'   `Wb 6W'   `Wb MM   `Wb [0m       }
 {       [32m  M  YM.P'  MM   ,pm9MM 8MI    MM    MM      , 8M     M8 8M     M8 MM    M8 [0m       }
 {       [32m  M  `YM'   MM  8M   MM `Mb    MM    MM     ,M YA.   ,A9 YA.   ,A9 MM   ,AP [0m       }
 {       [32m.JML. `'  .JMML.`Moo9^Yo.`Wbmd"MML..JMMmmmmMMM  `Ybmd9'   `Ybmd9'  MMbmmd'  [0m       }
 {       [32m                                                                   MM       [0m       }
 {       [32m                                                                 .JMML.     [0m       }
 {       [32m[0mv2.6.0 (2017-08-16), Ref: arXiv:1103.0621v2, arXiv:1405.0301[32m                [0m       }
 {       [32m                                                                            [0m       }
 {                                                                                          }
  ========================================================================================== 
 ===============================================================
 INFO: MadLoop read these parameters from ./MadLoop5_resources/MadLoopParams.dat                                                                                                                                                                                                                                                                                                                                                                                                                                                                                          
 ===============================================================
  > MLReductionLib            = 6|7|1
  > CTModeRun                 =           -1
  > MLStabThres               =    1.0000000000000000E-003
  > NRotations_DP             =            0
  > NRotations_QP             =            0
  > CTStabThres               =    1.0000000000000000E-002
  > CTLoopLibrary             =            2

  +----------------------------------------------------------------+
  |                                                                |
  |  Ninja - version 1.2.0                                         |
  |                                                                |
  |  Author: Tiziano Peraro                                        |
  |                                                                |
  |  Based on:                                                     |
  |                                                                |
  |      P. Mastrolia, E. Mirabella and T. Peraro,                 |
  |      "Integrand reduction of one-loop scattering amplitudes    |
  |      through Laurent series expansion,"                        |
  |      JHEP 1206 (2012) 095  [arXiv:1203.0291 [hep-ph]].         |
  |                                                                |
  |      T. Peraro,                                                |
  |      "Ninja: Automated Integrand Reduction via Laurent         |
  |      Expansion for One-Loop Amplitudes,"                       |
  |      Comput.Phys.Commun. 185 (2014) [arXiv:1403.1229 [hep-ph]] |
  |                                                                |
  +----------------------------------------------------------------+


  > CTModeInit                =            1
  > CheckCycle                =            3
  > MaxAttempts               =           10
  > UseLoopFilter             =  F
  > HelicityFilterLevel       =            2
  > ImprovePSPoint            =            2
  > DoubleCheckHelicityFilter =  T
  > LoopInitStartOver         =  F
  > HelInitStartOver          =  F
  > ZeroThres                 =    1.0000000000000001E-009
  > OSThres                   =    1.0000000000000000E-008
  > WriteOutFilters           =  T
  > UseQPIntegrandForNinja    =  T
  > UseQPIntegrandForCutTools =  T
  > IREGIMODE                 =            2
  > IREGIRECY                 =  T
  > COLLIERMode               =            1
  > COLLIERRequiredAccuracy   =    1.0000000000000000E-008
  > COLLIERCanOutput          =  F
  > COLLIERComputeUVpoles     =  T
  > COLLIERComputeIRpoles     =  T
  > COLLIERGlobalCache        =           -1
  > COLLIERUseCacheForPoles   =  F
  > COLLIERUseInternalStabilityTest =  T
 ===============================================================
  
------------------------------------------------------------------------
|              You are using CutTools - Version 1.9.3                  |
|              Authors: G. Ossola, C. Papadopoulos, R. Pittau          |
|              Published in JHEP 0803:042,2008                         |
|              http://www.ugr.es/~pittau/CutTools                      |
|                                                                      |
|              Compiler with  34  significant digits detetected        |
 ---------------------------------------------------------------------- 
   
########################################################################
#                                                                      #
#                      You are using OneLOop-3.6                       #
#                                                                      #
# for the evaluation of 1-loop scalar 1-, 2-, 3- and 4-point functions #
#                                                                      #
# author: Andreas van Hameren <hamerenREMOVETHIS@ifj.edu.pl>           #
#   date: 18-02-2015                                                   #
#                                                                      #
# Please cite                                                          #
#    A. van Hameren,                                                   #
#      Comput.Phys.Commun. 182 (2011) 2427-2438, arXiv:1007.4716       #
#    A. van Hameren, C.G. Papadopoulos and R. Pittau,                  #
#      JHEP 0909:106,2009, arXiv:0903.4665                             #
# in publications with results obtained with the help of this program. #
#                                                                      #
########################################################################
########################################################################
#                                                                      #
#                      You are using OneLOop-3.6                       #
#                                                                      #
# for the evaluation of 1-loop scalar 1-, 2-, 3- and 4-point functions #
#                                                                      #
# author: Andreas van Hameren <hamerenREMOVETHIS@ifj.edu.pl>           #
#   date: 18-02-2015                                                   #
#                                                                      #
# Please cite                                                          #
#    A. van Hameren,                                                   #
#      Comput.Phys.Commun. 182 (2011) 2427-2438, arXiv:1007.4716       #
#    A. van Hameren, C.G. Papadopoulos and R. Pittau,                  #
#      JHEP 0909:106,2009, arXiv:0903.4665                             #
# in publications with results obtained with the help of this program. #
#                                                                      #
########################################################################
 PASSED   1.0000000000000001E-005
 MU_R    =    325.00000000000000     
 ALPHA_S =   0.11839999999999999     
 BORN                    2.0075464873675974E-010
 SINGLE POLE (MadFKS)   -1.4521136619322217E-011
 DOUBLE POLE (MadFKS)   -1.0088025631743147E-011
 SINGLE POLE (MadLoop)  -1.4521136619322166E-011
 DOUBLE POLE (MadLoop)  -1.0088025631743127E-011
 FINITE PART (MadLoop)  -3.5623699060826602E-011
   325.00000000000000        0.0000000000000000        0.0000000000000000        325.00000000000000        0.0000000000000000     
   325.00000000000000        0.0000000000000000        0.0000000000000000       -325.00000000000000        0.0000000000000000     
   194.23638359898169       -80.500542962632196       -52.539047287418690        161.20509857464975        50.000000000000000     
   237.85217547138484       -84.152860343731561       -82.832905771134804       -206.47194287347895        0.0000000000000000     
   217.91144092963481        164.65340330636374        135.37195305855340        45.266844298829263        0.0000000000000000     

 PASSED   1.0000000000000001E-005
 MU_R    =    325.00000000000000     
 ALPHA_S =   0.11839999999999999     
 BORN                    7.5621417275318954E-011
 SINGLE POLE (MadFKS)   -1.6134337008023781E-011
 DOUBLE POLE (MadFKS)   -3.8000155940721387E-012
 SINGLE POLE (MadLoop)  -1.6134337008023694E-011
 DOUBLE POLE (MadLoop)  -3.8000155940721475E-012
 FINITE PART (MadLoop)  -4.3916277031010928E-011
   325.00000000000000        0.0000000000000000        0.0000000000000000        325.00000000000000        0.0000000000000000     
   325.00000000000000        0.0000000000000000        0.0000000000000000       -325.00000000000000        0.0000000000000000     
   256.46399343150864        13.233770746495727        219.92094117259458       -121.38132835171260        50.000000000000000     
   202.48194154120355        40.950094618769867       -189.24187286874314       -59.241370292554073        0.0000000000000000     
   191.05406502728798       -54.183865365265675       -30.679068303851274        180.62269864426671        0.0000000000000000     

 PASSED   1.0000000000000001E-005
 MU_R    =    325.00000000000000     
 ALPHA_S =   0.11839999999999999     
 BORN                    3.3579550819604653E-011
 SINGLE POLE (MadFKS)   -9.0052152412497898E-013
 DOUBLE POLE (MadFKS)   -1.6873899135196729E-012
 SINGLE POLE (MadLoop)  -9.0052152412499877E-013
 DOUBLE POLE (MadLoop)  -1.6873899135196886E-012
 FINITE PART (MadLoop)  -1.8582002609826078E-013
   325.00000000000000        0.0000000000000000        0.0000000000000000        325.00000000000000        0.0000000000000000     
   325.00000000000000        0.0000000000000000        0.0000000000000000       -325.00000000000000        0.0000000000000000     
   310.29899041835648       -30.444423479115173        287.26670178528309        101.66829682394001        50.000000000000000     
   32.966692694805204        26.662461521099388       -5.1576329678935648        18.689965089269556        0.0000000000000000     
   306.73431688683831        3.7819619580158705       -282.10906881738964       -120.35826191320965        0.0000000000000000     

 PASSED   1.0000000000000001E-005
 MU_R    =    325.00000000000000     
 ALPHA_S =   0.11839999999999999     
 BORN                    9.3769388794821409E-014
 SINGLE POLE (MadFKS)   -1.6877117940589706E-014
 DOUBLE POLE (MadFKS)   -4.7119606125556009E-015
 SINGLE POLE (MadLoop)  -1.6877117940580120E-014
 DOUBLE POLE (MadLoop)  -4.7119606125500063E-015
 FINITE PART (MadLoop)  -7.6005542984541226E-014
   325.00000000000000        0.0000000000000000        0.0000000000000000        325.00000000000000        0.0000000000000000     
   325.00000000000000        0.0000000000000000        0.0000000000000000       -325.00000000000000        0.0000000000000000     
   316.14034326646225        12.218753874793583       -108.97128189008464       -292.26816182679829        50.000000000000000     
   322.23692402257149       -18.292955712156875        113.81851575565587        300.91086461944360        0.0000000000000000     
   11.622732710966325        6.0742018373632867       -4.8472338655711873       -8.6427027926453057        0.0000000000000000     

 PASSED   1.0000000000000001E-005
 MU_R    =    325.00000000000000     
 ALPHA_S =   0.11839999999999999     
 BORN                    7.1434842344534460E-011
 SINGLE POLE (MadFKS)   -1.3340400458148388E-011
 DOUBLE POLE (MadFKS)   -3.5896380238553360E-012
 SINGLE POLE (MadLoop)  -1.3340400458148270E-011
 DOUBLE POLE (MadLoop)  -3.5896380238553106E-012
 FINITE PART (MadLoop)  -3.5560722658984416E-011
   325.00000000000000        0.0000000000000000        0.0000000000000000        325.00000000000000        0.0000000000000000     
   325.00000000000000        0.0000000000000000        0.0000000000000000       -325.00000000000000        0.0000000000000000     
   280.22283080353094       -65.387339315284152       -244.11569138356973        110.25815154052758        50.000000000000000     
   318.57019484816834        50.328215668543052        279.80251038205142       -143.75185194327955        0.0000000000000000     
   51.206974348300790        15.059123646741011       -35.686818998481677        33.493700402751976        0.0000000000000000     

 PASSED   1.0000000000000001E-005
 MU_R    =    325.00000000000000     
 ALPHA_S =   0.11839999999999999     
 BORN                    3.1756313890457570E-011
 SINGLE POLE (MadFKS)   -1.6792296942196295E-012
 DOUBLE POLE (MadFKS)   -1.5957713084726029E-012
 SINGLE POLE (MadLoop)  -1.6792296942196406E-012
 DOUBLE POLE (MadLoop)  -1.5957713084726173E-012
 FINITE PART (MadLoop)  -5.5765512719941666E-012
   325.00000000000000        0.0000000000000000        0.0000000000000000        325.00000000000000        0.0000000000000000     
   325.00000000000000        0.0000000000000000        0.0000000000000000       -325.00000000000000        0.0000000000000000     
   207.69888631647893       -166.94861149109664        92.246914773997872        65.249484388608536        50.000000000000000     
   180.43549238353881       -90.802165991860008       -137.85805086488335       -72.849786373138812        0.0000000000000000     
   261.86562129998299        257.75077748295695        45.611136090885459        7.6003019845302928        0.0000000000000000     

 PASSED   1.0000000000000001E-005
 MU_R    =    325.00000000000000     
 ALPHA_S =   0.11839999999999999     
 BORN                    5.7610918923288882E-011
 SINGLE POLE (MadFKS)   -1.9734984339292684E-012
 DOUBLE POLE (MadFKS)   -2.8949786738362880E-012
 SINGLE POLE (MadLoop)  -1.9734984339293411E-012
 DOUBLE POLE (MadLoop)  -2.8949786738364161E-012
 FINITE PART (MadLoop)  -7.2645882221161528E-012
   325.00000000000000        0.0000000000000000        0.0000000000000000        325.00000000000000        0.0000000000000000     
   325.00000000000000        0.0000000000000000        0.0000000000000000       -325.00000000000000        0.0000000000000000     
   307.91207239852156        104.14054570756646        284.01926032818767        28.242712885126817        50.000000000000000     
   31.220463103999716       -9.0091520248720247        6.3022591148212213        29.220438502366878        0.0000000000000000     
   310.86746449747875       -95.131393682694437       -290.32151944300887       -57.463151387493653        0.0000000000000000     

 PASSED   1.0000000000000001E-005
 MU_R    =    325.00000000000000     
 ALPHA_S =   0.11839999999999999     
 BORN                    6.0643322281071677E-009
 SINGLE POLE (MadFKS)   -1.4867325390469097E-009
 DOUBLE POLE (MadFKS)   -3.0473585215339086E-010
 SINGLE POLE (MadLoop)  -1.4867325390468820E-009
 DOUBLE POLE (MadLoop)  -3.0473585215338569E-010
 FINITE PART (MadLoop)  -4.4943500825711253E-009
   325.00000000000000        0.0000000000000000        0.0000000000000000        325.00000000000000        0.0000000000000000     
   325.00000000000000        0.0000000000000000        0.0000000000000000       -325.00000000000000        0.0000000000000000     
   119.66769873468402        78.437767916261734        3.5060541197804480        75.203605427392432        50.000000000000000     
   307.20544892177816       -76.502090335411751       -52.878384243283008       -292.79087161549865        0.0000000000000000     
   223.12685234353782       -1.9356775808499771        49.372330123502579        217.58726618810624        0.0000000000000000     

 PASSED   1.0000000000000001E-005
 MU_R    =    325.00000000000000     
 ALPHA_S =   0.11839999999999999     
 BORN                    3.6338203468173141E-013
 SINGLE POLE (MadFKS)   -1.5579575142984544E-014
 DOUBLE POLE (MadFKS)   -1.8260136455375865E-014
 SINGLE POLE (MadLoop)  -1.5579575142988779E-014
 DOUBLE POLE (MadLoop)  -1.8260136455374385E-014
 FINITE PART (MadLoop)  -4.0929014273033395E-014
   325.00000000000000        0.0000000000000000        0.0000000000000000        325.00000000000000        0.0000000000000000     
   325.00000000000000        0.0000000000000000        0.0000000000000000       -325.00000000000000        0.0000000000000000     
   201.56196179169584        69.927895849338370       -164.31466516104302       -78.981039727364220        50.000000000000000     
   273.01624675336200        42.259195646001771        164.39166175587280        213.83968976733075        0.0000000000000000     
   175.42179145494316       -112.18709149534003       -7.6996594829871770E-002  -134.85865003996648        0.0000000000000000     

 PASSED   1.0000000000000001E-005
 MU_R    =    325.00000000000000     
 ALPHA_S =   0.11839999999999999     
 BORN                    3.4799978254930634E-011
 SINGLE POLE (MadFKS)   -2.0590043338066827E-012
 DOUBLE POLE (MadFKS)   -1.7487170276200035E-012
 SINGLE POLE (MadLoop)  -2.0590043338066883E-012
 DOUBLE POLE (MadLoop)  -1.7487170276200123E-012
 FINITE PART (MadLoop)  -4.5131908671237237E-012
   325.00000000000000        0.0000000000000000        0.0000000000000000        325.00000000000000        0.0000000000000000     
   325.00000000000000        0.0000000000000000        0.0000000000000000       -325.00000000000000        0.0000000000000000     
   73.776409575652792       -15.471897504989474       -16.643679150819786       -49.260196323138423        50.000000000000000     
   284.90236250649178        222.46188432179096       -177.10633003761438       -17.703503788407264        0.0000000000000000     
   291.32122791785537       -206.98998681680149        193.75000918843418        66.963700111545691        0.0000000000000000     

 PASSED   1.0000000000000001E-005
 MU_R    =    325.00000000000000     
 ALPHA_S =   0.11839999999999999     
 BORN                    3.6576311793595838E-012
 SINGLE POLE (MadFKS)   -2.5981691320608386E-013
 DOUBLE POLE (MadFKS)   -1.8379787128728160E-013
 SINGLE POLE (MadLoop)  -2.5981691320608229E-013
 DOUBLE POLE (MadLoop)  -1.8379787128728062E-013
 FINITE PART (MadLoop)  -5.4629011348569248E-013
   325.00000000000000        0.0000000000000000        0.0000000000000000        325.00000000000000        0.0000000000000000     
   325.00000000000000        0.0000000000000000        0.0000000000000000       -325.00000000000000        0.0000000000000000     
   193.92646103223473       -67.320004256447589       -19.474161644578011       -173.77067170164128        50.000000000000000     
   208.98114330900526       -160.70373015315215        84.048680482216824        103.84242236581392        0.0000000000000000     
   247.09239565876140        228.02373440959971       -64.574518837638962        69.928249335827388        0.0000000000000000     

 PASSED   1.0000000000000001E-005
 MU_R    =    325.00000000000000     
 ALPHA_S =   0.11839999999999999     
 BORN                    4.6723455127838151E-013
 SINGLE POLE (MadFKS)   -1.1411263454912587E-014
 DOUBLE POLE (MadFKS)   -2.3478779490246723E-014
 SINGLE POLE (MadLoop)  -1.1411263454912652E-014
 DOUBLE POLE (MadLoop)  -2.3478779490246341E-014
 FINITE PART (MadLoop)   3.3832002007664491E-013
   325.00000000000000        0.0000000000000000        0.0000000000000000        325.00000000000000        0.0000000000000000     
   325.00000000000000        0.0000000000000000        0.0000000000000000       -325.00000000000000        0.0000000000000000     
   319.34940794390172        9.7760237270408883       -281.76191417752904        141.41675089332131        50.000000000000000     
   38.860041912803077       -6.9456040431810306        35.282945746543263        14.730077439940487        0.0000000000000000     
   291.79055014329521       -2.8304196838598612        246.47896843098582       -156.14682833326177        0.0000000000000000     

 PASSED   1.0000000000000001E-005
 MU_R    =    325.00000000000000     
 ALPHA_S =   0.11839999999999999     
 BORN                    2.2384022851750646E-012
 SINGLE POLE (MadFKS)   -2.1646362302314887E-013
 DOUBLE POLE (MadFKS)   -1.1248088036361230E-013
 SINGLE POLE (MadLoop)  -2.1646362302313834E-013
 DOUBLE POLE (MadLoop)  -1.1248088036361179E-013
 FINITE PART (MadLoop)  -4.8299542984546050E-013
   325.00000000000000        0.0000000000000000        0.0000000000000000        325.00000000000000        0.0000000000000000     
   325.00000000000000        0.0000000000000000        0.0000000000000000       -325.00000000000000        0.0000000000000000     
   275.02127311384874       -47.036540322402473        232.67776331544607       -129.55818383329722        50.000000000000000     
   318.07875416403880        64.393708829535925       -254.95656724062445        178.95444374086085        0.0000000000000000     
   56.899972722112473       -17.357168507133483        22.278803925178345       -49.396259907563604        0.0000000000000000     

 PASSED   1.0000000000000001E-005
 MU_R    =    325.00000000000000     
 ALPHA_S =   0.11839999999999999     
 BORN                    3.5896718771986278E-012
 SINGLE POLE (MadFKS)   -1.5256278782624238E-013
 DOUBLE POLE (MadFKS)   -1.8038288096736096E-013
 SINGLE POLE (MadLoop)  -1.5256278782622885E-013
 DOUBLE POLE (MadLoop)  -1.8038288096734554E-013
 FINITE PART (MadLoop)  -3.0757019154147530E-013
   325.00000000000000        0.0000000000000000        0.0000000000000000        325.00000000000000        0.0000000000000000     
   325.00000000000000        0.0000000000000000        0.0000000000000000       -325.00000000000000        0.0000000000000000     
   322.04799176704580        174.32972572951161        258.98940956658163        61.225333487159304        50.000000000000000     
   79.365852376467984       -17.010665568133923       -77.471491793319217        2.7827575694035569        0.0000000000000000     
   248.58615585648619       -157.31906016137756       -181.51791777326241       -64.008091056562847        0.0000000000000000     

 PASSED   1.0000000000000001E-005
 MU_R    =    325.00000000000000     
 ALPHA_S =   0.11839999999999999     
 BORN                    2.4270850295613177E-011
 SINGLE POLE (MadFKS)   -8.8901415042779895E-012
 DOUBLE POLE (MadFKS)   -1.2196228651591541E-012
 SINGLE POLE (MadLoop)  -8.8901415042758052E-012
 DOUBLE POLE (MadLoop)  -1.2196228651585080E-012
 FINITE PART (MadLoop)  -3.5526466725944363E-011
   325.00000000000000        0.0000000000000000        0.0000000000000000        325.00000000000000        0.0000000000000000     
   325.00000000000000        0.0000000000000000        0.0000000000000000       -325.00000000000000        0.0000000000000000     
   296.11664430453595       -148.81417847115262       -123.59921887048910       -218.54665500698005        50.000000000000000     
   201.00744042807719        138.29026478512219        130.00609700716788        66.168032418009233        0.0000000000000000     
   152.87591526738692        10.523913686030374       -6.4068781366787793        152.37862258897081        0.0000000000000000     

 PASSED   1.0000000000000001E-005
 MU_R    =    325.00000000000000     
 ALPHA_S =   0.11839999999999999     
 BORN                    1.2607596196232261E-011
 SINGLE POLE (MadFKS)   -2.7845537405870902E-013
 DOUBLE POLE (MadFKS)   -6.3353827362190363E-013
 SINGLE POLE (MadLoop)  -2.7845537405870932E-013
 DOUBLE POLE (MadLoop)  -6.3353827362190110E-013
 FINITE PART (MadLoop)  -2.8961535820890902E-013
   325.00000000000000        0.0000000000000000        0.0000000000000000        325.00000000000000        0.0000000000000000     
   325.00000000000000        0.0000000000000000        0.0000000000000000       -325.00000000000000        0.0000000000000000     
   179.84647430668241        8.9786896698752283       -9.1062963477801961        172.28236363360782        50.000000000000000     
   199.05506208984187       -169.12994840361645        101.72670711998197        25.877699957806527        0.0000000000000000     
   271.09846360347836        160.15125873374117       -92.620410772201808       -198.16006359141426        0.0000000000000000     

 PASSED   1.0000000000000001E-005
 MU_R    =    325.00000000000000     
 ALPHA_S =   0.11839999999999999     
 BORN                    2.9214850863680548E-011
 SINGLE POLE (MadFKS)   -2.1919141480641244E-012
 DOUBLE POLE (MadFKS)   -1.4680614680401031E-012
 SINGLE POLE (MadLoop)  -2.1919141480641099E-012
 DOUBLE POLE (MadLoop)  -1.4680614680400960E-012
 FINITE PART (MadLoop)  -5.1312220024096906E-012
   325.00000000000000        0.0000000000000000        0.0000000000000000        325.00000000000000        0.0000000000000000     
   325.00000000000000        0.0000000000000000        0.0000000000000000       -325.00000000000000        0.0000000000000000     
   237.49959859585482       -145.89881531658062       -73.133828663856789        165.13945054824455        50.000000000000000     
   265.49794915846496        81.724701406684986        204.33943548720194       -148.51137765205303        0.0000000000000000     
   147.00245224568044        64.174113909895638       -131.20560682334514       -16.628072896191572        0.0000000000000000     

 PASSED   1.0000000000000001E-005
 MU_R    =    325.00000000000000     
 ALPHA_S =   0.11839999999999999     
 BORN                    5.1511980827181090E-010
 SINGLE POLE (MadFKS)   -5.7885579764383181E-011
 DOUBLE POLE (MadFKS)   -2.5885038587966289E-011
 SINGLE POLE (MadLoop)  -5.7885579764385307E-011
 DOUBLE POLE (MadLoop)  -2.5885038587967106E-011
 FINITE PART (MadLoop)  -1.4501591530392263E-010
   325.00000000000000        0.0000000000000000        0.0000000000000000        325.00000000000000        0.0000000000000000     
   325.00000000000000        0.0000000000000000        0.0000000000000000       -325.00000000000000        0.0000000000000000     
   255.30981262053049       -142.82535048543770       -126.83428698124627        161.85513067247282        50.000000000000000     
   246.28260868948931        21.557593689136663        78.496000625373057       -232.44089868836650        0.0000000000000000     
   148.40757868998034        121.26775679630084        48.338286355873095        70.585768015893620        0.0000000000000000     

 PASSED   1.0000000000000001E-005
 MU_R    =    325.00000000000000     
 ALPHA_S =   0.11839999999999999     
 BORN                    2.2246454667303390E-012
 SINGLE POLE (MadFKS)   -8.7057408499458254E-014
 DOUBLE POLE (MadFKS)   -1.1178959307360486E-013
 SINGLE POLE (MadLoop)  -8.7057408499455301E-014
 DOUBLE POLE (MadLoop)  -1.1178959307360553E-013
 FINITE PART (MadLoop)  -4.4842830727649789E-014
   325.00000000000000        0.0000000000000000        0.0000000000000000        325.00000000000000        0.0000000000000000     
   325.00000000000000        0.0000000000000000        0.0000000000000000       -325.00000000000000        0.0000000000000000     
   264.15238466606320       -243.33778348920234       -26.071431977548283        85.927212720825480        50.000000000000000     
   206.19602601717352        188.59547712738046       -47.239302537210179        68.680386196996167        0.0000000000000000     
   179.65158931676331        54.742306361821889        73.310734514758451       -154.60759891782163        0.0000000000000000     

 PASSED   1.0000000000000001E-005
 MU_R    =    325.00000000000000     
 ALPHA_S =   0.11839999999999999     
 BORN                    3.5101675378517730E-011
 SINGLE POLE (MadFKS)   -4.6991710184784340E-012
 DOUBLE POLE (MadFKS)   -1.7638774651736096E-012
 SINGLE POLE (MadLoop)  -4.6991710184784316E-012
 DOUBLE POLE (MadLoop)  -1.7638774651736191E-012
 FINITE PART (MadLoop)  -6.4010251011403370E-012
Thanks for using LHAPDF 6.2.1. Please make sure to cite the paper:
  Eur.Phys.J. C75 (2015) 3, 132  (http://arxiv.org/abs/1412.7420)
   325.00000000000000        0.0000000000000000        0.0000000000000000        325.00000000000000        0.0000000000000000     
   325.00000000000000        0.0000000000000000        0.0000000000000000       -325.00000000000000        0.0000000000000000     
   302.15221315338493        211.57700462571961       -149.80262337647488        146.93639799798700        50.000000000000000     
   298.95023764352948       -181.36790709112518        188.20853759354577       -145.10159627449525        0.0000000000000000     
   48.897549203085603       -30.209097534594459       -38.405914217070901       -1.8348017234917897        0.0000000000000000     

 NUMBER OF POINTS PASSING THE CHECK          20
 NUMBER OF POINTS FAILING THE CHECK           0
 TOLERANCE    1.0000000000000001E-005
